====================================================================================================
Logging file for python script in Intensity Distribution.Experiment 1 (Anonymous): Exp1_LIC_GASD
.py
| The recreation of Experiment 1: comparison between LIC and GASD. 
Started at 2024-05-19 03:10:08.415678 with command:
> python Exp1_LIC_GASD.py --exp T1_LIC_sig0
====================================================================================================

2024-05-19 03:10:10.139643 | Iteration 1: similarity = 9.60e-02, loss = 5.61e+00, dice = 5.93e-01
2024-05-19 03:10:11.756073 | Iteration 2: similarity = 1.21e-01, loss = 4.22e+00, dice = 6.32e-01
2024-05-19 03:10:13.345285 | Iteration 3: similarity = 1.53e-01, loss = 3.48e+00, dice = 6.74e-01
2024-05-19 03:10:14.946318 | Iteration 4: similarity = 1.79e-01, loss = 2.74e+00, dice = 7.07e-01
2024-05-19 03:10:16.558164 | Iteration 5: similarity = 1.93e-01, loss = 2.52e+00, dice = 7.23e-01
2024-05-19 03:10:18.170208 | Iteration 6: similarity = 2.03e-01, loss = 2.26e+00, dice = 7.34e-01
2024-05-19 03:10:19.776052 | Iteration 7: similarity = 2.11e-01, loss = 2.02e+00, dice = 7.46e-01
2024-05-19 03:10:21.381889 | Iteration 8: similarity = 2.18e-01, loss = 1.82e+00, dice = 7.55e-01
2024-05-19 03:10:22.969168 | Iteration 9: similarity = 2.23e-01, loss = 1.63e+00, dice = 7.61e-01
2024-05-19 03:10:24.574641 | Iteration 10: similarity = 2.27e-01, loss = 1.47e+00, dice = 7.67e-01
2024-05-19 03:10:26.186718 | Iteration 11: similarity = 2.30e-01, loss = 1.34e+00, dice = 7.73e-01
2024-05-19 03:10:27.779861 | Iteration 12: similarity = 2.33e-01, loss = 1.22e+00, dice = 7.76e-01
2024-05-19 03:10:29.369037 | Iteration 13: similarity = 2.35e-01, loss = 1.11e+00, dice = 7.79e-01
2024-05-19 03:10:30.956159 | Iteration 14: similarity = 2.37e-01, loss = 1.02e+00, dice = 7.82e-01
2024-05-19 03:10:32.543197 | Iteration 15: similarity = 2.39e-01, loss = 9.29e-01, dice = 7.85e-01
2024-05-19 03:10:34.130162 | Iteration 16: similarity = 2.41e-01, loss = 8.48e-01, dice = 7.88e-01
2024-05-19 03:10:35.722642 | Iteration 17: similarity = 2.43e-01, loss = 7.74e-01, dice = 7.91e-01
2024-05-19 03:10:37.340294 | Iteration 18: similarity = 2.44e-01, loss = 7.06e-01, dice = 7.94e-01
2024-05-19 03:10:38.931524 | Iteration 19: similarity = 2.46e-01, loss = 6.44e-01, dice = 7.96e-01
2024-05-19 03:10:40.532197 | Iteration 20: similarity = 2.47e-01, loss = 5.89e-01, dice = 7.99e-01
2024-05-19 03:10:42.114243 | Iteration 21: similarity = 2.48e-01, loss = 5.39e-01, dice = 8.00e-01
2024-05-19 03:10:43.710765 | Iteration 22: similarity = 2.48e-01, loss = 4.92e-01, dice = 8.02e-01
2024-05-19 03:10:45.312360 | Iteration 23: similarity = 2.49e-01, loss = 4.49e-01, dice = 8.05e-01
2024-05-19 03:10:46.903648 | Iteration 24: similarity = 2.50e-01, loss = 4.10e-01, dice = 8.06e-01
2024-05-19 03:10:48.513731 | Iteration 25: similarity = 2.50e-01, loss = 3.75e-01, dice = 8.08e-01
2024-05-19 03:10:50.094379 | Iteration 26: similarity = 2.51e-01, loss = 3.44e-01, dice = 8.09e-01
2024-05-19 03:10:51.658005 | Iteration 27: similarity = 2.51e-01, loss = 3.16e-01, dice = 8.11e-01
2024-05-19 03:10:53.235348 | Iteration 28: similarity = 2.51e-01, loss = 2.90e-01, dice = 8.12e-01
2024-05-19 03:10:54.831302 | Iteration 29: similarity = 2.52e-01, loss = 2.68e-01, dice = 8.13e-01
2024-05-19 03:10:56.424919 | Iteration 30: similarity = 2.52e-01, loss = 2.49e-01, dice = 8.14e-01
2024-05-19 03:10:57.984841 | Iteration 31: similarity = 2.52e-01, loss = 2.32e-01, dice = 8.16e-01
2024-05-19 03:10:59.562323 | Iteration 32: similarity = 2.52e-01, loss = 2.18e-01, dice = 8.18e-01
2024-05-19 03:11:01.172581 | Iteration 33: similarity = 2.53e-01, loss = 2.06e-01, dice = 8.18e-01
2024-05-19 03:11:02.769597 | Iteration 34: similarity = 2.53e-01, loss = 1.96e-01, dice = 8.20e-01
2024-05-19 03:11:04.368489 | Iteration 35: similarity = 2.53e-01, loss = 1.88e-01, dice = 8.21e-01
2024-05-19 03:11:05.963568 | Iteration 36: similarity = 2.53e-01, loss = 1.82e-01, dice = 8.21e-01
2024-05-19 03:11:07.546953 | Iteration 37: similarity = 2.53e-01, loss = 1.77e-01, dice = 8.22e-01
2024-05-19 03:11:09.137931 | Iteration 38: similarity = 2.53e-01, loss = 1.73e-01, dice = 8.24e-01
2024-05-19 03:11:10.748917 | Iteration 39: similarity = 2.53e-01, loss = 1.70e-01, dice = 8.25e-01
2024-05-19 03:11:12.351846 | Iteration 40: similarity = 2.53e-01, loss = 1.68e-01, dice = 8.25e-01
2024-05-19 03:11:13.955558 | Iteration 41: similarity = 2.53e-01, loss = 1.67e-01, dice = 8.26e-01
2024-05-19 03:11:15.568405 | Iteration 42: similarity = 2.54e-01, loss = 1.66e-01, dice = 8.27e-01
2024-05-19 03:11:17.159528 | Iteration 43: similarity = 2.54e-01, loss = 1.66e-01, dice = 8.29e-01
2024-05-19 03:11:18.772971 | Iteration 44: similarity = 2.54e-01, loss = 1.67e-01, dice = 8.29e-01
2024-05-19 03:11:20.365360 | Iteration 45: similarity = 2.54e-01, loss = 1.67e-01, dice = 8.29e-01
2024-05-19 03:11:21.976171 | Iteration 46: similarity = 2.54e-01, loss = 1.69e-01, dice = 8.30e-01
2024-05-19 03:11:23.583659 | Iteration 47: similarity = 2.54e-01, loss = 1.70e-01, dice = 8.30e-01
2024-05-19 03:11:25.182344 | Iteration 48: similarity = 2.54e-01, loss = 1.72e-01, dice = 8.32e-01
2024-05-19 03:11:26.770018 | Iteration 49: similarity = 2.54e-01, loss = 1.73e-01, dice = 8.32e-01
2024-05-19 03:11:28.355540 | Iteration 50: similarity = 2.55e-01, loss = 1.75e-01, dice = 8.33e-01
2024-05-19 03:11:29.952296 | Iteration 51: similarity = 2.55e-01, loss = 1.78e-01, dice = 8.33e-01
2024-05-19 03:11:31.540203 | Iteration 52: similarity = 2.55e-01, loss = 1.79e-01, dice = 8.34e-01
2024-05-19 03:11:33.139019 | Iteration 53: similarity = 2.55e-01, loss = 1.81e-01, dice = 8.34e-01
2024-05-19 03:11:34.729440 | Iteration 54: similarity = 2.55e-01, loss = 1.83e-01, dice = 8.35e-01
2024-05-19 03:11:36.326637 | Iteration 55: similarity = 2.55e-01, loss = 1.85e-01, dice = 8.35e-01
2024-05-19 03:11:37.916558 | Iteration 56: similarity = 2.55e-01, loss = 1.88e-01, dice = 8.36e-01
2024-05-19 03:11:39.504744 | Iteration 57: similarity = 2.55e-01, loss = 1.90e-01, dice = 8.36e-01
2024-05-19 03:11:41.096846 | Iteration 58: similarity = 2.55e-01, loss = 1.92e-01, dice = 8.36e-01
2024-05-19 03:11:42.700244 | Iteration 59: similarity = 2.56e-01, loss = 1.94e-01, dice = 8.36e-01
2024-05-19 03:11:44.290962 | Iteration 60: similarity = 2.56e-01, loss = 1.97e-01, dice = 8.37e-01
2024-05-19 03:11:45.872683 | Iteration 61: similarity = 2.56e-01, loss = 1.99e-01, dice = 8.37e-01
2024-05-19 03:11:47.467221 | Iteration 62: similarity = 2.56e-01, loss = 2.01e-01, dice = 8.37e-01
2024-05-19 03:11:49.053526 | Iteration 63: similarity = 2.56e-01, loss = 2.04e-01, dice = 8.37e-01
2024-05-19 03:11:50.654514 | Iteration 64: similarity = 2.56e-01, loss = 2.06e-01, dice = 8.38e-01
2024-05-19 03:11:52.265233 | Iteration 65: similarity = 2.56e-01, loss = 2.09e-01, dice = 8.38e-01
2024-05-19 03:11:53.850329 | Iteration 66: similarity = 2.56e-01, loss = 2.11e-01, dice = 8.38e-01
2024-05-19 03:11:55.436172 | Iteration 67: similarity = 2.56e-01, loss = 2.13e-01, dice = 8.38e-01
2024-05-19 03:11:57.026883 | Iteration 68: similarity = 2.56e-01, loss = 2.16e-01, dice = 8.39e-01
2024-05-19 03:11:58.619811 | Iteration 69: similarity = 2.56e-01, loss = 2.18e-01, dice = 8.39e-01
2024-05-19 03:12:00.218423 | Iteration 70: similarity = 2.56e-01, loss = 2.20e-01, dice = 8.38e-01
2024-05-19 03:12:01.813695 | Iteration 71: similarity = 2.56e-01, loss = 2.23e-01, dice = 8.39e-01
2024-05-19 03:12:03.405410 | Iteration 72: similarity = 2.56e-01, loss = 2.24e-01, dice = 8.39e-01
2024-05-19 03:12:05.001841 | Iteration 73: similarity = 2.57e-01, loss = 2.26e-01, dice = 8.39e-01
2024-05-19 03:12:06.590455 | Iteration 74: similarity = 2.57e-01, loss = 2.29e-01, dice = 8.40e-01
2024-05-19 03:12:08.175418 | Iteration 75: similarity = 2.57e-01, loss = 2.31e-01, dice = 8.39e-01
2024-05-19 03:12:09.772916 | Iteration 76: similarity = 2.57e-01, loss = 2.32e-01, dice = 8.39e-01
2024-05-19 03:12:11.375156 | Iteration 77: similarity = 2.57e-01, loss = 2.34e-01, dice = 8.40e-01
2024-05-19 03:12:12.967786 | Iteration 78: similarity = 2.57e-01, loss = 2.36e-01, dice = 8.40e-01
2024-05-19 03:12:14.558980 | Iteration 79: similarity = 2.57e-01, loss = 2.38e-01, dice = 8.40e-01
2024-05-19 03:12:16.162412 | Iteration 80: similarity = 2.57e-01, loss = 2.39e-01, dice = 8.40e-01
2024-05-19 03:12:17.748412 | Iteration 81: similarity = 2.57e-01, loss = 2.40e-01, dice = 8.40e-01
2024-05-19 03:12:19.337852 | Iteration 82: similarity = 2.57e-01, loss = 2.41e-01, dice = 8.39e-01
2024-05-19 03:12:20.927942 | Iteration 83: similarity = 2.57e-01, loss = 2.43e-01, dice = 8.40e-01
2024-05-19 03:12:22.510351 | Iteration 84: similarity = 2.57e-01, loss = 2.44e-01, dice = 8.40e-01
2024-05-19 03:12:24.123437 | Iteration 85: similarity = 2.57e-01, loss = 2.45e-01, dice = 8.40e-01
2024-05-19 03:12:25.700360 | Iteration 86: similarity = 2.57e-01, loss = 2.45e-01, dice = 8.41e-01
2024-05-19 03:12:27.303481 | Iteration 87: similarity = 2.57e-01, loss = 2.46e-01, dice = 8.41e-01
2024-05-19 03:12:28.896179 | Iteration 88: similarity = 2.57e-01, loss = 2.46e-01, dice = 8.40e-01
2024-05-19 03:12:30.484854 | Iteration 89: similarity = 2.57e-01, loss = 2.48e-01, dice = 8.40e-01
2024-05-19 03:12:32.063119 | Iteration 90: similarity = 2.57e-01, loss = 2.48e-01, dice = 8.40e-01
2024-05-19 03:12:33.623645 | Iteration 91: similarity = 2.57e-01, loss = 2.48e-01, dice = 8.40e-01
2024-05-19 03:12:35.180169 | Iteration 92: similarity = 2.57e-01, loss = 2.49e-01, dice = 8.40e-01
2024-05-19 03:12:36.757255 | Iteration 93: similarity = 2.57e-01, loss = 2.49e-01, dice = 8.41e-01
2024-05-19 03:12:38.331970 | Iteration 94: similarity = 2.57e-01, loss = 2.49e-01, dice = 8.41e-01
2024-05-19 03:12:39.917495 | Iteration 95: similarity = 2.58e-01, loss = 2.49e-01, dice = 8.40e-01
2024-05-19 03:12:41.520071 | Iteration 96: similarity = 2.58e-01, loss = 2.49e-01, dice = 8.40e-01
2024-05-19 03:12:43.103210 | Iteration 97: similarity = 2.58e-01, loss = 2.49e-01, dice = 8.41e-01
2024-05-19 03:12:44.686395 | Iteration 98: similarity = 2.58e-01, loss = 2.49e-01, dice = 8.41e-01
2024-05-19 03:12:46.279866 | Iteration 99: similarity = 2.58e-01, loss = 2.49e-01, dice = 8.40e-01
2024-05-19 03:12:47.877428 | Iteration 100: similarity = 2.58e-01, loss = 2.48e-01, dice = 8.41e-01
2024-05-19 03:12:49.468207 | Iteration 101: similarity = 2.58e-01, loss = 2.49e-01, dice = 8.41e-01
2024-05-19 03:12:51.054924 | Iteration 102: similarity = 2.58e-01, loss = 2.47e-01, dice = 8.41e-01
2024-05-19 03:12:52.644864 | Iteration 103: similarity = 2.58e-01, loss = 2.47e-01, dice = 8.41e-01
2024-05-19 03:12:54.236139 | Iteration 104: similarity = 2.58e-01, loss = 2.47e-01, dice = 8.41e-01
2024-05-19 03:12:55.823818 | Iteration 105: similarity = 2.58e-01, loss = 2.46e-01, dice = 8.41e-01
2024-05-19 03:12:57.415245 | Iteration 106: similarity = 2.58e-01, loss = 2.45e-01, dice = 8.41e-01
2024-05-19 03:12:59.025228 | Iteration 107: similarity = 2.58e-01, loss = 2.45e-01, dice = 8.41e-01
2024-05-19 03:13:00.614573 | Iteration 108: similarity = 2.58e-01, loss = 2.44e-01, dice = 8.41e-01
2024-05-19 03:13:02.211472 | Iteration 109: similarity = 2.58e-01, loss = 2.44e-01, dice = 8.41e-01
2024-05-19 03:13:03.805840 | Iteration 110: similarity = 2.58e-01, loss = 2.43e-01, dice = 8.41e-01
2024-05-19 03:13:05.404688 | Iteration 111: similarity = 2.58e-01, loss = 2.42e-01, dice = 8.41e-01
2024-05-19 03:13:06.982348 | Iteration 112: similarity = 2.58e-01, loss = 2.41e-01, dice = 8.41e-01
2024-05-19 03:13:08.560884 | Iteration 113: similarity = 2.58e-01, loss = 2.40e-01, dice = 8.41e-01
2024-05-19 03:13:10.149058 | Iteration 114: similarity = 2.58e-01, loss = 2.40e-01, dice = 8.41e-01
2024-05-19 03:13:11.757000 | Iteration 115: similarity = 2.58e-01, loss = 2.39e-01, dice = 8.41e-01
2024-05-19 03:13:13.340427 | Iteration 116: similarity = 2.58e-01, loss = 2.38e-01, dice = 8.41e-01
2024-05-19 03:13:14.926878 | Iteration 117: similarity = 2.58e-01, loss = 2.37e-01, dice = 8.41e-01
2024-05-19 03:13:16.518447 | Iteration 118: similarity = 2.58e-01, loss = 2.36e-01, dice = 8.41e-01
2024-05-19 03:13:18.098877 | Iteration 119: similarity = 2.58e-01, loss = 2.35e-01, dice = 8.41e-01
2024-05-19 03:13:19.698002 | Iteration 120: similarity = 2.58e-01, loss = 2.34e-01, dice = 8.41e-01
2024-05-19 03:13:21.295532 | Iteration 121: similarity = 2.58e-01, loss = 2.33e-01, dice = 8.42e-01
2024-05-19 03:13:22.877024 | Iteration 122: similarity = 2.58e-01, loss = 2.32e-01, dice = 8.41e-01
2024-05-19 03:13:24.481005 | Iteration 123: similarity = 2.59e-01, loss = 2.31e-01, dice = 8.41e-01
2024-05-19 03:13:26.060380 | Iteration 124: similarity = 2.59e-01, loss = 2.30e-01, dice = 8.41e-01
2024-05-19 03:13:27.644086 | Iteration 125: similarity = 2.59e-01, loss = 2.29e-01, dice = 8.42e-01
2024-05-19 03:13:29.239233 | Iteration 126: similarity = 2.59e-01, loss = 2.28e-01, dice = 8.42e-01
2024-05-19 03:13:30.832406 | Iteration 127: similarity = 2.59e-01, loss = 2.27e-01, dice = 8.41e-01
2024-05-19 03:13:32.431432 | Iteration 128: similarity = 2.59e-01, loss = 2.26e-01, dice = 8.42e-01
2024-05-19 03:13:34.035502 | Iteration 129: similarity = 2.59e-01, loss = 2.25e-01, dice = 8.41e-01
2024-05-19 03:13:35.619963 | Iteration 130: similarity = 2.59e-01, loss = 2.23e-01, dice = 8.41e-01
2024-05-19 03:13:37.208736 | Iteration 131: similarity = 2.59e-01, loss = 2.23e-01, dice = 8.41e-01
2024-05-19 03:13:38.803867 | Iteration 132: similarity = 2.59e-01, loss = 2.21e-01, dice = 8.41e-01
2024-05-19 03:13:40.404312 | Iteration 133: similarity = 2.59e-01, loss = 2.20e-01, dice = 8.42e-01
2024-05-19 03:13:42.009807 | Iteration 134: similarity = 2.59e-01, loss = 2.19e-01, dice = 8.41e-01
2024-05-19 03:13:43.608638 | Iteration 135: similarity = 2.59e-01, loss = 2.18e-01, dice = 8.41e-01
2024-05-19 03:13:45.206674 | Iteration 136: similarity = 2.59e-01, loss = 2.17e-01, dice = 8.42e-01
2024-05-19 03:13:46.795118 | Iteration 137: similarity = 2.59e-01, loss = 2.16e-01, dice = 8.42e-01
2024-05-19 03:13:48.392109 | Iteration 138: similarity = 2.59e-01, loss = 2.15e-01, dice = 8.42e-01
2024-05-19 03:13:49.963873 | Iteration 139: similarity = 2.59e-01, loss = 2.13e-01, dice = 8.42e-01
2024-05-19 03:13:51.560542 | Iteration 140: similarity = 2.59e-01, loss = 2.13e-01, dice = 8.41e-01
2024-05-19 03:13:53.152910 | Iteration 141: similarity = 2.59e-01, loss = 2.11e-01, dice = 8.42e-01
2024-05-19 03:13:54.751109 | Iteration 142: similarity = 2.59e-01, loss = 2.10e-01, dice = 8.42e-01
2024-05-19 03:13:56.343427 | Iteration 143: similarity = 2.59e-01, loss = 2.08e-01, dice = 8.42e-01
2024-05-19 03:13:57.938952 | Iteration 144: similarity = 2.59e-01, loss = 2.08e-01, dice = 8.41e-01
2024-05-19 03:13:59.511961 | Iteration 145: similarity = 2.59e-01, loss = 2.06e-01, dice = 8.43e-01
2024-05-19 03:14:01.092987 | Iteration 146: similarity = 2.59e-01, loss = 2.05e-01, dice = 8.42e-01
2024-05-19 03:14:02.667022 | Iteration 147: similarity = 2.59e-01, loss = 2.04e-01, dice = 8.42e-01
2024-05-19 03:14:04.246256 | Iteration 148: similarity = 2.59e-01, loss = 2.03e-01, dice = 8.41e-01
2024-05-19 03:14:05.838661 | Iteration 149: similarity = 2.59e-01, loss = 2.02e-01, dice = 8.42e-01
2024-05-19 03:14:07.424776 | Iteration 150: similarity = 2.59e-01, loss = 2.00e-01, dice = 8.42e-01
2024-05-19 03:14:09.015784 | Iteration 151: similarity = 2.59e-01, loss = 1.99e-01, dice = 8.42e-01
2024-05-19 03:14:10.637129 | Iteration 152: similarity = 2.59e-01, loss = 1.98e-01, dice = 8.42e-01
2024-05-19 03:14:12.224652 | Iteration 153: similarity = 2.59e-01, loss = 1.97e-01, dice = 8.42e-01
2024-05-19 03:14:13.810744 | Iteration 154: similarity = 2.59e-01, loss = 1.95e-01, dice = 8.42e-01
2024-05-19 03:14:15.405614 | Iteration 155: similarity = 2.59e-01, loss = 1.94e-01, dice = 8.42e-01
2024-05-19 03:14:16.989583 | Iteration 156: similarity = 2.59e-01, loss = 1.93e-01, dice = 8.42e-01
2024-05-19 03:14:18.594117 | Iteration 157: similarity = 2.59e-01, loss = 1.92e-01, dice = 8.42e-01
2024-05-19 03:14:20.168061 | Iteration 158: similarity = 2.59e-01, loss = 1.91e-01, dice = 8.42e-01
2024-05-19 03:14:21.754844 | Iteration 159: similarity = 2.59e-01, loss = 1.90e-01, dice = 8.42e-01
2024-05-19 03:14:23.353503 | Iteration 160: similarity = 2.59e-01, loss = 1.88e-01, dice = 8.41e-01
2024-05-19 03:14:24.960481 | Iteration 161: similarity = 2.59e-01, loss = 1.87e-01, dice = 8.42e-01
2024-05-19 03:14:26.548506 | Iteration 162: similarity = 2.59e-01, loss = 1.86e-01, dice = 8.42e-01
2024-05-19 03:14:28.126579 | Iteration 163: similarity = 2.59e-01, loss = 1.85e-01, dice = 8.42e-01
2024-05-19 03:14:29.716232 | Iteration 164: similarity = 2.59e-01, loss = 1.83e-01, dice = 8.41e-01
2024-05-19 03:14:31.302389 | Iteration 165: similarity = 2.59e-01, loss = 1.82e-01, dice = 8.42e-01
2024-05-19 03:14:32.899234 | Iteration 166: similarity = 2.59e-01, loss = 1.81e-01, dice = 8.42e-01
2024-05-19 03:14:34.471190 | Iteration 167: similarity = 2.59e-01, loss = 1.80e-01, dice = 8.42e-01
2024-05-19 03:14:36.065120 | Iteration 168: similarity = 2.59e-01, loss = 1.79e-01, dice = 8.42e-01
2024-05-19 03:14:37.645757 | Iteration 169: similarity = 2.59e-01, loss = 1.77e-01, dice = 8.42e-01
2024-05-19 03:14:39.234285 | Iteration 170: similarity = 2.59e-01, loss = 1.76e-01, dice = 8.42e-01
2024-05-19 03:14:40.818205 | Iteration 171: similarity = 2.59e-01, loss = 1.75e-01, dice = 8.42e-01
2024-05-19 03:14:42.408594 | Iteration 172: similarity = 2.59e-01, loss = 1.74e-01, dice = 8.42e-01
2024-05-19 03:14:43.981946 | Iteration 173: similarity = 2.59e-01, loss = 1.72e-01, dice = 8.42e-01
2024-05-19 03:14:45.568088 | Iteration 174: similarity = 2.59e-01, loss = 1.72e-01, dice = 8.42e-01
2024-05-19 03:14:47.151576 | Iteration 175: similarity = 2.59e-01, loss = 1.70e-01, dice = 8.42e-01
2024-05-19 03:14:48.736728 | Iteration 176: similarity = 2.59e-01, loss = 1.69e-01, dice = 8.42e-01
2024-05-19 03:14:50.319311 | Iteration 177: similarity = 2.59e-01, loss = 1.67e-01, dice = 8.42e-01
2024-05-19 03:14:51.916415 | Iteration 178: similarity = 2.59e-01, loss = 1.66e-01, dice = 8.42e-01
2024-05-19 03:14:53.516410 | Iteration 179: similarity = 2.59e-01, loss = 1.65e-01, dice = 8.42e-01
2024-05-19 03:14:55.094202 | Iteration 180: similarity = 2.59e-01, loss = 1.64e-01, dice = 8.42e-01
2024-05-19 03:14:56.646885 | Iteration 181: similarity = 2.59e-01, loss = 1.63e-01, dice = 8.42e-01
2024-05-19 03:14:58.221443 | Iteration 182: similarity = 2.59e-01, loss = 1.62e-01, dice = 8.42e-01
2024-05-19 03:14:59.818256 | Iteration 183: similarity = 2.59e-01, loss = 1.60e-01, dice = 8.42e-01
2024-05-19 03:15:01.416309 | Iteration 184: similarity = 2.59e-01, loss = 1.59e-01, dice = 8.42e-01
2024-05-19 03:15:03.001704 | Iteration 185: similarity = 2.59e-01, loss = 1.58e-01, dice = 8.42e-01
2024-05-19 03:15:04.585851 | Iteration 186: similarity = 2.59e-01, loss = 1.57e-01, dice = 8.42e-01
2024-05-19 03:15:06.181278 | Iteration 187: similarity = 2.59e-01, loss = 1.55e-01, dice = 8.42e-01
2024-05-19 03:15:07.771653 | Iteration 188: similarity = 2.59e-01, loss = 1.54e-01, dice = 8.42e-01
2024-05-19 03:15:09.353887 | Iteration 189: similarity = 2.59e-01, loss = 1.53e-01, dice = 8.42e-01
2024-05-19 03:15:10.966834 | Iteration 190: similarity = 2.59e-01, loss = 1.52e-01, dice = 8.42e-01
2024-05-19 03:15:12.560502 | Iteration 191: similarity = 2.59e-01, loss = 1.51e-01, dice = 8.42e-01
2024-05-19 03:15:14.160521 | Iteration 192: similarity = 2.59e-01, loss = 1.50e-01, dice = 8.42e-01
2024-05-19 03:15:15.743529 | Iteration 193: similarity = 2.59e-01, loss = 1.48e-01, dice = 8.41e-01
2024-05-19 03:15:17.339404 | Iteration 194: similarity = 2.59e-01, loss = 1.47e-01, dice = 8.42e-01
2024-05-19 03:15:18.927294 | Iteration 195: similarity = 2.59e-01, loss = 1.46e-01, dice = 8.42e-01
2024-05-19 03:15:20.521683 | Iteration 196: similarity = 2.59e-01, loss = 1.45e-01, dice = 8.42e-01
2024-05-19 03:15:22.121194 | Iteration 197: similarity = 2.59e-01, loss = 1.44e-01, dice = 8.42e-01
2024-05-19 03:15:23.720924 | Iteration 198: similarity = 2.59e-01, loss = 1.43e-01, dice = 8.42e-01
2024-05-19 03:15:25.296641 | Iteration 199: similarity = 2.59e-01, loss = 1.42e-01, dice = 8.42e-01
2024-05-19 03:15:26.898944 | Iteration 200: similarity = 2.59e-01, loss = 1.40e-01, dice = 8.42e-01
2024-05-19 03:15:27.138203 | [scope plot registration results takes 0.2391669750213623s]
2024-05-19 03:15:27.978924 | Validation: HD [8.018148 ± 1.887841], MSD [0.817116 ± 0.160937], DSC [0.715843 ± 0.099556]
2024-05-19 03:15:27.979698 |          => HD [7.225201 ± 1.301809], MSD [0.449450 ± 0.133244], DSC [0.841712 ± 0.069994]
