====================================================================================================
Logging file for python script in Intensity Distribution.Experiment 1 (Anonymous): Exp1_LIC_GASD
.py
| The recreation of Experiment 1: comparison between LIC and GASD. 
Started at 2024-05-19 02:01:26.021044 with command:
> python Exp1_LIC_GASD.py --exp T2_NVI
====================================================================================================

2024-05-19 02:01:27.346513 | Iteration 1: similarity = 1.25e-01, loss = 5.58e+00, dice = 5.93e-01
2024-05-19 02:01:28.545298 | Iteration 2: similarity = 1.30e-01, loss = 4.23e+00, dice = 6.19e-01
2024-05-19 02:01:29.731460 | Iteration 3: similarity = 1.39e-01, loss = 3.54e+00, dice = 6.40e-01
2024-05-19 02:01:30.926824 | Iteration 4: similarity = 1.48e-01, loss = 2.84e+00, dice = 6.62e-01
2024-05-19 02:01:32.127041 | Iteration 5: similarity = 1.54e-01, loss = 2.61e+00, dice = 6.75e-01
2024-05-19 02:01:33.308708 | Iteration 6: similarity = 1.61e-01, loss = 2.36e+00, dice = 6.84e-01
2024-05-19 02:01:34.515342 | Iteration 7: similarity = 1.68e-01, loss = 2.13e+00, dice = 6.93e-01
2024-05-19 02:01:35.717914 | Iteration 8: similarity = 1.74e-01, loss = 1.92e+00, dice = 7.02e-01
2024-05-19 02:01:36.906551 | Iteration 9: similarity = 1.80e-01, loss = 1.74e+00, dice = 7.11e-01
2024-05-19 02:01:38.085608 | Iteration 10: similarity = 1.85e-01, loss = 1.58e+00, dice = 7.18e-01
2024-05-19 02:01:39.279490 | Iteration 11: similarity = 1.90e-01, loss = 1.44e+00, dice = 7.26e-01
2024-05-19 02:01:40.471990 | Iteration 12: similarity = 1.94e-01, loss = 1.32e+00, dice = 7.32e-01
2024-05-19 02:01:41.675818 | Iteration 13: similarity = 1.98e-01, loss = 1.21e+00, dice = 7.38e-01
2024-05-19 02:01:42.877688 | Iteration 14: similarity = 2.02e-01, loss = 1.11e+00, dice = 7.42e-01
2024-05-19 02:01:44.053910 | Iteration 15: similarity = 2.06e-01, loss = 1.02e+00, dice = 7.47e-01
2024-05-19 02:01:45.246058 | Iteration 16: similarity = 2.09e-01, loss = 9.42e-01, dice = 7.51e-01
2024-05-19 02:01:46.447072 | Iteration 17: similarity = 2.13e-01, loss = 8.65e-01, dice = 7.56e-01
2024-05-19 02:01:47.643670 | Iteration 18: similarity = 2.16e-01, loss = 7.94e-01, dice = 7.60e-01
2024-05-19 02:01:48.838904 | Iteration 19: similarity = 2.19e-01, loss = 7.30e-01, dice = 7.64e-01
2024-05-19 02:01:50.040873 | Iteration 20: similarity = 2.21e-01, loss = 6.73e-01, dice = 7.68e-01
2024-05-19 02:01:51.247249 | Iteration 21: similarity = 2.24e-01, loss = 6.19e-01, dice = 7.72e-01
2024-05-19 02:01:52.439164 | Iteration 22: similarity = 2.26e-01, loss = 5.69e-01, dice = 7.74e-01
2024-05-19 02:01:53.629793 | Iteration 23: similarity = 2.28e-01, loss = 5.24e-01, dice = 7.77e-01
2024-05-19 02:01:54.813803 | Iteration 24: similarity = 2.30e-01, loss = 4.82e-01, dice = 7.80e-01
2024-05-19 02:01:56.001767 | Iteration 25: similarity = 2.32e-01, loss = 4.44e-01, dice = 7.84e-01
2024-05-19 02:01:57.189364 | Iteration 26: similarity = 2.34e-01, loss = 4.10e-01, dice = 7.88e-01
2024-05-19 02:01:58.370717 | Iteration 27: similarity = 2.36e-01, loss = 3.80e-01, dice = 7.90e-01
2024-05-19 02:01:59.558573 | Iteration 28: similarity = 2.37e-01, loss = 3.51e-01, dice = 7.93e-01
2024-05-19 02:02:00.754148 | Iteration 29: similarity = 2.38e-01, loss = 3.26e-01, dice = 7.95e-01
2024-05-19 02:02:01.933477 | Iteration 30: similarity = 2.40e-01, loss = 3.04e-01, dice = 7.98e-01
2024-05-19 02:02:03.110121 | Iteration 31: similarity = 2.41e-01, loss = 2.84e-01, dice = 8.01e-01
2024-05-19 02:02:04.278116 | Iteration 32: similarity = 2.42e-01, loss = 2.66e-01, dice = 8.03e-01
2024-05-19 02:02:05.439779 | Iteration 33: similarity = 2.43e-01, loss = 2.51e-01, dice = 8.06e-01
2024-05-19 02:02:06.607785 | Iteration 34: similarity = 2.43e-01, loss = 2.38e-01, dice = 8.09e-01
2024-05-19 02:02:07.779284 | Iteration 35: similarity = 2.44e-01, loss = 2.27e-01, dice = 8.11e-01
2024-05-19 02:02:08.944829 | Iteration 36: similarity = 2.45e-01, loss = 2.18e-01, dice = 8.13e-01
2024-05-19 02:02:10.143261 | Iteration 37: similarity = 2.45e-01, loss = 2.10e-01, dice = 8.15e-01
2024-05-19 02:02:11.334657 | Iteration 38: similarity = 2.46e-01, loss = 2.03e-01, dice = 8.17e-01
2024-05-19 02:02:12.531505 | Iteration 39: similarity = 2.47e-01, loss = 1.98e-01, dice = 8.19e-01
2024-05-19 02:02:13.738738 | Iteration 40: similarity = 2.47e-01, loss = 1.93e-01, dice = 8.21e-01
2024-05-19 02:02:14.906670 | Iteration 41: similarity = 2.47e-01, loss = 1.90e-01, dice = 8.23e-01
2024-05-19 02:02:16.091277 | Iteration 42: similarity = 2.48e-01, loss = 1.88e-01, dice = 8.25e-01
2024-05-19 02:02:17.289567 | Iteration 43: similarity = 2.48e-01, loss = 1.86e-01, dice = 8.26e-01
2024-05-19 02:02:18.474127 | Iteration 44: similarity = 2.49e-01, loss = 1.84e-01, dice = 8.28e-01
2024-05-19 02:02:19.670616 | Iteration 45: similarity = 2.49e-01, loss = 1.84e-01, dice = 8.30e-01
2024-05-19 02:02:20.852900 | Iteration 46: similarity = 2.49e-01, loss = 1.83e-01, dice = 8.30e-01
2024-05-19 02:02:22.038109 | Iteration 47: similarity = 2.50e-01, loss = 1.83e-01, dice = 8.32e-01
2024-05-19 02:02:23.222007 | Iteration 48: similarity = 2.50e-01, loss = 1.84e-01, dice = 8.33e-01
2024-05-19 02:02:24.423042 | Iteration 49: similarity = 2.50e-01, loss = 1.84e-01, dice = 8.35e-01
2024-05-19 02:02:25.609477 | Iteration 50: similarity = 2.50e-01, loss = 1.85e-01, dice = 8.36e-01
2024-05-19 02:02:26.796803 | Iteration 51: similarity = 2.51e-01, loss = 1.86e-01, dice = 8.37e-01
2024-05-19 02:02:28.002039 | Iteration 52: similarity = 2.51e-01, loss = 1.87e-01, dice = 8.38e-01
2024-05-19 02:02:29.179514 | Iteration 53: similarity = 2.51e-01, loss = 1.88e-01, dice = 8.40e-01
2024-05-19 02:02:30.391779 | Iteration 54: similarity = 2.51e-01, loss = 1.89e-01, dice = 8.41e-01
2024-05-19 02:02:31.568286 | Iteration 55: similarity = 2.52e-01, loss = 1.91e-01, dice = 8.41e-01
2024-05-19 02:02:32.751699 | Iteration 56: similarity = 2.52e-01, loss = 1.92e-01, dice = 8.41e-01
2024-05-19 02:02:33.935557 | Iteration 57: similarity = 2.52e-01, loss = 1.94e-01, dice = 8.43e-01
2024-05-19 02:02:35.115628 | Iteration 58: similarity = 2.52e-01, loss = 1.95e-01, dice = 8.44e-01
2024-05-19 02:02:36.304120 | Iteration 59: similarity = 2.52e-01, loss = 1.97e-01, dice = 8.45e-01
2024-05-19 02:02:37.500949 | Iteration 60: similarity = 2.52e-01, loss = 1.98e-01, dice = 8.45e-01
2024-05-19 02:02:38.693445 | Iteration 61: similarity = 2.52e-01, loss = 2.00e-01, dice = 8.46e-01
2024-05-19 02:02:39.880756 | Iteration 62: similarity = 2.53e-01, loss = 2.02e-01, dice = 8.46e-01
2024-05-19 02:02:41.076487 | Iteration 63: similarity = 2.53e-01, loss = 2.03e-01, dice = 8.47e-01
2024-05-19 02:02:42.254562 | Iteration 64: similarity = 2.53e-01, loss = 2.05e-01, dice = 8.47e-01
2024-05-19 02:02:43.433451 | Iteration 65: similarity = 2.53e-01, loss = 2.07e-01, dice = 8.47e-01
2024-05-19 02:02:44.621171 | Iteration 66: similarity = 2.53e-01, loss = 2.08e-01, dice = 8.48e-01
2024-05-19 02:02:45.813962 | Iteration 67: similarity = 2.53e-01, loss = 2.10e-01, dice = 8.49e-01
2024-05-19 02:02:47.006419 | Iteration 68: similarity = 2.54e-01, loss = 2.12e-01, dice = 8.49e-01
2024-05-19 02:02:48.197234 | Iteration 69: similarity = 2.54e-01, loss = 2.14e-01, dice = 8.50e-01
2024-05-19 02:02:49.380250 | Iteration 70: similarity = 2.54e-01, loss = 2.15e-01, dice = 8.50e-01
2024-05-19 02:02:50.568740 | Iteration 71: similarity = 2.54e-01, loss = 2.17e-01, dice = 8.51e-01
2024-05-19 02:02:51.767607 | Iteration 72: similarity = 2.54e-01, loss = 2.18e-01, dice = 8.50e-01
2024-05-19 02:02:52.961965 | Iteration 73: similarity = 2.54e-01, loss = 2.20e-01, dice = 8.51e-01
2024-05-19 02:02:54.165431 | Iteration 74: similarity = 2.54e-01, loss = 2.21e-01, dice = 8.52e-01
2024-05-19 02:02:55.343111 | Iteration 75: similarity = 2.54e-01, loss = 2.23e-01, dice = 8.52e-01
2024-05-19 02:02:56.537047 | Iteration 76: similarity = 2.54e-01, loss = 2.24e-01, dice = 8.52e-01
2024-05-19 02:02:57.736219 | Iteration 77: similarity = 2.54e-01, loss = 2.25e-01, dice = 8.53e-01
2024-05-19 02:02:58.926719 | Iteration 78: similarity = 2.54e-01, loss = 2.26e-01, dice = 8.53e-01
2024-05-19 02:03:00.117847 | Iteration 79: similarity = 2.54e-01, loss = 2.28e-01, dice = 8.54e-01
2024-05-19 02:03:01.310283 | Iteration 80: similarity = 2.55e-01, loss = 2.28e-01, dice = 8.54e-01
2024-05-19 02:03:02.487965 | Iteration 81: similarity = 2.55e-01, loss = 2.29e-01, dice = 8.54e-01
2024-05-19 02:03:03.661502 | Iteration 82: similarity = 2.55e-01, loss = 2.30e-01, dice = 8.54e-01
2024-05-19 02:03:04.829892 | Iteration 83: similarity = 2.55e-01, loss = 2.31e-01, dice = 8.54e-01
2024-05-19 02:03:06.008527 | Iteration 84: similarity = 2.55e-01, loss = 2.31e-01, dice = 8.55e-01
2024-05-19 02:03:07.204125 | Iteration 85: similarity = 2.55e-01, loss = 2.32e-01, dice = 8.55e-01
2024-05-19 02:03:08.381011 | Iteration 86: similarity = 2.55e-01, loss = 2.32e-01, dice = 8.56e-01
2024-05-19 02:03:09.563297 | Iteration 87: similarity = 2.55e-01, loss = 2.32e-01, dice = 8.56e-01
2024-05-19 02:03:10.763467 | Iteration 88: similarity = 2.55e-01, loss = 2.32e-01, dice = 8.55e-01
2024-05-19 02:03:11.972620 | Iteration 89: similarity = 2.55e-01, loss = 2.32e-01, dice = 8.56e-01
2024-05-19 02:03:13.157633 | Iteration 90: similarity = 2.55e-01, loss = 2.32e-01, dice = 8.56e-01
2024-05-19 02:03:14.358963 | Iteration 91: similarity = 2.55e-01, loss = 2.33e-01, dice = 8.56e-01
2024-05-19 02:03:15.556282 | Iteration 92: similarity = 2.55e-01, loss = 2.32e-01, dice = 8.56e-01
2024-05-19 02:03:16.765524 | Iteration 93: similarity = 2.55e-01, loss = 2.33e-01, dice = 8.56e-01
2024-05-19 02:03:17.967486 | Iteration 94: similarity = 2.55e-01, loss = 2.32e-01, dice = 8.57e-01
2024-05-19 02:03:19.155116 | Iteration 95: similarity = 2.55e-01, loss = 2.32e-01, dice = 8.57e-01
2024-05-19 02:03:20.354973 | Iteration 96: similarity = 2.56e-01, loss = 2.31e-01, dice = 8.57e-01
2024-05-19 02:03:21.547554 | Iteration 97: similarity = 2.56e-01, loss = 2.31e-01, dice = 8.57e-01
2024-05-19 02:03:22.741583 | Iteration 98: similarity = 2.56e-01, loss = 2.30e-01, dice = 8.57e-01
2024-05-19 02:03:23.926665 | Iteration 99: similarity = 2.56e-01, loss = 2.30e-01, dice = 8.58e-01
2024-05-19 02:03:25.114013 | Iteration 100: similarity = 2.56e-01, loss = 2.29e-01, dice = 8.58e-01
2024-05-19 02:03:26.302454 | Iteration 101: similarity = 2.56e-01, loss = 2.29e-01, dice = 8.57e-01
2024-05-19 02:03:27.480826 | Iteration 102: similarity = 2.56e-01, loss = 2.28e-01, dice = 8.58e-01
2024-05-19 02:03:28.687492 | Iteration 103: similarity = 2.56e-01, loss = 2.27e-01, dice = 8.58e-01
2024-05-19 02:03:29.893487 | Iteration 104: similarity = 2.56e-01, loss = 2.26e-01, dice = 8.58e-01
2024-05-19 02:03:31.091160 | Iteration 105: similarity = 2.56e-01, loss = 2.26e-01, dice = 8.58e-01
2024-05-19 02:03:32.283213 | Iteration 106: similarity = 2.56e-01, loss = 2.25e-01, dice = 8.58e-01
2024-05-19 02:03:33.475789 | Iteration 107: similarity = 2.56e-01, loss = 2.24e-01, dice = 8.59e-01
2024-05-19 02:03:34.664290 | Iteration 108: similarity = 2.56e-01, loss = 2.23e-01, dice = 8.59e-01
2024-05-19 02:03:35.849962 | Iteration 109: similarity = 2.56e-01, loss = 2.22e-01, dice = 8.58e-01
2024-05-19 02:03:37.028249 | Iteration 110: similarity = 2.56e-01, loss = 2.21e-01, dice = 8.59e-01
2024-05-19 02:03:38.192298 | Iteration 111: similarity = 2.56e-01, loss = 2.20e-01, dice = 8.59e-01
2024-05-19 02:03:39.384979 | Iteration 112: similarity = 2.56e-01, loss = 2.19e-01, dice = 8.59e-01
2024-05-19 02:03:40.564225 | Iteration 113: similarity = 2.56e-01, loss = 2.18e-01, dice = 8.59e-01
2024-05-19 02:03:41.737255 | Iteration 114: similarity = 2.56e-01, loss = 2.17e-01, dice = 8.59e-01
2024-05-19 02:03:42.932886 | Iteration 115: similarity = 2.56e-01, loss = 2.15e-01, dice = 8.59e-01
2024-05-19 02:03:44.107689 | Iteration 116: similarity = 2.56e-01, loss = 2.15e-01, dice = 8.60e-01
2024-05-19 02:03:45.295675 | Iteration 117: similarity = 2.56e-01, loss = 2.13e-01, dice = 8.60e-01
2024-05-19 02:03:46.491311 | Iteration 118: similarity = 2.56e-01, loss = 2.13e-01, dice = 8.59e-01
2024-05-19 02:03:47.690317 | Iteration 119: similarity = 2.56e-01, loss = 2.11e-01, dice = 8.60e-01
2024-05-19 02:03:48.890996 | Iteration 120: similarity = 2.56e-01, loss = 2.10e-01, dice = 8.60e-01
2024-05-19 02:03:50.095226 | Iteration 121: similarity = 2.56e-01, loss = 2.08e-01, dice = 8.60e-01
2024-05-19 02:03:51.299351 | Iteration 122: similarity = 2.56e-01, loss = 2.08e-01, dice = 8.60e-01
2024-05-19 02:03:52.490161 | Iteration 123: similarity = 2.56e-01, loss = 2.06e-01, dice = 8.60e-01
2024-05-19 02:03:53.683406 | Iteration 124: similarity = 2.56e-01, loss = 2.05e-01, dice = 8.60e-01
2024-05-19 02:03:54.866961 | Iteration 125: similarity = 2.56e-01, loss = 2.03e-01, dice = 8.60e-01
2024-05-19 02:03:56.059738 | Iteration 126: similarity = 2.57e-01, loss = 2.03e-01, dice = 8.59e-01
2024-05-19 02:03:57.235674 | Iteration 127: similarity = 2.57e-01, loss = 2.01e-01, dice = 8.59e-01
2024-05-19 02:03:58.427704 | Iteration 128: similarity = 2.57e-01, loss = 2.01e-01, dice = 8.60e-01
2024-05-19 02:03:59.623357 | Iteration 129: similarity = 2.56e-01, loss = 1.98e-01, dice = 8.60e-01
2024-05-19 02:04:00.803356 | Iteration 130: similarity = 2.57e-01, loss = 1.98e-01, dice = 8.60e-01
2024-05-19 02:04:01.983189 | Iteration 131: similarity = 2.57e-01, loss = 1.96e-01, dice = 8.60e-01
2024-05-19 02:04:03.165325 | Iteration 132: similarity = 2.57e-01, loss = 1.96e-01, dice = 8.60e-01
2024-05-19 02:04:04.359445 | Iteration 133: similarity = 2.57e-01, loss = 1.94e-01, dice = 8.60e-01
2024-05-19 02:04:05.536091 | Iteration 134: similarity = 2.57e-01, loss = 1.93e-01, dice = 8.60e-01
2024-05-19 02:04:06.728933 | Iteration 135: similarity = 2.57e-01, loss = 1.91e-01, dice = 8.60e-01
2024-05-19 02:04:07.921322 | Iteration 136: similarity = 2.57e-01, loss = 1.91e-01, dice = 8.61e-01
2024-05-19 02:04:09.115327 | Iteration 137: similarity = 2.57e-01, loss = 1.88e-01, dice = 8.61e-01
2024-05-19 02:04:10.296707 | Iteration 138: similarity = 2.57e-01, loss = 1.89e-01, dice = 8.60e-01
2024-05-19 02:04:11.486253 | Iteration 139: similarity = 2.57e-01, loss = 1.86e-01, dice = 8.60e-01
2024-05-19 02:04:12.689686 | Iteration 140: similarity = 2.57e-01, loss = 1.86e-01, dice = 8.61e-01
2024-05-19 02:04:13.881164 | Iteration 141: similarity = 2.57e-01, loss = 1.83e-01, dice = 8.61e-01
2024-05-19 02:04:15.074965 | Iteration 142: similarity = 2.57e-01, loss = 1.84e-01, dice = 8.61e-01
2024-05-19 02:04:16.272769 | Iteration 143: similarity = 2.57e-01, loss = 1.81e-01, dice = 8.61e-01
2024-05-19 02:04:17.474486 | Iteration 144: similarity = 2.57e-01, loss = 1.81e-01, dice = 8.61e-01
2024-05-19 02:04:18.664110 | Iteration 145: similarity = 2.57e-01, loss = 1.78e-01, dice = 8.61e-01
2024-05-19 02:04:19.851008 | Iteration 146: similarity = 2.57e-01, loss = 1.79e-01, dice = 8.61e-01
2024-05-19 02:04:21.029783 | Iteration 147: similarity = 2.57e-01, loss = 1.76e-01, dice = 8.61e-01
2024-05-19 02:04:22.212707 | Iteration 148: similarity = 2.57e-01, loss = 1.76e-01, dice = 8.61e-01
2024-05-19 02:04:23.393363 | Iteration 149: similarity = 2.57e-01, loss = 1.73e-01, dice = 8.61e-01
2024-05-19 02:04:24.587925 | Iteration 150: similarity = 2.57e-01, loss = 1.74e-01, dice = 8.61e-01
2024-05-19 02:04:25.766442 | Iteration 151: similarity = 2.57e-01, loss = 1.71e-01, dice = 8.61e-01
2024-05-19 02:04:26.955540 | Iteration 152: similarity = 2.57e-01, loss = 1.71e-01, dice = 8.61e-01
2024-05-19 02:04:28.127291 | Iteration 153: similarity = 2.57e-01, loss = 1.69e-01, dice = 8.61e-01
2024-05-19 02:04:29.296921 | Iteration 154: similarity = 2.57e-01, loss = 1.69e-01, dice = 8.61e-01
2024-05-19 02:04:30.501381 | Iteration 155: similarity = 2.57e-01, loss = 1.66e-01, dice = 8.61e-01
2024-05-19 02:04:31.695379 | Iteration 156: similarity = 2.57e-01, loss = 1.66e-01, dice = 8.62e-01
2024-05-19 02:04:32.891686 | Iteration 157: similarity = 2.57e-01, loss = 1.64e-01, dice = 8.62e-01
2024-05-19 02:04:34.095435 | Iteration 158: similarity = 2.57e-01, loss = 1.64e-01, dice = 8.61e-01
2024-05-19 02:04:35.269017 | Iteration 159: similarity = 2.57e-01, loss = 1.62e-01, dice = 8.61e-01
2024-05-19 02:04:36.447893 | Iteration 160: similarity = 2.57e-01, loss = 1.61e-01, dice = 8.61e-01
2024-05-19 02:04:37.635969 | Iteration 161: similarity = 2.57e-01, loss = 1.59e-01, dice = 8.62e-01
2024-05-19 02:04:38.827367 | Iteration 162: similarity = 2.57e-01, loss = 1.59e-01, dice = 8.61e-01
2024-05-19 02:04:40.003755 | Iteration 163: similarity = 2.57e-01, loss = 1.57e-01, dice = 8.61e-01
2024-05-19 02:04:41.199942 | Iteration 164: similarity = 2.57e-01, loss = 1.56e-01, dice = 8.61e-01
2024-05-19 02:04:42.398354 | Iteration 165: similarity = 2.57e-01, loss = 1.55e-01, dice = 8.62e-01
2024-05-19 02:04:43.598715 | Iteration 166: similarity = 2.57e-01, loss = 1.54e-01, dice = 8.61e-01
2024-05-19 02:04:44.782370 | Iteration 167: similarity = 2.57e-01, loss = 1.52e-01, dice = 8.62e-01
2024-05-19 02:04:45.972127 | Iteration 168: similarity = 2.57e-01, loss = 1.51e-01, dice = 8.62e-01
2024-05-19 02:04:47.153366 | Iteration 169: similarity = 2.57e-01, loss = 1.50e-01, dice = 8.61e-01
2024-05-19 02:04:48.318722 | Iteration 170: similarity = 2.57e-01, loss = 1.49e-01, dice = 8.62e-01
2024-05-19 02:04:49.513491 | Iteration 171: similarity = 2.57e-01, loss = 1.48e-01, dice = 8.62e-01
2024-05-19 02:04:50.689337 | Iteration 172: similarity = 2.57e-01, loss = 1.47e-01, dice = 8.61e-01
2024-05-19 02:04:51.881905 | Iteration 173: similarity = 2.57e-01, loss = 1.46e-01, dice = 8.62e-01
2024-05-19 02:04:53.074414 | Iteration 174: similarity = 2.57e-01, loss = 1.44e-01, dice = 8.62e-01
2024-05-19 02:04:54.280225 | Iteration 175: similarity = 2.57e-01, loss = 1.44e-01, dice = 8.62e-01
2024-05-19 02:04:55.469728 | Iteration 176: similarity = 2.57e-01, loss = 1.42e-01, dice = 8.62e-01
2024-05-19 02:04:56.649389 | Iteration 177: similarity = 2.57e-01, loss = 1.42e-01, dice = 8.62e-01
2024-05-19 02:04:57.847670 | Iteration 178: similarity = 2.57e-01, loss = 1.40e-01, dice = 8.61e-01
2024-05-19 02:04:59.031481 | Iteration 179: similarity = 2.57e-01, loss = 1.39e-01, dice = 8.62e-01
2024-05-19 02:05:00.219011 | Iteration 180: similarity = 2.57e-01, loss = 1.38e-01, dice = 8.62e-01
2024-05-19 02:05:01.417092 | Iteration 181: similarity = 2.57e-01, loss = 1.37e-01, dice = 8.62e-01
2024-05-19 02:05:02.604808 | Iteration 182: similarity = 2.57e-01, loss = 1.36e-01, dice = 8.62e-01
2024-05-19 02:05:03.808647 | Iteration 183: similarity = 2.57e-01, loss = 1.35e-01, dice = 8.62e-01
2024-05-19 02:05:05.014454 | Iteration 184: similarity = 2.57e-01, loss = 1.33e-01, dice = 8.62e-01
2024-05-19 02:05:06.186938 | Iteration 185: similarity = 2.57e-01, loss = 1.33e-01, dice = 8.62e-01
2024-05-19 02:05:07.384101 | Iteration 186: similarity = 2.57e-01, loss = 1.31e-01, dice = 8.62e-01
2024-05-19 02:05:08.585486 | Iteration 187: similarity = 2.57e-01, loss = 1.31e-01, dice = 8.62e-01
2024-05-19 02:05:09.769344 | Iteration 188: similarity = 2.57e-01, loss = 1.29e-01, dice = 8.62e-01
2024-05-19 02:05:10.965924 | Iteration 189: similarity = 2.57e-01, loss = 1.28e-01, dice = 8.62e-01
2024-05-19 02:05:12.154743 | Iteration 190: similarity = 2.57e-01, loss = 1.27e-01, dice = 8.62e-01
2024-05-19 02:05:13.328474 | Iteration 191: similarity = 2.57e-01, loss = 1.26e-01, dice = 8.62e-01
2024-05-19 02:05:14.482275 | Iteration 192: similarity = 2.57e-01, loss = 1.25e-01, dice = 8.62e-01
2024-05-19 02:05:15.659988 | Iteration 193: similarity = 2.57e-01, loss = 1.24e-01, dice = 8.62e-01
2024-05-19 02:05:16.835992 | Iteration 194: similarity = 2.58e-01, loss = 1.22e-01, dice = 8.62e-01
2024-05-19 02:05:18.029848 | Iteration 195: similarity = 2.58e-01, loss = 1.22e-01, dice = 8.62e-01
2024-05-19 02:05:19.217157 | Iteration 196: similarity = 2.57e-01, loss = 1.20e-01, dice = 8.62e-01
2024-05-19 02:05:20.394894 | Iteration 197: similarity = 2.58e-01, loss = 1.20e-01, dice = 8.62e-01
2024-05-19 02:05:21.572144 | Iteration 198: similarity = 2.57e-01, loss = 1.18e-01, dice = 8.62e-01
2024-05-19 02:05:22.780260 | Iteration 199: similarity = 2.58e-01, loss = 1.18e-01, dice = 8.62e-01
2024-05-19 02:05:23.963898 | Iteration 200: similarity = 2.58e-01, loss = 1.16e-01, dice = 8.62e-01
2024-05-19 02:05:24.211464 | [scope plot registration results takes 0.24747800827026367s]
2024-05-19 02:05:25.054326 | Validation: HD [8.018148 ± 1.887841], MSD [0.817116 ± 0.160937], DSC [0.715843 ± 0.099556]
2024-05-19 02:05:25.055066 |          => HD [7.995486 ± 3.179354], MSD [0.388325 ± 0.108025], DSC [0.861655 ± 0.061326]
