====================================================================================================
Logging file for python script in Intensity Distribution.Experiment 1 (Anonymous): Exp1_LIC_GASD
.py
| The recreation of Experiment 1: comparison between LIC and GASD. 
Started at 2024-05-19 12:15:55.311141 with command:
> python Exp1_LIC_GASD.py --exp T1_CTr_LIC_sig0_01
====================================================================================================

2024-05-19 12:15:57.377195 | Iteration 1: similarity = 2.17e-01, loss = 5.49e+00, dice = 5.93e-01
2024-05-19 12:15:59.302325 | Iteration 2: similarity = 2.27e-01, loss = 4.13e+00, dice = 6.22e-01
2024-05-19 12:16:01.193276 | Iteration 3: similarity = 2.48e-01, loss = 3.42e+00, dice = 6.47e-01
2024-05-19 12:16:03.096445 | Iteration 4: similarity = 2.65e-01, loss = 2.69e+00, dice = 6.71e-01
2024-05-19 12:16:05.001904 | Iteration 5: similarity = 2.74e-01, loss = 2.46e+00, dice = 6.81e-01
2024-05-19 12:16:06.881228 | Iteration 6: similarity = 2.82e-01, loss = 2.20e+00, dice = 6.88e-01
2024-05-19 12:16:08.796445 | Iteration 7: similarity = 2.90e-01, loss = 1.96e+00, dice = 6.95e-01
2024-05-19 12:16:10.718474 | Iteration 8: similarity = 2.96e-01, loss = 1.76e+00, dice = 7.02e-01
2024-05-19 12:16:12.640818 | Iteration 9: similarity = 3.01e-01, loss = 1.57e+00, dice = 7.06e-01
2024-05-19 12:16:14.533619 | Iteration 10: similarity = 3.05e-01, loss = 1.42e+00, dice = 7.09e-01
2024-05-19 12:16:16.432668 | Iteration 11: similarity = 3.09e-01, loss = 1.28e+00, dice = 7.12e-01
2024-05-19 12:16:18.337217 | Iteration 12: similarity = 3.12e-01, loss = 1.16e+00, dice = 7.15e-01
2024-05-19 12:16:20.223482 | Iteration 13: similarity = 3.15e-01, loss = 1.05e+00, dice = 7.17e-01
2024-05-19 12:16:22.116396 | Iteration 14: similarity = 3.18e-01, loss = 9.54e-01, dice = 7.19e-01
2024-05-19 12:16:24.012731 | Iteration 15: similarity = 3.21e-01, loss = 8.65e-01, dice = 7.21e-01
2024-05-19 12:16:25.932570 | Iteration 16: similarity = 3.23e-01, loss = 7.84e-01, dice = 7.23e-01
2024-05-19 12:16:27.816613 | Iteration 17: similarity = 3.25e-01, loss = 7.09e-01, dice = 7.24e-01
2024-05-19 12:16:29.699101 | Iteration 18: similarity = 3.27e-01, loss = 6.41e-01, dice = 7.25e-01
2024-05-19 12:16:31.595582 | Iteration 19: similarity = 3.29e-01, loss = 5.78e-01, dice = 7.26e-01
2024-05-19 12:16:33.470659 | Iteration 20: similarity = 3.31e-01, loss = 5.23e-01, dice = 7.27e-01
2024-05-19 12:16:35.359625 | Iteration 21: similarity = 3.33e-01, loss = 4.71e-01, dice = 7.29e-01
2024-05-19 12:16:37.252246 | Iteration 22: similarity = 3.34e-01, loss = 4.24e-01, dice = 7.30e-01
2024-05-19 12:16:39.147831 | Iteration 23: similarity = 3.35e-01, loss = 3.80e-01, dice = 7.30e-01
2024-05-19 12:16:41.031458 | Iteration 24: similarity = 3.36e-01, loss = 3.41e-01, dice = 7.32e-01
2024-05-19 12:16:42.930960 | Iteration 25: similarity = 3.37e-01, loss = 3.05e-01, dice = 7.33e-01
2024-05-19 12:16:44.814575 | Iteration 26: similarity = 3.38e-01, loss = 2.73e-01, dice = 7.34e-01
2024-05-19 12:16:46.707764 | Iteration 27: similarity = 3.39e-01, loss = 2.43e-01, dice = 7.34e-01
2024-05-19 12:16:48.593810 | Iteration 28: similarity = 3.40e-01, loss = 2.17e-01, dice = 7.34e-01
2024-05-19 12:16:50.466380 | Iteration 29: similarity = 3.40e-01, loss = 1.94e-01, dice = 7.35e-01
2024-05-19 12:16:52.374971 | Iteration 30: similarity = 3.41e-01, loss = 1.74e-01, dice = 7.35e-01
2024-05-19 12:16:54.285002 | Iteration 31: similarity = 3.42e-01, loss = 1.56e-01, dice = 7.36e-01
2024-05-19 12:16:56.186655 | Iteration 32: similarity = 3.42e-01, loss = 1.41e-01, dice = 7.37e-01
2024-05-19 12:16:58.095400 | Iteration 33: similarity = 3.43e-01, loss = 1.28e-01, dice = 7.38e-01
2024-05-19 12:16:59.977364 | Iteration 34: similarity = 3.43e-01, loss = 1.17e-01, dice = 7.39e-01
2024-05-19 12:17:01.857576 | Iteration 35: similarity = 3.43e-01, loss = 1.08e-01, dice = 7.39e-01
2024-05-19 12:17:03.748650 | Iteration 36: similarity = 3.44e-01, loss = 1.00e-01, dice = 7.40e-01
2024-05-19 12:17:05.637961 | Iteration 37: similarity = 3.44e-01, loss = 9.40e-02, dice = 7.40e-01
2024-05-19 12:17:07.538645 | Iteration 38: similarity = 3.45e-01, loss = 8.94e-02, dice = 7.41e-01
2024-05-19 12:17:09.428455 | Iteration 39: similarity = 3.45e-01, loss = 8.53e-02, dice = 7.41e-01
2024-05-19 12:17:11.325077 | Iteration 40: similarity = 3.45e-01, loss = 8.22e-02, dice = 7.42e-01
2024-05-19 12:17:13.214325 | Iteration 41: similarity = 3.46e-01, loss = 8.06e-02, dice = 7.43e-01
2024-05-19 12:17:15.110040 | Iteration 42: similarity = 3.46e-01, loss = 7.91e-02, dice = 7.43e-01
2024-05-19 12:17:16.993265 | Iteration 43: similarity = 3.46e-01, loss = 7.76e-02, dice = 7.43e-01
2024-05-19 12:17:18.884802 | Iteration 44: similarity = 3.47e-01, loss = 7.72e-02, dice = 7.43e-01
2024-05-19 12:17:20.757599 | Iteration 45: similarity = 3.47e-01, loss = 7.74e-02, dice = 7.43e-01
2024-05-19 12:17:22.648005 | Iteration 46: similarity = 3.48e-01, loss = 7.74e-02, dice = 7.45e-01
2024-05-19 12:17:24.548632 | Iteration 47: similarity = 3.48e-01, loss = 7.80e-02, dice = 7.45e-01
2024-05-19 12:17:26.439173 | Iteration 48: similarity = 3.49e-01, loss = 7.86e-02, dice = 7.45e-01
2024-05-19 12:17:28.333584 | Iteration 49: similarity = 3.49e-01, loss = 7.96e-02, dice = 7.45e-01
2024-05-19 12:17:30.240252 | Iteration 50: similarity = 3.50e-01, loss = 8.06e-02, dice = 7.44e-01
2024-05-19 12:17:32.143742 | Iteration 51: similarity = 3.50e-01, loss = 8.18e-02, dice = 7.45e-01
2024-05-19 12:17:34.050863 | Iteration 52: similarity = 3.50e-01, loss = 8.32e-02, dice = 7.45e-01
2024-05-19 12:17:35.928055 | Iteration 53: similarity = 3.51e-01, loss = 8.47e-02, dice = 7.45e-01
2024-05-19 12:17:37.834482 | Iteration 54: similarity = 3.51e-01, loss = 8.59e-02, dice = 7.46e-01
2024-05-19 12:17:39.727644 | Iteration 55: similarity = 3.52e-01, loss = 8.77e-02, dice = 7.45e-01
2024-05-19 12:17:41.610576 | Iteration 56: similarity = 3.52e-01, loss = 8.88e-02, dice = 7.46e-01
2024-05-19 12:17:43.516998 | Iteration 57: similarity = 3.53e-01, loss = 9.08e-02, dice = 7.46e-01
2024-05-19 12:17:45.414931 | Iteration 58: similarity = 3.53e-01, loss = 9.20e-02, dice = 7.46e-01
2024-05-19 12:17:47.328110 | Iteration 59: similarity = 3.54e-01, loss = 9.35e-02, dice = 7.46e-01
2024-05-19 12:17:49.204160 | Iteration 60: similarity = 3.54e-01, loss = 9.47e-02, dice = 7.46e-01
2024-05-19 12:17:51.105017 | Iteration 61: similarity = 3.54e-01, loss = 9.65e-02, dice = 7.46e-01
2024-05-19 12:17:52.986249 | Iteration 62: similarity = 3.55e-01, loss = 9.81e-02, dice = 7.45e-01
2024-05-19 12:17:54.861814 | Iteration 63: similarity = 3.55e-01, loss = 1.00e-01, dice = 7.45e-01
2024-05-19 12:17:56.738970 | Iteration 64: similarity = 3.56e-01, loss = 1.02e-01, dice = 7.46e-01
2024-05-19 12:17:58.633165 | Iteration 65: similarity = 3.56e-01, loss = 1.03e-01, dice = 7.46e-01
2024-05-19 12:18:00.508699 | Iteration 66: similarity = 3.57e-01, loss = 1.05e-01, dice = 7.45e-01
2024-05-19 12:18:02.399261 | Iteration 67: similarity = 3.57e-01, loss = 1.06e-01, dice = 7.46e-01
2024-05-19 12:18:04.288072 | Iteration 68: similarity = 3.57e-01, loss = 1.08e-01, dice = 7.46e-01
2024-05-19 12:18:06.157582 | Iteration 69: similarity = 3.58e-01, loss = 1.09e-01, dice = 7.46e-01
2024-05-19 12:18:08.038091 | Iteration 70: similarity = 3.58e-01, loss = 1.11e-01, dice = 7.46e-01
2024-05-19 12:18:09.943471 | Iteration 71: similarity = 3.58e-01, loss = 1.13e-01, dice = 7.45e-01
2024-05-19 12:18:11.832158 | Iteration 72: similarity = 3.59e-01, loss = 1.14e-01, dice = 7.45e-01
2024-05-19 12:18:13.729184 | Iteration 73: similarity = 3.59e-01, loss = 1.16e-01, dice = 7.45e-01
2024-05-19 12:18:15.628016 | Iteration 74: similarity = 3.60e-01, loss = 1.17e-01, dice = 7.45e-01
2024-05-19 12:18:17.514196 | Iteration 75: similarity = 3.60e-01, loss = 1.18e-01, dice = 7.46e-01
2024-05-19 12:18:19.401854 | Iteration 76: similarity = 3.60e-01, loss = 1.20e-01, dice = 7.45e-01
2024-05-19 12:18:21.315152 | Iteration 77: similarity = 3.61e-01, loss = 1.21e-01, dice = 7.45e-01
2024-05-19 12:18:23.201730 | Iteration 78: similarity = 3.61e-01, loss = 1.22e-01, dice = 7.45e-01
2024-05-19 12:18:25.095979 | Iteration 79: similarity = 3.61e-01, loss = 1.23e-01, dice = 7.44e-01
2024-05-19 12:18:26.994676 | Iteration 80: similarity = 3.62e-01, loss = 1.23e-01, dice = 7.45e-01
2024-05-19 12:18:28.878475 | Iteration 81: similarity = 3.62e-01, loss = 1.25e-01, dice = 7.45e-01
2024-05-19 12:18:30.798467 | Iteration 82: similarity = 3.62e-01, loss = 1.25e-01, dice = 7.44e-01
2024-05-19 12:18:32.694561 | Iteration 83: similarity = 3.63e-01, loss = 1.26e-01, dice = 7.44e-01
2024-05-19 12:18:34.582249 | Iteration 84: similarity = 3.63e-01, loss = 1.27e-01, dice = 7.44e-01
2024-05-19 12:18:36.466008 | Iteration 85: similarity = 3.63e-01, loss = 1.28e-01, dice = 7.44e-01
2024-05-19 12:18:38.355348 | Iteration 86: similarity = 3.64e-01, loss = 1.28e-01, dice = 7.44e-01
2024-05-19 12:18:40.243745 | Iteration 87: similarity = 3.64e-01, loss = 1.29e-01, dice = 7.44e-01
2024-05-19 12:18:42.126722 | Iteration 88: similarity = 3.64e-01, loss = 1.29e-01, dice = 7.44e-01
2024-05-19 12:18:44.016722 | Iteration 89: similarity = 3.65e-01, loss = 1.29e-01, dice = 7.43e-01
2024-05-19 12:18:45.896931 | Iteration 90: similarity = 3.65e-01, loss = 1.29e-01, dice = 7.43e-01
2024-05-19 12:18:47.789753 | Iteration 91: similarity = 3.65e-01, loss = 1.29e-01, dice = 7.43e-01
2024-05-19 12:18:49.656019 | Iteration 92: similarity = 3.66e-01, loss = 1.29e-01, dice = 7.43e-01
2024-05-19 12:18:51.557256 | Iteration 93: similarity = 3.66e-01, loss = 1.29e-01, dice = 7.43e-01
2024-05-19 12:18:53.441213 | Iteration 94: similarity = 3.66e-01, loss = 1.30e-01, dice = 7.42e-01
2024-05-19 12:18:55.329023 | Iteration 95: similarity = 3.66e-01, loss = 1.28e-01, dice = 7.43e-01
2024-05-19 12:18:57.240557 | Iteration 96: similarity = 3.67e-01, loss = 1.29e-01, dice = 7.42e-01
2024-05-19 12:18:59.136850 | Iteration 97: similarity = 3.67e-01, loss = 1.28e-01, dice = 7.42e-01
2024-05-19 12:19:01.031823 | Iteration 98: similarity = 3.67e-01, loss = 1.28e-01, dice = 7.42e-01
2024-05-19 12:19:02.925595 | Iteration 99: similarity = 3.68e-01, loss = 1.27e-01, dice = 7.43e-01
2024-05-19 12:19:04.806564 | Iteration 100: similarity = 3.68e-01, loss = 1.28e-01, dice = 7.42e-01
2024-05-19 12:19:06.706532 | Iteration 101: similarity = 3.68e-01, loss = 1.26e-01, dice = 7.41e-01
2024-05-19 12:19:08.610352 | Iteration 102: similarity = 3.69e-01, loss = 1.27e-01, dice = 7.41e-01
2024-05-19 12:19:10.502608 | Iteration 103: similarity = 3.69e-01, loss = 1.25e-01, dice = 7.41e-01
2024-05-19 12:19:12.404430 | Iteration 104: similarity = 3.69e-01, loss = 1.25e-01, dice = 7.41e-01
2024-05-19 12:19:14.285478 | Iteration 105: similarity = 3.70e-01, loss = 1.23e-01, dice = 7.41e-01
2024-05-19 12:19:16.170254 | Iteration 106: similarity = 3.70e-01, loss = 1.24e-01, dice = 7.40e-01
2024-05-19 12:19:18.053465 | Iteration 107: similarity = 3.70e-01, loss = 1.22e-01, dice = 7.41e-01
2024-05-19 12:19:19.923490 | Iteration 108: similarity = 3.70e-01, loss = 1.23e-01, dice = 7.41e-01
2024-05-19 12:19:21.810180 | Iteration 109: similarity = 3.71e-01, loss = 1.21e-01, dice = 7.41e-01
2024-05-19 12:19:23.695911 | Iteration 110: similarity = 3.71e-01, loss = 1.21e-01, dice = 7.41e-01
2024-05-19 12:19:25.590484 | Iteration 111: similarity = 3.71e-01, loss = 1.19e-01, dice = 7.40e-01
2024-05-19 12:19:27.477431 | Iteration 112: similarity = 3.72e-01, loss = 1.19e-01, dice = 7.40e-01
2024-05-19 12:19:29.388524 | Iteration 113: similarity = 3.72e-01, loss = 1.17e-01, dice = 7.40e-01
2024-05-19 12:19:31.283809 | Iteration 114: similarity = 3.72e-01, loss = 1.17e-01, dice = 7.40e-01
2024-05-19 12:19:33.185383 | Iteration 115: similarity = 3.72e-01, loss = 1.15e-01, dice = 7.40e-01
2024-05-19 12:19:35.062574 | Iteration 116: similarity = 3.73e-01, loss = 1.15e-01, dice = 7.40e-01
2024-05-19 12:19:36.961580 | Iteration 117: similarity = 3.73e-01, loss = 1.13e-01, dice = 7.39e-01
2024-05-19 12:19:38.834829 | Iteration 118: similarity = 3.73e-01, loss = 1.13e-01, dice = 7.39e-01
2024-05-19 12:19:40.708920 | Iteration 119: similarity = 3.74e-01, loss = 1.11e-01, dice = 7.39e-01
2024-05-19 12:19:42.616583 | Iteration 120: similarity = 3.74e-01, loss = 1.11e-01, dice = 7.39e-01
2024-05-19 12:19:44.497610 | Iteration 121: similarity = 3.74e-01, loss = 1.09e-01, dice = 7.39e-01
2024-05-19 12:19:46.388990 | Iteration 122: similarity = 3.75e-01, loss = 1.08e-01, dice = 7.38e-01
2024-05-19 12:19:48.294666 | Iteration 123: similarity = 3.75e-01, loss = 1.07e-01, dice = 7.39e-01
2024-05-19 12:19:50.197513 | Iteration 124: similarity = 3.75e-01, loss = 1.06e-01, dice = 7.38e-01
2024-05-19 12:19:52.090186 | Iteration 125: similarity = 3.75e-01, loss = 1.05e-01, dice = 7.38e-01
2024-05-19 12:19:53.979749 | Iteration 126: similarity = 3.76e-01, loss = 1.03e-01, dice = 7.38e-01
2024-05-19 12:19:55.870046 | Iteration 127: similarity = 3.76e-01, loss = 1.02e-01, dice = 7.38e-01
2024-05-19 12:19:57.770758 | Iteration 128: similarity = 3.76e-01, loss = 1.01e-01, dice = 7.38e-01
2024-05-19 12:19:59.656050 | Iteration 129: similarity = 3.76e-01, loss = 9.99e-02, dice = 7.38e-01
2024-05-19 12:20:01.537402 | Iteration 130: similarity = 3.77e-01, loss = 9.87e-02, dice = 7.37e-01
2024-05-19 12:20:03.430933 | Iteration 131: similarity = 3.77e-01, loss = 9.76e-02, dice = 7.37e-01
2024-05-19 12:20:05.310125 | Iteration 132: similarity = 3.77e-01, loss = 9.61e-02, dice = 7.37e-01
2024-05-19 12:20:07.202242 | Iteration 133: similarity = 3.77e-01, loss = 9.51e-02, dice = 7.37e-01
2024-05-19 12:20:09.101002 | Iteration 134: similarity = 3.78e-01, loss = 9.39e-02, dice = 7.36e-01
2024-05-19 12:20:10.994237 | Iteration 135: similarity = 3.78e-01, loss = 9.27e-02, dice = 7.37e-01
2024-05-19 12:20:12.876924 | Iteration 136: similarity = 3.78e-01, loss = 9.13e-02, dice = 7.37e-01
2024-05-19 12:20:14.775847 | Iteration 137: similarity = 3.78e-01, loss = 9.01e-02, dice = 7.37e-01
2024-05-19 12:20:16.651618 | Iteration 138: similarity = 3.79e-01, loss = 8.91e-02, dice = 7.37e-01
2024-05-19 12:20:18.555819 | Iteration 139: similarity = 3.79e-01, loss = 8.79e-02, dice = 7.37e-01
2024-05-19 12:20:20.465584 | Iteration 140: similarity = 3.79e-01, loss = 8.63e-02, dice = 7.36e-01
2024-05-19 12:20:22.341609 | Iteration 141: similarity = 3.79e-01, loss = 8.52e-02, dice = 7.36e-01
2024-05-19 12:20:24.221216 | Iteration 142: similarity = 3.80e-01, loss = 8.39e-02, dice = 7.36e-01
2024-05-19 12:20:26.100845 | Iteration 143: similarity = 3.80e-01, loss = 8.29e-02, dice = 7.36e-01
2024-05-19 12:20:28.000497 | Iteration 144: similarity = 3.80e-01, loss = 8.17e-02, dice = 7.36e-01
2024-05-19 12:20:29.887699 | Iteration 145: similarity = 3.80e-01, loss = 8.01e-02, dice = 7.36e-01
2024-05-19 12:20:31.753593 | Iteration 146: similarity = 3.81e-01, loss = 7.87e-02, dice = 7.36e-01
2024-05-19 12:20:33.640794 | Iteration 147: similarity = 3.81e-01, loss = 7.79e-02, dice = 7.36e-01
2024-05-19 12:20:35.546072 | Iteration 148: similarity = 3.81e-01, loss = 7.63e-02, dice = 7.35e-01
2024-05-19 12:20:37.430588 | Iteration 149: similarity = 3.81e-01, loss = 7.50e-02, dice = 7.35e-01
2024-05-19 12:20:39.311861 | Iteration 150: similarity = 3.81e-01, loss = 7.35e-02, dice = 7.36e-01
2024-05-19 12:20:41.194202 | Iteration 151: similarity = 3.82e-01, loss = 7.27e-02, dice = 7.35e-01
2024-05-19 12:20:43.089009 | Iteration 152: similarity = 3.82e-01, loss = 7.11e-02, dice = 7.35e-01
2024-05-19 12:20:45.000877 | Iteration 153: similarity = 3.82e-01, loss = 7.00e-02, dice = 7.35e-01
2024-05-19 12:20:46.876769 | Iteration 154: similarity = 3.82e-01, loss = 6.87e-02, dice = 7.35e-01
2024-05-19 12:20:48.729126 | Iteration 155: similarity = 3.82e-01, loss = 6.70e-02, dice = 7.35e-01
2024-05-19 12:20:50.633091 | Iteration 156: similarity = 3.83e-01, loss = 6.60e-02, dice = 7.35e-01
2024-05-19 12:20:52.544997 | Iteration 157: similarity = 3.83e-01, loss = 6.48e-02, dice = 7.35e-01
2024-05-19 12:20:54.433514 | Iteration 158: similarity = 3.83e-01, loss = 6.34e-02, dice = 7.34e-01
2024-05-19 12:20:56.321092 | Iteration 159: similarity = 3.83e-01, loss = 6.24e-02, dice = 7.34e-01
2024-05-19 12:20:58.219916 | Iteration 160: similarity = 3.83e-01, loss = 6.09e-02, dice = 7.34e-01
2024-05-19 12:21:00.114271 | Iteration 161: similarity = 3.84e-01, loss = 5.96e-02, dice = 7.34e-01
2024-05-19 12:21:01.994044 | Iteration 162: similarity = 3.84e-01, loss = 5.85e-02, dice = 7.34e-01
2024-05-19 12:21:03.892021 | Iteration 163: similarity = 3.84e-01, loss = 5.72e-02, dice = 7.34e-01
2024-05-19 12:21:05.800371 | Iteration 164: similarity = 3.84e-01, loss = 5.59e-02, dice = 7.34e-01
2024-05-19 12:21:07.722549 | Iteration 165: similarity = 3.84e-01, loss = 5.50e-02, dice = 7.33e-01
2024-05-19 12:21:09.646180 | Iteration 166: similarity = 3.84e-01, loss = 5.34e-02, dice = 7.34e-01
2024-05-19 12:21:11.552696 | Iteration 167: similarity = 3.85e-01, loss = 5.24e-02, dice = 7.33e-01
2024-05-19 12:21:13.427641 | Iteration 168: similarity = 3.85e-01, loss = 5.08e-02, dice = 7.33e-01
2024-05-19 12:21:15.324649 | Iteration 169: similarity = 3.85e-01, loss = 4.98e-02, dice = 7.33e-01
2024-05-19 12:21:17.214884 | Iteration 170: similarity = 3.85e-01, loss = 4.83e-02, dice = 7.34e-01
2024-05-19 12:21:19.094100 | Iteration 171: similarity = 3.85e-01, loss = 4.75e-02, dice = 7.33e-01
2024-05-19 12:21:20.978113 | Iteration 172: similarity = 3.85e-01, loss = 4.56e-02, dice = 7.33e-01
2024-05-19 12:21:22.870849 | Iteration 173: similarity = 3.86e-01, loss = 4.51e-02, dice = 7.32e-01
2024-05-19 12:21:24.744069 | Iteration 174: similarity = 3.86e-01, loss = 4.33e-02, dice = 7.32e-01
2024-05-19 12:21:26.655553 | Iteration 175: similarity = 3.86e-01, loss = 4.26e-02, dice = 7.32e-01
2024-05-19 12:21:28.530900 | Iteration 176: similarity = 3.86e-01, loss = 4.08e-02, dice = 7.32e-01
2024-05-19 12:21:30.424375 | Iteration 177: similarity = 3.86e-01, loss = 4.01e-02, dice = 7.32e-01
2024-05-19 12:21:32.287474 | Iteration 178: similarity = 3.86e-01, loss = 3.84e-02, dice = 7.32e-01
2024-05-19 12:21:34.165423 | Iteration 179: similarity = 3.86e-01, loss = 3.78e-02, dice = 7.32e-01
2024-05-19 12:21:36.046489 | Iteration 180: similarity = 3.87e-01, loss = 3.59e-02, dice = 7.32e-01
2024-05-19 12:21:37.941950 | Iteration 181: similarity = 3.87e-01, loss = 3.54e-02, dice = 7.32e-01
2024-05-19 12:21:39.840019 | Iteration 182: similarity = 3.87e-01, loss = 3.35e-02, dice = 7.32e-01
2024-05-19 12:21:41.756751 | Iteration 183: similarity = 3.87e-01, loss = 3.28e-02, dice = 7.32e-01
2024-05-19 12:21:43.640345 | Iteration 184: similarity = 3.87e-01, loss = 3.09e-02, dice = 7.32e-01
2024-05-19 12:21:45.541310 | Iteration 185: similarity = 3.87e-01, loss = 3.04e-02, dice = 7.32e-01
2024-05-19 12:21:47.440902 | Iteration 186: similarity = 3.87e-01, loss = 2.85e-02, dice = 7.32e-01
2024-05-19 12:21:49.329639 | Iteration 187: similarity = 3.88e-01, loss = 2.78e-02, dice = 7.31e-01
2024-05-19 12:21:51.213222 | Iteration 188: similarity = 3.88e-01, loss = 2.58e-02, dice = 7.31e-01
2024-05-19 12:21:53.097130 | Iteration 189: similarity = 3.88e-01, loss = 2.54e-02, dice = 7.31e-01
2024-05-19 12:21:54.993366 | Iteration 190: similarity = 3.88e-01, loss = 2.33e-02, dice = 7.32e-01
2024-05-19 12:21:56.871824 | Iteration 191: similarity = 3.88e-01, loss = 2.29e-02, dice = 7.31e-01
2024-05-19 12:21:58.777813 | Iteration 192: similarity = 3.88e-01, loss = 2.11e-02, dice = 7.31e-01
2024-05-19 12:22:00.684816 | Iteration 193: similarity = 3.88e-01, loss = 2.04e-02, dice = 7.31e-01
2024-05-19 12:22:02.564783 | Iteration 194: similarity = 3.88e-01, loss = 1.86e-02, dice = 7.31e-01
2024-05-19 12:22:04.444073 | Iteration 195: similarity = 3.89e-01, loss = 1.81e-02, dice = 7.31e-01
2024-05-19 12:22:06.318297 | Iteration 196: similarity = 3.89e-01, loss = 1.62e-02, dice = 7.31e-01
2024-05-19 12:22:08.199117 | Iteration 197: similarity = 3.89e-01, loss = 1.60e-02, dice = 7.31e-01
2024-05-19 12:22:10.098675 | Iteration 198: similarity = 3.89e-01, loss = 1.38e-02, dice = 7.31e-01
2024-05-19 12:22:11.985838 | Iteration 199: similarity = 3.89e-01, loss = 1.34e-02, dice = 7.31e-01
2024-05-19 12:22:13.879671 | Iteration 200: similarity = 3.89e-01, loss = 1.13e-02, dice = 7.31e-01
2024-05-19 12:22:14.125937 | [scope plot registration results takes 0.24615812301635742s]
2024-05-19 12:22:14.980824 | Validation: HD [8.018148 ± 1.887841], MSD [0.817116 ± 0.160937], DSC [0.715843 ± 0.099556]
2024-05-19 12:22:14.981542 |          => HD [9.282824 ± 0.862421], MSD [0.802647 ± 0.190662], DSC [0.731017 ± 0.073882]
