====================================================================================================
Logging file for python script in Intensity Distribution.Experiment 1 (Anonymous): Exp1_LIC_GASD
_same_modality.py
| The recreation of Experiment 1: comparison between LIC and GASD. 
Started at 2024-05-21 21:25:44.621949 with command:
> python Exp1_LIC_GASD_same_modality.py --exp T4_NVI_local
====================================================================================================

2024-05-21 21:25:45.931054 | Iteration 1: similarity = 1.27e-01, loss = 5.58e+00, dice = 5.93e-01
2024-05-21 21:25:47.157961 | Iteration 2: similarity = 1.34e-01, loss = 4.22e+00, dice = 6.20e-01
2024-05-21 21:25:48.328649 | Iteration 3: similarity = 1.44e-01, loss = 3.52e+00, dice = 6.41e-01
2024-05-21 21:25:49.498950 | Iteration 4: similarity = 1.56e-01, loss = 2.81e+00, dice = 6.65e-01
2024-05-21 21:25:50.691647 | Iteration 5: similarity = 1.64e-01, loss = 2.58e+00, dice = 6.79e-01
2024-05-21 21:25:51.914399 | Iteration 6: similarity = 1.72e-01, loss = 2.33e+00, dice = 6.89e-01
2024-05-21 21:25:53.126643 | Iteration 7: similarity = 1.80e-01, loss = 2.09e+00, dice = 7.00e-01
2024-05-21 21:25:54.290204 | Iteration 8: similarity = 1.88e-01, loss = 1.88e+00, dice = 7.10e-01
2024-05-21 21:25:55.447701 | Iteration 9: similarity = 1.95e-01, loss = 1.70e+00, dice = 7.20e-01
2024-05-21 21:25:56.602910 | Iteration 10: similarity = 2.00e-01, loss = 1.54e+00, dice = 7.27e-01
2024-05-21 21:25:57.760426 | Iteration 11: similarity = 2.06e-01, loss = 1.41e+00, dice = 7.35e-01
2024-05-21 21:25:58.952155 | Iteration 12: similarity = 2.11e-01, loss = 1.29e+00, dice = 7.41e-01
2024-05-21 21:26:00.180102 | Iteration 13: similarity = 2.15e-01, loss = 1.18e+00, dice = 7.47e-01
2024-05-21 21:26:01.361117 | Iteration 14: similarity = 2.20e-01, loss = 1.08e+00, dice = 7.52e-01
2024-05-21 21:26:02.564891 | Iteration 15: similarity = 2.24e-01, loss = 9.87e-01, dice = 7.58e-01
2024-05-21 21:26:03.759029 | Iteration 16: similarity = 2.27e-01, loss = 9.04e-01, dice = 7.63e-01
2024-05-21 21:26:04.943169 | Iteration 17: similarity = 2.31e-01, loss = 8.28e-01, dice = 7.68e-01
2024-05-21 21:26:06.115483 | Iteration 18: similarity = 2.34e-01, loss = 7.57e-01, dice = 7.73e-01
2024-05-21 21:26:07.278030 | Iteration 19: similarity = 2.37e-01, loss = 6.93e-01, dice = 7.77e-01
2024-05-21 21:26:08.445643 | Iteration 20: similarity = 2.40e-01, loss = 6.35e-01, dice = 7.81e-01
2024-05-21 21:26:09.623233 | Iteration 21: similarity = 2.42e-01, loss = 5.82e-01, dice = 7.85e-01
2024-05-21 21:26:10.784280 | Iteration 22: similarity = 2.45e-01, loss = 5.33e-01, dice = 7.90e-01
2024-05-21 21:26:11.936851 | Iteration 23: similarity = 2.47e-01, loss = 4.88e-01, dice = 7.93e-01
2024-05-21 21:26:13.121238 | Iteration 24: similarity = 2.49e-01, loss = 4.46e-01, dice = 7.97e-01
2024-05-21 21:26:14.294596 | Iteration 25: similarity = 2.51e-01, loss = 4.09e-01, dice = 8.01e-01
2024-05-21 21:26:15.461506 | Iteration 26: similarity = 2.53e-01, loss = 3.75e-01, dice = 8.04e-01
2024-05-21 21:26:16.620422 | Iteration 27: similarity = 2.54e-01, loss = 3.44e-01, dice = 8.07e-01
2024-05-21 21:26:17.794527 | Iteration 28: similarity = 2.56e-01, loss = 3.17e-01, dice = 8.11e-01
2024-05-21 21:26:18.982561 | Iteration 29: similarity = 2.57e-01, loss = 2.92e-01, dice = 8.14e-01
2024-05-21 21:26:20.151894 | Iteration 30: similarity = 2.58e-01, loss = 2.70e-01, dice = 8.16e-01
2024-05-21 21:26:21.315585 | Iteration 31: similarity = 2.59e-01, loss = 2.51e-01, dice = 8.20e-01
2024-05-21 21:26:22.482792 | Iteration 32: similarity = 2.60e-01, loss = 2.34e-01, dice = 8.22e-01
2024-05-21 21:26:23.669567 | Iteration 33: similarity = 2.61e-01, loss = 2.20e-01, dice = 8.25e-01
2024-05-21 21:26:24.865279 | Iteration 34: similarity = 2.62e-01, loss = 2.07e-01, dice = 8.28e-01
2024-05-21 21:26:26.037315 | Iteration 35: similarity = 2.63e-01, loss = 1.97e-01, dice = 8.31e-01
2024-05-21 21:26:27.220114 | Iteration 36: similarity = 2.63e-01, loss = 1.88e-01, dice = 8.34e-01
2024-05-21 21:26:28.389526 | Iteration 37: similarity = 2.64e-01, loss = 1.81e-01, dice = 8.36e-01
2024-05-21 21:26:29.560039 | Iteration 38: similarity = 2.64e-01, loss = 1.75e-01, dice = 8.39e-01
2024-05-21 21:26:30.723719 | Iteration 39: similarity = 2.65e-01, loss = 1.70e-01, dice = 8.40e-01
2024-05-21 21:26:31.890541 | Iteration 40: similarity = 2.65e-01, loss = 1.66e-01, dice = 8.42e-01
2024-05-21 21:26:33.052165 | Iteration 41: similarity = 2.66e-01, loss = 1.64e-01, dice = 8.44e-01
2024-05-21 21:26:34.290030 | Iteration 42: similarity = 2.66e-01, loss = 1.62e-01, dice = 8.46e-01
2024-05-21 21:26:35.467430 | Iteration 43: similarity = 2.67e-01, loss = 1.60e-01, dice = 8.48e-01
2024-05-21 21:26:36.633713 | Iteration 44: similarity = 2.67e-01, loss = 1.59e-01, dice = 8.50e-01
2024-05-21 21:26:37.801244 | Iteration 45: similarity = 2.67e-01, loss = 1.59e-01, dice = 8.51e-01
2024-05-21 21:26:38.981534 | Iteration 46: similarity = 2.68e-01, loss = 1.59e-01, dice = 8.53e-01
2024-05-21 21:26:40.146944 | Iteration 47: similarity = 2.68e-01, loss = 1.60e-01, dice = 8.55e-01
2024-05-21 21:26:41.337247 | Iteration 48: similarity = 2.68e-01, loss = 1.60e-01, dice = 8.56e-01
2024-05-21 21:26:42.515194 | Iteration 49: similarity = 2.68e-01, loss = 1.61e-01, dice = 8.57e-01
2024-05-21 21:26:43.688357 | Iteration 50: similarity = 2.69e-01, loss = 1.62e-01, dice = 8.58e-01
2024-05-21 21:26:44.887378 | Iteration 51: similarity = 2.69e-01, loss = 1.64e-01, dice = 8.60e-01
2024-05-21 21:26:46.101340 | Iteration 52: similarity = 2.69e-01, loss = 1.64e-01, dice = 8.61e-01
2024-05-21 21:26:47.290507 | Iteration 53: similarity = 2.69e-01, loss = 1.66e-01, dice = 8.62e-01
2024-05-21 21:26:48.454168 | Iteration 54: similarity = 2.70e-01, loss = 1.67e-01, dice = 8.62e-01
2024-05-21 21:26:49.632066 | Iteration 55: similarity = 2.70e-01, loss = 1.69e-01, dice = 8.63e-01
2024-05-21 21:26:50.820845 | Iteration 56: similarity = 2.70e-01, loss = 1.71e-01, dice = 8.65e-01
2024-05-21 21:26:51.993533 | Iteration 57: similarity = 2.70e-01, loss = 1.72e-01, dice = 8.66e-01
2024-05-21 21:26:53.164071 | Iteration 58: similarity = 2.70e-01, loss = 1.74e-01, dice = 8.67e-01
2024-05-21 21:26:54.363366 | Iteration 59: similarity = 2.71e-01, loss = 1.75e-01, dice = 8.67e-01
2024-05-21 21:26:55.550650 | Iteration 60: similarity = 2.71e-01, loss = 1.78e-01, dice = 8.68e-01
2024-05-21 21:26:56.705408 | Iteration 61: similarity = 2.71e-01, loss = 1.79e-01, dice = 8.69e-01
2024-05-21 21:26:57.885487 | Iteration 62: similarity = 2.71e-01, loss = 1.81e-01, dice = 8.69e-01
2024-05-21 21:26:59.059436 | Iteration 63: similarity = 2.71e-01, loss = 1.83e-01, dice = 8.69e-01
2024-05-21 21:27:00.215029 | Iteration 64: similarity = 2.71e-01, loss = 1.85e-01, dice = 8.71e-01
2024-05-21 21:27:01.389352 | Iteration 65: similarity = 2.72e-01, loss = 1.87e-01, dice = 8.71e-01
2024-05-21 21:27:02.551610 | Iteration 66: similarity = 2.72e-01, loss = 1.89e-01, dice = 8.72e-01
2024-05-21 21:27:03.708107 | Iteration 67: similarity = 2.72e-01, loss = 1.91e-01, dice = 8.73e-01
2024-05-21 21:27:04.874553 | Iteration 68: similarity = 2.72e-01, loss = 1.93e-01, dice = 8.73e-01
2024-05-21 21:27:06.061078 | Iteration 69: similarity = 2.72e-01, loss = 1.95e-01, dice = 8.73e-01
2024-05-21 21:27:07.226581 | Iteration 70: similarity = 2.72e-01, loss = 1.96e-01, dice = 8.74e-01
2024-05-21 21:27:08.401201 | Iteration 71: similarity = 2.72e-01, loss = 1.99e-01, dice = 8.75e-01
2024-05-21 21:27:09.567605 | Iteration 72: similarity = 2.72e-01, loss = 2.00e-01, dice = 8.75e-01
2024-05-21 21:27:10.736384 | Iteration 73: similarity = 2.72e-01, loss = 2.02e-01, dice = 8.75e-01
2024-05-21 21:27:11.909867 | Iteration 74: similarity = 2.72e-01, loss = 2.03e-01, dice = 8.75e-01
2024-05-21 21:27:13.084416 | Iteration 75: similarity = 2.73e-01, loss = 2.05e-01, dice = 8.76e-01
2024-05-21 21:27:14.266829 | Iteration 76: similarity = 2.73e-01, loss = 2.06e-01, dice = 8.77e-01
2024-05-21 21:27:15.428431 | Iteration 77: similarity = 2.73e-01, loss = 2.07e-01, dice = 8.76e-01
2024-05-21 21:27:16.597222 | Iteration 78: similarity = 2.73e-01, loss = 2.09e-01, dice = 8.76e-01
2024-05-21 21:27:17.761233 | Iteration 79: similarity = 2.73e-01, loss = 2.10e-01, dice = 8.77e-01
2024-05-21 21:27:18.949101 | Iteration 80: similarity = 2.73e-01, loss = 2.11e-01, dice = 8.77e-01
2024-05-21 21:27:20.104242 | Iteration 81: similarity = 2.73e-01, loss = 2.12e-01, dice = 8.77e-01
2024-05-21 21:27:21.264592 | Iteration 82: similarity = 2.73e-01, loss = 2.13e-01, dice = 8.78e-01
2024-05-21 21:27:22.418548 | Iteration 83: similarity = 2.73e-01, loss = 2.13e-01, dice = 8.78e-01
2024-05-21 21:27:23.591644 | Iteration 84: similarity = 2.73e-01, loss = 2.14e-01, dice = 8.77e-01
2024-05-21 21:27:24.755080 | Iteration 85: similarity = 2.73e-01, loss = 2.15e-01, dice = 8.78e-01
2024-05-21 21:27:25.918604 | Iteration 86: similarity = 2.73e-01, loss = 2.16e-01, dice = 8.78e-01
2024-05-21 21:27:27.082293 | Iteration 87: similarity = 2.73e-01, loss = 2.16e-01, dice = 8.79e-01
2024-05-21 21:27:28.246445 | Iteration 88: similarity = 2.73e-01, loss = 2.16e-01, dice = 8.78e-01
2024-05-21 21:27:29.409651 | Iteration 89: similarity = 2.73e-01, loss = 2.16e-01, dice = 8.78e-01
2024-05-21 21:27:30.585076 | Iteration 90: similarity = 2.73e-01, loss = 2.16e-01, dice = 8.79e-01
2024-05-21 21:27:31.761741 | Iteration 91: similarity = 2.73e-01, loss = 2.16e-01, dice = 8.79e-01
2024-05-21 21:27:32.925588 | Iteration 92: similarity = 2.73e-01, loss = 2.16e-01, dice = 8.80e-01
2024-05-21 21:27:34.085284 | Iteration 93: similarity = 2.74e-01, loss = 2.16e-01, dice = 8.80e-01
2024-05-21 21:27:35.245875 | Iteration 94: similarity = 2.74e-01, loss = 2.16e-01, dice = 8.80e-01
2024-05-21 21:27:36.428344 | Iteration 95: similarity = 2.74e-01, loss = 2.16e-01, dice = 8.80e-01
2024-05-21 21:27:37.593073 | Iteration 96: similarity = 2.74e-01, loss = 2.15e-01, dice = 8.80e-01
2024-05-21 21:27:38.752815 | Iteration 97: similarity = 2.74e-01, loss = 2.15e-01, dice = 8.80e-01
2024-05-21 21:27:39.904603 | Iteration 98: similarity = 2.74e-01, loss = 2.14e-01, dice = 8.80e-01
2024-05-21 21:27:41.068310 | Iteration 99: similarity = 2.74e-01, loss = 2.14e-01, dice = 8.80e-01
2024-05-21 21:27:42.231153 | Iteration 100: similarity = 2.74e-01, loss = 2.13e-01, dice = 8.81e-01
2024-05-21 21:27:43.395739 | Iteration 101: similarity = 2.74e-01, loss = 2.13e-01, dice = 8.81e-01
2024-05-21 21:27:44.589744 | Iteration 102: similarity = 2.74e-01, loss = 2.13e-01, dice = 8.81e-01
2024-05-21 21:27:45.753794 | Iteration 103: similarity = 2.74e-01, loss = 2.11e-01, dice = 8.81e-01
2024-05-21 21:27:46.928510 | Iteration 104: similarity = 2.74e-01, loss = 2.11e-01, dice = 8.81e-01
2024-05-21 21:27:48.106978 | Iteration 105: similarity = 2.74e-01, loss = 2.10e-01, dice = 8.81e-01
2024-05-21 21:27:49.270639 | Iteration 106: similarity = 2.74e-01, loss = 2.09e-01, dice = 8.82e-01
2024-05-21 21:27:50.435888 | Iteration 107: similarity = 2.74e-01, loss = 2.08e-01, dice = 8.81e-01
2024-05-21 21:27:51.607469 | Iteration 108: similarity = 2.74e-01, loss = 2.08e-01, dice = 8.81e-01
2024-05-21 21:27:52.795629 | Iteration 109: similarity = 2.74e-01, loss = 2.06e-01, dice = 8.82e-01
2024-05-21 21:27:53.961558 | Iteration 110: similarity = 2.74e-01, loss = 2.06e-01, dice = 8.82e-01
2024-05-21 21:27:55.125953 | Iteration 111: similarity = 2.74e-01, loss = 2.04e-01, dice = 8.82e-01
2024-05-21 21:27:56.287522 | Iteration 112: similarity = 2.74e-01, loss = 2.04e-01, dice = 8.82e-01
2024-05-21 21:27:57.451160 | Iteration 113: similarity = 2.74e-01, loss = 2.02e-01, dice = 8.82e-01
2024-05-21 21:27:58.604848 | Iteration 114: similarity = 2.74e-01, loss = 2.01e-01, dice = 8.82e-01
2024-05-21 21:27:59.753294 | Iteration 115: similarity = 2.74e-01, loss = 1.99e-01, dice = 8.82e-01
2024-05-21 21:28:00.909792 | Iteration 116: similarity = 2.74e-01, loss = 1.99e-01, dice = 8.82e-01
2024-05-21 21:28:02.101175 | Iteration 117: similarity = 2.74e-01, loss = 1.98e-01, dice = 8.82e-01
2024-05-21 21:28:03.292469 | Iteration 118: similarity = 2.74e-01, loss = 1.97e-01, dice = 8.82e-01
2024-05-21 21:28:04.458787 | Iteration 119: similarity = 2.74e-01, loss = 1.95e-01, dice = 8.83e-01
2024-05-21 21:28:05.655147 | Iteration 120: similarity = 2.75e-01, loss = 1.95e-01, dice = 8.83e-01
2024-05-21 21:28:06.816500 | Iteration 121: similarity = 2.75e-01, loss = 1.93e-01, dice = 8.83e-01
2024-05-21 21:28:07.978131 | Iteration 122: similarity = 2.74e-01, loss = 1.93e-01, dice = 8.83e-01
2024-05-21 21:28:09.135095 | Iteration 123: similarity = 2.74e-01, loss = 1.90e-01, dice = 8.82e-01
2024-05-21 21:28:10.295531 | Iteration 124: similarity = 2.75e-01, loss = 1.90e-01, dice = 8.83e-01
2024-05-21 21:28:11.465146 | Iteration 125: similarity = 2.75e-01, loss = 1.88e-01, dice = 8.83e-01
2024-05-21 21:28:12.633228 | Iteration 126: similarity = 2.75e-01, loss = 1.88e-01, dice = 8.83e-01
2024-05-21 21:28:13.818301 | Iteration 127: similarity = 2.75e-01, loss = 1.86e-01, dice = 8.83e-01
2024-05-21 21:28:15.011075 | Iteration 128: similarity = 2.75e-01, loss = 1.85e-01, dice = 8.83e-01
2024-05-21 21:28:16.208018 | Iteration 129: similarity = 2.75e-01, loss = 1.83e-01, dice = 8.83e-01
2024-05-21 21:28:17.396078 | Iteration 130: similarity = 2.75e-01, loss = 1.83e-01, dice = 8.83e-01
2024-05-21 21:28:18.568484 | Iteration 131: similarity = 2.75e-01, loss = 1.81e-01, dice = 8.83e-01
2024-05-21 21:28:19.727685 | Iteration 132: similarity = 2.75e-01, loss = 1.80e-01, dice = 8.83e-01
2024-05-21 21:28:20.885887 | Iteration 133: similarity = 2.75e-01, loss = 1.79e-01, dice = 8.83e-01
2024-05-21 21:28:22.083914 | Iteration 134: similarity = 2.75e-01, loss = 1.78e-01, dice = 8.83e-01
2024-05-21 21:28:23.256319 | Iteration 135: similarity = 2.75e-01, loss = 1.76e-01, dice = 8.83e-01
2024-05-21 21:28:24.428347 | Iteration 136: similarity = 2.75e-01, loss = 1.75e-01, dice = 8.83e-01
2024-05-21 21:28:25.596767 | Iteration 137: similarity = 2.75e-01, loss = 1.74e-01, dice = 8.84e-01
2024-05-21 21:28:26.791503 | Iteration 138: similarity = 2.75e-01, loss = 1.73e-01, dice = 8.84e-01
2024-05-21 21:28:27.954739 | Iteration 139: similarity = 2.75e-01, loss = 1.72e-01, dice = 8.84e-01
2024-05-21 21:28:29.109958 | Iteration 140: similarity = 2.75e-01, loss = 1.70e-01, dice = 8.84e-01
2024-05-21 21:28:30.295865 | Iteration 141: similarity = 2.75e-01, loss = 1.69e-01, dice = 8.84e-01
2024-05-21 21:28:31.460361 | Iteration 142: similarity = 2.75e-01, loss = 1.68e-01, dice = 8.84e-01
2024-05-21 21:28:32.629504 | Iteration 143: similarity = 2.75e-01, loss = 1.67e-01, dice = 8.84e-01
2024-05-21 21:28:33.788520 | Iteration 144: similarity = 2.75e-01, loss = 1.66e-01, dice = 8.83e-01
2024-05-21 21:28:34.946056 | Iteration 145: similarity = 2.75e-01, loss = 1.65e-01, dice = 8.84e-01
2024-05-21 21:28:36.103065 | Iteration 146: similarity = 2.75e-01, loss = 1.63e-01, dice = 8.84e-01
2024-05-21 21:28:37.278188 | Iteration 147: similarity = 2.75e-01, loss = 1.62e-01, dice = 8.84e-01
2024-05-21 21:28:38.464453 | Iteration 148: similarity = 2.75e-01, loss = 1.61e-01, dice = 8.84e-01
2024-05-21 21:28:39.626884 | Iteration 149: similarity = 2.75e-01, loss = 1.60e-01, dice = 8.84e-01
2024-05-21 21:28:40.789993 | Iteration 150: similarity = 2.75e-01, loss = 1.58e-01, dice = 8.84e-01
2024-05-21 21:28:41.954673 | Iteration 151: similarity = 2.75e-01, loss = 1.57e-01, dice = 8.84e-01
2024-05-21 21:28:43.120184 | Iteration 152: similarity = 2.75e-01, loss = 1.56e-01, dice = 8.84e-01
2024-05-21 21:28:44.306194 | Iteration 153: similarity = 2.75e-01, loss = 1.55e-01, dice = 8.84e-01
2024-05-21 21:28:45.488902 | Iteration 154: similarity = 2.75e-01, loss = 1.54e-01, dice = 8.84e-01
2024-05-21 21:28:46.657223 | Iteration 155: similarity = 2.75e-01, loss = 1.52e-01, dice = 8.85e-01
2024-05-21 21:28:47.824843 | Iteration 156: similarity = 2.75e-01, loss = 1.51e-01, dice = 8.84e-01
2024-05-21 21:28:49.007663 | Iteration 157: similarity = 2.75e-01, loss = 1.50e-01, dice = 8.84e-01
2024-05-21 21:28:50.164781 | Iteration 158: similarity = 2.75e-01, loss = 1.49e-01, dice = 8.84e-01
2024-05-21 21:28:51.327306 | Iteration 159: similarity = 2.75e-01, loss = 1.48e-01, dice = 8.84e-01
2024-05-21 21:28:52.497697 | Iteration 160: similarity = 2.75e-01, loss = 1.47e-01, dice = 8.84e-01
2024-05-21 21:28:53.648943 | Iteration 161: similarity = 2.75e-01, loss = 1.46e-01, dice = 8.85e-01
2024-05-21 21:28:54.812027 | Iteration 162: similarity = 2.75e-01, loss = 1.44e-01, dice = 8.85e-01
2024-05-21 21:28:55.975712 | Iteration 163: similarity = 2.75e-01, loss = 1.43e-01, dice = 8.84e-01
2024-05-21 21:28:57.147503 | Iteration 164: similarity = 2.75e-01, loss = 1.42e-01, dice = 8.85e-01
2024-05-21 21:28:58.304144 | Iteration 165: similarity = 2.75e-01, loss = 1.41e-01, dice = 8.84e-01
2024-05-21 21:28:59.450549 | Iteration 166: similarity = 2.75e-01, loss = 1.40e-01, dice = 8.84e-01
2024-05-21 21:29:00.599728 | Iteration 167: similarity = 2.75e-01, loss = 1.38e-01, dice = 8.84e-01
2024-05-21 21:29:01.767681 | Iteration 168: similarity = 2.75e-01, loss = 1.37e-01, dice = 8.84e-01
2024-05-21 21:29:02.925370 | Iteration 169: similarity = 2.75e-01, loss = 1.36e-01, dice = 8.84e-01
2024-05-21 21:29:04.085528 | Iteration 170: similarity = 2.75e-01, loss = 1.35e-01, dice = 8.84e-01
2024-05-21 21:29:05.252519 | Iteration 171: similarity = 2.75e-01, loss = 1.34e-01, dice = 8.84e-01
2024-05-21 21:29:06.431836 | Iteration 172: similarity = 2.75e-01, loss = 1.33e-01, dice = 8.84e-01
2024-05-21 21:29:07.591405 | Iteration 173: similarity = 2.75e-01, loss = 1.32e-01, dice = 8.84e-01
2024-05-21 21:29:08.743041 | Iteration 174: similarity = 2.75e-01, loss = 1.31e-01, dice = 8.84e-01
2024-05-21 21:29:09.929955 | Iteration 175: similarity = 2.75e-01, loss = 1.29e-01, dice = 8.84e-01
2024-05-21 21:29:11.098282 | Iteration 176: similarity = 2.75e-01, loss = 1.29e-01, dice = 8.85e-01
2024-05-21 21:29:12.259064 | Iteration 177: similarity = 2.75e-01, loss = 1.27e-01, dice = 8.84e-01
2024-05-21 21:29:13.411089 | Iteration 178: similarity = 2.75e-01, loss = 1.27e-01, dice = 8.85e-01
2024-05-21 21:29:14.583350 | Iteration 179: similarity = 2.75e-01, loss = 1.25e-01, dice = 8.84e-01
2024-05-21 21:29:15.771929 | Iteration 180: similarity = 2.75e-01, loss = 1.24e-01, dice = 8.85e-01
2024-05-21 21:29:16.925041 | Iteration 181: similarity = 2.75e-01, loss = 1.23e-01, dice = 8.85e-01
2024-05-21 21:29:18.086285 | Iteration 182: similarity = 2.75e-01, loss = 1.22e-01, dice = 8.85e-01
2024-05-21 21:29:19.248884 | Iteration 183: similarity = 2.75e-01, loss = 1.21e-01, dice = 8.84e-01
2024-05-21 21:29:20.411503 | Iteration 184: similarity = 2.75e-01, loss = 1.20e-01, dice = 8.84e-01
2024-05-21 21:29:21.577180 | Iteration 185: similarity = 2.75e-01, loss = 1.18e-01, dice = 8.84e-01
2024-05-21 21:29:22.736609 | Iteration 186: similarity = 2.75e-01, loss = 1.18e-01, dice = 8.85e-01
2024-05-21 21:29:23.895440 | Iteration 187: similarity = 2.75e-01, loss = 1.16e-01, dice = 8.85e-01
2024-05-21 21:29:25.055706 | Iteration 188: similarity = 2.75e-01, loss = 1.16e-01, dice = 8.84e-01
2024-05-21 21:29:26.224299 | Iteration 189: similarity = 2.75e-01, loss = 1.14e-01, dice = 8.84e-01
2024-05-21 21:29:27.390931 | Iteration 190: similarity = 2.75e-01, loss = 1.13e-01, dice = 8.85e-01
2024-05-21 21:29:28.572444 | Iteration 191: similarity = 2.75e-01, loss = 1.12e-01, dice = 8.85e-01
2024-05-21 21:29:29.739939 | Iteration 192: similarity = 2.75e-01, loss = 1.11e-01, dice = 8.84e-01
2024-05-21 21:29:30.896253 | Iteration 193: similarity = 2.76e-01, loss = 1.10e-01, dice = 8.85e-01
2024-05-21 21:29:32.062667 | Iteration 194: similarity = 2.76e-01, loss = 1.09e-01, dice = 8.85e-01
2024-05-21 21:29:33.246482 | Iteration 195: similarity = 2.76e-01, loss = 1.08e-01, dice = 8.84e-01
2024-05-21 21:29:34.409805 | Iteration 196: similarity = 2.76e-01, loss = 1.07e-01, dice = 8.85e-01
2024-05-21 21:29:35.580356 | Iteration 197: similarity = 2.76e-01, loss = 1.05e-01, dice = 8.84e-01
2024-05-21 21:29:36.727260 | Iteration 198: similarity = 2.76e-01, loss = 1.05e-01, dice = 8.84e-01
2024-05-21 21:29:37.915040 | Iteration 199: similarity = 2.75e-01, loss = 1.03e-01, dice = 8.85e-01
2024-05-21 21:29:39.080498 | Iteration 200: similarity = 2.76e-01, loss = 1.03e-01, dice = 8.85e-01
2024-05-21 21:29:39.326230 | [scope plot registration results takes 0.24562716484069824s]
2024-05-21 21:29:40.158240 | Validation: HD [8.018148 ± 1.887841], MSD [0.817116 ± 0.160937], DSC [0.715843 ± 0.099556]
2024-05-21 21:29:40.158941 |          => HD [8.847121 ± 2.567617], MSD [0.322819 ± 0.076096], DSC [0.884573 ± 0.047016]
