====================================================================================================
Logging file for python script in Intensity Distribution.Experiment 1 (Anonymous): Exp1_LIC_GASD
.py
| The recreation of Experiment 1: comparison between LIC and GASD. 
Started at 2024-05-19 19:01:39.948407 with command:
> python Exp1_LIC_GASD.py --exp T1_CTr_GASD_noise_sig0_01
====================================================================================================

2024-05-19 19:01:41.891520 | Iteration 1: similarity = -1.61e-02, loss = 7.32e-02, dice = 5.93e-01
2024-05-19 19:01:43.724937 | Iteration 2: similarity = -1.15e-02, loss = 4.68e-02, dice = 6.22e-01
2024-05-19 19:01:45.566848 | Iteration 3: similarity = -7.14e-03, loss = 3.73e-02, dice = 6.27e-01
2024-05-19 19:01:47.364960 | Iteration 4: similarity = -5.07e-03, loss = 3.52e-02, dice = 6.27e-01
2024-05-19 19:01:49.184594 | Iteration 5: similarity = -4.12e-03, loss = 3.41e-02, dice = 6.25e-01
2024-05-19 19:01:50.990411 | Iteration 6: similarity = -3.46e-03, loss = 3.26e-02, dice = 6.25e-01
2024-05-19 19:01:52.823882 | Iteration 7: similarity = -2.97e-03, loss = 3.11e-02, dice = 6.25e-01
2024-05-19 19:01:54.789296 | Iteration 8: similarity = -2.64e-03, loss = 2.98e-02, dice = 6.24e-01
2024-05-19 19:01:56.970809 | Iteration 9: similarity = -2.35e-03, loss = 2.86e-02, dice = 6.24e-01
2024-05-19 19:01:58.938469 | Iteration 10: similarity = -2.15e-03, loss = 2.75e-02, dice = 6.24e-01
2024-05-19 19:02:00.777540 | Iteration 11: similarity = -1.97e-03, loss = 2.64e-02, dice = 6.24e-01
2024-05-19 19:02:02.705705 | Iteration 12: similarity = -1.84e-03, loss = 2.54e-02, dice = 6.24e-01
2024-05-19 19:02:04.867858 | Iteration 13: similarity = -1.73e-03, loss = 2.45e-02, dice = 6.25e-01
2024-05-19 19:02:06.731209 | Iteration 14: similarity = -1.61e-03, loss = 2.36e-02, dice = 6.26e-01
2024-05-19 19:02:08.560482 | Iteration 15: similarity = -1.53e-03, loss = 2.27e-02, dice = 6.27e-01
2024-05-19 19:02:10.393101 | Iteration 16: similarity = -1.45e-03, loss = 2.19e-02, dice = 6.29e-01
2024-05-19 19:02:12.206027 | Iteration 17: similarity = -1.38e-03, loss = 2.11e-02, dice = 6.29e-01
2024-05-19 19:02:14.052399 | Iteration 18: similarity = -1.32e-03, loss = 2.03e-02, dice = 6.30e-01
2024-05-19 19:02:15.899403 | Iteration 19: similarity = -1.27e-03, loss = 1.96e-02, dice = 6.32e-01
2024-05-19 19:02:17.716657 | Iteration 20: similarity = -1.22e-03, loss = 1.89e-02, dice = 6.33e-01
2024-05-19 19:02:19.558253 | Iteration 21: similarity = -1.17e-03, loss = 1.82e-02, dice = 6.35e-01
2024-05-19 19:02:21.371903 | Iteration 22: similarity = -1.14e-03, loss = 1.76e-02, dice = 6.36e-01
2024-05-19 19:02:23.198592 | Iteration 23: similarity = -1.10e-03, loss = 1.70e-02, dice = 6.37e-01
2024-05-19 19:02:24.992119 | Iteration 24: similarity = -1.07e-03, loss = 1.64e-02, dice = 6.39e-01
2024-05-19 19:02:26.819137 | Iteration 25: similarity = -1.04e-03, loss = 1.59e-02, dice = 6.41e-01
2024-05-19 19:02:28.655461 | Iteration 26: similarity = -1.02e-03, loss = 1.54e-02, dice = 6.42e-01
2024-05-19 19:02:30.482783 | Iteration 27: similarity = -9.94e-04, loss = 1.49e-02, dice = 6.43e-01
2024-05-19 19:02:32.307639 | Iteration 28: similarity = -9.74e-04, loss = 1.44e-02, dice = 6.45e-01
2024-05-19 19:02:34.138293 | Iteration 29: similarity = -9.56e-04, loss = 1.40e-02, dice = 6.46e-01
2024-05-19 19:02:35.975319 | Iteration 30: similarity = -9.38e-04, loss = 1.35e-02, dice = 6.48e-01
2024-05-19 19:02:37.805029 | Iteration 31: similarity = -9.22e-04, loss = 1.32e-02, dice = 6.50e-01
2024-05-19 19:02:39.619555 | Iteration 32: similarity = -9.07e-04, loss = 1.28e-02, dice = 6.52e-01
2024-05-19 19:02:41.420458 | Iteration 33: similarity = -8.92e-04, loss = 1.24e-02, dice = 6.53e-01
2024-05-19 19:02:43.198440 | Iteration 34: similarity = -8.80e-04, loss = 1.21e-02, dice = 6.54e-01
2024-05-19 19:02:45.012822 | Iteration 35: similarity = -8.67e-04, loss = 1.18e-02, dice = 6.56e-01
2024-05-19 19:02:46.817541 | Iteration 36: similarity = -8.55e-04, loss = 1.15e-02, dice = 6.58e-01
2024-05-19 19:02:48.660516 | Iteration 37: similarity = -8.44e-04, loss = 1.12e-02, dice = 6.59e-01
2024-05-19 19:02:50.468501 | Iteration 38: similarity = -8.36e-04, loss = 1.10e-02, dice = 6.60e-01
2024-05-19 19:02:52.284930 | Iteration 39: similarity = -8.26e-04, loss = 1.07e-02, dice = 6.62e-01
2024-05-19 19:02:54.116633 | Iteration 40: similarity = -8.16e-04, loss = 1.05e-02, dice = 6.64e-01
2024-05-19 19:02:55.948165 | Iteration 41: similarity = -8.10e-04, loss = 1.03e-02, dice = 6.65e-01
2024-05-19 19:02:57.777064 | Iteration 42: similarity = -8.02e-04, loss = 1.01e-02, dice = 6.66e-01
2024-05-19 19:02:59.627311 | Iteration 43: similarity = -7.94e-04, loss = 9.88e-03, dice = 6.69e-01
2024-05-19 19:03:01.446097 | Iteration 44: similarity = -7.87e-04, loss = 9.70e-03, dice = 6.70e-01
2024-05-19 19:03:03.271418 | Iteration 45: similarity = -7.80e-04, loss = 9.52e-03, dice = 6.72e-01
2024-05-19 19:03:05.081286 | Iteration 46: similarity = -7.72e-04, loss = 9.35e-03, dice = 6.73e-01
2024-05-19 19:03:06.890268 | Iteration 47: similarity = -7.65e-04, loss = 9.20e-03, dice = 6.74e-01
2024-05-19 19:03:08.757205 | Iteration 48: similarity = -7.60e-04, loss = 9.05e-03, dice = 6.76e-01
2024-05-19 19:03:10.584502 | Iteration 49: similarity = -7.53e-04, loss = 8.91e-03, dice = 6.77e-01
2024-05-19 19:03:12.400906 | Iteration 50: similarity = -7.46e-04, loss = 8.77e-03, dice = 6.79e-01
2024-05-19 19:03:14.219128 | Iteration 51: similarity = -7.41e-04, loss = 8.64e-03, dice = 6.80e-01
2024-05-19 19:03:16.053740 | Iteration 52: similarity = -7.36e-04, loss = 8.52e-03, dice = 6.82e-01
2024-05-19 19:03:17.898638 | Iteration 53: similarity = -7.30e-04, loss = 8.40e-03, dice = 6.83e-01
2024-05-19 19:03:19.715758 | Iteration 54: similarity = -7.25e-04, loss = 8.29e-03, dice = 6.84e-01
2024-05-19 19:03:21.572624 | Iteration 55: similarity = -7.19e-04, loss = 8.18e-03, dice = 6.85e-01
2024-05-19 19:03:23.423757 | Iteration 56: similarity = -7.14e-04, loss = 8.08e-03, dice = 6.87e-01
2024-05-19 19:03:25.281739 | Iteration 57: similarity = -7.10e-04, loss = 7.98e-03, dice = 6.88e-01
2024-05-19 19:03:27.088400 | Iteration 58: similarity = -7.05e-04, loss = 7.89e-03, dice = 6.89e-01
2024-05-19 19:03:28.947152 | Iteration 59: similarity = -7.01e-04, loss = 7.80e-03, dice = 6.90e-01
2024-05-19 19:03:30.756124 | Iteration 60: similarity = -6.99e-04, loss = 7.71e-03, dice = 6.92e-01
2024-05-19 19:03:32.586305 | Iteration 61: similarity = -6.95e-04, loss = 7.63e-03, dice = 6.93e-01
2024-05-19 19:03:34.424008 | Iteration 62: similarity = -6.90e-04, loss = 7.55e-03, dice = 6.94e-01
2024-05-19 19:03:36.240295 | Iteration 63: similarity = -6.86e-04, loss = 7.48e-03, dice = 6.95e-01
2024-05-19 19:03:38.049823 | Iteration 64: similarity = -6.84e-04, loss = 7.41e-03, dice = 6.96e-01
2024-05-19 19:03:39.907277 | Iteration 65: similarity = -6.79e-04, loss = 7.34e-03, dice = 6.97e-01
2024-05-19 19:03:41.737547 | Iteration 66: similarity = -6.74e-04, loss = 7.27e-03, dice = 6.98e-01
2024-05-19 19:03:43.554040 | Iteration 67: similarity = -6.72e-04, loss = 7.21e-03, dice = 6.99e-01
2024-05-19 19:03:45.358135 | Iteration 68: similarity = -6.70e-04, loss = 7.15e-03, dice = 7.00e-01
2024-05-19 19:03:47.182734 | Iteration 69: similarity = -6.68e-04, loss = 7.09e-03, dice = 7.00e-01
2024-05-19 19:03:49.011404 | Iteration 70: similarity = -6.65e-04, loss = 7.04e-03, dice = 7.01e-01
2024-05-19 19:03:50.799754 | Iteration 71: similarity = -6.63e-04, loss = 6.99e-03, dice = 7.02e-01
2024-05-19 19:03:52.603216 | Iteration 72: similarity = -6.60e-04, loss = 6.94e-03, dice = 7.03e-01
2024-05-19 19:03:54.424988 | Iteration 73: similarity = -6.58e-04, loss = 6.89e-03, dice = 7.04e-01
2024-05-19 19:03:56.207846 | Iteration 74: similarity = -6.55e-04, loss = 6.84e-03, dice = 7.04e-01
2024-05-19 19:03:58.006090 | Iteration 75: similarity = -6.52e-04, loss = 6.79e-03, dice = 7.05e-01
2024-05-19 19:03:59.830228 | Iteration 76: similarity = -6.49e-04, loss = 6.75e-03, dice = 7.06e-01
2024-05-19 19:04:01.640410 | Iteration 77: similarity = -6.47e-04, loss = 6.70e-03, dice = 7.07e-01
2024-05-19 19:04:03.431905 | Iteration 78: similarity = -6.45e-04, loss = 6.66e-03, dice = 7.08e-01
2024-05-19 19:04:05.232855 | Iteration 79: similarity = -6.42e-04, loss = 6.62e-03, dice = 7.09e-01
2024-05-19 19:04:07.026365 | Iteration 80: similarity = -6.39e-04, loss = 6.58e-03, dice = 7.09e-01
2024-05-19 19:04:08.832642 | Iteration 81: similarity = -6.37e-04, loss = 6.54e-03, dice = 7.10e-01
2024-05-19 19:04:10.653869 | Iteration 82: similarity = -6.34e-04, loss = 6.51e-03, dice = 7.11e-01
2024-05-19 19:04:12.898536 | Iteration 83: similarity = -6.32e-04, loss = 6.47e-03, dice = 7.11e-01
2024-05-19 19:04:14.736267 | Iteration 84: similarity = -6.30e-04, loss = 6.43e-03, dice = 7.12e-01
2024-05-19 19:04:16.550014 | Iteration 85: similarity = -6.27e-04, loss = 6.39e-03, dice = 7.12e-01
2024-05-19 19:04:18.370650 | Iteration 86: similarity = -6.25e-04, loss = 6.36e-03, dice = 7.13e-01
2024-05-19 19:04:20.170570 | Iteration 87: similarity = -6.24e-04, loss = 6.32e-03, dice = 7.13e-01
2024-05-19 19:04:21.976273 | Iteration 88: similarity = -6.21e-04, loss = 6.29e-03, dice = 7.14e-01
2024-05-19 19:04:23.772421 | Iteration 89: similarity = -6.19e-04, loss = 6.26e-03, dice = 7.14e-01
2024-05-19 19:04:25.605525 | Iteration 90: similarity = -6.18e-04, loss = 6.23e-03, dice = 7.15e-01
2024-05-19 19:04:27.406449 | Iteration 91: similarity = -6.16e-04, loss = 6.19e-03, dice = 7.16e-01
2024-05-19 19:04:29.257384 | Iteration 92: similarity = -6.15e-04, loss = 6.17e-03, dice = 7.17e-01
2024-05-19 19:04:31.063741 | Iteration 93: similarity = -6.13e-04, loss = 6.13e-03, dice = 7.17e-01
2024-05-19 19:04:32.889565 | Iteration 94: similarity = -6.12e-04, loss = 6.11e-03, dice = 7.18e-01
2024-05-19 19:04:34.705182 | Iteration 95: similarity = -6.11e-04, loss = 6.08e-03, dice = 7.18e-01
2024-05-19 19:04:36.557737 | Iteration 96: similarity = -6.10e-04, loss = 6.05e-03, dice = 7.18e-01
2024-05-19 19:04:38.368743 | Iteration 97: similarity = -6.08e-04, loss = 6.02e-03, dice = 7.19e-01
2024-05-19 19:04:40.191268 | Iteration 98: similarity = -6.06e-04, loss = 5.99e-03, dice = 7.19e-01
2024-05-19 19:04:42.002537 | Iteration 99: similarity = -6.05e-04, loss = 5.96e-03, dice = 7.20e-01
2024-05-19 19:04:43.804444 | Iteration 100: similarity = -6.03e-04, loss = 5.94e-03, dice = 7.20e-01
2024-05-19 19:04:45.631128 | Iteration 101: similarity = -6.01e-04, loss = 5.91e-03, dice = 7.21e-01
2024-05-19 19:04:47.441395 | Iteration 102: similarity = -6.01e-04, loss = 5.89e-03, dice = 7.22e-01
2024-05-19 19:04:49.258251 | Iteration 103: similarity = -5.99e-04, loss = 5.86e-03, dice = 7.22e-01
2024-05-19 19:04:51.045823 | Iteration 104: similarity = -6.00e-04, loss = 5.83e-03, dice = 7.23e-01
2024-05-19 19:04:52.861288 | Iteration 105: similarity = -5.98e-04, loss = 5.81e-03, dice = 7.23e-01
2024-05-19 19:04:54.646073 | Iteration 106: similarity = -5.97e-04, loss = 5.79e-03, dice = 7.23e-01
2024-05-19 19:04:56.446539 | Iteration 107: similarity = -5.96e-04, loss = 5.76e-03, dice = 7.24e-01
2024-05-19 19:04:58.274524 | Iteration 108: similarity = -5.94e-04, loss = 5.73e-03, dice = 7.23e-01
2024-05-19 19:05:00.121961 | Iteration 109: similarity = -5.93e-04, loss = 5.72e-03, dice = 7.24e-01
2024-05-19 19:05:01.935919 | Iteration 110: similarity = -5.92e-04, loss = 5.69e-03, dice = 7.25e-01
2024-05-19 19:05:03.789454 | Iteration 111: similarity = -5.91e-04, loss = 5.67e-03, dice = 7.25e-01
2024-05-19 19:05:05.625030 | Iteration 112: similarity = -5.89e-04, loss = 5.64e-03, dice = 7.25e-01
2024-05-19 19:05:07.486269 | Iteration 113: similarity = -5.88e-04, loss = 5.62e-03, dice = 7.26e-01
2024-05-19 19:05:09.311855 | Iteration 114: similarity = -5.87e-04, loss = 5.60e-03, dice = 7.27e-01
2024-05-19 19:05:11.155008 | Iteration 115: similarity = -5.86e-04, loss = 5.58e-03, dice = 7.27e-01
2024-05-19 19:05:12.968911 | Iteration 116: similarity = -5.85e-04, loss = 5.55e-03, dice = 7.27e-01
2024-05-19 19:05:14.764867 | Iteration 117: similarity = -5.85e-04, loss = 5.54e-03, dice = 7.27e-01
2024-05-19 19:05:16.532477 | Iteration 118: similarity = -5.84e-04, loss = 5.51e-03, dice = 7.28e-01
2024-05-19 19:05:18.337366 | Iteration 119: similarity = -5.82e-04, loss = 5.49e-03, dice = 7.28e-01
2024-05-19 19:05:20.152190 | Iteration 120: similarity = -5.81e-04, loss = 5.47e-03, dice = 7.28e-01
2024-05-19 19:05:21.955387 | Iteration 121: similarity = -5.80e-04, loss = 5.45e-03, dice = 7.28e-01
2024-05-19 19:05:23.728172 | Iteration 122: similarity = -5.79e-04, loss = 5.43e-03, dice = 7.28e-01
2024-05-19 19:05:25.499309 | Iteration 123: similarity = -5.78e-04, loss = 5.41e-03, dice = 7.29e-01
2024-05-19 19:05:27.325583 | Iteration 124: similarity = -5.77e-04, loss = 5.39e-03, dice = 7.29e-01
2024-05-19 19:05:29.182626 | Iteration 125: similarity = -5.76e-04, loss = 5.37e-03, dice = 7.29e-01
2024-05-19 19:05:30.999434 | Iteration 126: similarity = -5.75e-04, loss = 5.35e-03, dice = 7.29e-01
2024-05-19 19:05:32.821659 | Iteration 127: similarity = -5.75e-04, loss = 5.33e-03, dice = 7.30e-01
2024-05-19 19:05:34.631732 | Iteration 128: similarity = -5.74e-04, loss = 5.31e-03, dice = 7.30e-01
2024-05-19 19:05:36.444683 | Iteration 129: similarity = -5.73e-04, loss = 5.29e-03, dice = 7.30e-01
2024-05-19 19:05:38.302394 | Iteration 130: similarity = -5.72e-04, loss = 5.27e-03, dice = 7.30e-01
2024-05-19 19:05:40.118306 | Iteration 131: similarity = -5.71e-04, loss = 5.25e-03, dice = 7.30e-01
2024-05-19 19:05:41.964094 | Iteration 132: similarity = -5.71e-04, loss = 5.24e-03, dice = 7.30e-01
2024-05-19 19:05:43.801305 | Iteration 133: similarity = -5.70e-04, loss = 5.22e-03, dice = 7.31e-01
2024-05-19 19:05:45.619547 | Iteration 134: similarity = -5.69e-04, loss = 5.20e-03, dice = 7.32e-01
2024-05-19 19:05:47.474349 | Iteration 135: similarity = -5.69e-04, loss = 5.18e-03, dice = 7.32e-01
2024-05-19 19:05:49.276124 | Iteration 136: similarity = -5.68e-04, loss = 5.17e-03, dice = 7.32e-01
2024-05-19 19:05:51.081798 | Iteration 137: similarity = -5.67e-04, loss = 5.15e-03, dice = 7.32e-01
2024-05-19 19:05:52.894113 | Iteration 138: similarity = -5.67e-04, loss = 5.13e-03, dice = 7.32e-01
2024-05-19 19:05:54.687472 | Iteration 139: similarity = -5.65e-04, loss = 5.11e-03, dice = 7.32e-01
2024-05-19 19:05:56.482709 | Iteration 140: similarity = -5.65e-04, loss = 5.10e-03, dice = 7.33e-01
2024-05-19 19:05:58.307722 | Iteration 141: similarity = -5.65e-04, loss = 5.08e-03, dice = 7.33e-01
2024-05-19 19:06:00.121863 | Iteration 142: similarity = -5.64e-04, loss = 5.07e-03, dice = 7.33e-01
2024-05-19 19:06:01.931511 | Iteration 143: similarity = -5.64e-04, loss = 5.05e-03, dice = 7.33e-01
2024-05-19 19:06:03.757902 | Iteration 144: similarity = -5.64e-04, loss = 5.04e-03, dice = 7.32e-01
2024-05-19 19:06:05.608914 | Iteration 145: similarity = -5.63e-04, loss = 5.01e-03, dice = 7.34e-01
2024-05-19 19:06:07.874996 | Iteration 146: similarity = -5.62e-04, loss = 5.00e-03, dice = 7.34e-01
2024-05-19 19:06:09.677377 | Iteration 147: similarity = -5.61e-04, loss = 4.98e-03, dice = 7.34e-01
2024-05-19 19:06:11.487632 | Iteration 148: similarity = -5.60e-04, loss = 4.97e-03, dice = 7.34e-01
2024-05-19 19:06:13.293983 | Iteration 149: similarity = -5.59e-04, loss = 4.95e-03, dice = 7.34e-01
2024-05-19 19:06:15.094826 | Iteration 150: similarity = -5.58e-04, loss = 4.94e-03, dice = 7.35e-01
2024-05-19 19:06:16.932112 | Iteration 151: similarity = -5.58e-04, loss = 4.92e-03, dice = 7.34e-01
2024-05-19 19:06:18.752253 | Iteration 152: similarity = -5.57e-04, loss = 4.91e-03, dice = 7.35e-01
2024-05-19 19:06:20.561860 | Iteration 153: similarity = -5.56e-04, loss = 4.89e-03, dice = 7.35e-01
2024-05-19 19:06:22.377285 | Iteration 154: similarity = -5.56e-04, loss = 4.88e-03, dice = 7.35e-01
2024-05-19 19:06:24.188166 | Iteration 155: similarity = -5.55e-04, loss = 4.86e-03, dice = 7.35e-01
2024-05-19 19:06:26.008722 | Iteration 156: similarity = -5.54e-04, loss = 4.85e-03, dice = 7.35e-01
2024-05-19 19:06:27.808485 | Iteration 157: similarity = -5.54e-04, loss = 4.83e-03, dice = 7.35e-01
2024-05-19 19:06:29.661259 | Iteration 158: similarity = -5.53e-04, loss = 4.83e-03, dice = 7.36e-01
2024-05-19 19:06:31.544328 | Iteration 159: similarity = -5.53e-04, loss = 4.80e-03, dice = 7.36e-01
2024-05-19 19:06:33.330613 | Iteration 160: similarity = -5.52e-04, loss = 4.80e-03, dice = 7.36e-01
2024-05-19 19:06:35.126354 | Iteration 161: similarity = -5.52e-04, loss = 4.78e-03, dice = 7.37e-01
2024-05-19 19:06:36.909296 | Iteration 162: similarity = -5.52e-04, loss = 4.77e-03, dice = 7.36e-01
2024-05-19 19:06:38.690117 | Iteration 163: similarity = -5.51e-04, loss = 4.75e-03, dice = 7.36e-01
2024-05-19 19:06:40.459201 | Iteration 164: similarity = -5.51e-04, loss = 4.74e-03, dice = 7.36e-01
2024-05-19 19:06:42.284994 | Iteration 165: similarity = -5.50e-04, loss = 4.72e-03, dice = 7.37e-01
2024-05-19 19:06:44.375582 | Iteration 166: similarity = -5.50e-04, loss = 4.72e-03, dice = 7.36e-01
2024-05-19 19:06:46.600190 | Iteration 167: similarity = -5.50e-04, loss = 4.70e-03, dice = 7.36e-01
2024-05-19 19:06:48.683412 | Iteration 168: similarity = -5.49e-04, loss = 4.69e-03, dice = 7.37e-01
2024-05-19 19:06:50.960151 | Iteration 169: similarity = -5.48e-04, loss = 4.67e-03, dice = 7.37e-01
2024-05-19 19:06:53.012047 | Iteration 170: similarity = -5.48e-04, loss = 4.67e-03, dice = 7.37e-01
2024-05-19 19:06:55.175714 | Iteration 171: similarity = -5.48e-04, loss = 4.65e-03, dice = 7.37e-01
2024-05-19 19:06:57.255467 | Iteration 172: similarity = -5.47e-04, loss = 4.64e-03, dice = 7.37e-01
2024-05-19 19:06:59.412938 | Iteration 173: similarity = -5.47e-04, loss = 4.62e-03, dice = 7.38e-01
2024-05-19 19:07:01.468808 | Iteration 174: similarity = -5.46e-04, loss = 4.62e-03, dice = 7.37e-01
2024-05-19 19:07:03.583146 | Iteration 175: similarity = -5.46e-04, loss = 4.60e-03, dice = 7.37e-01
2024-05-19 19:07:05.738521 | Iteration 176: similarity = -5.46e-04, loss = 4.59e-03, dice = 7.38e-01
2024-05-19 19:07:07.806648 | Iteration 177: similarity = -5.45e-04, loss = 4.57e-03, dice = 7.38e-01
2024-05-19 19:07:10.045673 | Iteration 178: similarity = -5.45e-04, loss = 4.57e-03, dice = 7.38e-01
2024-05-19 19:07:12.037332 | Iteration 179: similarity = -5.45e-04, loss = 4.55e-03, dice = 7.38e-01
2024-05-19 19:07:14.139542 | Iteration 180: similarity = -5.44e-04, loss = 4.54e-03, dice = 7.38e-01
2024-05-19 19:07:16.277743 | Iteration 181: similarity = -5.44e-04, loss = 4.52e-03, dice = 7.38e-01
2024-05-19 19:07:18.301044 | Iteration 182: similarity = -5.44e-04, loss = 4.52e-03, dice = 7.38e-01
2024-05-19 19:07:20.519526 | Iteration 183: similarity = -5.43e-04, loss = 4.50e-03, dice = 7.38e-01
2024-05-19 19:07:22.613143 | Iteration 184: similarity = -5.43e-04, loss = 4.49e-03, dice = 7.39e-01
2024-05-19 19:07:24.873240 | Iteration 185: similarity = -5.42e-04, loss = 4.48e-03, dice = 7.39e-01
2024-05-19 19:07:26.967375 | Iteration 186: similarity = -5.42e-04, loss = 4.47e-03, dice = 7.38e-01
2024-05-19 19:07:29.087399 | Iteration 187: similarity = -5.41e-04, loss = 4.46e-03, dice = 7.38e-01
2024-05-19 19:07:31.256093 | Iteration 188: similarity = -5.41e-04, loss = 4.45e-03, dice = 7.39e-01
2024-05-19 19:07:33.300761 | Iteration 189: similarity = -5.42e-04, loss = 4.43e-03, dice = 7.39e-01
2024-05-19 19:07:35.506988 | Iteration 190: similarity = -5.41e-04, loss = 4.43e-03, dice = 7.39e-01
2024-05-19 19:07:37.567767 | Iteration 191: similarity = -5.41e-04, loss = 4.41e-03, dice = 7.39e-01
2024-05-19 19:07:39.886326 | Iteration 192: similarity = -5.41e-04, loss = 4.40e-03, dice = 7.39e-01
2024-05-19 19:07:42.063960 | Iteration 193: similarity = -5.40e-04, loss = 4.39e-03, dice = 7.39e-01
2024-05-19 19:07:44.318931 | Iteration 194: similarity = -5.40e-04, loss = 4.38e-03, dice = 7.39e-01
2024-05-19 19:07:46.383865 | Iteration 195: similarity = -5.39e-04, loss = 4.37e-03, dice = 7.40e-01
2024-05-19 19:07:48.675956 | Iteration 196: similarity = -5.39e-04, loss = 4.36e-03, dice = 7.40e-01
2024-05-19 19:07:50.746421 | Iteration 197: similarity = -5.39e-04, loss = 4.35e-03, dice = 7.40e-01
2024-05-19 19:07:52.938262 | Iteration 198: similarity = -5.39e-04, loss = 4.34e-03, dice = 7.40e-01
2024-05-19 19:07:55.028305 | Iteration 199: similarity = -5.38e-04, loss = 4.32e-03, dice = 7.40e-01
2024-05-19 19:07:57.153687 | Iteration 200: similarity = -5.38e-04, loss = 4.32e-03, dice = 7.40e-01
2024-05-19 19:07:57.410963 | [scope plot registration results takes 0.25717973709106445s]
2024-05-19 19:07:58.581994 | Validation: HD [8.018148 ± 1.887841], MSD [0.817116 ± 0.160937], DSC [0.715843 ± 0.099556]
2024-05-19 19:07:58.582711 |          => HD [20.811647 ± 2.076759], MSD [0.770123 ± 0.174521], DSC [0.740201 ± 0.096356]
