====================================================================================================
Logging file for python script in Intensity Distribution.Experiment 1 (Anonymous): Exp1_LIC_GASD
.py
| The recreation of Experiment 1: comparison between LIC and GASD. 
Started at 2024-05-19 03:26:38.071683 with command:
> python Exp1_LIC_GASD.py --exp T1_LIC_sig1
====================================================================================================

2024-05-19 03:26:39.793851 | Iteration 1: similarity = 8.16e-02, loss = 5.62e+00, dice = 5.93e-01
2024-05-19 03:26:41.388463 | Iteration 2: similarity = 1.08e-01, loss = 4.23e+00, dice = 6.32e-01
2024-05-19 03:26:42.978638 | Iteration 3: similarity = 1.46e-01, loss = 3.49e+00, dice = 6.75e-01
2024-05-19 03:26:44.573896 | Iteration 4: similarity = 1.81e-01, loss = 2.75e+00, dice = 7.11e-01
2024-05-19 03:26:46.160646 | Iteration 5: similarity = 2.00e-01, loss = 2.51e+00, dice = 7.29e-01
2024-05-19 03:26:47.744598 | Iteration 6: similarity = 2.15e-01, loss = 2.26e+00, dice = 7.42e-01
2024-05-19 03:26:49.332936 | Iteration 7: similarity = 2.27e-01, loss = 2.02e+00, dice = 7.55e-01
2024-05-19 03:26:50.924348 | Iteration 8: similarity = 2.37e-01, loss = 1.81e+00, dice = 7.64e-01
2024-05-19 03:26:52.512368 | Iteration 9: similarity = 2.44e-01, loss = 1.62e+00, dice = 7.72e-01
2024-05-19 03:26:54.107286 | Iteration 10: similarity = 2.49e-01, loss = 1.46e+00, dice = 7.78e-01
2024-05-19 03:26:55.700732 | Iteration 11: similarity = 2.53e-01, loss = 1.33e+00, dice = 7.82e-01
2024-05-19 03:26:57.281902 | Iteration 12: similarity = 2.57e-01, loss = 1.21e+00, dice = 7.86e-01
2024-05-19 03:26:58.878561 | Iteration 13: similarity = 2.60e-01, loss = 1.10e+00, dice = 7.89e-01
2024-05-19 03:27:00.467491 | Iteration 14: similarity = 2.63e-01, loss = 1.00e+00, dice = 7.93e-01
2024-05-19 03:27:02.061304 | Iteration 15: similarity = 2.66e-01, loss = 9.12e-01, dice = 7.95e-01
2024-05-19 03:27:03.653415 | Iteration 16: similarity = 2.68e-01, loss = 8.31e-01, dice = 7.98e-01
2024-05-19 03:27:05.248024 | Iteration 17: similarity = 2.71e-01, loss = 7.56e-01, dice = 8.02e-01
2024-05-19 03:27:06.839064 | Iteration 18: similarity = 2.73e-01, loss = 6.87e-01, dice = 8.04e-01
2024-05-19 03:27:08.433302 | Iteration 19: similarity = 2.74e-01, loss = 6.25e-01, dice = 8.06e-01
2024-05-19 03:27:10.028353 | Iteration 20: similarity = 2.76e-01, loss = 5.69e-01, dice = 8.09e-01
2024-05-19 03:27:11.608819 | Iteration 21: similarity = 2.77e-01, loss = 5.18e-01, dice = 8.11e-01
2024-05-19 03:27:13.210562 | Iteration 22: similarity = 2.79e-01, loss = 4.70e-01, dice = 8.12e-01
2024-05-19 03:27:14.794722 | Iteration 23: similarity = 2.80e-01, loss = 4.27e-01, dice = 8.14e-01
2024-05-19 03:27:16.375283 | Iteration 24: similarity = 2.81e-01, loss = 3.88e-01, dice = 8.16e-01
2024-05-19 03:27:17.973416 | Iteration 25: similarity = 2.82e-01, loss = 3.52e-01, dice = 8.17e-01
2024-05-19 03:27:19.558077 | Iteration 26: similarity = 2.82e-01, loss = 3.20e-01, dice = 8.19e-01
2024-05-19 03:27:21.149234 | Iteration 27: similarity = 2.83e-01, loss = 2.92e-01, dice = 8.20e-01
2024-05-19 03:27:22.733329 | Iteration 28: similarity = 2.83e-01, loss = 2.66e-01, dice = 8.22e-01
2024-05-19 03:27:24.326025 | Iteration 29: similarity = 2.84e-01, loss = 2.43e-01, dice = 8.24e-01
2024-05-19 03:27:25.914628 | Iteration 30: similarity = 2.84e-01, loss = 2.24e-01, dice = 8.24e-01
2024-05-19 03:27:27.486110 | Iteration 31: similarity = 2.85e-01, loss = 2.07e-01, dice = 8.25e-01
2024-05-19 03:27:29.075543 | Iteration 32: similarity = 2.85e-01, loss = 1.91e-01, dice = 8.26e-01
2024-05-19 03:27:30.682201 | Iteration 33: similarity = 2.85e-01, loss = 1.79e-01, dice = 8.28e-01
2024-05-19 03:27:32.264250 | Iteration 34: similarity = 2.85e-01, loss = 1.69e-01, dice = 8.30e-01
2024-05-19 03:27:33.860828 | Iteration 35: similarity = 2.86e-01, loss = 1.61e-01, dice = 8.30e-01
2024-05-19 03:27:35.463553 | Iteration 36: similarity = 2.86e-01, loss = 1.54e-01, dice = 8.31e-01
2024-05-19 03:27:37.052697 | Iteration 37: similarity = 2.86e-01, loss = 1.49e-01, dice = 8.31e-01
2024-05-19 03:27:38.630734 | Iteration 38: similarity = 2.86e-01, loss = 1.44e-01, dice = 8.33e-01
2024-05-19 03:27:40.218656 | Iteration 39: similarity = 2.86e-01, loss = 1.41e-01, dice = 8.35e-01
2024-05-19 03:27:41.820797 | Iteration 40: similarity = 2.86e-01, loss = 1.39e-01, dice = 8.35e-01
2024-05-19 03:27:43.390863 | Iteration 41: similarity = 2.87e-01, loss = 1.38e-01, dice = 8.36e-01
2024-05-19 03:27:44.973865 | Iteration 42: similarity = 2.87e-01, loss = 1.37e-01, dice = 8.37e-01
2024-05-19 03:27:46.559084 | Iteration 43: similarity = 2.87e-01, loss = 1.36e-01, dice = 8.38e-01
2024-05-19 03:27:48.135682 | Iteration 44: similarity = 2.87e-01, loss = 1.37e-01, dice = 8.38e-01
2024-05-19 03:27:49.731623 | Iteration 45: similarity = 2.87e-01, loss = 1.37e-01, dice = 8.39e-01
2024-05-19 03:27:51.327544 | Iteration 46: similarity = 2.87e-01, loss = 1.38e-01, dice = 8.39e-01
2024-05-19 03:27:52.915115 | Iteration 47: similarity = 2.87e-01, loss = 1.39e-01, dice = 8.40e-01
2024-05-19 03:27:54.493318 | Iteration 48: similarity = 2.88e-01, loss = 1.40e-01, dice = 8.40e-01
2024-05-19 03:27:56.063718 | Iteration 49: similarity = 2.88e-01, loss = 1.41e-01, dice = 8.42e-01
2024-05-19 03:27:57.643133 | Iteration 50: similarity = 2.88e-01, loss = 1.43e-01, dice = 8.42e-01
2024-05-19 03:27:59.239134 | Iteration 51: similarity = 2.88e-01, loss = 1.45e-01, dice = 8.42e-01
2024-05-19 03:28:00.825835 | Iteration 52: similarity = 2.88e-01, loss = 1.46e-01, dice = 8.42e-01
2024-05-19 03:28:02.420101 | Iteration 53: similarity = 2.88e-01, loss = 1.48e-01, dice = 8.43e-01
2024-05-19 03:28:03.995835 | Iteration 54: similarity = 2.88e-01, loss = 1.50e-01, dice = 8.44e-01
2024-05-19 03:28:05.575093 | Iteration 55: similarity = 2.88e-01, loss = 1.51e-01, dice = 8.44e-01
2024-05-19 03:28:07.163077 | Iteration 56: similarity = 2.89e-01, loss = 1.54e-01, dice = 8.45e-01
2024-05-19 03:28:08.741512 | Iteration 57: similarity = 2.89e-01, loss = 1.55e-01, dice = 8.45e-01
2024-05-19 03:28:10.319200 | Iteration 58: similarity = 2.89e-01, loss = 1.58e-01, dice = 8.45e-01
2024-05-19 03:28:11.891317 | Iteration 59: similarity = 2.89e-01, loss = 1.60e-01, dice = 8.45e-01
2024-05-19 03:28:13.497176 | Iteration 60: similarity = 2.89e-01, loss = 1.62e-01, dice = 8.45e-01
2024-05-19 03:28:15.101422 | Iteration 61: similarity = 2.89e-01, loss = 1.64e-01, dice = 8.45e-01
2024-05-19 03:28:16.690564 | Iteration 62: similarity = 2.89e-01, loss = 1.66e-01, dice = 8.46e-01
2024-05-19 03:28:18.284626 | Iteration 63: similarity = 2.89e-01, loss = 1.68e-01, dice = 8.46e-01
2024-05-19 03:28:19.883056 | Iteration 64: similarity = 2.89e-01, loss = 1.70e-01, dice = 8.47e-01
2024-05-19 03:28:21.503125 | Iteration 65: similarity = 2.89e-01, loss = 1.72e-01, dice = 8.46e-01
2024-05-19 03:28:23.085842 | Iteration 66: similarity = 2.89e-01, loss = 1.74e-01, dice = 8.47e-01
2024-05-19 03:28:24.663392 | Iteration 67: similarity = 2.89e-01, loss = 1.76e-01, dice = 8.47e-01
2024-05-19 03:28:26.248850 | Iteration 68: similarity = 2.90e-01, loss = 1.78e-01, dice = 8.47e-01
2024-05-19 03:28:27.824046 | Iteration 69: similarity = 2.90e-01, loss = 1.80e-01, dice = 8.47e-01
2024-05-19 03:28:29.413996 | Iteration 70: similarity = 2.90e-01, loss = 1.83e-01, dice = 8.46e-01
2024-05-19 03:28:30.989823 | Iteration 71: similarity = 2.90e-01, loss = 1.84e-01, dice = 8.47e-01
2024-05-19 03:28:32.567409 | Iteration 72: similarity = 2.90e-01, loss = 1.86e-01, dice = 8.48e-01
2024-05-19 03:28:34.158292 | Iteration 73: similarity = 2.90e-01, loss = 1.88e-01, dice = 8.48e-01
2024-05-19 03:28:35.753342 | Iteration 74: similarity = 2.90e-01, loss = 1.90e-01, dice = 8.48e-01
2024-05-19 03:28:37.337352 | Iteration 75: similarity = 2.90e-01, loss = 1.91e-01, dice = 8.47e-01
2024-05-19 03:28:38.947395 | Iteration 76: similarity = 2.90e-01, loss = 1.93e-01, dice = 8.47e-01
2024-05-19 03:28:40.528594 | Iteration 77: similarity = 2.90e-01, loss = 1.94e-01, dice = 8.47e-01
2024-05-19 03:28:42.114388 | Iteration 78: similarity = 2.90e-01, loss = 1.96e-01, dice = 8.48e-01
2024-05-19 03:28:43.701775 | Iteration 79: similarity = 2.90e-01, loss = 1.97e-01, dice = 8.48e-01
2024-05-19 03:28:45.288209 | Iteration 80: similarity = 2.90e-01, loss = 1.98e-01, dice = 8.49e-01
2024-05-19 03:28:46.868722 | Iteration 81: similarity = 2.90e-01, loss = 1.99e-01, dice = 8.48e-01
2024-05-19 03:28:48.440866 | Iteration 82: similarity = 2.90e-01, loss = 2.00e-01, dice = 8.48e-01
2024-05-19 03:28:50.047132 | Iteration 83: similarity = 2.90e-01, loss = 2.01e-01, dice = 8.48e-01
2024-05-19 03:28:51.634991 | Iteration 84: similarity = 2.90e-01, loss = 2.02e-01, dice = 8.48e-01
2024-05-19 03:28:53.218197 | Iteration 85: similarity = 2.90e-01, loss = 2.03e-01, dice = 8.48e-01
2024-05-19 03:28:54.794445 | Iteration 86: similarity = 2.90e-01, loss = 2.03e-01, dice = 8.48e-01
2024-05-19 03:28:56.375053 | Iteration 87: similarity = 2.90e-01, loss = 2.04e-01, dice = 8.48e-01
2024-05-19 03:28:57.968142 | Iteration 88: similarity = 2.91e-01, loss = 2.04e-01, dice = 8.49e-01
2024-05-19 03:28:59.554934 | Iteration 89: similarity = 2.91e-01, loss = 2.05e-01, dice = 8.48e-01
2024-05-19 03:29:01.131039 | Iteration 90: similarity = 2.91e-01, loss = 2.05e-01, dice = 8.48e-01
2024-05-19 03:29:02.690629 | Iteration 91: similarity = 2.91e-01, loss = 2.05e-01, dice = 8.48e-01
2024-05-19 03:29:04.271503 | Iteration 92: similarity = 2.91e-01, loss = 2.06e-01, dice = 8.48e-01
2024-05-19 03:29:05.849934 | Iteration 93: similarity = 2.91e-01, loss = 2.05e-01, dice = 8.48e-01
2024-05-19 03:29:07.428446 | Iteration 94: similarity = 2.91e-01, loss = 2.06e-01, dice = 8.48e-01
2024-05-19 03:29:09.007107 | Iteration 95: similarity = 2.91e-01, loss = 2.05e-01, dice = 8.49e-01
2024-05-19 03:29:10.590487 | Iteration 96: similarity = 2.91e-01, loss = 2.06e-01, dice = 8.49e-01
2024-05-19 03:29:12.160838 | Iteration 97: similarity = 2.91e-01, loss = 2.05e-01, dice = 8.49e-01
2024-05-19 03:29:13.737826 | Iteration 98: similarity = 2.91e-01, loss = 2.05e-01, dice = 8.48e-01
2024-05-19 03:29:15.316434 | Iteration 99: similarity = 2.91e-01, loss = 2.04e-01, dice = 8.48e-01
2024-05-19 03:29:16.911281 | Iteration 100: similarity = 2.91e-01, loss = 2.04e-01, dice = 8.49e-01
2024-05-19 03:29:18.488372 | Iteration 101: similarity = 2.91e-01, loss = 2.03e-01, dice = 8.49e-01
2024-05-19 03:29:20.079672 | Iteration 102: similarity = 2.91e-01, loss = 2.03e-01, dice = 8.49e-01
2024-05-19 03:29:21.656111 | Iteration 103: similarity = 2.91e-01, loss = 2.02e-01, dice = 8.49e-01
2024-05-19 03:29:23.237201 | Iteration 104: similarity = 2.91e-01, loss = 2.02e-01, dice = 8.48e-01
2024-05-19 03:29:24.820604 | Iteration 105: similarity = 2.91e-01, loss = 2.01e-01, dice = 8.48e-01
2024-05-19 03:29:26.405067 | Iteration 106: similarity = 2.91e-01, loss = 2.01e-01, dice = 8.49e-01
2024-05-19 03:29:27.977258 | Iteration 107: similarity = 2.91e-01, loss = 2.00e-01, dice = 8.49e-01
2024-05-19 03:29:29.576524 | Iteration 108: similarity = 2.91e-01, loss = 1.99e-01, dice = 8.49e-01
2024-05-19 03:29:31.154333 | Iteration 109: similarity = 2.91e-01, loss = 1.98e-01, dice = 8.49e-01
2024-05-19 03:29:32.746303 | Iteration 110: similarity = 2.91e-01, loss = 1.98e-01, dice = 8.49e-01
2024-05-19 03:29:34.324432 | Iteration 111: similarity = 2.91e-01, loss = 1.97e-01, dice = 8.48e-01
2024-05-19 03:29:35.905483 | Iteration 112: similarity = 2.91e-01, loss = 1.96e-01, dice = 8.49e-01
2024-05-19 03:29:37.483422 | Iteration 113: similarity = 2.91e-01, loss = 1.95e-01, dice = 8.49e-01
2024-05-19 03:29:39.059184 | Iteration 114: similarity = 2.91e-01, loss = 1.94e-01, dice = 8.49e-01
2024-05-19 03:29:40.628900 | Iteration 115: similarity = 2.91e-01, loss = 1.93e-01, dice = 8.49e-01
2024-05-19 03:29:42.195570 | Iteration 116: similarity = 2.91e-01, loss = 1.93e-01, dice = 8.49e-01
2024-05-19 03:29:43.785438 | Iteration 117: similarity = 2.91e-01, loss = 1.92e-01, dice = 8.49e-01
2024-05-19 03:29:45.335905 | Iteration 118: similarity = 2.91e-01, loss = 1.91e-01, dice = 8.49e-01
2024-05-19 03:29:46.894882 | Iteration 119: similarity = 2.91e-01, loss = 1.90e-01, dice = 8.49e-01
2024-05-19 03:29:48.459148 | Iteration 120: similarity = 2.91e-01, loss = 1.89e-01, dice = 8.48e-01
2024-05-19 03:29:50.034205 | Iteration 121: similarity = 2.91e-01, loss = 1.88e-01, dice = 8.49e-01
2024-05-19 03:29:51.616840 | Iteration 122: similarity = 2.91e-01, loss = 1.87e-01, dice = 8.49e-01
2024-05-19 03:29:53.190515 | Iteration 123: similarity = 2.91e-01, loss = 1.86e-01, dice = 8.49e-01
2024-05-19 03:29:54.783144 | Iteration 124: similarity = 2.92e-01, loss = 1.85e-01, dice = 8.49e-01
2024-05-19 03:29:56.374059 | Iteration 125: similarity = 2.92e-01, loss = 1.84e-01, dice = 8.49e-01
2024-05-19 03:29:57.957806 | Iteration 126: similarity = 2.92e-01, loss = 1.83e-01, dice = 8.49e-01
2024-05-19 03:29:59.555119 | Iteration 127: similarity = 2.92e-01, loss = 1.82e-01, dice = 8.49e-01
2024-05-19 03:30:01.130982 | Iteration 128: similarity = 2.92e-01, loss = 1.81e-01, dice = 8.49e-01
2024-05-19 03:30:02.711937 | Iteration 129: similarity = 2.92e-01, loss = 1.79e-01, dice = 8.50e-01
2024-05-19 03:30:04.305096 | Iteration 130: similarity = 2.92e-01, loss = 1.79e-01, dice = 8.49e-01
2024-05-19 03:30:05.888851 | Iteration 131: similarity = 2.92e-01, loss = 1.77e-01, dice = 8.49e-01
2024-05-19 03:30:07.486957 | Iteration 132: similarity = 2.92e-01, loss = 1.77e-01, dice = 8.49e-01
2024-05-19 03:30:09.077753 | Iteration 133: similarity = 2.92e-01, loss = 1.75e-01, dice = 8.49e-01
2024-05-19 03:30:10.683632 | Iteration 134: similarity = 2.92e-01, loss = 1.75e-01, dice = 8.49e-01
2024-05-19 03:30:12.262544 | Iteration 135: similarity = 2.92e-01, loss = 1.73e-01, dice = 8.49e-01
2024-05-19 03:30:13.839174 | Iteration 136: similarity = 2.92e-01, loss = 1.72e-01, dice = 8.49e-01
2024-05-19 03:30:15.420676 | Iteration 137: similarity = 2.92e-01, loss = 1.71e-01, dice = 8.49e-01
2024-05-19 03:30:17.004892 | Iteration 138: similarity = 2.92e-01, loss = 1.70e-01, dice = 8.49e-01
2024-05-19 03:30:18.579045 | Iteration 139: similarity = 2.92e-01, loss = 1.69e-01, dice = 8.49e-01
2024-05-19 03:30:20.162581 | Iteration 140: similarity = 2.92e-01, loss = 1.68e-01, dice = 8.50e-01
2024-05-19 03:30:21.743436 | Iteration 141: similarity = 2.92e-01, loss = 1.67e-01, dice = 8.49e-01
2024-05-19 03:30:23.316161 | Iteration 142: similarity = 2.92e-01, loss = 1.65e-01, dice = 8.49e-01
2024-05-19 03:30:24.892960 | Iteration 143: similarity = 2.92e-01, loss = 1.65e-01, dice = 8.49e-01
2024-05-19 03:30:26.469999 | Iteration 144: similarity = 2.92e-01, loss = 1.63e-01, dice = 8.49e-01
2024-05-19 03:30:28.042298 | Iteration 145: similarity = 2.92e-01, loss = 1.62e-01, dice = 8.49e-01
2024-05-19 03:30:29.614429 | Iteration 146: similarity = 2.92e-01, loss = 1.61e-01, dice = 8.49e-01
2024-05-19 03:30:31.189799 | Iteration 147: similarity = 2.92e-01, loss = 1.60e-01, dice = 8.49e-01
2024-05-19 03:30:32.763260 | Iteration 148: similarity = 2.92e-01, loss = 1.59e-01, dice = 8.50e-01
2024-05-19 03:30:34.356231 | Iteration 149: similarity = 2.92e-01, loss = 1.58e-01, dice = 8.49e-01
2024-05-19 03:30:35.932109 | Iteration 150: similarity = 2.92e-01, loss = 1.56e-01, dice = 8.49e-01
2024-05-19 03:30:37.525886 | Iteration 151: similarity = 2.92e-01, loss = 1.56e-01, dice = 8.49e-01
2024-05-19 03:30:39.098208 | Iteration 152: similarity = 2.92e-01, loss = 1.54e-01, dice = 8.50e-01
2024-05-19 03:30:40.681287 | Iteration 153: similarity = 2.92e-01, loss = 1.54e-01, dice = 8.50e-01
2024-05-19 03:30:42.260580 | Iteration 154: similarity = 2.92e-01, loss = 1.52e-01, dice = 8.49e-01
2024-05-19 03:30:43.843761 | Iteration 155: similarity = 2.92e-01, loss = 1.52e-01, dice = 8.49e-01
2024-05-19 03:30:45.424729 | Iteration 156: similarity = 2.92e-01, loss = 1.50e-01, dice = 8.50e-01
2024-05-19 03:30:47.004230 | Iteration 157: similarity = 2.92e-01, loss = 1.50e-01, dice = 8.50e-01
2024-05-19 03:30:48.591092 | Iteration 158: similarity = 2.92e-01, loss = 1.48e-01, dice = 8.49e-01
2024-05-19 03:30:50.163717 | Iteration 159: similarity = 2.92e-01, loss = 1.47e-01, dice = 8.49e-01
2024-05-19 03:30:51.745896 | Iteration 160: similarity = 2.92e-01, loss = 1.46e-01, dice = 8.49e-01
2024-05-19 03:30:53.329375 | Iteration 161: similarity = 2.92e-01, loss = 1.45e-01, dice = 8.49e-01
2024-05-19 03:30:54.922919 | Iteration 162: similarity = 2.92e-01, loss = 1.43e-01, dice = 8.49e-01
2024-05-19 03:30:56.502388 | Iteration 163: similarity = 2.92e-01, loss = 1.43e-01, dice = 8.50e-01
2024-05-19 03:30:58.076919 | Iteration 164: similarity = 2.92e-01, loss = 1.42e-01, dice = 8.50e-01
2024-05-19 03:30:59.644206 | Iteration 165: similarity = 2.92e-01, loss = 1.41e-01, dice = 8.49e-01
2024-05-19 03:31:01.238548 | Iteration 166: similarity = 2.92e-01, loss = 1.39e-01, dice = 8.50e-01
2024-05-19 03:31:02.836121 | Iteration 167: similarity = 2.92e-01, loss = 1.39e-01, dice = 8.49e-01
2024-05-19 03:31:04.440874 | Iteration 168: similarity = 2.92e-01, loss = 1.37e-01, dice = 8.49e-01
2024-05-19 03:31:06.032242 | Iteration 169: similarity = 2.92e-01, loss = 1.37e-01, dice = 8.49e-01
2024-05-19 03:31:07.614808 | Iteration 170: similarity = 2.92e-01, loss = 1.35e-01, dice = 8.49e-01
2024-05-19 03:31:09.193811 | Iteration 171: similarity = 2.92e-01, loss = 1.35e-01, dice = 8.50e-01
2024-05-19 03:31:10.778484 | Iteration 172: similarity = 2.92e-01, loss = 1.33e-01, dice = 8.50e-01
2024-05-19 03:31:12.366184 | Iteration 173: similarity = 2.92e-01, loss = 1.32e-01, dice = 8.50e-01
2024-05-19 03:31:13.943492 | Iteration 174: similarity = 2.92e-01, loss = 1.31e-01, dice = 8.50e-01
2024-05-19 03:31:15.509520 | Iteration 175: similarity = 2.92e-01, loss = 1.30e-01, dice = 8.49e-01
2024-05-19 03:31:17.087653 | Iteration 176: similarity = 2.92e-01, loss = 1.29e-01, dice = 8.49e-01
2024-05-19 03:31:18.659099 | Iteration 177: similarity = 2.92e-01, loss = 1.28e-01, dice = 8.50e-01
2024-05-19 03:31:20.251098 | Iteration 178: similarity = 2.92e-01, loss = 1.26e-01, dice = 8.50e-01
2024-05-19 03:31:21.827028 | Iteration 179: similarity = 2.92e-01, loss = 1.26e-01, dice = 8.50e-01
2024-05-19 03:31:23.397357 | Iteration 180: similarity = 2.92e-01, loss = 1.24e-01, dice = 8.49e-01
2024-05-19 03:31:24.978409 | Iteration 181: similarity = 2.92e-01, loss = 1.24e-01, dice = 8.49e-01
2024-05-19 03:31:26.553009 | Iteration 182: similarity = 2.92e-01, loss = 1.22e-01, dice = 8.50e-01
2024-05-19 03:31:28.130267 | Iteration 183: similarity = 2.92e-01, loss = 1.21e-01, dice = 8.49e-01
2024-05-19 03:31:29.699960 | Iteration 184: similarity = 2.92e-01, loss = 1.20e-01, dice = 8.49e-01
2024-05-19 03:31:31.266346 | Iteration 185: similarity = 2.92e-01, loss = 1.19e-01, dice = 8.50e-01
2024-05-19 03:31:32.844418 | Iteration 186: similarity = 2.92e-01, loss = 1.18e-01, dice = 8.50e-01
2024-05-19 03:31:34.421901 | Iteration 187: similarity = 2.92e-01, loss = 1.17e-01, dice = 8.49e-01
2024-05-19 03:31:36.005717 | Iteration 188: similarity = 2.92e-01, loss = 1.16e-01, dice = 8.50e-01
2024-05-19 03:31:37.587917 | Iteration 189: similarity = 2.92e-01, loss = 1.15e-01, dice = 8.50e-01
2024-05-19 03:31:39.175722 | Iteration 190: similarity = 2.92e-01, loss = 1.14e-01, dice = 8.50e-01
2024-05-19 03:31:40.760991 | Iteration 191: similarity = 2.92e-01, loss = 1.13e-01, dice = 8.50e-01
2024-05-19 03:31:42.329679 | Iteration 192: similarity = 2.92e-01, loss = 1.12e-01, dice = 8.50e-01
2024-05-19 03:31:43.889120 | Iteration 193: similarity = 2.92e-01, loss = 1.11e-01, dice = 8.50e-01
2024-05-19 03:31:45.465932 | Iteration 194: similarity = 2.92e-01, loss = 1.10e-01, dice = 8.49e-01
2024-05-19 03:31:47.040297 | Iteration 195: similarity = 2.92e-01, loss = 1.09e-01, dice = 8.49e-01
2024-05-19 03:31:48.620154 | Iteration 196: similarity = 2.92e-01, loss = 1.07e-01, dice = 8.49e-01
2024-05-19 03:31:50.185829 | Iteration 197: similarity = 2.92e-01, loss = 1.06e-01, dice = 8.50e-01
2024-05-19 03:31:51.750082 | Iteration 198: similarity = 2.92e-01, loss = 1.06e-01, dice = 8.50e-01
2024-05-19 03:31:53.301182 | Iteration 199: similarity = 2.92e-01, loss = 1.04e-01, dice = 8.49e-01
2024-05-19 03:31:54.856320 | Iteration 200: similarity = 2.92e-01, loss = 1.03e-01, dice = 8.49e-01
2024-05-19 03:31:55.095997 | [scope plot registration results takes 0.23958301544189453s]
2024-05-19 03:31:55.922125 | Validation: HD [8.018148 ± 1.887841], MSD [0.817116 ± 0.160937], DSC [0.715843 ± 0.099556]
2024-05-19 03:31:55.922842 |          => HD [8.052238 ± 3.277528], MSD [0.429991 ± 0.185111], DSC [0.849345 ± 0.085396]
