====================================================================================================
Logging file for python script in Intensity Distribution.Experiment 1 (Anonymous): Exp1_LIC_GASD
.py
| The recreation of Experiment 1: comparison between LIC and GASD. 
Started at 2024-05-19 19:44:39.943782 with command:
> python Exp1_LIC_GASD.py --exp T1_CTr_LIC_noise_sig0_1
====================================================================================================

2024-05-19 19:44:42.242390 | Iteration 1: similarity = 2.46e-01, loss = 5.46e+00, dice = 5.93e-01
2024-05-19 19:44:44.387922 | Iteration 2: similarity = 2.54e-01, loss = 4.11e+00, dice = 6.19e-01
2024-05-19 19:44:46.735828 | Iteration 3: similarity = 2.75e-01, loss = 3.41e+00, dice = 6.40e-01
2024-05-19 19:44:48.957180 | Iteration 4: similarity = 2.93e-01, loss = 2.69e+00, dice = 6.62e-01
2024-05-19 19:44:51.104522 | Iteration 5: similarity = 3.02e-01, loss = 2.46e+00, dice = 6.71e-01
2024-05-19 19:44:53.433673 | Iteration 6: similarity = 3.12e-01, loss = 2.20e+00, dice = 6.80e-01
2024-05-19 19:44:55.601558 | Iteration 7: similarity = 3.21e-01, loss = 1.96e+00, dice = 6.86e-01
2024-05-19 19:44:57.829148 | Iteration 8: similarity = 3.29e-01, loss = 1.75e+00, dice = 6.93e-01
2024-05-19 19:45:00.132084 | Iteration 9: similarity = 3.34e-01, loss = 1.57e+00, dice = 6.98e-01
2024-05-19 19:45:02.270922 | Iteration 10: similarity = 3.39e-01, loss = 1.41e+00, dice = 7.03e-01
2024-05-19 19:45:04.465708 | Iteration 11: similarity = 3.43e-01, loss = 1.28e+00, dice = 7.07e-01
2024-05-19 19:45:06.668959 | Iteration 12: similarity = 3.46e-01, loss = 1.15e+00, dice = 7.09e-01
2024-05-19 19:45:08.974174 | Iteration 13: similarity = 3.50e-01, loss = 1.04e+00, dice = 7.12e-01
2024-05-19 19:45:11.154451 | Iteration 14: similarity = 3.53e-01, loss = 9.45e-01, dice = 7.15e-01
2024-05-19 19:45:13.283318 | Iteration 15: similarity = 3.55e-01, loss = 8.56e-01, dice = 7.18e-01
2024-05-19 19:45:15.519999 | Iteration 16: similarity = 3.58e-01, loss = 7.73e-01, dice = 7.19e-01
2024-05-19 19:45:17.721314 | Iteration 17: similarity = 3.61e-01, loss = 6.97e-01, dice = 7.21e-01
2024-05-19 19:45:19.829000 | Iteration 18: similarity = 3.63e-01, loss = 6.27e-01, dice = 7.23e-01
2024-05-19 19:45:22.054103 | Iteration 19: similarity = 3.65e-01, loss = 5.64e-01, dice = 7.23e-01
2024-05-19 19:45:24.191371 | Iteration 20: similarity = 3.67e-01, loss = 5.07e-01, dice = 7.24e-01
2024-05-19 19:45:26.419487 | Iteration 21: similarity = 3.69e-01, loss = 4.55e-01, dice = 7.27e-01
2024-05-19 19:45:28.724924 | Iteration 22: similarity = 3.71e-01, loss = 4.06e-01, dice = 7.28e-01
2024-05-19 19:45:30.926597 | Iteration 23: similarity = 3.72e-01, loss = 3.62e-01, dice = 7.28e-01
2024-05-19 19:45:33.112163 | Iteration 24: similarity = 3.74e-01, loss = 3.22e-01, dice = 7.29e-01
2024-05-19 19:45:35.365364 | Iteration 25: similarity = 3.75e-01, loss = 2.85e-01, dice = 7.30e-01
2024-05-19 19:45:37.580216 | Iteration 26: similarity = 3.76e-01, loss = 2.51e-01, dice = 7.32e-01
2024-05-19 19:45:39.815180 | Iteration 27: similarity = 3.78e-01, loss = 2.22e-01, dice = 7.32e-01
2024-05-19 19:45:42.097362 | Iteration 28: similarity = 3.78e-01, loss = 1.95e-01, dice = 7.33e-01
2024-05-19 19:45:44.208349 | Iteration 29: similarity = 3.79e-01, loss = 1.70e-01, dice = 7.34e-01
2024-05-19 19:45:46.512856 | Iteration 30: similarity = 3.80e-01, loss = 1.50e-01, dice = 7.35e-01
2024-05-19 19:45:48.682568 | Iteration 31: similarity = 3.81e-01, loss = 1.32e-01, dice = 7.36e-01
2024-05-19 19:45:50.932961 | Iteration 32: similarity = 3.81e-01, loss = 1.15e-01, dice = 7.37e-01
2024-05-19 19:45:53.212273 | Iteration 33: similarity = 3.82e-01, loss = 1.02e-01, dice = 7.38e-01
2024-05-19 19:45:55.396957 | Iteration 34: similarity = 3.83e-01, loss = 8.98e-02, dice = 7.39e-01
2024-05-19 19:45:57.703333 | Iteration 35: similarity = 3.83e-01, loss = 8.01e-02, dice = 7.39e-01
2024-05-19 19:45:59.939491 | Iteration 36: similarity = 3.83e-01, loss = 7.21e-02, dice = 7.40e-01
2024-05-19 19:46:02.124962 | Iteration 37: similarity = 3.84e-01, loss = 6.55e-02, dice = 7.41e-01
2024-05-19 19:46:04.396141 | Iteration 38: similarity = 3.84e-01, loss = 6.03e-02, dice = 7.42e-01
2024-05-19 19:46:06.619651 | Iteration 39: similarity = 3.85e-01, loss = 5.61e-02, dice = 7.43e-01
2024-05-19 19:46:08.825464 | Iteration 40: similarity = 3.85e-01, loss = 5.29e-02, dice = 7.44e-01
2024-05-19 19:46:11.062249 | Iteration 41: similarity = 3.85e-01, loss = 5.03e-02, dice = 7.44e-01
2024-05-19 19:46:13.243087 | Iteration 42: similarity = 3.85e-01, loss = 4.85e-02, dice = 7.45e-01
2024-05-19 19:46:15.356638 | Iteration 43: similarity = 3.86e-01, loss = 4.76e-02, dice = 7.46e-01
2024-05-19 19:46:17.733576 | Iteration 44: similarity = 3.86e-01, loss = 4.71e-02, dice = 7.46e-01
2024-05-19 19:46:19.991315 | Iteration 45: similarity = 3.86e-01, loss = 4.62e-02, dice = 7.46e-01
2024-05-19 19:46:22.250883 | Iteration 46: similarity = 3.87e-01, loss = 4.68e-02, dice = 7.46e-01
2024-05-19 19:46:24.486404 | Iteration 47: similarity = 3.87e-01, loss = 4.70e-02, dice = 7.48e-01
2024-05-19 19:46:26.607357 | Iteration 48: similarity = 3.87e-01, loss = 4.72e-02, dice = 7.48e-01
2024-05-19 19:46:28.918119 | Iteration 49: similarity = 3.88e-01, loss = 4.81e-02, dice = 7.48e-01
2024-05-19 19:46:31.102797 | Iteration 50: similarity = 3.88e-01, loss = 4.89e-02, dice = 7.48e-01
2024-05-19 19:46:33.190550 | Iteration 51: similarity = 3.88e-01, loss = 4.98e-02, dice = 7.49e-01
2024-05-19 19:46:35.335552 | Iteration 52: similarity = 3.89e-01, loss = 5.08e-02, dice = 7.49e-01
2024-05-19 19:46:37.461406 | Iteration 53: similarity = 3.89e-01, loss = 5.19e-02, dice = 7.49e-01
2024-05-19 19:46:39.618099 | Iteration 54: similarity = 3.89e-01, loss = 5.31e-02, dice = 7.49e-01
2024-05-19 19:46:41.702790 | Iteration 55: similarity = 3.89e-01, loss = 5.40e-02, dice = 7.49e-01
2024-05-19 19:46:43.897768 | Iteration 56: similarity = 3.90e-01, loss = 5.53e-02, dice = 7.50e-01
2024-05-19 19:46:46.012138 | Iteration 57: similarity = 3.90e-01, loss = 5.64e-02, dice = 7.49e-01
2024-05-19 19:46:48.198737 | Iteration 58: similarity = 3.90e-01, loss = 5.76e-02, dice = 7.49e-01
2024-05-19 19:46:50.376870 | Iteration 59: similarity = 3.90e-01, loss = 5.90e-02, dice = 7.50e-01
2024-05-19 19:46:52.564140 | Iteration 60: similarity = 3.91e-01, loss = 6.02e-02, dice = 7.50e-01
2024-05-19 19:46:54.922991 | Iteration 61: similarity = 3.91e-01, loss = 6.14e-02, dice = 7.50e-01
2024-05-19 19:46:57.109191 | Iteration 62: similarity = 3.91e-01, loss = 6.30e-02, dice = 7.50e-01
2024-05-19 19:46:59.342005 | Iteration 63: similarity = 3.91e-01, loss = 6.43e-02, dice = 7.51e-01
2024-05-19 19:47:01.599359 | Iteration 64: similarity = 3.92e-01, loss = 6.57e-02, dice = 7.51e-01
2024-05-19 19:47:03.825170 | Iteration 65: similarity = 3.92e-01, loss = 6.71e-02, dice = 7.50e-01
2024-05-19 19:47:05.959607 | Iteration 66: similarity = 3.92e-01, loss = 6.83e-02, dice = 7.51e-01
2024-05-19 19:47:08.169958 | Iteration 67: similarity = 3.92e-01, loss = 7.01e-02, dice = 7.50e-01
2024-05-19 19:47:10.397352 | Iteration 68: similarity = 3.92e-01, loss = 7.12e-02, dice = 7.51e-01
2024-05-19 19:47:12.594958 | Iteration 69: similarity = 3.93e-01, loss = 7.25e-02, dice = 7.51e-01
2024-05-19 19:47:14.814573 | Iteration 70: similarity = 3.93e-01, loss = 7.42e-02, dice = 7.51e-01
2024-05-19 19:47:17.071691 | Iteration 71: similarity = 3.93e-01, loss = 7.52e-02, dice = 7.51e-01
2024-05-19 19:47:19.230127 | Iteration 72: similarity = 3.93e-01, loss = 7.68e-02, dice = 7.52e-01
2024-05-19 19:47:21.375120 | Iteration 73: similarity = 3.94e-01, loss = 7.78e-02, dice = 7.51e-01
2024-05-19 19:47:23.702072 | Iteration 74: similarity = 3.94e-01, loss = 7.91e-02, dice = 7.52e-01
2024-05-19 19:47:25.941874 | Iteration 75: similarity = 3.94e-01, loss = 7.98e-02, dice = 7.51e-01
2024-05-19 19:47:28.126604 | Iteration 76: similarity = 3.94e-01, loss = 8.20e-02, dice = 7.51e-01
2024-05-19 19:47:30.315489 | Iteration 77: similarity = 3.94e-01, loss = 8.20e-02, dice = 7.51e-01
2024-05-19 19:47:32.588767 | Iteration 78: similarity = 3.95e-01, loss = 8.38e-02, dice = 7.52e-01
2024-05-19 19:47:34.783110 | Iteration 79: similarity = 3.95e-01, loss = 8.41e-02, dice = 7.52e-01
2024-05-19 19:47:37.109827 | Iteration 80: similarity = 3.95e-01, loss = 8.54e-02, dice = 7.51e-01
2024-05-19 19:47:39.231768 | Iteration 81: similarity = 3.95e-01, loss = 8.59e-02, dice = 7.51e-01
2024-05-19 19:47:41.406937 | Iteration 82: similarity = 3.95e-01, loss = 8.70e-02, dice = 7.51e-01
2024-05-19 19:47:43.660666 | Iteration 83: similarity = 3.96e-01, loss = 8.80e-02, dice = 7.52e-01
2024-05-19 19:47:45.853744 | Iteration 84: similarity = 3.96e-01, loss = 8.81e-02, dice = 7.52e-01
2024-05-19 19:47:48.188662 | Iteration 85: similarity = 3.96e-01, loss = 8.90e-02, dice = 7.51e-01
2024-05-19 19:47:50.376990 | Iteration 86: similarity = 3.96e-01, loss = 8.93e-02, dice = 7.52e-01
2024-05-19 19:47:52.550766 | Iteration 87: similarity = 3.96e-01, loss = 8.98e-02, dice = 7.52e-01
2024-05-19 19:47:54.847094 | Iteration 88: similarity = 3.97e-01, loss = 9.04e-02, dice = 7.52e-01
2024-05-19 19:47:57.043085 | Iteration 89: similarity = 3.97e-01, loss = 9.04e-02, dice = 7.52e-01
2024-05-19 19:47:59.453044 | Iteration 90: similarity = 3.97e-01, loss = 9.09e-02, dice = 7.51e-01
2024-05-19 19:48:01.616650 | Iteration 91: similarity = 3.97e-01, loss = 9.06e-02, dice = 7.51e-01
2024-05-19 19:48:03.802352 | Iteration 92: similarity = 3.97e-01, loss = 9.13e-02, dice = 7.52e-01
2024-05-19 19:48:06.139590 | Iteration 93: similarity = 3.98e-01, loss = 9.12e-02, dice = 7.51e-01
2024-05-19 19:48:08.343327 | Iteration 94: similarity = 3.98e-01, loss = 9.11e-02, dice = 7.51e-01
2024-05-19 19:48:10.532212 | Iteration 95: similarity = 3.98e-01, loss = 9.07e-02, dice = 7.52e-01
2024-05-19 19:48:12.847697 | Iteration 96: similarity = 3.98e-01, loss = 9.11e-02, dice = 7.51e-01
2024-05-19 19:48:15.084713 | Iteration 97: similarity = 3.98e-01, loss = 9.05e-02, dice = 7.51e-01
2024-05-19 19:48:17.215487 | Iteration 98: similarity = 3.98e-01, loss = 9.08e-02, dice = 7.51e-01
2024-05-19 19:48:19.450614 | Iteration 99: similarity = 3.99e-01, loss = 8.99e-02, dice = 7.51e-01
2024-05-19 19:48:21.697116 | Iteration 100: similarity = 3.99e-01, loss = 9.01e-02, dice = 7.51e-01
2024-05-19 19:48:23.886984 | Iteration 101: similarity = 3.99e-01, loss = 8.88e-02, dice = 7.52e-01
2024-05-19 19:48:26.212878 | Iteration 102: similarity = 3.99e-01, loss = 8.90e-02, dice = 7.51e-01
2024-05-19 19:48:28.443222 | Iteration 103: similarity = 3.99e-01, loss = 8.78e-02, dice = 7.51e-01
2024-05-19 19:48:30.674216 | Iteration 104: similarity = 3.99e-01, loss = 8.80e-02, dice = 7.51e-01
2024-05-19 19:48:32.979796 | Iteration 105: similarity = 4.00e-01, loss = 8.69e-02, dice = 7.51e-01
2024-05-19 19:48:35.131466 | Iteration 106: similarity = 4.00e-01, loss = 8.65e-02, dice = 7.51e-01
2024-05-19 19:48:37.316999 | Iteration 107: similarity = 4.00e-01, loss = 8.56e-02, dice = 7.51e-01
2024-05-19 19:48:39.478587 | Iteration 108: similarity = 4.00e-01, loss = 8.52e-02, dice = 7.50e-01
2024-05-19 19:48:41.645091 | Iteration 109: similarity = 4.00e-01, loss = 8.39e-02, dice = 7.51e-01
2024-05-19 19:48:43.842464 | Iteration 110: similarity = 4.00e-01, loss = 8.34e-02, dice = 7.51e-01
2024-05-19 19:48:45.958862 | Iteration 111: similarity = 4.01e-01, loss = 8.28e-02, dice = 7.51e-01
2024-05-19 19:48:48.136611 | Iteration 112: similarity = 4.01e-01, loss = 8.17e-02, dice = 7.51e-01
2024-05-19 19:48:50.248012 | Iteration 113: similarity = 4.01e-01, loss = 8.10e-02, dice = 7.50e-01
2024-05-19 19:48:52.417117 | Iteration 114: similarity = 4.01e-01, loss = 8.03e-02, dice = 7.50e-01
2024-05-19 19:48:54.561424 | Iteration 115: similarity = 4.01e-01, loss = 7.95e-02, dice = 7.51e-01
2024-05-19 19:48:56.766507 | Iteration 116: similarity = 4.01e-01, loss = 7.81e-02, dice = 7.51e-01
2024-05-19 19:48:59.005330 | Iteration 117: similarity = 4.01e-01, loss = 7.77e-02, dice = 7.51e-01
2024-05-19 19:49:01.253405 | Iteration 118: similarity = 4.02e-01, loss = 7.65e-02, dice = 7.50e-01
2024-05-19 19:49:03.451803 | Iteration 119: similarity = 4.02e-01, loss = 7.57e-02, dice = 7.50e-01
2024-05-19 19:49:05.707709 | Iteration 120: similarity = 4.02e-01, loss = 7.44e-02, dice = 7.50e-01
2024-05-19 19:49:07.905632 | Iteration 121: similarity = 4.02e-01, loss = 7.38e-02, dice = 7.50e-01
2024-05-19 19:49:10.062075 | Iteration 122: similarity = 4.02e-01, loss = 7.25e-02, dice = 7.50e-01
2024-05-19 19:49:12.252002 | Iteration 123: similarity = 4.02e-01, loss = 7.19e-02, dice = 7.50e-01
2024-05-19 19:49:14.466844 | Iteration 124: similarity = 4.02e-01, loss = 7.08e-02, dice = 7.50e-01
2024-05-19 19:49:16.685950 | Iteration 125: similarity = 4.03e-01, loss = 6.98e-02, dice = 7.50e-01
2024-05-19 19:49:18.887751 | Iteration 126: similarity = 4.03e-01, loss = 6.85e-02, dice = 7.50e-01
2024-05-19 19:49:21.237437 | Iteration 127: similarity = 4.03e-01, loss = 6.78e-02, dice = 7.50e-01
2024-05-19 19:49:23.365771 | Iteration 128: similarity = 4.03e-01, loss = 6.64e-02, dice = 7.50e-01
2024-05-19 19:49:25.517370 | Iteration 129: similarity = 4.03e-01, loss = 6.57e-02, dice = 7.50e-01
2024-05-19 19:49:27.826204 | Iteration 130: similarity = 4.03e-01, loss = 6.40e-02, dice = 7.50e-01
2024-05-19 19:49:30.009487 | Iteration 131: similarity = 4.03e-01, loss = 6.36e-02, dice = 7.49e-01
2024-05-19 19:49:32.202033 | Iteration 132: similarity = 4.03e-01, loss = 6.23e-02, dice = 7.50e-01
2024-05-19 19:49:34.392563 | Iteration 133: similarity = 4.04e-01, loss = 6.10e-02, dice = 7.50e-01
2024-05-19 19:49:36.640082 | Iteration 134: similarity = 4.04e-01, loss = 5.98e-02, dice = 7.49e-01
2024-05-19 19:49:38.810295 | Iteration 135: similarity = 4.04e-01, loss = 5.91e-02, dice = 7.50e-01
2024-05-19 19:49:41.132720 | Iteration 136: similarity = 4.04e-01, loss = 5.78e-02, dice = 7.49e-01
2024-05-19 19:49:43.329367 | Iteration 137: similarity = 4.04e-01, loss = 5.69e-02, dice = 7.49e-01
2024-05-19 19:49:45.558258 | Iteration 138: similarity = 4.04e-01, loss = 5.52e-02, dice = 7.49e-01
2024-05-19 19:49:47.844355 | Iteration 139: similarity = 4.04e-01, loss = 5.44e-02, dice = 7.49e-01
2024-05-19 19:49:50.018899 | Iteration 140: similarity = 4.04e-01, loss = 5.32e-02, dice = 7.49e-01
2024-05-19 19:49:52.363297 | Iteration 141: similarity = 4.05e-01, loss = 5.23e-02, dice = 7.49e-01
2024-05-19 19:49:54.587788 | Iteration 142: similarity = 4.05e-01, loss = 5.10e-02, dice = 7.49e-01
2024-05-19 19:49:56.736294 | Iteration 143: similarity = 4.05e-01, loss = 4.97e-02, dice = 7.48e-01
2024-05-19 19:49:59.058826 | Iteration 144: similarity = 4.05e-01, loss = 4.88e-02, dice = 7.49e-01
2024-05-19 19:50:01.254639 | Iteration 145: similarity = 4.05e-01, loss = 4.79e-02, dice = 7.49e-01
2024-05-19 19:50:03.593527 | Iteration 146: similarity = 4.05e-01, loss = 4.61e-02, dice = 7.49e-01
2024-05-19 19:50:05.745750 | Iteration 147: similarity = 4.05e-01, loss = 4.55e-02, dice = 7.49e-01
2024-05-19 19:50:07.942948 | Iteration 148: similarity = 4.05e-01, loss = 4.42e-02, dice = 7.49e-01
2024-05-19 19:50:10.133658 | Iteration 149: similarity = 4.05e-01, loss = 4.31e-02, dice = 7.49e-01
2024-05-19 19:50:12.262741 | Iteration 150: similarity = 4.06e-01, loss = 4.18e-02, dice = 7.49e-01
2024-05-19 19:50:14.568043 | Iteration 151: similarity = 4.06e-01, loss = 4.10e-02, dice = 7.49e-01
2024-05-19 19:50:16.836355 | Iteration 152: similarity = 4.06e-01, loss = 3.94e-02, dice = 7.49e-01
2024-05-19 19:50:18.973429 | Iteration 153: similarity = 4.06e-01, loss = 3.85e-02, dice = 7.48e-01
2024-05-19 19:50:21.159948 | Iteration 154: similarity = 4.06e-01, loss = 3.72e-02, dice = 7.49e-01
2024-05-19 19:50:23.431354 | Iteration 155: similarity = 4.06e-01, loss = 3.62e-02, dice = 7.49e-01
2024-05-19 19:50:25.625650 | Iteration 156: similarity = 4.06e-01, loss = 3.52e-02, dice = 7.49e-01
2024-05-19 19:50:27.834604 | Iteration 157: similarity = 4.06e-01, loss = 3.38e-02, dice = 7.48e-01
2024-05-19 19:50:30.119370 | Iteration 158: similarity = 4.06e-01, loss = 3.27e-02, dice = 7.49e-01
2024-05-19 19:50:32.277474 | Iteration 159: similarity = 4.06e-01, loss = 3.15e-02, dice = 7.49e-01
2024-05-19 19:50:34.602069 | Iteration 160: similarity = 4.06e-01, loss = 3.08e-02, dice = 7.48e-01
2024-05-19 19:50:36.775374 | Iteration 161: similarity = 4.06e-01, loss = 2.94e-02, dice = 7.48e-01
2024-05-19 19:50:39.001585 | Iteration 162: similarity = 4.06e-01, loss = 2.83e-02, dice = 7.49e-01
2024-05-19 19:50:41.101054 | Iteration 163: similarity = 4.07e-01, loss = 2.71e-02, dice = 7.49e-01
2024-05-19 19:50:43.282308 | Iteration 164: similarity = 4.07e-01, loss = 2.62e-02, dice = 7.48e-01
2024-05-19 19:50:45.417422 | Iteration 165: similarity = 4.07e-01, loss = 2.52e-02, dice = 7.48e-01
2024-05-19 19:50:47.536771 | Iteration 166: similarity = 4.07e-01, loss = 2.38e-02, dice = 7.48e-01
2024-05-19 19:50:49.730338 | Iteration 167: similarity = 4.07e-01, loss = 2.25e-02, dice = 7.48e-01
2024-05-19 19:50:51.919565 | Iteration 168: similarity = 4.07e-01, loss = 2.14e-02, dice = 7.48e-01
2024-05-19 19:50:54.042232 | Iteration 169: similarity = 4.07e-01, loss = 2.04e-02, dice = 7.48e-01
2024-05-19 19:50:56.215931 | Iteration 170: similarity = 4.07e-01, loss = 1.92e-02, dice = 7.48e-01
2024-05-19 19:50:58.391558 | Iteration 171: similarity = 4.07e-01, loss = 1.83e-02, dice = 7.48e-01
2024-05-19 19:51:00.688208 | Iteration 172: similarity = 4.07e-01, loss = 1.73e-02, dice = 7.48e-01
2024-05-19 19:51:02.892332 | Iteration 173: similarity = 4.07e-01, loss = 1.62e-02, dice = 7.48e-01
2024-05-19 19:51:04.981197 | Iteration 174: similarity = 4.07e-01, loss = 1.49e-02, dice = 7.48e-01
2024-05-19 19:51:07.323704 | Iteration 175: similarity = 4.07e-01, loss = 1.38e-02, dice = 7.48e-01
2024-05-19 19:51:09.469518 | Iteration 176: similarity = 4.08e-01, loss = 1.30e-02, dice = 7.49e-01
2024-05-19 19:51:11.646914 | Iteration 177: similarity = 4.08e-01, loss = 1.15e-02, dice = 7.49e-01
2024-05-19 19:51:13.929984 | Iteration 178: similarity = 4.08e-01, loss = 1.06e-02, dice = 7.48e-01
2024-05-19 19:51:16.084726 | Iteration 179: similarity = 4.08e-01, loss = 9.46e-03, dice = 7.48e-01
2024-05-19 19:51:18.316090 | Iteration 180: similarity = 4.08e-01, loss = 8.64e-03, dice = 7.48e-01
2024-05-19 19:51:20.484096 | Iteration 181: similarity = 4.08e-01, loss = 7.55e-03, dice = 7.48e-01
2024-05-19 19:51:22.778007 | Iteration 182: similarity = 4.08e-01, loss = 6.39e-03, dice = 7.48e-01
2024-05-19 19:51:24.990931 | Iteration 183: similarity = 4.08e-01, loss = 5.39e-03, dice = 7.48e-01
2024-05-19 19:51:27.135843 | Iteration 184: similarity = 4.08e-01, loss = 4.10e-03, dice = 7.48e-01
2024-05-19 19:51:29.333456 | Iteration 185: similarity = 4.08e-01, loss = 3.27e-03, dice = 7.48e-01
2024-05-19 19:51:31.666672 | Iteration 186: similarity = 4.08e-01, loss = 1.86e-03, dice = 7.48e-01
2024-05-19 19:51:33.890134 | Iteration 187: similarity = 4.08e-01, loss = 1.33e-03, dice = 7.48e-01
2024-05-19 19:51:36.049323 | Iteration 188: similarity = 4.08e-01, loss = -1.70e-04, dice = 7.48e-01
2024-05-19 19:51:38.307537 | Iteration 189: similarity = 4.08e-01, loss = -9.27e-04, dice = 7.48e-01
2024-05-19 19:51:40.546402 | Iteration 190: similarity = 4.08e-01, loss = -2.30e-03, dice = 7.47e-01
2024-05-19 19:51:42.693498 | Iteration 191: similarity = 4.08e-01, loss = -3.09e-03, dice = 7.48e-01
2024-05-19 19:51:45.043597 | Iteration 192: similarity = 4.08e-01, loss = -4.51e-03, dice = 7.48e-01
2024-05-19 19:51:47.297456 | Iteration 193: similarity = 4.08e-01, loss = -5.14e-03, dice = 7.48e-01
2024-05-19 19:51:49.553242 | Iteration 194: similarity = 4.09e-01, loss = -6.54e-03, dice = 7.48e-01
2024-05-19 19:51:51.759763 | Iteration 195: similarity = 4.09e-01, loss = -7.33e-03, dice = 7.47e-01
2024-05-19 19:51:53.889273 | Iteration 196: similarity = 4.09e-01, loss = -8.69e-03, dice = 7.48e-01
2024-05-19 19:51:56.280974 | Iteration 197: similarity = 4.09e-01, loss = -9.37e-03, dice = 7.48e-01
2024-05-19 19:51:58.452063 | Iteration 198: similarity = 4.09e-01, loss = -1.07e-02, dice = 7.47e-01
2024-05-19 19:52:00.728457 | Iteration 199: similarity = 4.09e-01, loss = -1.15e-02, dice = 7.48e-01
2024-05-19 19:52:02.987731 | Iteration 200: similarity = 4.09e-01, loss = -1.27e-02, dice = 7.48e-01
2024-05-19 19:52:03.264074 | [scope plot registration results takes 0.2762422561645508s]
2024-05-19 19:52:04.350558 | Validation: HD [8.018148 ± 1.887841], MSD [0.817116 ± 0.160937], DSC [0.715843 ± 0.099556]
2024-05-19 19:52:04.351304 |          => HD [8.875209 ± 1.358679], MSD [0.739420 ± 0.167645], DSC [0.747786 ± 0.078828]
