====================================================================================================
Logging file for python script in Intensity Distribution.Experiment 1 (Anonymous): Exp1_LIC_GASD
.py
| The recreation of Experiment 1: comparison between LIC and GASD. 
Started at 2024-05-19 04:17:06.854197 with command:
> python Exp1_LIC_GASD.py --exp T1_CTr_GASD_sig0_1
====================================================================================================

2024-05-19 04:17:08.757922 | Iteration 1: similarity = -2.19e-02, loss = 7.90e-02, dice = 5.93e-01
2024-05-19 04:17:10.550643 | Iteration 2: similarity = -1.71e-02, loss = 5.30e-02, dice = 6.20e-01
2024-05-19 04:17:12.314869 | Iteration 3: similarity = -1.09e-02, loss = 4.24e-02, dice = 6.18e-01
2024-05-19 04:17:14.082547 | Iteration 4: similarity = -8.51e-03, loss = 4.06e-02, dice = 6.14e-01
2024-05-19 04:17:15.873392 | Iteration 5: similarity = -6.79e-03, loss = 3.92e-02, dice = 6.09e-01
2024-05-19 04:17:17.643867 | Iteration 6: similarity = -5.80e-03, loss = 3.79e-02, dice = 6.07e-01
2024-05-19 04:17:19.430411 | Iteration 7: similarity = -5.01e-03, loss = 3.65e-02, dice = 6.05e-01
2024-05-19 04:17:21.218628 | Iteration 8: similarity = -4.34e-03, loss = 3.53e-02, dice = 6.01e-01
2024-05-19 04:17:22.998294 | Iteration 9: similarity = -3.83e-03, loss = 3.42e-02, dice = 6.00e-01
2024-05-19 04:17:24.782954 | Iteration 10: similarity = -3.52e-03, loss = 3.33e-02, dice = 5.99e-01
2024-05-19 04:17:26.541599 | Iteration 11: similarity = -3.18e-03, loss = 3.23e-02, dice = 5.97e-01
2024-05-19 04:17:28.314930 | Iteration 12: similarity = -2.92e-03, loss = 3.14e-02, dice = 5.95e-01
2024-05-19 04:17:30.090393 | Iteration 13: similarity = -2.65e-03, loss = 3.05e-02, dice = 5.94e-01
2024-05-19 04:17:31.860574 | Iteration 14: similarity = -2.45e-03, loss = 2.97e-02, dice = 5.94e-01
2024-05-19 04:17:33.628463 | Iteration 15: similarity = -2.26e-03, loss = 2.89e-02, dice = 5.93e-01
2024-05-19 04:17:35.391961 | Iteration 16: similarity = -2.14e-03, loss = 2.81e-02, dice = 5.94e-01
2024-05-19 04:17:37.162473 | Iteration 17: similarity = -1.97e-03, loss = 2.73e-02, dice = 5.94e-01
2024-05-19 04:17:38.939091 | Iteration 18: similarity = -1.86e-03, loss = 2.65e-02, dice = 5.94e-01
2024-05-19 04:17:40.720002 | Iteration 19: similarity = -1.76e-03, loss = 2.58e-02, dice = 5.95e-01
2024-05-19 04:17:42.496390 | Iteration 20: similarity = -1.66e-03, loss = 2.51e-02, dice = 5.96e-01
2024-05-19 04:17:44.270823 | Iteration 21: similarity = -1.57e-03, loss = 2.44e-02, dice = 5.97e-01
2024-05-19 04:17:46.057864 | Iteration 22: similarity = -1.50e-03, loss = 2.37e-02, dice = 5.97e-01
2024-05-19 04:17:47.832649 | Iteration 23: similarity = -1.44e-03, loss = 2.31e-02, dice = 5.98e-01
2024-05-19 04:17:49.607046 | Iteration 24: similarity = -1.38e-03, loss = 2.24e-02, dice = 5.99e-01
2024-05-19 04:17:51.394219 | Iteration 25: similarity = -1.32e-03, loss = 2.18e-02, dice = 6.00e-01
2024-05-19 04:17:53.161876 | Iteration 26: similarity = -1.27e-03, loss = 2.12e-02, dice = 6.01e-01
2024-05-19 04:17:54.939302 | Iteration 27: similarity = -1.23e-03, loss = 2.07e-02, dice = 6.02e-01
2024-05-19 04:17:56.716590 | Iteration 28: similarity = -1.19e-03, loss = 2.02e-02, dice = 6.04e-01
2024-05-19 04:17:58.481154 | Iteration 29: similarity = -1.16e-03, loss = 1.97e-02, dice = 6.05e-01
2024-05-19 04:18:00.258201 | Iteration 30: similarity = -1.12e-03, loss = 1.92e-02, dice = 6.06e-01
2024-05-19 04:18:02.027465 | Iteration 31: similarity = -1.08e-03, loss = 1.87e-02, dice = 6.07e-01
2024-05-19 04:18:03.794583 | Iteration 32: similarity = -1.06e-03, loss = 1.83e-02, dice = 6.08e-01
2024-05-19 04:18:05.576508 | Iteration 33: similarity = -1.02e-03, loss = 1.78e-02, dice = 6.09e-01
2024-05-19 04:18:07.357471 | Iteration 34: similarity = -9.97e-04, loss = 1.74e-02, dice = 6.11e-01
2024-05-19 04:18:09.135687 | Iteration 35: similarity = -9.75e-04, loss = 1.70e-02, dice = 6.13e-01
2024-05-19 04:18:10.916364 | Iteration 36: similarity = -9.53e-04, loss = 1.67e-02, dice = 6.14e-01
2024-05-19 04:18:12.680497 | Iteration 37: similarity = -9.33e-04, loss = 1.63e-02, dice = 6.15e-01
2024-05-19 04:18:14.467874 | Iteration 38: similarity = -9.17e-04, loss = 1.60e-02, dice = 6.16e-01
2024-05-19 04:18:16.249005 | Iteration 39: similarity = -9.06e-04, loss = 1.57e-02, dice = 6.17e-01
2024-05-19 04:18:18.056011 | Iteration 40: similarity = -8.81e-04, loss = 1.54e-02, dice = 6.19e-01
2024-05-19 04:18:19.839380 | Iteration 41: similarity = -8.68e-04, loss = 1.51e-02, dice = 6.21e-01
2024-05-19 04:18:21.626727 | Iteration 42: similarity = -8.56e-04, loss = 1.48e-02, dice = 6.22e-01
2024-05-19 04:18:23.411602 | Iteration 43: similarity = -8.41e-04, loss = 1.45e-02, dice = 6.24e-01
2024-05-19 04:18:25.183340 | Iteration 44: similarity = -8.29e-04, loss = 1.43e-02, dice = 6.25e-01
2024-05-19 04:18:26.953408 | Iteration 45: similarity = -8.16e-04, loss = 1.40e-02, dice = 6.26e-01
2024-05-19 04:18:28.742575 | Iteration 46: similarity = -8.06e-04, loss = 1.38e-02, dice = 6.28e-01
2024-05-19 04:18:30.522667 | Iteration 47: similarity = -7.95e-04, loss = 1.35e-02, dice = 6.29e-01
2024-05-19 04:18:32.303051 | Iteration 48: similarity = -7.83e-04, loss = 1.33e-02, dice = 6.31e-01
2024-05-19 04:18:34.083814 | Iteration 49: similarity = -7.73e-04, loss = 1.31e-02, dice = 6.32e-01
2024-05-19 04:18:35.854002 | Iteration 50: similarity = -7.63e-04, loss = 1.29e-02, dice = 6.33e-01
2024-05-19 04:18:37.624760 | Iteration 51: similarity = -7.54e-04, loss = 1.27e-02, dice = 6.35e-01
2024-05-19 04:18:39.397903 | Iteration 52: similarity = -7.46e-04, loss = 1.25e-02, dice = 6.37e-01
2024-05-19 04:18:41.157978 | Iteration 53: similarity = -7.36e-04, loss = 1.24e-02, dice = 6.38e-01
2024-05-19 04:18:42.920055 | Iteration 54: similarity = -7.28e-04, loss = 1.22e-02, dice = 6.40e-01
2024-05-19 04:18:44.673286 | Iteration 55: similarity = -7.20e-04, loss = 1.20e-02, dice = 6.42e-01
2024-05-19 04:18:46.437167 | Iteration 56: similarity = -7.12e-04, loss = 1.18e-02, dice = 6.43e-01
2024-05-19 04:18:48.214704 | Iteration 57: similarity = -7.04e-04, loss = 1.17e-02, dice = 6.44e-01
2024-05-19 04:18:49.985509 | Iteration 58: similarity = -6.96e-04, loss = 1.15e-02, dice = 6.45e-01
2024-05-19 04:18:51.756416 | Iteration 59: similarity = -6.89e-04, loss = 1.14e-02, dice = 6.47e-01
2024-05-19 04:18:53.531960 | Iteration 60: similarity = -6.84e-04, loss = 1.12e-02, dice = 6.47e-01
2024-05-19 04:18:55.318989 | Iteration 61: similarity = -6.78e-04, loss = 1.11e-02, dice = 6.49e-01
2024-05-19 04:18:57.084890 | Iteration 62: similarity = -6.71e-04, loss = 1.10e-02, dice = 6.50e-01
2024-05-19 04:18:58.849550 | Iteration 63: similarity = -6.64e-04, loss = 1.08e-02, dice = 6.51e-01
2024-05-19 04:19:00.626340 | Iteration 64: similarity = -6.59e-04, loss = 1.07e-02, dice = 6.52e-01
2024-05-19 04:19:02.392164 | Iteration 65: similarity = -6.57e-04, loss = 1.06e-02, dice = 6.53e-01
2024-05-19 04:19:04.161395 | Iteration 66: similarity = -6.51e-04, loss = 1.05e-02, dice = 6.54e-01
2024-05-19 04:19:05.936152 | Iteration 67: similarity = -6.45e-04, loss = 1.04e-02, dice = 6.55e-01
2024-05-19 04:19:07.682849 | Iteration 68: similarity = -6.40e-04, loss = 1.03e-02, dice = 6.57e-01
2024-05-19 04:19:09.437394 | Iteration 69: similarity = -6.36e-04, loss = 1.02e-02, dice = 6.58e-01
2024-05-19 04:19:11.233016 | Iteration 70: similarity = -6.31e-04, loss = 1.01e-02, dice = 6.59e-01
2024-05-19 04:19:13.012277 | Iteration 71: similarity = -6.27e-04, loss = 9.97e-03, dice = 6.60e-01
2024-05-19 04:19:14.764499 | Iteration 72: similarity = -6.22e-04, loss = 9.88e-03, dice = 6.61e-01
2024-05-19 04:19:16.494869 | Iteration 73: similarity = -6.19e-04, loss = 9.78e-03, dice = 6.62e-01
2024-05-19 04:19:18.266066 | Iteration 74: similarity = -6.15e-04, loss = 9.70e-03, dice = 6.64e-01
2024-05-19 04:19:20.040099 | Iteration 75: similarity = -6.11e-04, loss = 9.61e-03, dice = 6.65e-01
2024-05-19 04:19:21.802283 | Iteration 76: similarity = -6.06e-04, loss = 9.52e-03, dice = 6.66e-01
2024-05-19 04:19:23.568792 | Iteration 77: similarity = -6.02e-04, loss = 9.43e-03, dice = 6.67e-01
2024-05-19 04:19:25.342162 | Iteration 78: similarity = -5.98e-04, loss = 9.35e-03, dice = 6.68e-01
2024-05-19 04:19:27.123444 | Iteration 79: similarity = -5.94e-04, loss = 9.27e-03, dice = 6.70e-01
2024-05-19 04:19:28.901755 | Iteration 80: similarity = -5.91e-04, loss = 9.20e-03, dice = 6.70e-01
2024-05-19 04:19:30.658105 | Iteration 81: similarity = -5.88e-04, loss = 9.12e-03, dice = 6.71e-01
2024-05-19 04:19:32.426421 | Iteration 82: similarity = -5.84e-04, loss = 9.05e-03, dice = 6.73e-01
2024-05-19 04:19:34.203753 | Iteration 83: similarity = -5.81e-04, loss = 8.97e-03, dice = 6.74e-01
2024-05-19 04:19:35.977509 | Iteration 84: similarity = -5.77e-04, loss = 8.90e-03, dice = 6.74e-01
2024-05-19 04:19:37.753295 | Iteration 85: similarity = -5.74e-04, loss = 8.83e-03, dice = 6.75e-01
2024-05-19 04:19:39.520568 | Iteration 86: similarity = -5.71e-04, loss = 8.76e-03, dice = 6.76e-01
2024-05-19 04:19:41.288936 | Iteration 87: similarity = -5.67e-04, loss = 8.69e-03, dice = 6.77e-01
2024-05-19 04:19:43.079092 | Iteration 88: similarity = -5.63e-04, loss = 8.62e-03, dice = 6.78e-01
2024-05-19 04:19:44.838884 | Iteration 89: similarity = -5.61e-04, loss = 8.56e-03, dice = 6.79e-01
2024-05-19 04:19:46.584723 | Iteration 90: similarity = -5.58e-04, loss = 8.49e-03, dice = 6.80e-01
2024-05-19 04:19:48.353105 | Iteration 91: similarity = -5.55e-04, loss = 8.43e-03, dice = 6.81e-01
2024-05-19 04:19:50.126909 | Iteration 92: similarity = -5.53e-04, loss = 8.37e-03, dice = 6.82e-01
2024-05-19 04:19:51.896702 | Iteration 93: similarity = -5.50e-04, loss = 8.31e-03, dice = 6.82e-01
2024-05-19 04:19:53.668036 | Iteration 94: similarity = -5.47e-04, loss = 8.25e-03, dice = 6.83e-01
2024-05-19 04:19:55.453415 | Iteration 95: similarity = -5.44e-04, loss = 8.19e-03, dice = 6.84e-01
2024-05-19 04:19:57.220370 | Iteration 96: similarity = -5.42e-04, loss = 8.13e-03, dice = 6.85e-01
2024-05-19 04:19:58.982995 | Iteration 97: similarity = -5.40e-04, loss = 8.08e-03, dice = 6.86e-01
2024-05-19 04:20:00.748738 | Iteration 98: similarity = -5.38e-04, loss = 8.02e-03, dice = 6.86e-01
2024-05-19 04:20:02.519357 | Iteration 99: similarity = -5.34e-04, loss = 7.97e-03, dice = 6.87e-01
2024-05-19 04:20:04.270982 | Iteration 100: similarity = -5.32e-04, loss = 7.91e-03, dice = 6.87e-01
2024-05-19 04:20:06.042065 | Iteration 101: similarity = -5.29e-04, loss = 7.86e-03, dice = 6.89e-01
2024-05-19 04:20:07.798463 | Iteration 102: similarity = -5.27e-04, loss = 7.80e-03, dice = 6.90e-01
2024-05-19 04:20:09.572717 | Iteration 103: similarity = -5.26e-04, loss = 7.76e-03, dice = 6.90e-01
2024-05-19 04:20:11.342202 | Iteration 104: similarity = -5.23e-04, loss = 7.70e-03, dice = 6.91e-01
2024-05-19 04:20:13.101132 | Iteration 105: similarity = -5.21e-04, loss = 7.66e-03, dice = 6.91e-01
2024-05-19 04:20:14.875765 | Iteration 106: similarity = -5.18e-04, loss = 7.60e-03, dice = 6.92e-01
2024-05-19 04:20:16.646282 | Iteration 107: similarity = -5.16e-04, loss = 7.56e-03, dice = 6.92e-01
2024-05-19 04:20:18.411417 | Iteration 108: similarity = -5.14e-04, loss = 7.51e-03, dice = 6.93e-01
2024-05-19 04:20:20.176222 | Iteration 109: similarity = -5.13e-04, loss = 7.47e-03, dice = 6.93e-01
2024-05-19 04:20:21.941262 | Iteration 110: similarity = -5.13e-04, loss = 7.42e-03, dice = 6.94e-01
2024-05-19 04:20:23.712052 | Iteration 111: similarity = -5.09e-04, loss = 7.38e-03, dice = 6.95e-01
2024-05-19 04:20:25.483008 | Iteration 112: similarity = -5.08e-04, loss = 7.33e-03, dice = 6.95e-01
2024-05-19 04:20:27.257165 | Iteration 113: similarity = -5.04e-04, loss = 7.29e-03, dice = 6.96e-01
2024-05-19 04:20:29.015665 | Iteration 114: similarity = -5.03e-04, loss = 7.24e-03, dice = 6.96e-01
2024-05-19 04:20:30.784921 | Iteration 115: similarity = -5.01e-04, loss = 7.20e-03, dice = 6.97e-01
2024-05-19 04:20:32.548285 | Iteration 116: similarity = -4.99e-04, loss = 7.15e-03, dice = 6.97e-01
2024-05-19 04:20:34.327204 | Iteration 117: similarity = -4.97e-04, loss = 7.12e-03, dice = 6.98e-01
2024-05-19 04:20:36.084415 | Iteration 118: similarity = -4.95e-04, loss = 7.07e-03, dice = 6.99e-01
2024-05-19 04:20:37.856935 | Iteration 119: similarity = -4.93e-04, loss = 7.04e-03, dice = 6.99e-01
2024-05-19 04:20:39.605613 | Iteration 120: similarity = -4.91e-04, loss = 6.99e-03, dice = 7.00e-01
2024-05-19 04:20:41.366077 | Iteration 121: similarity = -4.90e-04, loss = 6.96e-03, dice = 7.00e-01
2024-05-19 04:20:43.138858 | Iteration 122: similarity = -4.88e-04, loss = 6.91e-03, dice = 7.00e-01
2024-05-19 04:20:44.910661 | Iteration 123: similarity = -4.86e-04, loss = 6.88e-03, dice = 7.01e-01
2024-05-19 04:20:46.646925 | Iteration 124: similarity = -4.85e-04, loss = 6.84e-03, dice = 7.02e-01
2024-05-19 04:20:48.436344 | Iteration 125: similarity = -4.83e-04, loss = 6.81e-03, dice = 7.02e-01
2024-05-19 04:20:50.201842 | Iteration 126: similarity = -4.82e-04, loss = 6.77e-03, dice = 7.03e-01
2024-05-19 04:20:51.955835 | Iteration 127: similarity = -4.80e-04, loss = 6.74e-03, dice = 7.03e-01
2024-05-19 04:20:53.727914 | Iteration 128: similarity = -4.79e-04, loss = 6.70e-03, dice = 7.04e-01
2024-05-19 04:20:55.494628 | Iteration 129: similarity = -4.77e-04, loss = 6.67e-03, dice = 7.04e-01
2024-05-19 04:20:57.249135 | Iteration 130: similarity = -4.75e-04, loss = 6.63e-03, dice = 7.04e-01
2024-05-19 04:20:59.026212 | Iteration 131: similarity = -4.75e-04, loss = 6.60e-03, dice = 7.05e-01
2024-05-19 04:21:00.781408 | Iteration 132: similarity = -4.72e-04, loss = 6.56e-03, dice = 7.05e-01
2024-05-19 04:21:02.556873 | Iteration 133: similarity = -4.72e-04, loss = 6.53e-03, dice = 7.06e-01
2024-05-19 04:21:04.318285 | Iteration 134: similarity = -4.70e-04, loss = 6.50e-03, dice = 7.06e-01
2024-05-19 04:21:06.081293 | Iteration 135: similarity = -4.69e-04, loss = 6.46e-03, dice = 7.07e-01
2024-05-19 04:21:07.840642 | Iteration 136: similarity = -4.67e-04, loss = 6.43e-03, dice = 7.08e-01
2024-05-19 04:21:09.603947 | Iteration 137: similarity = -4.66e-04, loss = 6.40e-03, dice = 7.08e-01
2024-05-19 04:21:11.359421 | Iteration 138: similarity = -4.65e-04, loss = 6.37e-03, dice = 7.08e-01
2024-05-19 04:21:13.130131 | Iteration 139: similarity = -4.63e-04, loss = 6.34e-03, dice = 7.09e-01
2024-05-19 04:21:14.894789 | Iteration 140: similarity = -4.63e-04, loss = 6.31e-03, dice = 7.09e-01
2024-05-19 04:21:16.654700 | Iteration 141: similarity = -4.61e-04, loss = 6.28e-03, dice = 7.11e-01
2024-05-19 04:21:18.418031 | Iteration 142: similarity = -4.61e-04, loss = 6.25e-03, dice = 7.10e-01
2024-05-19 04:21:20.183158 | Iteration 143: similarity = -4.59e-04, loss = 6.22e-03, dice = 7.10e-01
2024-05-19 04:21:21.944461 | Iteration 144: similarity = -4.58e-04, loss = 6.19e-03, dice = 7.11e-01
2024-05-19 04:21:23.722554 | Iteration 145: similarity = -4.57e-04, loss = 6.16e-03, dice = 7.11e-01
2024-05-19 04:21:25.499530 | Iteration 146: similarity = -4.56e-04, loss = 6.14e-03, dice = 7.12e-01
2024-05-19 04:21:27.259298 | Iteration 147: similarity = -4.55e-04, loss = 6.11e-03, dice = 7.13e-01
2024-05-19 04:21:29.006981 | Iteration 148: similarity = -4.54e-04, loss = 6.09e-03, dice = 7.13e-01
2024-05-19 04:21:30.778171 | Iteration 149: similarity = -4.53e-04, loss = 6.06e-03, dice = 7.13e-01
2024-05-19 04:21:32.534920 | Iteration 150: similarity = -4.52e-04, loss = 6.03e-03, dice = 7.14e-01
2024-05-19 04:21:34.296782 | Iteration 151: similarity = -4.51e-04, loss = 6.00e-03, dice = 7.14e-01
2024-05-19 04:21:36.066100 | Iteration 152: similarity = -4.50e-04, loss = 5.98e-03, dice = 7.14e-01
2024-05-19 04:21:37.825424 | Iteration 153: similarity = -4.48e-04, loss = 5.95e-03, dice = 7.15e-01
2024-05-19 04:21:39.588811 | Iteration 154: similarity = -4.47e-04, loss = 5.93e-03, dice = 7.15e-01
2024-05-19 04:21:41.366364 | Iteration 155: similarity = -4.46e-04, loss = 5.90e-03, dice = 7.16e-01
2024-05-19 04:21:43.131454 | Iteration 156: similarity = -4.44e-04, loss = 5.88e-03, dice = 7.16e-01
2024-05-19 04:21:44.911567 | Iteration 157: similarity = -4.43e-04, loss = 5.85e-03, dice = 7.16e-01
2024-05-19 04:21:46.678160 | Iteration 158: similarity = -4.42e-04, loss = 5.83e-03, dice = 7.17e-01
2024-05-19 04:21:48.435256 | Iteration 159: similarity = -4.41e-04, loss = 5.80e-03, dice = 7.17e-01
2024-05-19 04:21:50.206315 | Iteration 160: similarity = -4.40e-04, loss = 5.78e-03, dice = 7.17e-01
2024-05-19 04:21:51.971648 | Iteration 161: similarity = -4.40e-04, loss = 5.76e-03, dice = 7.18e-01
2024-05-19 04:21:53.748347 | Iteration 162: similarity = -4.39e-04, loss = 5.74e-03, dice = 7.18e-01
2024-05-19 04:21:55.492447 | Iteration 163: similarity = -4.38e-04, loss = 5.71e-03, dice = 7.19e-01
2024-05-19 04:21:57.213611 | Iteration 164: similarity = -4.37e-04, loss = 5.69e-03, dice = 7.19e-01
2024-05-19 04:21:58.967948 | Iteration 165: similarity = -4.36e-04, loss = 5.66e-03, dice = 7.19e-01
2024-05-19 04:22:00.748485 | Iteration 166: similarity = -4.36e-04, loss = 5.65e-03, dice = 7.20e-01
2024-05-19 04:22:02.533160 | Iteration 167: similarity = -4.35e-04, loss = 5.62e-03, dice = 7.20e-01
2024-05-19 04:22:04.287806 | Iteration 168: similarity = -4.35e-04, loss = 5.60e-03, dice = 7.21e-01
2024-05-19 04:22:06.055878 | Iteration 169: similarity = -4.34e-04, loss = 5.57e-03, dice = 7.21e-01
2024-05-19 04:22:07.828064 | Iteration 170: similarity = -4.34e-04, loss = 5.56e-03, dice = 7.21e-01
2024-05-19 04:22:09.607672 | Iteration 171: similarity = -4.32e-04, loss = 5.53e-03, dice = 7.22e-01
2024-05-19 04:22:11.367242 | Iteration 172: similarity = -4.32e-04, loss = 5.52e-03, dice = 7.22e-01
2024-05-19 04:22:13.136703 | Iteration 173: similarity = -4.32e-04, loss = 5.49e-03, dice = 7.22e-01
2024-05-19 04:22:14.916727 | Iteration 174: similarity = -4.30e-04, loss = 5.48e-03, dice = 7.22e-01
2024-05-19 04:22:16.678899 | Iteration 175: similarity = -4.29e-04, loss = 5.45e-03, dice = 7.23e-01
2024-05-19 04:22:18.447072 | Iteration 176: similarity = -4.28e-04, loss = 5.43e-03, dice = 7.23e-01
2024-05-19 04:22:20.241006 | Iteration 177: similarity = -4.28e-04, loss = 5.41e-03, dice = 7.23e-01
2024-05-19 04:22:22.013202 | Iteration 178: similarity = -4.27e-04, loss = 5.40e-03, dice = 7.23e-01
2024-05-19 04:22:23.785075 | Iteration 179: similarity = -4.26e-04, loss = 5.37e-03, dice = 7.23e-01
2024-05-19 04:22:25.536102 | Iteration 180: similarity = -4.25e-04, loss = 5.35e-03, dice = 7.23e-01
2024-05-19 04:22:27.307579 | Iteration 181: similarity = -4.24e-04, loss = 5.33e-03, dice = 7.23e-01
2024-05-19 04:22:29.068951 | Iteration 182: similarity = -4.23e-04, loss = 5.32e-03, dice = 7.24e-01
2024-05-19 04:22:30.847425 | Iteration 183: similarity = -4.23e-04, loss = 5.29e-03, dice = 7.24e-01
2024-05-19 04:22:32.629608 | Iteration 184: similarity = -4.22e-04, loss = 5.28e-03, dice = 7.24e-01
2024-05-19 04:22:34.389740 | Iteration 185: similarity = -4.21e-04, loss = 5.25e-03, dice = 7.25e-01
2024-05-19 04:22:36.154682 | Iteration 186: similarity = -4.21e-04, loss = 5.24e-03, dice = 7.25e-01
2024-05-19 04:22:37.916841 | Iteration 187: similarity = -4.20e-04, loss = 5.22e-03, dice = 7.26e-01
2024-05-19 04:22:39.684403 | Iteration 188: similarity = -4.19e-04, loss = 5.20e-03, dice = 7.25e-01
2024-05-19 04:22:41.443716 | Iteration 189: similarity = -4.18e-04, loss = 5.18e-03, dice = 7.25e-01
2024-05-19 04:22:43.224208 | Iteration 190: similarity = -4.17e-04, loss = 5.17e-03, dice = 7.26e-01
2024-05-19 04:22:44.991978 | Iteration 191: similarity = -4.17e-04, loss = 5.15e-03, dice = 7.26e-01
2024-05-19 04:22:46.755543 | Iteration 192: similarity = -4.16e-04, loss = 5.13e-03, dice = 7.26e-01
2024-05-19 04:22:48.528775 | Iteration 193: similarity = -4.16e-04, loss = 5.11e-03, dice = 7.26e-01
2024-05-19 04:22:50.314025 | Iteration 194: similarity = -4.15e-04, loss = 5.10e-03, dice = 7.27e-01
2024-05-19 04:22:52.081258 | Iteration 195: similarity = -4.14e-04, loss = 5.07e-03, dice = 7.27e-01
2024-05-19 04:22:53.839815 | Iteration 196: similarity = -4.14e-04, loss = 5.06e-03, dice = 7.27e-01
2024-05-19 04:22:55.601331 | Iteration 197: similarity = -4.13e-04, loss = 5.04e-03, dice = 7.28e-01
2024-05-19 04:22:57.364071 | Iteration 198: similarity = -4.13e-04, loss = 5.03e-03, dice = 7.28e-01
2024-05-19 04:22:59.121565 | Iteration 199: similarity = -4.11e-04, loss = 5.01e-03, dice = 7.28e-01
2024-05-19 04:23:00.895413 | Iteration 200: similarity = -4.12e-04, loss = 4.99e-03, dice = 7.27e-01
2024-05-19 04:23:01.137768 | [scope plot registration results takes 0.24224400520324707s]
2024-05-19 04:23:01.967187 | Validation: HD [8.018148 ± 1.887841], MSD [0.817116 ± 0.160937], DSC [0.715843 ± 0.099556]
2024-05-19 04:23:01.967932 |          => HD [23.746908 ± 4.257524], MSD [0.811620 ± 0.191497], DSC [0.727414 ± 0.107685]
