====================================================================================================
Logging file for python script in Intensity Distribution.Experiment 1 (Anonymous): Exp1_LIC_GASD
.py
| The recreation of Experiment 1: comparison between LIC and GASD. 
Started at 2024-05-19 18:54:51.442976 with command:
> python Exp1_LIC_GASD.py --exp T1_CTr_GASD_noise_sig0
====================================================================================================

2024-05-19 18:54:53.772401 | Iteration 1: similarity = -1.49e-02, loss = 7.20e-02, dice = 5.93e-01
2024-05-19 18:54:55.900794 | Iteration 2: similarity = -1.04e-02, loss = 4.55e-02, dice = 6.23e-01
2024-05-19 18:54:57.986075 | Iteration 3: similarity = -6.44e-03, loss = 3.62e-02, dice = 6.29e-01
2024-05-19 18:55:00.033124 | Iteration 4: similarity = -4.67e-03, loss = 3.43e-02, dice = 6.30e-01
2024-05-19 18:55:02.120980 | Iteration 5: similarity = -3.71e-03, loss = 3.31e-02, dice = 6.28e-01
2024-05-19 18:55:04.180496 | Iteration 6: similarity = -3.08e-03, loss = 3.15e-02, dice = 6.29e-01
2024-05-19 18:55:06.178081 | Iteration 7: similarity = -2.70e-03, loss = 3.01e-02, dice = 6.30e-01
2024-05-19 18:55:08.344397 | Iteration 8: similarity = -2.38e-03, loss = 2.87e-02, dice = 6.29e-01
2024-05-19 18:55:10.486268 | Iteration 9: similarity = -2.17e-03, loss = 2.75e-02, dice = 6.29e-01
2024-05-19 18:55:12.637207 | Iteration 10: similarity = -1.99e-03, loss = 2.64e-02, dice = 6.30e-01
2024-05-19 18:55:14.666843 | Iteration 11: similarity = -1.81e-03, loss = 2.53e-02, dice = 6.31e-01
2024-05-19 18:55:16.803986 | Iteration 12: similarity = -1.69e-03, loss = 2.43e-02, dice = 6.32e-01
2024-05-19 18:55:18.836667 | Iteration 13: similarity = -1.59e-03, loss = 2.33e-02, dice = 6.33e-01
2024-05-19 18:55:20.897673 | Iteration 14: similarity = -1.50e-03, loss = 2.24e-02, dice = 6.34e-01
2024-05-19 18:55:23.001428 | Iteration 15: similarity = -1.42e-03, loss = 2.16e-02, dice = 6.34e-01
2024-05-19 18:55:25.047565 | Iteration 16: similarity = -1.36e-03, loss = 2.08e-02, dice = 6.36e-01
2024-05-19 18:55:27.228570 | Iteration 17: similarity = -1.30e-03, loss = 2.00e-02, dice = 6.37e-01
2024-05-19 18:55:29.247799 | Iteration 18: similarity = -1.24e-03, loss = 1.92e-02, dice = 6.38e-01
2024-05-19 18:55:31.452589 | Iteration 19: similarity = -1.19e-03, loss = 1.85e-02, dice = 6.39e-01
2024-05-19 18:55:33.567658 | Iteration 20: similarity = -1.15e-03, loss = 1.78e-02, dice = 6.40e-01
2024-05-19 18:55:35.744900 | Iteration 21: similarity = -1.11e-03, loss = 1.71e-02, dice = 6.41e-01
2024-05-19 18:55:37.839537 | Iteration 22: similarity = -1.08e-03, loss = 1.65e-02, dice = 6.43e-01
2024-05-19 18:55:40.007595 | Iteration 23: similarity = -1.05e-03, loss = 1.59e-02, dice = 6.45e-01
2024-05-19 18:55:42.106329 | Iteration 24: similarity = -1.02e-03, loss = 1.54e-02, dice = 6.46e-01
2024-05-19 18:55:44.408313 | Iteration 25: similarity = -9.99e-04, loss = 1.48e-02, dice = 6.47e-01
2024-05-19 18:55:46.479571 | Iteration 26: similarity = -9.81e-04, loss = 1.43e-02, dice = 6.49e-01
2024-05-19 18:55:48.586205 | Iteration 27: similarity = -9.59e-04, loss = 1.39e-02, dice = 6.51e-01
2024-05-19 18:55:50.672998 | Iteration 28: similarity = -9.41e-04, loss = 1.34e-02, dice = 6.52e-01
2024-05-19 18:55:52.736446 | Iteration 29: similarity = -9.22e-04, loss = 1.30e-02, dice = 6.54e-01
2024-05-19 18:55:54.967195 | Iteration 30: similarity = -9.07e-04, loss = 1.26e-02, dice = 6.55e-01
2024-05-19 18:55:57.071317 | Iteration 31: similarity = -8.92e-04, loss = 1.22e-02, dice = 6.56e-01
2024-05-19 18:55:59.267701 | Iteration 32: similarity = -8.78e-04, loss = 1.19e-02, dice = 6.58e-01
2024-05-19 18:56:01.332812 | Iteration 33: similarity = -8.64e-04, loss = 1.15e-02, dice = 6.60e-01
2024-05-19 18:56:03.427536 | Iteration 34: similarity = -8.52e-04, loss = 1.12e-02, dice = 6.61e-01
2024-05-19 18:56:05.571389 | Iteration 35: similarity = -8.41e-04, loss = 1.09e-02, dice = 6.63e-01
2024-05-19 18:56:07.664151 | Iteration 36: similarity = -8.30e-04, loss = 1.06e-02, dice = 6.64e-01
2024-05-19 18:56:09.839249 | Iteration 37: similarity = -8.22e-04, loss = 1.04e-02, dice = 6.65e-01
2024-05-19 18:56:11.883691 | Iteration 38: similarity = -8.14e-04, loss = 1.01e-02, dice = 6.68e-01
2024-05-19 18:56:14.142031 | Iteration 39: similarity = -8.04e-04, loss = 9.90e-03, dice = 6.69e-01
2024-05-19 18:56:16.172592 | Iteration 40: similarity = -7.96e-04, loss = 9.69e-03, dice = 6.71e-01
2024-05-19 18:56:18.244145 | Iteration 41: similarity = -7.89e-04, loss = 9.49e-03, dice = 6.72e-01
2024-05-19 18:56:20.396376 | Iteration 42: similarity = -7.81e-04, loss = 9.29e-03, dice = 6.73e-01
2024-05-19 18:56:22.405408 | Iteration 43: similarity = -7.73e-04, loss = 9.11e-03, dice = 6.75e-01
2024-05-19 18:56:24.689771 | Iteration 44: similarity = -7.65e-04, loss = 8.94e-03, dice = 6.76e-01
2024-05-19 18:56:26.777147 | Iteration 45: similarity = -7.59e-04, loss = 8.78e-03, dice = 6.78e-01
2024-05-19 18:56:28.852462 | Iteration 46: similarity = -7.54e-04, loss = 8.63e-03, dice = 6.79e-01
2024-05-19 18:56:30.986517 | Iteration 47: similarity = -7.48e-04, loss = 8.49e-03, dice = 6.80e-01
2024-05-19 18:56:33.008013 | Iteration 48: similarity = -7.42e-04, loss = 8.35e-03, dice = 6.82e-01
2024-05-19 18:56:35.297625 | Iteration 49: similarity = -7.35e-04, loss = 8.22e-03, dice = 6.83e-01
2024-05-19 18:56:37.130526 | Iteration 50: similarity = -7.29e-04, loss = 8.10e-03, dice = 6.84e-01
2024-05-19 18:56:38.867894 | Iteration 51: similarity = -7.24e-04, loss = 7.98e-03, dice = 6.85e-01
2024-05-19 18:56:40.631459 | Iteration 52: similarity = -7.19e-04, loss = 7.87e-03, dice = 6.86e-01
2024-05-19 18:56:42.409505 | Iteration 53: similarity = -7.15e-04, loss = 7.76e-03, dice = 6.87e-01
2024-05-19 18:56:44.199270 | Iteration 54: similarity = -7.11e-04, loss = 7.66e-03, dice = 6.89e-01
2024-05-19 18:56:45.950955 | Iteration 55: similarity = -7.08e-04, loss = 7.57e-03, dice = 6.90e-01
2024-05-19 18:56:47.707965 | Iteration 56: similarity = -7.03e-04, loss = 7.48e-03, dice = 6.92e-01
2024-05-19 18:56:49.470985 | Iteration 57: similarity = -6.98e-04, loss = 7.39e-03, dice = 6.93e-01
2024-05-19 18:56:51.238444 | Iteration 58: similarity = -6.95e-04, loss = 7.31e-03, dice = 6.94e-01
2024-05-19 18:56:53.010943 | Iteration 59: similarity = -6.90e-04, loss = 7.23e-03, dice = 6.95e-01
2024-05-19 18:56:54.770105 | Iteration 60: similarity = -6.88e-04, loss = 7.15e-03, dice = 6.96e-01
2024-05-19 18:56:56.548457 | Iteration 61: similarity = -6.83e-04, loss = 7.08e-03, dice = 6.97e-01
2024-05-19 18:56:58.360058 | Iteration 62: similarity = -6.81e-04, loss = 7.02e-03, dice = 6.98e-01
2024-05-19 18:57:00.104340 | Iteration 63: similarity = -6.77e-04, loss = 6.95e-03, dice = 7.00e-01
2024-05-19 18:57:01.908478 | Iteration 64: similarity = -6.73e-04, loss = 6.88e-03, dice = 7.00e-01
2024-05-19 18:57:03.682322 | Iteration 65: similarity = -6.70e-04, loss = 6.83e-03, dice = 7.02e-01
2024-05-19 18:57:05.461401 | Iteration 66: similarity = -6.67e-04, loss = 6.77e-03, dice = 7.03e-01
2024-05-19 18:57:07.292928 | Iteration 67: similarity = -6.64e-04, loss = 6.71e-03, dice = 7.03e-01
2024-05-19 18:57:09.069364 | Iteration 68: similarity = -6.62e-04, loss = 6.66e-03, dice = 7.04e-01
2024-05-19 18:57:10.857312 | Iteration 69: similarity = -6.57e-04, loss = 6.61e-03, dice = 7.05e-01
2024-05-19 18:57:12.740692 | Iteration 70: similarity = -6.53e-04, loss = 6.57e-03, dice = 7.06e-01
2024-05-19 18:57:14.970996 | Iteration 71: similarity = -6.50e-04, loss = 6.52e-03, dice = 7.08e-01
2024-05-19 18:57:16.781498 | Iteration 72: similarity = -6.47e-04, loss = 6.47e-03, dice = 7.08e-01
2024-05-19 18:57:18.561130 | Iteration 73: similarity = -6.45e-04, loss = 6.43e-03, dice = 7.09e-01
2024-05-19 18:57:20.363352 | Iteration 74: similarity = -6.43e-04, loss = 6.39e-03, dice = 7.10e-01
2024-05-19 18:57:22.122110 | Iteration 75: similarity = -6.41e-04, loss = 6.35e-03, dice = 7.10e-01
2024-05-19 18:57:23.944443 | Iteration 76: similarity = -6.40e-04, loss = 6.32e-03, dice = 7.11e-01
2024-05-19 18:57:25.729416 | Iteration 77: similarity = -6.37e-04, loss = 6.28e-03, dice = 7.11e-01
2024-05-19 18:57:27.495062 | Iteration 78: similarity = -6.34e-04, loss = 6.25e-03, dice = 7.12e-01
2024-05-19 18:57:29.285858 | Iteration 79: similarity = -6.33e-04, loss = 6.21e-03, dice = 7.13e-01
2024-05-19 18:57:31.088514 | Iteration 80: similarity = -6.30e-04, loss = 6.18e-03, dice = 7.14e-01
2024-05-19 18:57:32.867620 | Iteration 81: similarity = -6.29e-04, loss = 6.15e-03, dice = 7.14e-01
2024-05-19 18:57:34.655576 | Iteration 82: similarity = -6.27e-04, loss = 6.11e-03, dice = 7.15e-01
2024-05-19 18:57:36.422972 | Iteration 83: similarity = -6.26e-04, loss = 6.08e-03, dice = 7.16e-01
2024-05-19 18:57:38.192646 | Iteration 84: similarity = -6.24e-04, loss = 6.06e-03, dice = 7.16e-01
2024-05-19 18:57:40.024645 | Iteration 85: similarity = -6.22e-04, loss = 6.03e-03, dice = 7.17e-01
2024-05-19 18:57:41.821661 | Iteration 86: similarity = -6.20e-04, loss = 6.00e-03, dice = 7.18e-01
2024-05-19 18:57:43.601894 | Iteration 87: similarity = -6.18e-04, loss = 5.97e-03, dice = 7.19e-01
2024-05-19 18:57:45.365289 | Iteration 88: similarity = -6.16e-04, loss = 5.94e-03, dice = 7.19e-01
2024-05-19 18:57:47.135100 | Iteration 89: similarity = -6.14e-04, loss = 5.91e-03, dice = 7.20e-01
2024-05-19 18:57:48.931096 | Iteration 90: similarity = -6.13e-04, loss = 5.88e-03, dice = 7.21e-01
2024-05-19 18:57:50.713777 | Iteration 91: similarity = -6.13e-04, loss = 5.86e-03, dice = 7.21e-01
2024-05-19 18:57:52.494281 | Iteration 92: similarity = -6.11e-04, loss = 5.83e-03, dice = 7.22e-01
2024-05-19 18:57:54.262397 | Iteration 93: similarity = -6.09e-04, loss = 5.81e-03, dice = 7.22e-01
2024-05-19 18:57:56.027214 | Iteration 94: similarity = -6.08e-04, loss = 5.78e-03, dice = 7.23e-01
2024-05-19 18:57:57.783581 | Iteration 95: similarity = -6.06e-04, loss = 5.76e-03, dice = 7.22e-01
2024-05-19 18:57:59.546745 | Iteration 96: similarity = -6.05e-04, loss = 5.73e-03, dice = 7.23e-01
2024-05-19 18:58:01.325089 | Iteration 97: similarity = -6.03e-04, loss = 5.71e-03, dice = 7.23e-01
2024-05-19 18:58:03.077011 | Iteration 98: similarity = -6.02e-04, loss = 5.68e-03, dice = 7.24e-01
2024-05-19 18:58:04.824477 | Iteration 99: similarity = -6.00e-04, loss = 5.66e-03, dice = 7.24e-01
2024-05-19 18:58:06.643634 | Iteration 100: similarity = -5.98e-04, loss = 5.64e-03, dice = 7.24e-01
2024-05-19 18:58:08.416090 | Iteration 101: similarity = -5.98e-04, loss = 5.62e-03, dice = 7.25e-01
2024-05-19 18:58:10.207513 | Iteration 102: similarity = -5.98e-04, loss = 5.59e-03, dice = 7.25e-01
2024-05-19 18:58:11.998868 | Iteration 103: similarity = -5.97e-04, loss = 5.57e-03, dice = 7.26e-01
2024-05-19 18:58:13.798379 | Iteration 104: similarity = -5.96e-04, loss = 5.55e-03, dice = 7.26e-01
2024-05-19 18:58:15.569181 | Iteration 105: similarity = -5.95e-04, loss = 5.53e-03, dice = 7.26e-01
2024-05-19 18:58:17.317936 | Iteration 106: similarity = -5.93e-04, loss = 5.51e-03, dice = 7.27e-01
2024-05-19 18:58:19.130287 | Iteration 107: similarity = -5.92e-04, loss = 5.49e-03, dice = 7.27e-01
2024-05-19 18:58:20.916982 | Iteration 108: similarity = -5.90e-04, loss = 5.47e-03, dice = 7.27e-01
2024-05-19 18:58:22.694915 | Iteration 109: similarity = -5.89e-04, loss = 5.44e-03, dice = 7.28e-01
2024-05-19 18:58:24.456183 | Iteration 110: similarity = -5.88e-04, loss = 5.43e-03, dice = 7.28e-01
2024-05-19 18:58:26.256383 | Iteration 111: similarity = -5.87e-04, loss = 5.41e-03, dice = 7.28e-01
2024-05-19 18:58:28.038961 | Iteration 112: similarity = -5.85e-04, loss = 5.39e-03, dice = 7.28e-01
2024-05-19 18:58:29.822008 | Iteration 113: similarity = -5.85e-04, loss = 5.37e-03, dice = 7.28e-01
2024-05-19 18:58:31.596393 | Iteration 114: similarity = -5.84e-04, loss = 5.35e-03, dice = 7.29e-01
2024-05-19 18:58:33.375906 | Iteration 115: similarity = -5.83e-04, loss = 5.33e-03, dice = 7.29e-01
2024-05-19 18:58:35.184964 | Iteration 116: similarity = -5.82e-04, loss = 5.31e-03, dice = 7.29e-01
2024-05-19 18:58:37.005952 | Iteration 117: similarity = -5.81e-04, loss = 5.29e-03, dice = 7.30e-01
2024-05-19 18:58:38.796488 | Iteration 118: similarity = -5.80e-04, loss = 5.27e-03, dice = 7.31e-01
2024-05-19 18:58:40.613524 | Iteration 119: similarity = -5.79e-04, loss = 5.25e-03, dice = 7.31e-01
2024-05-19 18:58:42.424695 | Iteration 120: similarity = -5.78e-04, loss = 5.24e-03, dice = 7.30e-01
2024-05-19 18:58:44.224300 | Iteration 121: similarity = -5.78e-04, loss = 5.22e-03, dice = 7.31e-01
2024-05-19 18:58:46.033644 | Iteration 122: similarity = -5.78e-04, loss = 5.20e-03, dice = 7.32e-01
2024-05-19 18:58:47.895547 | Iteration 123: similarity = -5.76e-04, loss = 5.18e-03, dice = 7.32e-01
2024-05-19 18:58:49.678402 | Iteration 124: similarity = -5.75e-04, loss = 5.17e-03, dice = 7.32e-01
2024-05-19 18:58:51.461296 | Iteration 125: similarity = -5.74e-04, loss = 5.15e-03, dice = 7.33e-01
2024-05-19 18:58:53.263765 | Iteration 126: similarity = -5.74e-04, loss = 5.14e-03, dice = 7.33e-01
2024-05-19 18:58:55.442715 | Iteration 127: similarity = -5.74e-04, loss = 5.11e-03, dice = 7.33e-01
2024-05-19 18:58:57.577278 | Iteration 128: similarity = -5.72e-04, loss = 5.10e-03, dice = 7.33e-01
2024-05-19 18:58:59.633412 | Iteration 129: similarity = -5.72e-04, loss = 5.08e-03, dice = 7.33e-01
2024-05-19 18:59:01.833119 | Iteration 130: similarity = -5.70e-04, loss = 5.07e-03, dice = 7.34e-01
2024-05-19 18:59:03.971326 | Iteration 131: similarity = -5.68e-04, loss = 5.05e-03, dice = 7.34e-01
2024-05-19 18:59:06.057470 | Iteration 132: similarity = -5.68e-04, loss = 5.04e-03, dice = 7.34e-01
2024-05-19 18:59:08.341403 | Iteration 133: similarity = -5.67e-04, loss = 5.02e-03, dice = 7.35e-01
2024-05-19 18:59:10.437440 | Iteration 134: similarity = -5.66e-04, loss = 5.00e-03, dice = 7.35e-01
2024-05-19 18:59:12.759373 | Iteration 135: similarity = -5.65e-04, loss = 4.98e-03, dice = 7.35e-01
2024-05-19 18:59:14.877098 | Iteration 136: similarity = -5.64e-04, loss = 4.97e-03, dice = 7.34e-01
2024-05-19 18:59:17.001856 | Iteration 137: similarity = -5.63e-04, loss = 4.95e-03, dice = 7.35e-01
2024-05-19 18:59:19.120575 | Iteration 138: similarity = -5.64e-04, loss = 4.94e-03, dice = 7.36e-01
2024-05-19 18:59:21.199326 | Iteration 139: similarity = -5.63e-04, loss = 4.92e-03, dice = 7.36e-01
2024-05-19 18:59:23.499181 | Iteration 140: similarity = -5.63e-04, loss = 4.91e-03, dice = 7.36e-01
2024-05-19 18:59:25.613926 | Iteration 141: similarity = -5.62e-04, loss = 4.89e-03, dice = 7.36e-01
2024-05-19 18:59:27.799764 | Iteration 142: similarity = -5.61e-04, loss = 4.88e-03, dice = 7.36e-01
2024-05-19 18:59:29.999980 | Iteration 143: similarity = -5.60e-04, loss = 4.86e-03, dice = 7.36e-01
2024-05-19 18:59:32.145195 | Iteration 144: similarity = -5.60e-04, loss = 4.85e-03, dice = 7.36e-01
2024-05-19 18:59:34.410574 | Iteration 145: similarity = -5.60e-04, loss = 4.83e-03, dice = 7.37e-01
2024-05-19 18:59:36.513419 | Iteration 146: similarity = -5.59e-04, loss = 4.82e-03, dice = 7.37e-01
2024-05-19 18:59:38.729976 | Iteration 147: similarity = -5.58e-04, loss = 4.81e-03, dice = 7.37e-01
2024-05-19 18:59:40.815960 | Iteration 148: similarity = -5.58e-04, loss = 4.80e-03, dice = 7.37e-01
2024-05-19 18:59:42.944584 | Iteration 149: similarity = -5.57e-04, loss = 4.78e-03, dice = 7.37e-01
2024-05-19 18:59:45.146013 | Iteration 150: similarity = -5.56e-04, loss = 4.77e-03, dice = 7.38e-01
2024-05-19 18:59:47.236197 | Iteration 151: similarity = -5.56e-04, loss = 4.75e-03, dice = 7.38e-01
2024-05-19 18:59:49.409555 | Iteration 152: similarity = -5.55e-04, loss = 4.74e-03, dice = 7.38e-01
2024-05-19 18:59:51.488371 | Iteration 153: similarity = -5.55e-04, loss = 4.72e-03, dice = 7.37e-01
2024-05-19 18:59:53.611441 | Iteration 154: similarity = -5.54e-04, loss = 4.71e-03, dice = 7.39e-01
2024-05-19 18:59:55.830792 | Iteration 155: similarity = -5.54e-04, loss = 4.70e-03, dice = 7.39e-01
2024-05-19 18:59:57.864551 | Iteration 156: similarity = -5.53e-04, loss = 4.69e-03, dice = 7.38e-01
2024-05-19 19:00:00.038863 | Iteration 157: similarity = -5.52e-04, loss = 4.67e-03, dice = 7.38e-01
2024-05-19 19:00:02.146515 | Iteration 158: similarity = -5.52e-04, loss = 4.66e-03, dice = 7.39e-01
2024-05-19 19:00:04.450342 | Iteration 159: similarity = -5.51e-04, loss = 4.65e-03, dice = 7.39e-01
2024-05-19 19:00:06.514265 | Iteration 160: similarity = -5.51e-04, loss = 4.63e-03, dice = 7.39e-01
2024-05-19 19:00:08.629312 | Iteration 161: similarity = -5.50e-04, loss = 4.62e-03, dice = 7.39e-01
2024-05-19 19:00:10.780198 | Iteration 162: similarity = -5.50e-04, loss = 4.61e-03, dice = 7.40e-01
2024-05-19 19:00:12.885236 | Iteration 163: similarity = -5.50e-04, loss = 4.60e-03, dice = 7.40e-01
2024-05-19 19:00:15.030857 | Iteration 164: similarity = -5.50e-04, loss = 4.58e-03, dice = 7.40e-01
2024-05-19 19:00:17.153654 | Iteration 165: similarity = -5.50e-04, loss = 4.57e-03, dice = 7.40e-01
2024-05-19 19:00:19.344410 | Iteration 166: similarity = -5.49e-04, loss = 4.56e-03, dice = 7.40e-01
2024-05-19 19:00:21.519944 | Iteration 167: similarity = -5.48e-04, loss = 4.55e-03, dice = 7.41e-01
2024-05-19 19:00:23.697920 | Iteration 168: similarity = -5.48e-04, loss = 4.54e-03, dice = 7.40e-01
2024-05-19 19:00:25.994861 | Iteration 169: similarity = -5.48e-04, loss = 4.52e-03, dice = 7.40e-01
2024-05-19 19:00:28.005755 | Iteration 170: similarity = -5.47e-04, loss = 4.51e-03, dice = 7.40e-01
2024-05-19 19:00:30.234827 | Iteration 171: similarity = -5.46e-04, loss = 4.50e-03, dice = 7.41e-01
2024-05-19 19:00:32.322077 | Iteration 172: similarity = -5.46e-04, loss = 4.49e-03, dice = 7.41e-01
2024-05-19 19:00:34.649662 | Iteration 173: similarity = -5.45e-04, loss = 4.48e-03, dice = 7.41e-01
2024-05-19 19:00:36.814743 | Iteration 174: similarity = -5.45e-04, loss = 4.46e-03, dice = 7.41e-01
2024-05-19 19:00:38.972539 | Iteration 175: similarity = -5.44e-04, loss = 4.45e-03, dice = 7.41e-01
2024-05-19 19:00:41.089239 | Iteration 176: similarity = -5.44e-04, loss = 4.44e-03, dice = 7.41e-01
2024-05-19 19:00:43.263404 | Iteration 177: similarity = -5.44e-04, loss = 4.43e-03, dice = 7.41e-01
2024-05-19 19:00:45.458249 | Iteration 178: similarity = -5.44e-04, loss = 4.42e-03, dice = 7.41e-01
2024-05-19 19:00:47.508375 | Iteration 179: similarity = -5.43e-04, loss = 4.41e-03, dice = 7.42e-01
2024-05-19 19:00:49.713174 | Iteration 180: similarity = -5.43e-04, loss = 4.40e-03, dice = 7.42e-01
2024-05-19 19:00:51.770644 | Iteration 181: similarity = -5.43e-04, loss = 4.39e-03, dice = 7.41e-01
2024-05-19 19:00:53.817626 | Iteration 182: similarity = -5.43e-04, loss = 4.38e-03, dice = 7.42e-01
2024-05-19 19:00:55.823050 | Iteration 183: similarity = -5.43e-04, loss = 4.37e-03, dice = 7.42e-01
2024-05-19 19:00:57.865712 | Iteration 184: similarity = -5.43e-04, loss = 4.35e-03, dice = 7.42e-01
2024-05-19 19:00:59.887016 | Iteration 185: similarity = -5.42e-04, loss = 4.35e-03, dice = 7.42e-01
2024-05-19 19:01:01.966842 | Iteration 186: similarity = -5.42e-04, loss = 4.33e-03, dice = 7.42e-01
2024-05-19 19:01:04.032307 | Iteration 187: similarity = -5.41e-04, loss = 4.32e-03, dice = 7.42e-01
2024-05-19 19:01:06.059378 | Iteration 188: similarity = -5.41e-04, loss = 4.31e-03, dice = 7.42e-01
2024-05-19 19:01:08.006993 | Iteration 189: similarity = -5.41e-04, loss = 4.30e-03, dice = 7.42e-01
2024-05-19 19:01:09.775886 | Iteration 190: similarity = -5.41e-04, loss = 4.29e-03, dice = 7.42e-01
2024-05-19 19:01:11.556073 | Iteration 191: similarity = -5.41e-04, loss = 4.28e-03, dice = 7.43e-01
2024-05-19 19:01:13.350086 | Iteration 192: similarity = -5.40e-04, loss = 4.27e-03, dice = 7.43e-01
2024-05-19 19:01:15.173871 | Iteration 193: similarity = -5.40e-04, loss = 4.26e-03, dice = 7.42e-01
2024-05-19 19:01:17.008669 | Iteration 194: similarity = -5.40e-04, loss = 4.25e-03, dice = 7.42e-01
2024-05-19 19:01:18.842003 | Iteration 195: similarity = -5.40e-04, loss = 4.24e-03, dice = 7.43e-01
2024-05-19 19:01:20.671689 | Iteration 196: similarity = -5.39e-04, loss = 4.23e-03, dice = 7.43e-01
2024-05-19 19:01:22.491565 | Iteration 197: similarity = -5.39e-04, loss = 4.22e-03, dice = 7.43e-01
2024-05-19 19:01:24.318577 | Iteration 198: similarity = -5.39e-04, loss = 4.21e-03, dice = 7.43e-01
2024-05-19 19:01:26.094885 | Iteration 199: similarity = -5.39e-04, loss = 4.20e-03, dice = 7.43e-01
2024-05-19 19:01:27.860134 | Iteration 200: similarity = -5.38e-04, loss = 4.19e-03, dice = 7.43e-01
2024-05-19 19:01:28.118613 | [scope plot registration results takes 0.25838637351989746s]
2024-05-19 19:01:29.036570 | Validation: HD [8.018148 ± 1.887841], MSD [0.817116 ± 0.160937], DSC [0.715843 ± 0.099556]
2024-05-19 19:01:29.037300 |          => HD [18.324554 ± 0.562146], MSD [0.756759 ± 0.173177], DSC [0.743424 ± 0.095172]
