====================================================================================================
Logging file for python script in Intensity Distribution.Experiment 1 (Anonymous): Exp1_LIC_GASD
.py
| The recreation of Experiment 1: comparison between LIC and GASD. 
Started at 2024-05-19 02:42:18.433041 with command:
> python Exp1_LIC_GASD.py --exp T2_NCC
====================================================================================================

2024-05-19 02:42:19.662384 | Iteration 1: similarity = 6.77e-01, loss = 5.03e+00, dice = 5.93e-01
2024-05-19 02:42:20.783695 | Iteration 2: similarity = 7.01e-01, loss = 3.65e+00, dice = 6.01e-01
2024-05-19 02:42:21.895315 | Iteration 3: similarity = 7.32e-01, loss = 2.92e+00, dice = 5.91e-01
2024-05-19 02:42:22.996971 | Iteration 4: similarity = 7.56e-01, loss = 2.19e+00, dice = 5.83e-01
2024-05-19 02:42:24.108482 | Iteration 5: similarity = 7.74e-01, loss = 1.95e+00, dice = 5.66e-01
2024-05-19 02:42:25.225203 | Iteration 6: similarity = 7.91e-01, loss = 1.69e+00, dice = 5.48e-01
2024-05-19 02:42:26.343883 | Iteration 7: similarity = 8.07e-01, loss = 1.45e+00, dice = 5.30e-01
2024-05-19 02:42:27.470176 | Iteration 8: similarity = 8.19e-01, loss = 1.25e+00, dice = 5.15e-01
2024-05-19 02:42:28.580665 | Iteration 9: similarity = 8.30e-01, loss = 1.07e+00, dice = 5.01e-01
2024-05-19 02:42:29.695491 | Iteration 10: similarity = 8.38e-01, loss = 9.11e-01, dice = 4.90e-01
2024-05-19 02:42:30.820144 | Iteration 11: similarity = 8.45e-01, loss = 7.79e-01, dice = 4.81e-01
2024-05-19 02:42:31.928524 | Iteration 12: similarity = 8.50e-01, loss = 6.60e-01, dice = 4.74e-01
2024-05-19 02:42:33.031394 | Iteration 13: similarity = 8.55e-01, loss = 5.53e-01, dice = 4.66e-01
2024-05-19 02:42:34.157996 | Iteration 14: similarity = 8.58e-01, loss = 4.58e-01, dice = 4.59e-01
2024-05-19 02:42:35.268239 | Iteration 15: similarity = 8.61e-01, loss = 3.70e-01, dice = 4.53e-01
2024-05-19 02:42:36.385252 | Iteration 16: similarity = 8.64e-01, loss = 2.91e-01, dice = 4.49e-01
2024-05-19 02:42:37.506425 | Iteration 17: similarity = 8.66e-01, loss = 2.17e-01, dice = 4.46e-01
2024-05-19 02:42:38.614563 | Iteration 18: similarity = 8.67e-01, loss = 1.49e-01, dice = 4.43e-01
2024-05-19 02:42:39.711342 | Iteration 19: similarity = 8.69e-01, loss = 8.78e-02, dice = 4.41e-01
2024-05-19 02:42:40.809284 | Iteration 20: similarity = 8.70e-01, loss = 3.29e-02, dice = 4.38e-01
2024-05-19 02:42:41.908622 | Iteration 21: similarity = 8.71e-01, loss = -1.79e-02, dice = 4.35e-01
2024-05-19 02:42:43.013886 | Iteration 22: similarity = 8.72e-01, loss = -6.47e-02, dice = 4.31e-01
2024-05-19 02:42:44.119358 | Iteration 23: similarity = 8.73e-01, loss = -1.08e-01, dice = 4.29e-01
2024-05-19 02:42:45.229852 | Iteration 24: similarity = 8.74e-01, loss = -1.47e-01, dice = 4.28e-01
2024-05-19 02:42:46.327175 | Iteration 25: similarity = 8.74e-01, loss = -1.82e-01, dice = 4.26e-01
2024-05-19 02:42:47.432779 | Iteration 26: similarity = 8.75e-01, loss = -2.14e-01, dice = 4.25e-01
2024-05-19 02:42:48.543317 | Iteration 27: similarity = 8.75e-01, loss = -2.43e-01, dice = 4.24e-01
2024-05-19 02:42:49.654409 | Iteration 28: similarity = 8.75e-01, loss = -2.68e-01, dice = 4.22e-01
2024-05-19 02:42:50.757934 | Iteration 29: similarity = 8.76e-01, loss = -2.92e-01, dice = 4.21e-01
2024-05-19 02:42:51.862458 | Iteration 30: similarity = 8.76e-01, loss = -3.12e-01, dice = 4.19e-01
2024-05-19 02:42:52.959115 | Iteration 31: similarity = 8.76e-01, loss = -3.29e-01, dice = 4.18e-01
2024-05-19 02:42:54.063731 | Iteration 32: similarity = 8.76e-01, loss = -3.45e-01, dice = 4.17e-01
2024-05-19 02:42:55.161487 | Iteration 33: similarity = 8.77e-01, loss = -3.58e-01, dice = 4.16e-01
2024-05-19 02:42:56.273299 | Iteration 34: similarity = 8.77e-01, loss = -3.69e-01, dice = 4.15e-01
2024-05-19 02:42:57.381616 | Iteration 35: similarity = 8.77e-01, loss = -3.78e-01, dice = 4.14e-01
2024-05-19 02:42:58.486548 | Iteration 36: similarity = 8.77e-01, loss = -3.86e-01, dice = 4.13e-01
2024-05-19 02:42:59.603671 | Iteration 37: similarity = 8.77e-01, loss = -3.92e-01, dice = 4.12e-01
2024-05-19 02:43:00.714690 | Iteration 38: similarity = 8.78e-01, loss = -3.97e-01, dice = 4.11e-01
2024-05-19 02:43:01.818189 | Iteration 39: similarity = 8.78e-01, loss = -4.01e-01, dice = 4.09e-01
2024-05-19 02:43:02.924066 | Iteration 40: similarity = 8.78e-01, loss = -4.05e-01, dice = 4.08e-01
2024-05-19 02:43:04.021526 | Iteration 41: similarity = 8.78e-01, loss = -4.07e-01, dice = 4.07e-01
2024-05-19 02:43:05.130472 | Iteration 42: similarity = 8.78e-01, loss = -4.09e-01, dice = 4.07e-01
2024-05-19 02:43:06.234672 | Iteration 43: similarity = 8.79e-01, loss = -4.10e-01, dice = 4.05e-01
2024-05-19 02:43:07.333521 | Iteration 44: similarity = 8.79e-01, loss = -4.11e-01, dice = 4.05e-01
2024-05-19 02:43:08.439723 | Iteration 45: similarity = 8.79e-01, loss = -4.11e-01, dice = 4.04e-01
2024-05-19 02:43:09.543964 | Iteration 46: similarity = 8.79e-01, loss = -4.11e-01, dice = 4.02e-01
2024-05-19 02:43:10.655812 | Iteration 47: similarity = 8.80e-01, loss = -4.11e-01, dice = 4.02e-01
2024-05-19 02:43:11.757643 | Iteration 48: similarity = 8.80e-01, loss = -4.11e-01, dice = 4.01e-01
2024-05-19 02:43:12.853771 | Iteration 49: similarity = 8.80e-01, loss = -4.10e-01, dice = 4.00e-01
2024-05-19 02:43:13.963943 | Iteration 50: similarity = 8.81e-01, loss = -4.09e-01, dice = 3.99e-01
2024-05-19 02:43:15.066213 | Iteration 51: similarity = 8.81e-01, loss = -4.08e-01, dice = 3.98e-01
2024-05-19 02:43:16.180643 | Iteration 52: similarity = 8.81e-01, loss = -4.07e-01, dice = 3.97e-01
2024-05-19 02:43:17.285742 | Iteration 53: similarity = 8.82e-01, loss = -4.06e-01, dice = 3.96e-01
2024-05-19 02:43:18.393948 | Iteration 54: similarity = 8.82e-01, loss = -4.05e-01, dice = 3.95e-01
2024-05-19 02:43:19.502338 | Iteration 55: similarity = 8.82e-01, loss = -4.04e-01, dice = 3.94e-01
2024-05-19 02:43:20.596136 | Iteration 56: similarity = 8.83e-01, loss = -4.03e-01, dice = 3.93e-01
2024-05-19 02:43:21.697337 | Iteration 57: similarity = 8.83e-01, loss = -4.01e-01, dice = 3.92e-01
2024-05-19 02:43:22.779910 | Iteration 58: similarity = 8.83e-01, loss = -4.00e-01, dice = 3.92e-01
2024-05-19 02:43:23.883861 | Iteration 59: similarity = 8.84e-01, loss = -3.99e-01, dice = 3.91e-01
2024-05-19 02:43:24.993913 | Iteration 60: similarity = 8.84e-01, loss = -3.97e-01, dice = 3.91e-01
2024-05-19 02:43:26.100559 | Iteration 61: similarity = 8.84e-01, loss = -3.96e-01, dice = 3.89e-01
2024-05-19 02:43:27.205213 | Iteration 62: similarity = 8.85e-01, loss = -3.94e-01, dice = 3.88e-01
2024-05-19 02:43:28.300434 | Iteration 63: similarity = 8.85e-01, loss = -3.93e-01, dice = 3.88e-01
2024-05-19 02:43:29.393341 | Iteration 64: similarity = 8.85e-01, loss = -3.91e-01, dice = 3.87e-01
2024-05-19 02:43:30.494756 | Iteration 65: similarity = 8.85e-01, loss = -3.89e-01, dice = 3.86e-01
2024-05-19 02:43:31.597608 | Iteration 66: similarity = 8.86e-01, loss = -3.88e-01, dice = 3.86e-01
2024-05-19 02:43:32.701506 | Iteration 67: similarity = 8.86e-01, loss = -3.86e-01, dice = 3.85e-01
2024-05-19 02:43:33.805768 | Iteration 68: similarity = 8.86e-01, loss = -3.85e-01, dice = 3.84e-01
2024-05-19 02:43:34.899623 | Iteration 69: similarity = 8.86e-01, loss = -3.83e-01, dice = 3.83e-01
2024-05-19 02:43:36.002394 | Iteration 70: similarity = 8.87e-01, loss = -3.81e-01, dice = 3.83e-01
2024-05-19 02:43:37.106371 | Iteration 71: similarity = 8.87e-01, loss = -3.80e-01, dice = 3.82e-01
2024-05-19 02:43:38.217727 | Iteration 72: similarity = 8.87e-01, loss = -3.78e-01, dice = 3.81e-01
2024-05-19 02:43:39.324074 | Iteration 73: similarity = 8.87e-01, loss = -3.77e-01, dice = 3.81e-01
2024-05-19 02:43:40.436086 | Iteration 74: similarity = 8.88e-01, loss = -3.75e-01, dice = 3.80e-01
2024-05-19 02:43:41.532243 | Iteration 75: similarity = 8.88e-01, loss = -3.74e-01, dice = 3.79e-01
2024-05-19 02:43:42.637014 | Iteration 76: similarity = 8.88e-01, loss = -3.73e-01, dice = 3.79e-01
2024-05-19 02:43:43.741632 | Iteration 77: similarity = 8.88e-01, loss = -3.72e-01, dice = 3.78e-01
2024-05-19 02:43:44.851003 | Iteration 78: similarity = 8.89e-01, loss = -3.71e-01, dice = 3.78e-01
2024-05-19 02:43:45.954343 | Iteration 79: similarity = 8.89e-01, loss = -3.70e-01, dice = 3.77e-01
2024-05-19 02:43:47.064957 | Iteration 80: similarity = 8.89e-01, loss = -3.69e-01, dice = 3.76e-01
2024-05-19 02:43:48.176998 | Iteration 81: similarity = 8.89e-01, loss = -3.68e-01, dice = 3.76e-01
2024-05-19 02:43:49.277431 | Iteration 82: similarity = 8.89e-01, loss = -3.68e-01, dice = 3.75e-01
2024-05-19 02:43:50.388694 | Iteration 83: similarity = 8.90e-01, loss = -3.67e-01, dice = 3.75e-01
2024-05-19 02:43:51.492059 | Iteration 84: similarity = 8.90e-01, loss = -3.67e-01, dice = 3.74e-01
2024-05-19 02:43:52.603839 | Iteration 85: similarity = 8.90e-01, loss = -3.66e-01, dice = 3.74e-01
2024-05-19 02:43:53.713409 | Iteration 86: similarity = 8.90e-01, loss = -3.67e-01, dice = 3.73e-01
2024-05-19 02:43:54.813629 | Iteration 87: similarity = 8.90e-01, loss = -3.65e-01, dice = 3.73e-01
2024-05-19 02:43:55.922970 | Iteration 88: similarity = 8.91e-01, loss = -3.66e-01, dice = 3.72e-01
2024-05-19 02:43:57.030703 | Iteration 89: similarity = 8.91e-01, loss = -3.65e-01, dice = 3.72e-01
2024-05-19 02:43:58.133698 | Iteration 90: similarity = 8.91e-01, loss = -3.66e-01, dice = 3.71e-01
2024-05-19 02:43:59.237280 | Iteration 91: similarity = 8.91e-01, loss = -3.65e-01, dice = 3.71e-01
2024-05-19 02:44:00.339908 | Iteration 92: similarity = 8.91e-01, loss = -3.67e-01, dice = 3.70e-01
2024-05-19 02:44:01.440402 | Iteration 93: similarity = 8.92e-01, loss = -3.66e-01, dice = 3.71e-01
2024-05-19 02:44:02.552348 | Iteration 94: similarity = 8.92e-01, loss = -3.68e-01, dice = 3.70e-01
2024-05-19 02:44:03.654316 | Iteration 95: similarity = 8.92e-01, loss = -3.67e-01, dice = 3.70e-01
2024-05-19 02:44:04.752007 | Iteration 96: similarity = 8.92e-01, loss = -3.69e-01, dice = 3.69e-01
2024-05-19 02:44:05.855049 | Iteration 97: similarity = 8.92e-01, loss = -3.68e-01, dice = 3.69e-01
2024-05-19 02:44:06.958456 | Iteration 98: similarity = 8.93e-01, loss = -3.69e-01, dice = 3.69e-01
2024-05-19 02:44:08.061681 | Iteration 99: similarity = 8.93e-01, loss = -3.69e-01, dice = 3.68e-01
2024-05-19 02:44:09.172834 | Iteration 100: similarity = 8.93e-01, loss = -3.71e-01, dice = 3.68e-01
2024-05-19 02:44:10.287968 | Iteration 101: similarity = 8.93e-01, loss = -3.71e-01, dice = 3.67e-01
2024-05-19 02:44:11.378880 | Iteration 102: similarity = 8.93e-01, loss = -3.73e-01, dice = 3.67e-01
2024-05-19 02:44:12.473126 | Iteration 103: similarity = 8.93e-01, loss = -3.73e-01, dice = 3.66e-01
2024-05-19 02:44:13.579786 | Iteration 104: similarity = 8.93e-01, loss = -3.74e-01, dice = 3.66e-01
2024-05-19 02:44:14.685331 | Iteration 105: similarity = 8.94e-01, loss = -3.75e-01, dice = 3.67e-01
2024-05-19 02:44:15.778434 | Iteration 106: similarity = 8.94e-01, loss = -3.76e-01, dice = 3.66e-01
2024-05-19 02:44:16.888731 | Iteration 107: similarity = 8.94e-01, loss = -3.77e-01, dice = 3.66e-01
2024-05-19 02:44:17.979475 | Iteration 108: similarity = 8.94e-01, loss = -3.78e-01, dice = 3.66e-01
2024-05-19 02:44:19.093220 | Iteration 109: similarity = 8.94e-01, loss = -3.79e-01, dice = 3.65e-01
2024-05-19 02:44:20.193368 | Iteration 110: similarity = 8.94e-01, loss = -3.80e-01, dice = 3.65e-01
2024-05-19 02:44:21.296341 | Iteration 111: similarity = 8.94e-01, loss = -3.81e-01, dice = 3.65e-01
2024-05-19 02:44:22.393929 | Iteration 112: similarity = 8.95e-01, loss = -3.82e-01, dice = 3.65e-01
2024-05-19 02:44:23.507725 | Iteration 113: similarity = 8.95e-01, loss = -3.83e-01, dice = 3.64e-01
2024-05-19 02:44:24.616097 | Iteration 114: similarity = 8.95e-01, loss = -3.85e-01, dice = 3.64e-01
2024-05-19 02:44:25.720137 | Iteration 115: similarity = 8.95e-01, loss = -3.86e-01, dice = 3.64e-01
2024-05-19 02:44:26.826381 | Iteration 116: similarity = 8.95e-01, loss = -3.87e-01, dice = 3.63e-01
2024-05-19 02:44:27.936827 | Iteration 117: similarity = 8.95e-01, loss = -3.88e-01, dice = 3.62e-01
2024-05-19 02:44:29.037979 | Iteration 118: similarity = 8.95e-01, loss = -3.89e-01, dice = 3.63e-01
2024-05-19 02:44:30.148759 | Iteration 119: similarity = 8.96e-01, loss = -3.91e-01, dice = 3.63e-01
2024-05-19 02:44:31.248090 | Iteration 120: similarity = 8.96e-01, loss = -3.92e-01, dice = 3.63e-01
2024-05-19 02:44:32.354759 | Iteration 121: similarity = 8.96e-01, loss = -3.93e-01, dice = 3.62e-01
2024-05-19 02:44:33.484071 | Iteration 122: similarity = 8.96e-01, loss = -3.94e-01, dice = 3.62e-01
2024-05-19 02:44:34.583760 | Iteration 123: similarity = 8.96e-01, loss = -3.96e-01, dice = 3.62e-01
2024-05-19 02:44:35.702072 | Iteration 124: similarity = 8.96e-01, loss = -3.97e-01, dice = 3.61e-01
2024-05-19 02:44:36.819556 | Iteration 125: similarity = 8.96e-01, loss = -3.99e-01, dice = 3.61e-01
2024-05-19 02:44:37.912930 | Iteration 126: similarity = 8.96e-01, loss = -3.99e-01, dice = 3.61e-01
2024-05-19 02:44:39.008503 | Iteration 127: similarity = 8.96e-01, loss = -4.01e-01, dice = 3.61e-01
2024-05-19 02:44:40.120578 | Iteration 128: similarity = 8.97e-01, loss = -4.02e-01, dice = 3.60e-01
2024-05-19 02:44:41.220520 | Iteration 129: similarity = 8.97e-01, loss = -4.04e-01, dice = 3.60e-01
2024-05-19 02:44:42.313735 | Iteration 130: similarity = 8.97e-01, loss = -4.04e-01, dice = 3.59e-01
2024-05-19 02:44:43.403485 | Iteration 131: similarity = 8.97e-01, loss = -4.07e-01, dice = 3.59e-01
2024-05-19 02:44:44.506420 | Iteration 132: similarity = 8.97e-01, loss = -4.07e-01, dice = 3.59e-01
2024-05-19 02:44:45.621418 | Iteration 133: similarity = 8.97e-01, loss = -4.09e-01, dice = 3.59e-01
2024-05-19 02:44:46.723219 | Iteration 134: similarity = 8.97e-01, loss = -4.10e-01, dice = 3.59e-01
2024-05-19 02:44:47.827792 | Iteration 135: similarity = 8.97e-01, loss = -4.12e-01, dice = 3.58e-01
2024-05-19 02:44:48.940316 | Iteration 136: similarity = 8.97e-01, loss = -4.12e-01, dice = 3.58e-01
2024-05-19 02:44:50.043161 | Iteration 137: similarity = 8.97e-01, loss = -4.14e-01, dice = 3.58e-01
2024-05-19 02:44:51.149768 | Iteration 138: similarity = 8.98e-01, loss = -4.15e-01, dice = 3.57e-01
2024-05-19 02:44:52.258235 | Iteration 139: similarity = 8.98e-01, loss = -4.17e-01, dice = 3.57e-01
2024-05-19 02:44:53.368670 | Iteration 140: similarity = 8.98e-01, loss = -4.18e-01, dice = 3.57e-01
2024-05-19 02:44:54.479293 | Iteration 141: similarity = 8.98e-01, loss = -4.20e-01, dice = 3.57e-01
2024-05-19 02:44:55.580538 | Iteration 142: similarity = 8.98e-01, loss = -4.20e-01, dice = 3.56e-01
2024-05-19 02:44:56.686357 | Iteration 143: similarity = 8.98e-01, loss = -4.22e-01, dice = 3.56e-01
2024-05-19 02:44:57.791273 | Iteration 144: similarity = 8.98e-01, loss = -4.23e-01, dice = 3.56e-01
2024-05-19 02:44:58.903281 | Iteration 145: similarity = 8.98e-01, loss = -4.25e-01, dice = 3.55e-01
2024-05-19 02:45:00.012448 | Iteration 146: similarity = 8.98e-01, loss = -4.25e-01, dice = 3.55e-01
2024-05-19 02:45:01.116471 | Iteration 147: similarity = 8.98e-01, loss = -4.27e-01, dice = 3.55e-01
2024-05-19 02:45:02.213913 | Iteration 148: similarity = 8.98e-01, loss = -4.28e-01, dice = 3.55e-01
2024-05-19 02:45:03.313716 | Iteration 149: similarity = 8.98e-01, loss = -4.30e-01, dice = 3.55e-01
2024-05-19 02:45:04.411908 | Iteration 150: similarity = 8.99e-01, loss = -4.30e-01, dice = 3.54e-01
2024-05-19 02:45:05.510348 | Iteration 151: similarity = 8.99e-01, loss = -4.33e-01, dice = 3.54e-01
2024-05-19 02:45:06.619561 | Iteration 152: similarity = 8.99e-01, loss = -4.33e-01, dice = 3.54e-01
2024-05-19 02:45:07.713207 | Iteration 153: similarity = 8.99e-01, loss = -4.35e-01, dice = 3.54e-01
2024-05-19 02:45:08.802871 | Iteration 154: similarity = 8.99e-01, loss = -4.35e-01, dice = 3.53e-01
2024-05-19 02:45:09.905892 | Iteration 155: similarity = 8.99e-01, loss = -4.37e-01, dice = 3.53e-01
2024-05-19 02:45:11.010369 | Iteration 156: similarity = 8.99e-01, loss = -4.38e-01, dice = 3.53e-01
2024-05-19 02:45:12.120974 | Iteration 157: similarity = 8.99e-01, loss = -4.40e-01, dice = 3.53e-01
2024-05-19 02:45:13.224187 | Iteration 158: similarity = 8.99e-01, loss = -4.41e-01, dice = 3.53e-01
2024-05-19 02:45:14.332283 | Iteration 159: similarity = 8.99e-01, loss = -4.42e-01, dice = 3.52e-01
2024-05-19 02:45:15.439869 | Iteration 160: similarity = 8.99e-01, loss = -4.43e-01, dice = 3.52e-01
2024-05-19 02:45:16.556838 | Iteration 161: similarity = 8.99e-01, loss = -4.45e-01, dice = 3.52e-01
2024-05-19 02:45:17.654971 | Iteration 162: similarity = 8.99e-01, loss = -4.45e-01, dice = 3.53e-01
2024-05-19 02:45:18.769488 | Iteration 163: similarity = 8.99e-01, loss = -4.47e-01, dice = 3.52e-01
2024-05-19 02:45:19.864809 | Iteration 164: similarity = 8.99e-01, loss = -4.48e-01, dice = 3.52e-01
2024-05-19 02:45:20.973701 | Iteration 165: similarity = 8.99e-01, loss = -4.50e-01, dice = 3.51e-01
2024-05-19 02:45:22.076806 | Iteration 166: similarity = 8.99e-01, loss = -4.50e-01, dice = 3.52e-01
2024-05-19 02:45:23.181938 | Iteration 167: similarity = 8.99e-01, loss = -4.52e-01, dice = 3.51e-01
2024-05-19 02:45:24.287194 | Iteration 168: similarity = 8.99e-01, loss = -4.53e-01, dice = 3.51e-01
2024-05-19 02:45:25.392133 | Iteration 169: similarity = 9.00e-01, loss = -4.54e-01, dice = 3.51e-01
2024-05-19 02:45:26.498315 | Iteration 170: similarity = 9.00e-01, loss = -4.55e-01, dice = 3.51e-01
2024-05-19 02:45:27.593802 | Iteration 171: similarity = 9.00e-01, loss = -4.57e-01, dice = 3.51e-01
2024-05-19 02:45:28.695626 | Iteration 172: similarity = 9.00e-01, loss = -4.57e-01, dice = 3.50e-01
2024-05-19 02:45:29.790923 | Iteration 173: similarity = 9.00e-01, loss = -4.59e-01, dice = 3.51e-01
2024-05-19 02:45:30.898634 | Iteration 174: similarity = 9.00e-01, loss = -4.60e-01, dice = 3.50e-01
2024-05-19 02:45:31.993322 | Iteration 175: similarity = 9.00e-01, loss = -4.61e-01, dice = 3.50e-01
2024-05-19 02:45:33.084754 | Iteration 176: similarity = 9.00e-01, loss = -4.62e-01, dice = 3.50e-01
2024-05-19 02:45:34.176635 | Iteration 177: similarity = 9.00e-01, loss = -4.64e-01, dice = 3.50e-01
2024-05-19 02:45:35.271030 | Iteration 178: similarity = 9.00e-01, loss = -4.65e-01, dice = 3.49e-01
2024-05-19 02:45:36.374040 | Iteration 179: similarity = 9.00e-01, loss = -4.66e-01, dice = 3.49e-01
2024-05-19 02:45:37.487131 | Iteration 180: similarity = 9.00e-01, loss = -4.67e-01, dice = 3.49e-01
2024-05-19 02:45:38.592565 | Iteration 181: similarity = 9.00e-01, loss = -4.68e-01, dice = 3.49e-01
2024-05-19 02:45:39.709446 | Iteration 182: similarity = 9.00e-01, loss = -4.69e-01, dice = 3.49e-01
2024-05-19 02:45:40.815027 | Iteration 183: similarity = 9.00e-01, loss = -4.71e-01, dice = 3.49e-01
2024-05-19 02:45:41.940300 | Iteration 184: similarity = 9.00e-01, loss = -4.72e-01, dice = 3.49e-01
2024-05-19 02:45:43.058663 | Iteration 185: similarity = 9.00e-01, loss = -4.73e-01, dice = 3.48e-01
2024-05-19 02:45:44.173782 | Iteration 186: similarity = 9.00e-01, loss = -4.74e-01, dice = 3.48e-01
2024-05-19 02:45:45.275299 | Iteration 187: similarity = 9.00e-01, loss = -4.75e-01, dice = 3.48e-01
2024-05-19 02:45:46.377483 | Iteration 188: similarity = 9.00e-01, loss = -4.76e-01, dice = 3.48e-01
2024-05-19 02:45:47.484684 | Iteration 189: similarity = 9.00e-01, loss = -4.77e-01, dice = 3.47e-01
2024-05-19 02:45:48.584180 | Iteration 190: similarity = 9.00e-01, loss = -4.78e-01, dice = 3.47e-01
2024-05-19 02:45:49.683236 | Iteration 191: similarity = 9.00e-01, loss = -4.79e-01, dice = 3.47e-01
2024-05-19 02:45:50.778844 | Iteration 192: similarity = 9.00e-01, loss = -4.81e-01, dice = 3.47e-01
2024-05-19 02:45:51.886726 | Iteration 193: similarity = 9.00e-01, loss = -4.82e-01, dice = 3.47e-01
2024-05-19 02:45:52.979002 | Iteration 194: similarity = 9.00e-01, loss = -4.83e-01, dice = 3.47e-01
2024-05-19 02:45:54.071414 | Iteration 195: similarity = 9.00e-01, loss = -4.84e-01, dice = 3.47e-01
2024-05-19 02:45:55.170147 | Iteration 196: similarity = 9.01e-01, loss = -4.85e-01, dice = 3.47e-01
2024-05-19 02:45:56.280742 | Iteration 197: similarity = 9.01e-01, loss = -4.86e-01, dice = 3.47e-01
2024-05-19 02:45:57.378359 | Iteration 198: similarity = 9.01e-01, loss = -4.88e-01, dice = 3.46e-01
2024-05-19 02:45:58.489718 | Iteration 199: similarity = 9.01e-01, loss = -4.88e-01, dice = 3.46e-01
2024-05-19 02:45:59.595617 | Iteration 200: similarity = 9.01e-01, loss = -4.90e-01, dice = 3.47e-01
2024-05-19 02:45:59.838635 | [scope plot registration results takes 0.2429032325744629s]
2024-05-19 02:46:00.655207 | Validation: HD [8.018148 ± 1.887841], MSD [0.817116 ± 0.160937], DSC [0.715843 ± 0.099556]
2024-05-19 02:46:00.655890 |          => HD [12.783587 ± 0.932670], MSD [2.329621 ± 0.986703], DSC [0.346581 ± 0.243931]
