====================================================================================================
Logging file for python script in Intensity Distribution.Experiment 1 (Anonymous): Exp1_LIC_GASD
_same_modality.py
| The recreation of Experiment 1: comparison between LIC and GASD. 
Started at 2024-05-21 17:35:00.026062 with command:
> python Exp1_LIC_GASD_same_modality.py --exp T4_NCC
====================================================================================================

2024-05-21 17:35:01.294468 | Iteration 1: similarity = 9.19e-01, loss = 4.79e+00, dice = 5.93e-01
2024-05-21 17:35:02.438929 | Iteration 2: similarity = 9.42e-01, loss = 3.39e+00, dice = 6.27e-01
2024-05-21 17:35:03.571357 | Iteration 3: similarity = 9.59e-01, loss = 2.66e+00, dice = 6.57e-01
2024-05-21 17:35:04.688817 | Iteration 4: similarity = 9.70e-01, loss = 1.93e+00, dice = 6.87e-01
2024-05-21 17:35:05.831800 | Iteration 5: similarity = 9.75e-01, loss = 1.72e+00, dice = 6.99e-01
2024-05-21 17:35:06.970833 | Iteration 6: similarity = 9.78e-01, loss = 1.47e+00, dice = 7.10e-01
2024-05-21 17:35:08.090574 | Iteration 7: similarity = 9.81e-01, loss = 1.23e+00, dice = 7.20e-01
2024-05-21 17:35:09.225795 | Iteration 8: similarity = 9.83e-01, loss = 1.03e+00, dice = 7.31e-01
2024-05-21 17:35:10.370981 | Iteration 9: similarity = 9.84e-01, loss = 8.45e-01, dice = 7.39e-01
2024-05-21 17:35:11.511545 | Iteration 10: similarity = 9.85e-01, loss = 6.91e-01, dice = 7.45e-01
2024-05-21 17:35:12.638144 | Iteration 11: similarity = 9.86e-01, loss = 5.61e-01, dice = 7.51e-01
2024-05-21 17:35:13.761096 | Iteration 12: similarity = 9.87e-01, loss = 4.44e-01, dice = 7.56e-01
2024-05-21 17:35:14.899797 | Iteration 13: similarity = 9.87e-01, loss = 3.38e-01, dice = 7.60e-01
2024-05-21 17:35:16.017042 | Iteration 14: similarity = 9.88e-01, loss = 2.43e-01, dice = 7.64e-01
2024-05-21 17:35:17.149507 | Iteration 15: similarity = 9.88e-01, loss = 1.57e-01, dice = 7.68e-01
2024-05-21 17:35:18.279460 | Iteration 16: similarity = 9.89e-01, loss = 7.84e-02, dice = 7.70e-01
2024-05-21 17:35:19.410617 | Iteration 17: similarity = 9.89e-01, loss = 5.97e-03, dice = 7.72e-01
2024-05-21 17:35:20.538155 | Iteration 18: similarity = 9.90e-01, loss = -6.11e-02, dice = 7.75e-01
2024-05-21 17:35:21.664722 | Iteration 19: similarity = 9.90e-01, loss = -1.21e-01, dice = 7.78e-01
2024-05-21 17:35:22.790166 | Iteration 20: similarity = 9.90e-01, loss = -1.75e-01, dice = 7.79e-01
2024-05-21 17:35:23.913522 | Iteration 21: similarity = 9.90e-01, loss = -2.24e-01, dice = 7.80e-01
2024-05-21 17:35:25.052861 | Iteration 22: similarity = 9.91e-01, loss = -2.70e-01, dice = 7.82e-01
2024-05-21 17:35:26.175484 | Iteration 23: similarity = 9.91e-01, loss = -3.12e-01, dice = 7.83e-01
2024-05-21 17:35:27.302338 | Iteration 24: similarity = 9.91e-01, loss = -3.49e-01, dice = 7.84e-01
2024-05-21 17:35:28.432352 | Iteration 25: similarity = 9.91e-01, loss = -3.83e-01, dice = 7.86e-01
2024-05-21 17:35:29.560187 | Iteration 26: similarity = 9.91e-01, loss = -4.13e-01, dice = 7.87e-01
2024-05-21 17:35:30.692832 | Iteration 27: similarity = 9.91e-01, loss = -4.41e-01, dice = 7.89e-01
2024-05-21 17:35:31.824377 | Iteration 28: similarity = 9.91e-01, loss = -4.65e-01, dice = 7.89e-01
2024-05-21 17:35:32.949379 | Iteration 29: similarity = 9.91e-01, loss = -4.86e-01, dice = 7.90e-01
2024-05-21 17:35:34.063670 | Iteration 30: similarity = 9.91e-01, loss = -5.04e-01, dice = 7.92e-01
2024-05-21 17:35:35.192025 | Iteration 31: similarity = 9.91e-01, loss = -5.19e-01, dice = 7.93e-01
2024-05-21 17:35:36.321610 | Iteration 32: similarity = 9.91e-01, loss = -5.32e-01, dice = 7.93e-01
2024-05-21 17:35:37.463697 | Iteration 33: similarity = 9.92e-01, loss = -5.42e-01, dice = 7.95e-01
2024-05-21 17:35:38.588401 | Iteration 34: similarity = 9.92e-01, loss = -5.52e-01, dice = 7.96e-01
2024-05-21 17:35:39.700562 | Iteration 35: similarity = 9.92e-01, loss = -5.58e-01, dice = 7.97e-01
2024-05-21 17:35:40.825525 | Iteration 36: similarity = 9.92e-01, loss = -5.64e-01, dice = 7.98e-01
2024-05-21 17:35:41.948596 | Iteration 37: similarity = 9.92e-01, loss = -5.68e-01, dice = 7.99e-01
2024-05-21 17:35:43.067215 | Iteration 38: similarity = 9.92e-01, loss = -5.71e-01, dice = 8.00e-01
2024-05-21 17:35:44.199246 | Iteration 39: similarity = 9.92e-01, loss = -5.73e-01, dice = 8.01e-01
2024-05-21 17:35:45.316016 | Iteration 40: similarity = 9.92e-01, loss = -5.74e-01, dice = 8.02e-01
2024-05-21 17:35:46.439149 | Iteration 41: similarity = 9.92e-01, loss = -5.74e-01, dice = 8.03e-01
2024-05-21 17:35:47.560022 | Iteration 42: similarity = 9.92e-01, loss = -5.74e-01, dice = 8.04e-01
2024-05-21 17:35:48.684213 | Iteration 43: similarity = 9.92e-01, loss = -5.74e-01, dice = 8.05e-01
2024-05-21 17:35:49.811784 | Iteration 44: similarity = 9.92e-01, loss = -5.72e-01, dice = 8.05e-01
2024-05-21 17:35:50.939159 | Iteration 45: similarity = 9.92e-01, loss = -5.70e-01, dice = 8.07e-01
2024-05-21 17:35:52.065024 | Iteration 46: similarity = 9.92e-01, loss = -5.68e-01, dice = 8.08e-01
2024-05-21 17:35:53.224505 | Iteration 47: similarity = 9.92e-01, loss = -5.66e-01, dice = 8.09e-01
2024-05-21 17:35:54.366574 | Iteration 48: similarity = 9.92e-01, loss = -5.63e-01, dice = 8.09e-01
2024-05-21 17:35:55.495662 | Iteration 49: similarity = 9.92e-01, loss = -5.60e-01, dice = 8.10e-01
2024-05-21 17:35:56.635413 | Iteration 50: similarity = 9.92e-01, loss = -5.58e-01, dice = 8.11e-01
2024-05-21 17:35:57.771071 | Iteration 51: similarity = 9.92e-01, loss = -5.55e-01, dice = 8.13e-01
2024-05-21 17:35:58.890143 | Iteration 52: similarity = 9.92e-01, loss = -5.53e-01, dice = 8.14e-01
2024-05-21 17:36:00.017793 | Iteration 53: similarity = 9.92e-01, loss = -5.49e-01, dice = 8.14e-01
2024-05-21 17:36:01.148113 | Iteration 54: similarity = 9.92e-01, loss = -5.46e-01, dice = 8.14e-01
2024-05-21 17:36:02.284773 | Iteration 55: similarity = 9.92e-01, loss = -5.44e-01, dice = 8.16e-01
2024-05-21 17:36:03.428409 | Iteration 56: similarity = 9.92e-01, loss = -5.40e-01, dice = 8.17e-01
2024-05-21 17:36:04.567961 | Iteration 57: similarity = 9.92e-01, loss = -5.38e-01, dice = 8.17e-01
2024-05-21 17:36:05.698828 | Iteration 58: similarity = 9.92e-01, loss = -5.34e-01, dice = 8.18e-01
2024-05-21 17:36:06.828755 | Iteration 59: similarity = 9.92e-01, loss = -5.31e-01, dice = 8.19e-01
2024-05-21 17:36:07.972235 | Iteration 60: similarity = 9.92e-01, loss = -5.28e-01, dice = 8.19e-01
2024-05-21 17:36:09.136414 | Iteration 61: similarity = 9.92e-01, loss = -5.25e-01, dice = 8.21e-01
2024-05-21 17:36:10.262947 | Iteration 62: similarity = 9.92e-01, loss = -5.22e-01, dice = 8.21e-01
2024-05-21 17:36:11.391944 | Iteration 63: similarity = 9.92e-01, loss = -5.19e-01, dice = 8.22e-01
2024-05-21 17:36:12.524497 | Iteration 64: similarity = 9.92e-01, loss = -5.15e-01, dice = 8.23e-01
2024-05-21 17:36:13.647487 | Iteration 65: similarity = 9.93e-01, loss = -5.12e-01, dice = 8.23e-01
2024-05-21 17:36:14.771906 | Iteration 66: similarity = 9.93e-01, loss = -5.09e-01, dice = 8.24e-01
2024-05-21 17:36:15.896658 | Iteration 67: similarity = 9.93e-01, loss = -5.06e-01, dice = 8.25e-01
2024-05-21 17:36:17.038197 | Iteration 68: similarity = 9.93e-01, loss = -5.02e-01, dice = 8.25e-01
2024-05-21 17:36:18.162536 | Iteration 69: similarity = 9.93e-01, loss = -4.99e-01, dice = 8.26e-01
2024-05-21 17:36:19.285794 | Iteration 70: similarity = 9.93e-01, loss = -4.96e-01, dice = 8.26e-01
2024-05-21 17:36:20.399628 | Iteration 71: similarity = 9.93e-01, loss = -4.93e-01, dice = 8.26e-01
2024-05-21 17:36:21.514254 | Iteration 72: similarity = 9.93e-01, loss = -4.90e-01, dice = 8.27e-01
2024-05-21 17:36:22.641064 | Iteration 73: similarity = 9.93e-01, loss = -4.87e-01, dice = 8.28e-01
2024-05-21 17:36:23.749539 | Iteration 74: similarity = 9.93e-01, loss = -4.84e-01, dice = 8.28e-01
2024-05-21 17:36:24.871842 | Iteration 75: similarity = 9.93e-01, loss = -4.81e-01, dice = 8.29e-01
2024-05-21 17:36:25.994091 | Iteration 76: similarity = 9.93e-01, loss = -4.80e-01, dice = 8.30e-01
2024-05-21 17:36:27.116663 | Iteration 77: similarity = 9.93e-01, loss = -4.77e-01, dice = 8.30e-01
2024-05-21 17:36:28.237793 | Iteration 78: similarity = 9.93e-01, loss = -4.75e-01, dice = 8.31e-01
2024-05-21 17:36:29.360868 | Iteration 79: similarity = 9.93e-01, loss = -4.73e-01, dice = 8.31e-01
2024-05-21 17:36:30.485004 | Iteration 80: similarity = 9.93e-01, loss = -4.70e-01, dice = 8.31e-01
2024-05-21 17:36:31.608797 | Iteration 81: similarity = 9.93e-01, loss = -4.69e-01, dice = 8.32e-01
2024-05-21 17:36:32.728586 | Iteration 82: similarity = 9.93e-01, loss = -4.67e-01, dice = 8.33e-01
2024-05-21 17:36:33.843986 | Iteration 83: similarity = 9.93e-01, loss = -4.66e-01, dice = 8.33e-01
2024-05-21 17:36:34.959929 | Iteration 84: similarity = 9.93e-01, loss = -4.64e-01, dice = 8.33e-01
2024-05-21 17:36:36.081314 | Iteration 85: similarity = 9.93e-01, loss = -4.63e-01, dice = 8.34e-01
2024-05-21 17:36:37.202994 | Iteration 86: similarity = 9.93e-01, loss = -4.61e-01, dice = 8.35e-01
2024-05-21 17:36:38.317387 | Iteration 87: similarity = 9.93e-01, loss = -4.61e-01, dice = 8.34e-01
2024-05-21 17:36:39.442525 | Iteration 88: similarity = 9.93e-01, loss = -4.60e-01, dice = 8.35e-01
2024-05-21 17:36:40.560392 | Iteration 89: similarity = 9.93e-01, loss = -4.60e-01, dice = 8.35e-01
2024-05-21 17:36:41.664405 | Iteration 90: similarity = 9.93e-01, loss = -4.59e-01, dice = 8.36e-01
2024-05-21 17:36:42.792524 | Iteration 91: similarity = 9.93e-01, loss = -4.59e-01, dice = 8.36e-01
2024-05-21 17:36:43.929128 | Iteration 92: similarity = 9.93e-01, loss = -4.59e-01, dice = 8.36e-01
2024-05-21 17:36:45.054177 | Iteration 93: similarity = 9.93e-01, loss = -4.59e-01, dice = 8.37e-01
2024-05-21 17:36:46.172030 | Iteration 94: similarity = 9.93e-01, loss = -4.59e-01, dice = 8.38e-01
2024-05-21 17:36:47.280986 | Iteration 95: similarity = 9.93e-01, loss = -4.59e-01, dice = 8.37e-01
2024-05-21 17:36:48.414895 | Iteration 96: similarity = 9.93e-01, loss = -4.59e-01, dice = 8.37e-01
2024-05-21 17:36:49.597930 | Iteration 97: similarity = 9.93e-01, loss = -4.59e-01, dice = 8.39e-01
2024-05-21 17:36:50.722147 | Iteration 98: similarity = 9.93e-01, loss = -4.60e-01, dice = 8.39e-01
2024-05-21 17:36:51.853106 | Iteration 99: similarity = 9.93e-01, loss = -4.60e-01, dice = 8.39e-01
2024-05-21 17:36:52.999375 | Iteration 100: similarity = 9.93e-01, loss = -4.62e-01, dice = 8.38e-01
2024-05-21 17:36:54.123077 | Iteration 101: similarity = 9.93e-01, loss = -4.61e-01, dice = 8.40e-01
2024-05-21 17:36:55.251393 | Iteration 102: similarity = 9.93e-01, loss = -4.63e-01, dice = 8.40e-01
2024-05-21 17:36:56.383273 | Iteration 103: similarity = 9.93e-01, loss = -4.63e-01, dice = 8.39e-01
2024-05-21 17:36:57.517270 | Iteration 104: similarity = 9.93e-01, loss = -4.65e-01, dice = 8.40e-01
2024-05-21 17:36:58.649798 | Iteration 105: similarity = 9.93e-01, loss = -4.65e-01, dice = 8.41e-01
2024-05-21 17:36:59.779164 | Iteration 106: similarity = 9.93e-01, loss = -4.67e-01, dice = 8.41e-01
2024-05-21 17:37:00.904145 | Iteration 107: similarity = 9.93e-01, loss = -4.67e-01, dice = 8.41e-01
2024-05-21 17:37:02.025655 | Iteration 108: similarity = 9.93e-01, loss = -4.69e-01, dice = 8.41e-01
2024-05-21 17:37:03.152710 | Iteration 109: similarity = 9.93e-01, loss = -4.70e-01, dice = 8.42e-01
2024-05-21 17:37:04.288844 | Iteration 110: similarity = 9.93e-01, loss = -4.72e-01, dice = 8.42e-01
2024-05-21 17:37:05.423321 | Iteration 111: similarity = 9.93e-01, loss = -4.72e-01, dice = 8.42e-01
2024-05-21 17:37:06.538284 | Iteration 112: similarity = 9.93e-01, loss = -4.74e-01, dice = 8.42e-01
2024-05-21 17:37:07.662072 | Iteration 113: similarity = 9.93e-01, loss = -4.74e-01, dice = 8.43e-01
2024-05-21 17:37:08.814782 | Iteration 114: similarity = 9.93e-01, loss = -4.77e-01, dice = 8.42e-01
2024-05-21 17:37:09.961764 | Iteration 115: similarity = 9.93e-01, loss = -4.77e-01, dice = 8.42e-01
2024-05-21 17:37:11.112359 | Iteration 116: similarity = 9.93e-01, loss = -4.80e-01, dice = 8.43e-01
2024-05-21 17:37:12.252808 | Iteration 117: similarity = 9.93e-01, loss = -4.80e-01, dice = 8.44e-01
2024-05-21 17:37:13.387562 | Iteration 118: similarity = 9.93e-01, loss = -4.82e-01, dice = 8.44e-01
2024-05-21 17:37:14.533379 | Iteration 119: similarity = 9.93e-01, loss = -4.83e-01, dice = 8.43e-01
2024-05-21 17:37:15.665660 | Iteration 120: similarity = 9.93e-01, loss = -4.85e-01, dice = 8.44e-01
2024-05-21 17:37:16.798390 | Iteration 121: similarity = 9.93e-01, loss = -4.86e-01, dice = 8.45e-01
2024-05-21 17:37:17.913643 | Iteration 122: similarity = 9.93e-01, loss = -4.88e-01, dice = 8.45e-01
2024-05-21 17:37:19.035401 | Iteration 123: similarity = 9.93e-01, loss = -4.89e-01, dice = 8.44e-01
2024-05-21 17:37:20.145226 | Iteration 124: similarity = 9.93e-01, loss = -4.91e-01, dice = 8.45e-01
2024-05-21 17:37:21.268377 | Iteration 125: similarity = 9.93e-01, loss = -4.91e-01, dice = 8.46e-01
2024-05-21 17:37:22.378663 | Iteration 126: similarity = 9.93e-01, loss = -4.94e-01, dice = 8.45e-01
2024-05-21 17:37:23.509386 | Iteration 127: similarity = 9.93e-01, loss = -4.94e-01, dice = 8.45e-01
2024-05-21 17:37:24.639628 | Iteration 128: similarity = 9.93e-01, loss = -4.98e-01, dice = 8.46e-01
2024-05-21 17:37:25.769102 | Iteration 129: similarity = 9.93e-01, loss = -4.98e-01, dice = 8.45e-01
2024-05-21 17:37:26.894525 | Iteration 130: similarity = 9.93e-01, loss = -5.01e-01, dice = 8.46e-01
2024-05-21 17:37:28.034004 | Iteration 131: similarity = 9.93e-01, loss = -5.00e-01, dice = 8.46e-01
2024-05-21 17:37:29.151008 | Iteration 132: similarity = 9.93e-01, loss = -5.04e-01, dice = 8.46e-01
2024-05-21 17:37:30.267336 | Iteration 133: similarity = 9.93e-01, loss = -5.04e-01, dice = 8.47e-01
2024-05-21 17:37:31.392940 | Iteration 134: similarity = 9.93e-01, loss = -5.07e-01, dice = 8.46e-01
2024-05-21 17:37:32.509433 | Iteration 135: similarity = 9.93e-01, loss = -5.07e-01, dice = 8.46e-01
2024-05-21 17:37:33.629602 | Iteration 136: similarity = 9.93e-01, loss = -5.10e-01, dice = 8.47e-01
2024-05-21 17:37:34.757744 | Iteration 137: similarity = 9.93e-01, loss = -5.10e-01, dice = 8.47e-01
2024-05-21 17:37:35.873448 | Iteration 138: similarity = 9.93e-01, loss = -5.13e-01, dice = 8.46e-01
2024-05-21 17:37:36.990536 | Iteration 139: similarity = 9.93e-01, loss = -5.13e-01, dice = 8.47e-01
2024-05-21 17:37:38.094560 | Iteration 140: similarity = 9.93e-01, loss = -5.16e-01, dice = 8.47e-01
2024-05-21 17:37:39.202528 | Iteration 141: similarity = 9.93e-01, loss = -5.16e-01, dice = 8.47e-01
2024-05-21 17:37:40.318628 | Iteration 142: similarity = 9.93e-01, loss = -5.20e-01, dice = 8.47e-01
2024-05-21 17:37:41.425266 | Iteration 143: similarity = 9.93e-01, loss = -5.19e-01, dice = 8.47e-01
2024-05-21 17:37:42.544849 | Iteration 144: similarity = 9.93e-01, loss = -5.23e-01, dice = 8.47e-01
2024-05-21 17:37:43.671661 | Iteration 145: similarity = 9.93e-01, loss = -5.22e-01, dice = 8.48e-01
2024-05-21 17:37:44.782675 | Iteration 146: similarity = 9.93e-01, loss = -5.26e-01, dice = 8.47e-01
2024-05-21 17:37:45.895075 | Iteration 147: similarity = 9.93e-01, loss = -5.25e-01, dice = 8.47e-01
2024-05-21 17:37:47.017411 | Iteration 148: similarity = 9.93e-01, loss = -5.29e-01, dice = 8.48e-01
2024-05-21 17:37:48.150210 | Iteration 149: similarity = 9.93e-01, loss = -5.28e-01, dice = 8.48e-01
2024-05-21 17:37:49.276449 | Iteration 150: similarity = 9.93e-01, loss = -5.32e-01, dice = 8.47e-01
2024-05-21 17:37:50.411916 | Iteration 151: similarity = 9.93e-01, loss = -5.31e-01, dice = 8.47e-01
2024-05-21 17:37:51.547816 | Iteration 152: similarity = 9.93e-01, loss = -5.34e-01, dice = 8.48e-01
2024-05-21 17:37:52.686646 | Iteration 153: similarity = 9.93e-01, loss = -5.34e-01, dice = 8.48e-01
2024-05-21 17:37:53.791341 | Iteration 154: similarity = 9.93e-01, loss = -5.37e-01, dice = 8.47e-01
2024-05-21 17:37:54.917412 | Iteration 155: similarity = 9.93e-01, loss = -5.37e-01, dice = 8.48e-01
2024-05-21 17:37:56.032799 | Iteration 156: similarity = 9.93e-01, loss = -5.40e-01, dice = 8.49e-01
2024-05-21 17:37:57.143405 | Iteration 157: similarity = 9.93e-01, loss = -5.40e-01, dice = 8.48e-01
2024-05-21 17:37:58.271199 | Iteration 158: similarity = 9.93e-01, loss = -5.43e-01, dice = 8.47e-01
2024-05-21 17:37:59.385256 | Iteration 159: similarity = 9.93e-01, loss = -5.43e-01, dice = 8.48e-01
2024-05-21 17:38:00.507462 | Iteration 160: similarity = 9.93e-01, loss = -5.46e-01, dice = 8.49e-01
2024-05-21 17:38:01.633432 | Iteration 161: similarity = 9.93e-01, loss = -5.46e-01, dice = 8.48e-01
2024-05-21 17:38:02.754767 | Iteration 162: similarity = 9.93e-01, loss = -5.49e-01, dice = 8.48e-01
2024-05-21 17:38:03.883113 | Iteration 163: similarity = 9.93e-01, loss = -5.49e-01, dice = 8.48e-01
2024-05-21 17:38:05.007717 | Iteration 164: similarity = 9.93e-01, loss = -5.52e-01, dice = 8.49e-01
2024-05-21 17:38:06.141784 | Iteration 165: similarity = 9.93e-01, loss = -5.51e-01, dice = 8.48e-01
2024-05-21 17:38:07.280492 | Iteration 166: similarity = 9.93e-01, loss = -5.54e-01, dice = 8.48e-01
2024-05-21 17:38:08.417308 | Iteration 167: similarity = 9.93e-01, loss = -5.54e-01, dice = 8.48e-01
2024-05-21 17:38:09.548571 | Iteration 168: similarity = 9.93e-01, loss = -5.57e-01, dice = 8.49e-01
2024-05-21 17:38:10.684185 | Iteration 169: similarity = 9.93e-01, loss = -5.57e-01, dice = 8.48e-01
2024-05-21 17:38:11.804984 | Iteration 170: similarity = 9.93e-01, loss = -5.59e-01, dice = 8.48e-01
2024-05-21 17:38:12.930889 | Iteration 171: similarity = 9.93e-01, loss = -5.60e-01, dice = 8.49e-01
2024-05-21 17:38:14.048415 | Iteration 172: similarity = 9.93e-01, loss = -5.62e-01, dice = 8.49e-01
2024-05-21 17:38:15.158678 | Iteration 173: similarity = 9.93e-01, loss = -5.63e-01, dice = 8.49e-01
2024-05-21 17:38:16.283038 | Iteration 174: similarity = 9.93e-01, loss = -5.65e-01, dice = 8.48e-01
2024-05-21 17:38:17.406044 | Iteration 175: similarity = 9.93e-01, loss = -5.65e-01, dice = 8.49e-01
2024-05-21 17:38:18.518573 | Iteration 176: similarity = 9.93e-01, loss = -5.67e-01, dice = 8.49e-01
2024-05-21 17:38:19.638072 | Iteration 177: similarity = 9.93e-01, loss = -5.68e-01, dice = 8.49e-01
2024-05-21 17:38:20.784921 | Iteration 178: similarity = 9.93e-01, loss = -5.70e-01, dice = 8.48e-01
2024-05-21 17:38:21.904166 | Iteration 179: similarity = 9.93e-01, loss = -5.71e-01, dice = 8.49e-01
2024-05-21 17:38:23.034539 | Iteration 180: similarity = 9.93e-01, loss = -5.72e-01, dice = 8.49e-01
2024-05-21 17:38:24.152975 | Iteration 181: similarity = 9.93e-01, loss = -5.74e-01, dice = 8.49e-01
2024-05-21 17:38:25.273823 | Iteration 182: similarity = 9.93e-01, loss = -5.75e-01, dice = 8.48e-01
2024-05-21 17:38:26.407296 | Iteration 183: similarity = 9.93e-01, loss = -5.76e-01, dice = 8.49e-01
2024-05-21 17:38:27.533156 | Iteration 184: similarity = 9.93e-01, loss = -5.77e-01, dice = 8.49e-01
2024-05-21 17:38:28.667010 | Iteration 185: similarity = 9.93e-01, loss = -5.79e-01, dice = 8.49e-01
2024-05-21 17:38:29.790220 | Iteration 186: similarity = 9.93e-01, loss = -5.80e-01, dice = 8.48e-01
2024-05-21 17:38:30.932194 | Iteration 187: similarity = 9.93e-01, loss = -5.82e-01, dice = 8.49e-01
2024-05-21 17:38:32.060526 | Iteration 188: similarity = 9.93e-01, loss = -5.83e-01, dice = 8.49e-01
2024-05-21 17:38:33.190672 | Iteration 189: similarity = 9.93e-01, loss = -5.84e-01, dice = 8.49e-01
2024-05-21 17:38:34.310966 | Iteration 190: similarity = 9.93e-01, loss = -5.85e-01, dice = 8.49e-01
2024-05-21 17:38:35.435105 | Iteration 191: similarity = 9.93e-01, loss = -5.87e-01, dice = 8.49e-01
2024-05-21 17:38:36.576719 | Iteration 192: similarity = 9.93e-01, loss = -5.87e-01, dice = 8.49e-01
2024-05-21 17:38:37.704705 | Iteration 193: similarity = 9.93e-01, loss = -5.89e-01, dice = 8.49e-01
2024-05-21 17:38:38.817174 | Iteration 194: similarity = 9.93e-01, loss = -5.90e-01, dice = 8.49e-01
2024-05-21 17:38:39.949504 | Iteration 195: similarity = 9.93e-01, loss = -5.92e-01, dice = 8.49e-01
2024-05-21 17:38:41.064537 | Iteration 196: similarity = 9.93e-01, loss = -5.92e-01, dice = 8.49e-01
2024-05-21 17:38:42.181175 | Iteration 197: similarity = 9.93e-01, loss = -5.94e-01, dice = 8.49e-01
2024-05-21 17:38:43.297958 | Iteration 198: similarity = 9.93e-01, loss = -5.95e-01, dice = 8.49e-01
2024-05-21 17:38:44.412275 | Iteration 199: similarity = 9.93e-01, loss = -5.97e-01, dice = 8.49e-01
2024-05-21 17:38:45.536643 | Iteration 200: similarity = 9.93e-01, loss = -5.97e-01, dice = 8.49e-01
2024-05-21 17:38:45.774060 | [scope plot registration results takes 0.2373201847076416s]
2024-05-21 17:38:46.614559 | Validation: HD [8.018148 ± 1.887841], MSD [0.817116 ± 0.160937], DSC [0.715843 ± 0.099556]
2024-05-21 17:38:46.615273 |          => HD [7.399347 ± 2.423739], MSD [0.424363 ± 0.070408], DSC [0.848834 ± 0.050483]
