====================================================================================================
Logging file for python script in Intensity Distribution.Experiment 1 (Anonymous): Exp1_LIC_GASD
_same_modality.py
| The recreation of Experiment 1: comparison between LIC and GASD. 
Started at 2024-05-21 20:53:48.818353 with command:
> python Exp1_LIC_GASD_same_modality.py --exp T4_NCC_local
====================================================================================================

2024-05-21 20:53:50.130175 | Iteration 1: similarity = 1.82e-01, loss = 5.52e+00, dice = 5.93e-01
2024-05-21 20:53:51.356428 | Iteration 2: similarity = 1.87e-01, loss = 4.17e+00, dice = 6.18e-01
2024-05-21 20:53:52.555834 | Iteration 3: similarity = 1.95e-01, loss = 3.49e+00, dice = 6.37e-01
2024-05-21 20:53:53.730459 | Iteration 4: similarity = 2.04e-01, loss = 2.78e+00, dice = 6.57e-01
2024-05-21 20:53:54.903069 | Iteration 5: similarity = 2.08e-01, loss = 2.55e+00, dice = 6.71e-01
2024-05-21 20:53:56.080654 | Iteration 6: similarity = 2.14e-01, loss = 2.30e+00, dice = 6.78e-01
2024-05-21 20:53:57.246389 | Iteration 7: similarity = 2.19e-01, loss = 2.07e+00, dice = 6.88e-01
2024-05-21 20:53:58.411012 | Iteration 8: similarity = 2.24e-01, loss = 1.86e+00, dice = 6.97e-01
2024-05-21 20:53:59.596858 | Iteration 9: similarity = 2.29e-01, loss = 1.68e+00, dice = 7.07e-01
2024-05-21 20:54:00.777171 | Iteration 10: similarity = 2.33e-01, loss = 1.52e+00, dice = 7.13e-01
2024-05-21 20:54:01.948576 | Iteration 11: similarity = 2.36e-01, loss = 1.39e+00, dice = 7.18e-01
2024-05-21 20:54:03.147826 | Iteration 12: similarity = 2.40e-01, loss = 1.27e+00, dice = 7.24e-01
2024-05-21 20:54:04.313674 | Iteration 13: similarity = 2.43e-01, loss = 1.16e+00, dice = 7.30e-01
2024-05-21 20:54:05.500636 | Iteration 14: similarity = 2.46e-01, loss = 1.06e+00, dice = 7.35e-01
2024-05-21 20:54:06.694154 | Iteration 15: similarity = 2.48e-01, loss = 9.74e-01, dice = 7.39e-01
2024-05-21 20:54:07.882807 | Iteration 16: similarity = 2.51e-01, loss = 8.91e-01, dice = 7.44e-01
2024-05-21 20:54:09.119830 | Iteration 17: similarity = 2.53e-01, loss = 8.14e-01, dice = 7.48e-01
2024-05-21 20:54:10.322249 | Iteration 18: similarity = 2.56e-01, loss = 7.44e-01, dice = 7.51e-01
2024-05-21 20:54:11.522879 | Iteration 19: similarity = 2.58e-01, loss = 6.80e-01, dice = 7.55e-01
2024-05-21 20:54:12.701652 | Iteration 20: similarity = 2.60e-01, loss = 6.23e-01, dice = 7.59e-01
2024-05-21 20:54:13.884583 | Iteration 21: similarity = 2.61e-01, loss = 5.70e-01, dice = 7.62e-01
2024-05-21 20:54:15.040557 | Iteration 22: similarity = 2.63e-01, loss = 5.20e-01, dice = 7.65e-01
2024-05-21 20:54:16.256574 | Iteration 23: similarity = 2.65e-01, loss = 4.75e-01, dice = 7.68e-01
2024-05-21 20:54:17.454567 | Iteration 24: similarity = 2.66e-01, loss = 4.34e-01, dice = 7.71e-01
2024-05-21 20:54:18.635963 | Iteration 25: similarity = 2.68e-01, loss = 3.96e-01, dice = 7.74e-01
2024-05-21 20:54:19.795106 | Iteration 26: similarity = 2.69e-01, loss = 3.62e-01, dice = 7.77e-01
2024-05-21 20:54:20.963538 | Iteration 27: similarity = 2.70e-01, loss = 3.31e-01, dice = 7.80e-01
2024-05-21 20:54:22.131277 | Iteration 28: similarity = 2.71e-01, loss = 3.03e-01, dice = 7.82e-01
2024-05-21 20:54:23.299268 | Iteration 29: similarity = 2.72e-01, loss = 2.78e-01, dice = 7.85e-01
2024-05-21 20:54:24.465427 | Iteration 30: similarity = 2.73e-01, loss = 2.57e-01, dice = 7.87e-01
2024-05-21 20:54:25.640127 | Iteration 31: similarity = 2.73e-01, loss = 2.37e-01, dice = 7.90e-01
2024-05-21 20:54:26.808603 | Iteration 32: similarity = 2.74e-01, loss = 2.20e-01, dice = 7.92e-01
2024-05-21 20:54:27.981475 | Iteration 33: similarity = 2.75e-01, loss = 2.06e-01, dice = 7.94e-01
2024-05-21 20:54:29.142100 | Iteration 34: similarity = 2.75e-01, loss = 1.93e-01, dice = 7.97e-01
2024-05-21 20:54:30.319730 | Iteration 35: similarity = 2.76e-01, loss = 1.83e-01, dice = 8.00e-01
2024-05-21 20:54:31.488334 | Iteration 36: similarity = 2.76e-01, loss = 1.74e-01, dice = 8.02e-01
2024-05-21 20:54:32.653581 | Iteration 37: similarity = 2.77e-01, loss = 1.67e-01, dice = 8.05e-01
2024-05-21 20:54:33.842629 | Iteration 38: similarity = 2.77e-01, loss = 1.60e-01, dice = 8.06e-01
2024-05-21 20:54:34.999420 | Iteration 39: similarity = 2.78e-01, loss = 1.56e-01, dice = 8.09e-01
2024-05-21 20:54:36.174743 | Iteration 40: similarity = 2.78e-01, loss = 1.52e-01, dice = 8.11e-01
2024-05-21 20:54:37.324317 | Iteration 41: similarity = 2.79e-01, loss = 1.49e-01, dice = 8.14e-01
2024-05-21 20:54:38.481387 | Iteration 42: similarity = 2.79e-01, loss = 1.47e-01, dice = 8.16e-01
2024-05-21 20:54:39.660689 | Iteration 43: similarity = 2.79e-01, loss = 1.45e-01, dice = 8.18e-01
2024-05-21 20:54:40.829995 | Iteration 44: similarity = 2.79e-01, loss = 1.45e-01, dice = 8.20e-01
2024-05-21 20:54:42.004260 | Iteration 45: similarity = 2.80e-01, loss = 1.44e-01, dice = 8.22e-01
2024-05-21 20:54:43.198546 | Iteration 46: similarity = 2.80e-01, loss = 1.45e-01, dice = 8.24e-01
2024-05-21 20:54:44.375802 | Iteration 47: similarity = 2.80e-01, loss = 1.46e-01, dice = 8.26e-01
2024-05-21 20:54:45.558524 | Iteration 48: similarity = 2.80e-01, loss = 1.46e-01, dice = 8.28e-01
2024-05-21 20:54:46.739728 | Iteration 49: similarity = 2.81e-01, loss = 1.47e-01, dice = 8.29e-01
2024-05-21 20:54:47.912931 | Iteration 50: similarity = 2.81e-01, loss = 1.49e-01, dice = 8.31e-01
2024-05-21 20:54:49.085294 | Iteration 51: similarity = 2.81e-01, loss = 1.50e-01, dice = 8.33e-01
2024-05-21 20:54:50.284556 | Iteration 52: similarity = 2.82e-01, loss = 1.52e-01, dice = 8.35e-01
2024-05-21 20:54:51.445450 | Iteration 53: similarity = 2.82e-01, loss = 1.53e-01, dice = 8.35e-01
2024-05-21 20:54:52.640909 | Iteration 54: similarity = 2.82e-01, loss = 1.55e-01, dice = 8.37e-01
2024-05-21 20:54:53.799374 | Iteration 55: similarity = 2.82e-01, loss = 1.57e-01, dice = 8.38e-01
2024-05-21 20:54:54.957269 | Iteration 56: similarity = 2.82e-01, loss = 1.59e-01, dice = 8.40e-01
2024-05-21 20:54:56.123716 | Iteration 57: similarity = 2.82e-01, loss = 1.61e-01, dice = 8.41e-01
2024-05-21 20:54:57.292267 | Iteration 58: similarity = 2.83e-01, loss = 1.63e-01, dice = 8.42e-01
2024-05-21 20:54:58.458417 | Iteration 59: similarity = 2.83e-01, loss = 1.65e-01, dice = 8.43e-01
2024-05-21 20:54:59.617915 | Iteration 60: similarity = 2.83e-01, loss = 1.67e-01, dice = 8.44e-01
2024-05-21 20:55:00.779362 | Iteration 61: similarity = 2.83e-01, loss = 1.69e-01, dice = 8.45e-01
2024-05-21 20:55:01.953915 | Iteration 62: similarity = 2.83e-01, loss = 1.71e-01, dice = 8.46e-01
2024-05-21 20:55:03.174080 | Iteration 63: similarity = 2.83e-01, loss = 1.73e-01, dice = 8.47e-01
2024-05-21 20:55:04.396006 | Iteration 64: similarity = 2.83e-01, loss = 1.75e-01, dice = 8.48e-01
2024-05-21 20:55:05.562907 | Iteration 65: similarity = 2.83e-01, loss = 1.77e-01, dice = 8.49e-01
2024-05-21 20:55:06.735460 | Iteration 66: similarity = 2.84e-01, loss = 1.80e-01, dice = 8.49e-01
2024-05-21 20:55:07.908616 | Iteration 67: similarity = 2.84e-01, loss = 1.81e-01, dice = 8.50e-01
2024-05-21 20:55:09.062463 | Iteration 68: similarity = 2.84e-01, loss = 1.83e-01, dice = 8.51e-01
2024-05-21 20:55:10.223341 | Iteration 69: similarity = 2.84e-01, loss = 1.86e-01, dice = 8.51e-01
2024-05-21 20:55:11.394355 | Iteration 70: similarity = 2.84e-01, loss = 1.88e-01, dice = 8.52e-01
2024-05-21 20:55:12.551588 | Iteration 71: similarity = 2.84e-01, loss = 1.90e-01, dice = 8.53e-01
2024-05-21 20:55:13.715538 | Iteration 72: similarity = 2.84e-01, loss = 1.92e-01, dice = 8.54e-01
2024-05-21 20:55:14.870633 | Iteration 73: similarity = 2.84e-01, loss = 1.94e-01, dice = 8.55e-01
2024-05-21 20:55:16.000700 | Iteration 74: similarity = 2.84e-01, loss = 1.96e-01, dice = 8.54e-01
2024-05-21 20:55:17.145322 | Iteration 75: similarity = 2.84e-01, loss = 1.98e-01, dice = 8.54e-01
2024-05-21 20:55:18.289685 | Iteration 76: similarity = 2.84e-01, loss = 1.99e-01, dice = 8.56e-01
2024-05-21 20:55:19.458452 | Iteration 77: similarity = 2.84e-01, loss = 2.01e-01, dice = 8.56e-01
2024-05-21 20:55:20.637484 | Iteration 78: similarity = 2.85e-01, loss = 2.02e-01, dice = 8.56e-01
2024-05-21 20:55:21.804279 | Iteration 79: similarity = 2.85e-01, loss = 2.04e-01, dice = 8.57e-01
2024-05-21 20:55:22.958518 | Iteration 80: similarity = 2.85e-01, loss = 2.05e-01, dice = 8.58e-01
2024-05-21 20:55:24.114833 | Iteration 81: similarity = 2.85e-01, loss = 2.06e-01, dice = 8.58e-01
2024-05-21 20:55:25.271710 | Iteration 82: similarity = 2.85e-01, loss = 2.07e-01, dice = 8.58e-01
2024-05-21 20:55:26.428551 | Iteration 83: similarity = 2.85e-01, loss = 2.09e-01, dice = 8.59e-01
2024-05-21 20:55:27.579598 | Iteration 84: similarity = 2.85e-01, loss = 2.09e-01, dice = 8.59e-01
2024-05-21 20:55:28.736377 | Iteration 85: similarity = 2.85e-01, loss = 2.11e-01, dice = 8.60e-01
2024-05-21 20:55:29.888122 | Iteration 86: similarity = 2.85e-01, loss = 2.10e-01, dice = 8.60e-01
2024-05-21 20:55:31.046566 | Iteration 87: similarity = 2.85e-01, loss = 2.12e-01, dice = 8.60e-01
2024-05-21 20:55:32.191896 | Iteration 88: similarity = 2.85e-01, loss = 2.11e-01, dice = 8.60e-01
2024-05-21 20:55:33.352906 | Iteration 89: similarity = 2.85e-01, loss = 2.13e-01, dice = 8.61e-01
2024-05-21 20:55:34.522848 | Iteration 90: similarity = 2.85e-01, loss = 2.12e-01, dice = 8.61e-01
2024-05-21 20:55:35.721048 | Iteration 91: similarity = 2.85e-01, loss = 2.13e-01, dice = 8.62e-01
2024-05-21 20:55:36.892469 | Iteration 92: similarity = 2.85e-01, loss = 2.13e-01, dice = 8.62e-01
2024-05-21 20:55:38.058750 | Iteration 93: similarity = 2.85e-01, loss = 2.13e-01, dice = 8.62e-01
2024-05-21 20:55:39.247776 | Iteration 94: similarity = 2.85e-01, loss = 2.13e-01, dice = 8.62e-01
2024-05-21 20:55:40.431588 | Iteration 95: similarity = 2.85e-01, loss = 2.13e-01, dice = 8.62e-01
2024-05-21 20:55:41.625262 | Iteration 96: similarity = 2.86e-01, loss = 2.13e-01, dice = 8.63e-01
2024-05-21 20:55:42.780046 | Iteration 97: similarity = 2.86e-01, loss = 2.13e-01, dice = 8.63e-01
2024-05-21 20:55:43.942028 | Iteration 98: similarity = 2.86e-01, loss = 2.12e-01, dice = 8.64e-01
2024-05-21 20:55:45.109602 | Iteration 99: similarity = 2.86e-01, loss = 2.13e-01, dice = 8.64e-01
2024-05-21 20:55:46.321451 | Iteration 100: similarity = 2.86e-01, loss = 2.11e-01, dice = 8.64e-01
2024-05-21 20:55:47.500935 | Iteration 101: similarity = 2.86e-01, loss = 2.12e-01, dice = 8.64e-01
2024-05-21 20:55:48.653797 | Iteration 102: similarity = 2.86e-01, loss = 2.10e-01, dice = 8.64e-01
2024-05-21 20:55:49.821274 | Iteration 103: similarity = 2.86e-01, loss = 2.11e-01, dice = 8.64e-01
2024-05-21 20:55:50.989896 | Iteration 104: similarity = 2.86e-01, loss = 2.09e-01, dice = 8.64e-01
2024-05-21 20:55:52.160739 | Iteration 105: similarity = 2.86e-01, loss = 2.09e-01, dice = 8.65e-01
2024-05-21 20:55:53.320908 | Iteration 106: similarity = 2.86e-01, loss = 2.08e-01, dice = 8.65e-01
2024-05-21 20:55:54.485950 | Iteration 107: similarity = 2.86e-01, loss = 2.08e-01, dice = 8.65e-01
2024-05-21 20:55:55.658297 | Iteration 108: similarity = 2.86e-01, loss = 2.07e-01, dice = 8.65e-01
2024-05-21 20:55:56.838978 | Iteration 109: similarity = 2.86e-01, loss = 2.07e-01, dice = 8.65e-01
2024-05-21 20:55:58.018975 | Iteration 110: similarity = 2.86e-01, loss = 2.05e-01, dice = 8.66e-01
2024-05-21 20:55:59.221164 | Iteration 111: similarity = 2.86e-01, loss = 2.05e-01, dice = 8.66e-01
2024-05-21 20:56:00.414569 | Iteration 112: similarity = 2.86e-01, loss = 2.04e-01, dice = 8.66e-01
2024-05-21 20:56:01.585748 | Iteration 113: similarity = 2.86e-01, loss = 2.03e-01, dice = 8.66e-01
2024-05-21 20:56:02.797699 | Iteration 114: similarity = 2.86e-01, loss = 2.02e-01, dice = 8.66e-01
2024-05-21 20:56:03.965943 | Iteration 115: similarity = 2.86e-01, loss = 2.01e-01, dice = 8.67e-01
2024-05-21 20:56:05.146836 | Iteration 116: similarity = 2.86e-01, loss = 2.00e-01, dice = 8.67e-01
2024-05-21 20:56:06.331737 | Iteration 117: similarity = 2.86e-01, loss = 2.00e-01, dice = 8.67e-01
2024-05-21 20:56:07.523306 | Iteration 118: similarity = 2.86e-01, loss = 1.98e-01, dice = 8.67e-01
2024-05-21 20:56:08.711429 | Iteration 119: similarity = 2.86e-01, loss = 1.98e-01, dice = 8.68e-01
2024-05-21 20:56:09.900183 | Iteration 120: similarity = 2.86e-01, loss = 1.96e-01, dice = 8.68e-01
2024-05-21 20:56:11.062653 | Iteration 121: similarity = 2.86e-01, loss = 1.96e-01, dice = 8.68e-01
2024-05-21 20:56:12.219250 | Iteration 122: similarity = 2.86e-01, loss = 1.94e-01, dice = 8.68e-01
2024-05-21 20:56:13.387189 | Iteration 123: similarity = 2.86e-01, loss = 1.93e-01, dice = 8.68e-01
2024-05-21 20:56:14.586800 | Iteration 124: similarity = 2.86e-01, loss = 1.92e-01, dice = 8.68e-01
2024-05-21 20:56:15.761846 | Iteration 125: similarity = 2.87e-01, loss = 1.91e-01, dice = 8.68e-01
2024-05-21 20:56:16.980708 | Iteration 126: similarity = 2.87e-01, loss = 1.90e-01, dice = 8.68e-01
2024-05-21 20:56:18.175192 | Iteration 127: similarity = 2.87e-01, loss = 1.89e-01, dice = 8.68e-01
2024-05-21 20:56:19.367427 | Iteration 128: similarity = 2.87e-01, loss = 1.88e-01, dice = 8.68e-01
2024-05-21 20:56:20.589143 | Iteration 129: similarity = 2.87e-01, loss = 1.87e-01, dice = 8.68e-01
2024-05-21 20:56:21.764951 | Iteration 130: similarity = 2.87e-01, loss = 1.86e-01, dice = 8.69e-01
2024-05-21 20:56:22.946491 | Iteration 131: similarity = 2.87e-01, loss = 1.85e-01, dice = 8.69e-01
2024-05-21 20:56:24.146191 | Iteration 132: similarity = 2.87e-01, loss = 1.83e-01, dice = 8.69e-01
2024-05-21 20:56:25.311646 | Iteration 133: similarity = 2.87e-01, loss = 1.83e-01, dice = 8.69e-01
2024-05-21 20:56:26.475644 | Iteration 134: similarity = 2.87e-01, loss = 1.81e-01, dice = 8.69e-01
2024-05-21 20:56:27.634334 | Iteration 135: similarity = 2.87e-01, loss = 1.81e-01, dice = 8.69e-01
2024-05-21 20:56:28.798560 | Iteration 136: similarity = 2.87e-01, loss = 1.79e-01, dice = 8.69e-01
2024-05-21 20:56:29.953911 | Iteration 137: similarity = 2.87e-01, loss = 1.78e-01, dice = 8.70e-01
2024-05-21 20:56:31.119166 | Iteration 138: similarity = 2.87e-01, loss = 1.76e-01, dice = 8.69e-01
2024-05-21 20:56:32.308122 | Iteration 139: similarity = 2.87e-01, loss = 1.76e-01, dice = 8.70e-01
2024-05-21 20:56:33.499518 | Iteration 140: similarity = 2.87e-01, loss = 1.74e-01, dice = 8.69e-01
2024-05-21 20:56:34.656814 | Iteration 141: similarity = 2.87e-01, loss = 1.74e-01, dice = 8.70e-01
2024-05-21 20:56:35.865078 | Iteration 142: similarity = 2.87e-01, loss = 1.72e-01, dice = 8.70e-01
2024-05-21 20:56:37.087320 | Iteration 143: similarity = 2.87e-01, loss = 1.72e-01, dice = 8.70e-01
2024-05-21 20:56:38.250326 | Iteration 144: similarity = 2.87e-01, loss = 1.69e-01, dice = 8.70e-01
2024-05-21 20:56:39.414109 | Iteration 145: similarity = 2.87e-01, loss = 1.69e-01, dice = 8.70e-01
2024-05-21 20:56:40.570529 | Iteration 146: similarity = 2.87e-01, loss = 1.67e-01, dice = 8.71e-01
2024-05-21 20:56:41.796578 | Iteration 147: similarity = 2.87e-01, loss = 1.67e-01, dice = 8.70e-01
2024-05-21 20:56:42.967421 | Iteration 148: similarity = 2.87e-01, loss = 1.64e-01, dice = 8.70e-01
2024-05-21 20:56:44.135398 | Iteration 149: similarity = 2.87e-01, loss = 1.64e-01, dice = 8.71e-01
2024-05-21 20:56:45.328919 | Iteration 150: similarity = 2.87e-01, loss = 1.62e-01, dice = 8.70e-01
2024-05-21 20:56:46.489531 | Iteration 151: similarity = 2.87e-01, loss = 1.62e-01, dice = 8.70e-01
2024-05-21 20:56:47.663946 | Iteration 152: similarity = 2.87e-01, loss = 1.60e-01, dice = 8.71e-01
2024-05-21 20:56:48.870125 | Iteration 153: similarity = 2.87e-01, loss = 1.60e-01, dice = 8.71e-01
2024-05-21 20:56:50.048672 | Iteration 154: similarity = 2.87e-01, loss = 1.58e-01, dice = 8.71e-01
2024-05-21 20:56:51.213726 | Iteration 155: similarity = 2.87e-01, loss = 1.57e-01, dice = 8.70e-01
2024-05-21 20:56:52.400824 | Iteration 156: similarity = 2.87e-01, loss = 1.55e-01, dice = 8.71e-01
2024-05-21 20:56:53.579955 | Iteration 157: similarity = 2.87e-01, loss = 1.55e-01, dice = 8.71e-01
2024-05-21 20:56:54.736361 | Iteration 158: similarity = 2.87e-01, loss = 1.53e-01, dice = 8.70e-01
2024-05-21 20:56:55.891396 | Iteration 159: similarity = 2.87e-01, loss = 1.52e-01, dice = 8.71e-01
2024-05-21 20:56:57.045335 | Iteration 160: similarity = 2.87e-01, loss = 1.50e-01, dice = 8.71e-01
2024-05-21 20:56:58.241525 | Iteration 161: similarity = 2.87e-01, loss = 1.50e-01, dice = 8.72e-01
2024-05-21 20:56:59.419659 | Iteration 162: similarity = 2.87e-01, loss = 1.48e-01, dice = 8.71e-01
2024-05-21 20:57:00.586385 | Iteration 163: similarity = 2.87e-01, loss = 1.48e-01, dice = 8.71e-01
2024-05-21 20:57:01.745332 | Iteration 164: similarity = 2.87e-01, loss = 1.46e-01, dice = 8.72e-01
2024-05-21 20:57:02.916675 | Iteration 165: similarity = 2.87e-01, loss = 1.45e-01, dice = 8.72e-01
2024-05-21 20:57:04.079015 | Iteration 166: similarity = 2.87e-01, loss = 1.43e-01, dice = 8.71e-01
2024-05-21 20:57:05.234389 | Iteration 167: similarity = 2.87e-01, loss = 1.43e-01, dice = 8.71e-01
2024-05-21 20:57:06.415826 | Iteration 168: similarity = 2.87e-01, loss = 1.41e-01, dice = 8.72e-01
2024-05-21 20:57:07.577115 | Iteration 169: similarity = 2.87e-01, loss = 1.41e-01, dice = 8.72e-01
2024-05-21 20:57:08.741228 | Iteration 170: similarity = 2.87e-01, loss = 1.38e-01, dice = 8.71e-01
2024-05-21 20:57:09.890657 | Iteration 171: similarity = 2.87e-01, loss = 1.38e-01, dice = 8.71e-01
2024-05-21 20:57:11.057371 | Iteration 172: similarity = 2.87e-01, loss = 1.36e-01, dice = 8.72e-01
2024-05-21 20:57:12.207697 | Iteration 173: similarity = 2.88e-01, loss = 1.36e-01, dice = 8.73e-01
2024-05-21 20:57:13.367287 | Iteration 174: similarity = 2.87e-01, loss = 1.34e-01, dice = 8.72e-01
2024-05-21 20:57:14.514919 | Iteration 175: similarity = 2.88e-01, loss = 1.34e-01, dice = 8.72e-01
2024-05-21 20:57:15.664976 | Iteration 176: similarity = 2.88e-01, loss = 1.32e-01, dice = 8.72e-01
2024-05-21 20:57:16.815408 | Iteration 177: similarity = 2.88e-01, loss = 1.31e-01, dice = 8.72e-01
2024-05-21 20:57:17.961571 | Iteration 178: similarity = 2.88e-01, loss = 1.29e-01, dice = 8.72e-01
2024-05-21 20:57:19.126316 | Iteration 179: similarity = 2.88e-01, loss = 1.29e-01, dice = 8.72e-01
2024-05-21 20:57:20.310148 | Iteration 180: similarity = 2.88e-01, loss = 1.27e-01, dice = 8.73e-01
2024-05-21 20:57:21.474695 | Iteration 181: similarity = 2.88e-01, loss = 1.26e-01, dice = 8.72e-01
2024-05-21 20:57:22.634214 | Iteration 182: similarity = 2.88e-01, loss = 1.25e-01, dice = 8.72e-01
2024-05-21 20:57:23.781645 | Iteration 183: similarity = 2.88e-01, loss = 1.24e-01, dice = 8.72e-01
2024-05-21 20:57:24.934259 | Iteration 184: similarity = 2.88e-01, loss = 1.22e-01, dice = 8.72e-01
2024-05-21 20:57:26.095770 | Iteration 185: similarity = 2.88e-01, loss = 1.22e-01, dice = 8.72e-01
2024-05-21 20:57:27.270529 | Iteration 186: similarity = 2.88e-01, loss = 1.20e-01, dice = 8.72e-01
2024-05-21 20:57:28.451006 | Iteration 187: similarity = 2.88e-01, loss = 1.20e-01, dice = 8.72e-01
2024-05-21 20:57:29.613757 | Iteration 188: similarity = 2.88e-01, loss = 1.18e-01, dice = 8.73e-01
2024-05-21 20:57:30.771541 | Iteration 189: similarity = 2.88e-01, loss = 1.18e-01, dice = 8.72e-01
2024-05-21 20:57:31.993093 | Iteration 190: similarity = 2.88e-01, loss = 1.15e-01, dice = 8.72e-01
2024-05-21 20:57:33.178357 | Iteration 191: similarity = 2.88e-01, loss = 1.15e-01, dice = 8.72e-01
2024-05-21 20:57:34.351454 | Iteration 192: similarity = 2.88e-01, loss = 1.13e-01, dice = 8.73e-01
2024-05-21 20:57:35.534014 | Iteration 193: similarity = 2.88e-01, loss = 1.13e-01, dice = 8.73e-01
2024-05-21 20:57:36.742503 | Iteration 194: similarity = 2.88e-01, loss = 1.11e-01, dice = 8.73e-01
2024-05-21 20:57:37.902808 | Iteration 195: similarity = 2.88e-01, loss = 1.11e-01, dice = 8.73e-01
2024-05-21 20:57:39.081868 | Iteration 196: similarity = 2.88e-01, loss = 1.09e-01, dice = 8.73e-01
2024-05-21 20:57:40.281019 | Iteration 197: similarity = 2.88e-01, loss = 1.08e-01, dice = 8.73e-01
2024-05-21 20:57:41.472323 | Iteration 198: similarity = 2.88e-01, loss = 1.07e-01, dice = 8.73e-01
2024-05-21 20:57:42.689539 | Iteration 199: similarity = 2.88e-01, loss = 1.06e-01, dice = 8.73e-01
2024-05-21 20:57:43.885235 | Iteration 200: similarity = 2.88e-01, loss = 1.05e-01, dice = 8.73e-01
2024-05-21 20:57:44.129462 | [scope plot registration results takes 0.24413681030273438s]
2024-05-21 20:57:45.022112 | Validation: HD [8.018148 ± 1.887841], MSD [0.817116 ± 0.160937], DSC [0.715843 ± 0.099556]
2024-05-21 20:57:45.022781 |          => HD [7.284964 ± 2.528624], MSD [0.354609 ± 0.091172], DSC [0.873110 ± 0.054107]
