====================================================================================================
Logging file for python script in Intensity Distribution.Experiment 1 (Anonymous): Exp1_LIC_GASD
.py
| The recreation of Experiment 1: comparison between LIC and GASD. 
Started at 2024-05-19 19:52:16.920877 with command:
> python Exp1_LIC_GASD.py --exp T1_CTr_LIC_noise_sig1
====================================================================================================

2024-05-19 19:52:19.301671 | Iteration 1: similarity = 2.54e-01, loss = 5.45e+00, dice = 5.93e-01
2024-05-19 19:52:21.515229 | Iteration 2: similarity = 2.66e-01, loss = 4.11e+00, dice = 6.17e-01
2024-05-19 19:52:23.672129 | Iteration 3: similarity = 2.90e-01, loss = 3.43e+00, dice = 6.37e-01
2024-05-19 19:52:25.795878 | Iteration 4: similarity = 3.12e-01, loss = 2.72e+00, dice = 6.58e-01
2024-05-19 19:52:28.083123 | Iteration 5: similarity = 3.26e-01, loss = 2.47e+00, dice = 6.68e-01
2024-05-19 19:52:30.297582 | Iteration 6: similarity = 3.42e-01, loss = 2.22e+00, dice = 6.75e-01
2024-05-19 19:52:32.488756 | Iteration 7: similarity = 3.57e-01, loss = 1.97e+00, dice = 6.82e-01
2024-05-19 19:52:34.783271 | Iteration 8: similarity = 3.68e-01, loss = 1.76e+00, dice = 6.89e-01
2024-05-19 19:52:36.932931 | Iteration 9: similarity = 3.79e-01, loss = 1.58e+00, dice = 6.95e-01
2024-05-19 19:52:39.249420 | Iteration 10: similarity = 3.89e-01, loss = 1.41e+00, dice = 7.01e-01
2024-05-19 19:52:41.374149 | Iteration 11: similarity = 3.97e-01, loss = 1.28e+00, dice = 7.06e-01
2024-05-19 19:52:43.599806 | Iteration 12: similarity = 4.05e-01, loss = 1.15e+00, dice = 7.09e-01
2024-05-19 19:52:45.741061 | Iteration 13: similarity = 4.12e-01, loss = 1.04e+00, dice = 7.13e-01
2024-05-19 19:52:47.909123 | Iteration 14: similarity = 4.18e-01, loss = 9.36e-01, dice = 7.16e-01
2024-05-19 19:52:50.015374 | Iteration 15: similarity = 4.24e-01, loss = 8.44e-01, dice = 7.19e-01
2024-05-19 19:52:52.198926 | Iteration 16: similarity = 4.29e-01, loss = 7.58e-01, dice = 7.22e-01
2024-05-19 19:52:54.333041 | Iteration 17: similarity = 4.34e-01, loss = 6.79e-01, dice = 7.23e-01
2024-05-19 19:52:56.493000 | Iteration 18: similarity = 4.39e-01, loss = 6.07e-01, dice = 7.26e-01
2024-05-19 19:52:58.654057 | Iteration 19: similarity = 4.44e-01, loss = 5.42e-01, dice = 7.28e-01
2024-05-19 19:53:00.821396 | Iteration 20: similarity = 4.48e-01, loss = 4.81e-01, dice = 7.30e-01
2024-05-19 19:53:02.940568 | Iteration 21: similarity = 4.52e-01, loss = 4.26e-01, dice = 7.32e-01
2024-05-19 19:53:05.304315 | Iteration 22: similarity = 4.56e-01, loss = 3.75e-01, dice = 7.34e-01
2024-05-19 19:53:07.448987 | Iteration 23: similarity = 4.59e-01, loss = 3.28e-01, dice = 7.36e-01
2024-05-19 19:53:09.642813 | Iteration 24: similarity = 4.62e-01, loss = 2.85e-01, dice = 7.38e-01
2024-05-19 19:53:11.935313 | Iteration 25: similarity = 4.65e-01, loss = 2.45e-01, dice = 7.39e-01
2024-05-19 19:53:14.155756 | Iteration 26: similarity = 4.68e-01, loss = 2.09e-01, dice = 7.41e-01
2024-05-19 19:53:16.353471 | Iteration 27: similarity = 4.70e-01, loss = 1.76e-01, dice = 7.42e-01
2024-05-19 19:53:18.584368 | Iteration 28: similarity = 4.73e-01, loss = 1.47e-01, dice = 7.43e-01
2024-05-19 19:53:20.720300 | Iteration 29: similarity = 4.75e-01, loss = 1.19e-01, dice = 7.46e-01
2024-05-19 19:53:22.863222 | Iteration 30: similarity = 4.77e-01, loss = 9.55e-02, dice = 7.47e-01
2024-05-19 19:53:25.033234 | Iteration 31: similarity = 4.79e-01, loss = 7.41e-02, dice = 7.48e-01
2024-05-19 19:53:27.363800 | Iteration 32: similarity = 4.81e-01, loss = 5.53e-02, dice = 7.49e-01
2024-05-19 19:53:29.546611 | Iteration 33: similarity = 4.82e-01, loss = 3.90e-02, dice = 7.51e-01
2024-05-19 19:53:31.657259 | Iteration 34: similarity = 4.83e-01, loss = 2.47e-02, dice = 7.52e-01
2024-05-19 19:53:33.913613 | Iteration 35: similarity = 4.85e-01, loss = 1.20e-02, dice = 7.53e-01
2024-05-19 19:53:36.096121 | Iteration 36: similarity = 4.86e-01, loss = 1.49e-03, dice = 7.54e-01
2024-05-19 19:53:38.229313 | Iteration 37: similarity = 4.88e-01, loss = -8.04e-03, dice = 7.55e-01
2024-05-19 19:53:40.485612 | Iteration 38: similarity = 4.89e-01, loss = -1.54e-02, dice = 7.56e-01
2024-05-19 19:53:42.711801 | Iteration 39: similarity = 4.90e-01, loss = -2.22e-02, dice = 7.57e-01
2024-05-19 19:53:44.925622 | Iteration 40: similarity = 4.91e-01, loss = -2.71e-02, dice = 7.58e-01
2024-05-19 19:53:47.140492 | Iteration 41: similarity = 4.92e-01, loss = -3.16e-02, dice = 7.59e-01
2024-05-19 19:53:49.475039 | Iteration 42: similarity = 4.92e-01, loss = -3.53e-02, dice = 7.61e-01
2024-05-19 19:53:51.610614 | Iteration 43: similarity = 4.93e-01, loss = -3.83e-02, dice = 7.62e-01
2024-05-19 19:53:53.908976 | Iteration 44: similarity = 4.94e-01, loss = -4.05e-02, dice = 7.63e-01
2024-05-19 19:53:56.088987 | Iteration 45: similarity = 4.94e-01, loss = -4.26e-02, dice = 7.64e-01
2024-05-19 19:53:58.318606 | Iteration 46: similarity = 4.95e-01, loss = -4.43e-02, dice = 7.64e-01
2024-05-19 19:54:00.598692 | Iteration 47: similarity = 4.96e-01, loss = -4.51e-02, dice = 7.64e-01
2024-05-19 19:54:02.701704 | Iteration 48: similarity = 4.96e-01, loss = -4.62e-02, dice = 7.65e-01
2024-05-19 19:54:05.003396 | Iteration 49: similarity = 4.97e-01, loss = -4.69e-02, dice = 7.66e-01
2024-05-19 19:54:07.166868 | Iteration 50: similarity = 4.97e-01, loss = -4.75e-02, dice = 7.67e-01
2024-05-19 19:54:09.471916 | Iteration 51: similarity = 4.98e-01, loss = -4.82e-02, dice = 7.68e-01
2024-05-19 19:54:11.610856 | Iteration 52: similarity = 4.98e-01, loss = -4.81e-02, dice = 7.68e-01
2024-05-19 19:54:13.830125 | Iteration 53: similarity = 4.99e-01, loss = -4.83e-02, dice = 7.68e-01
2024-05-19 19:54:16.068899 | Iteration 54: similarity = 4.99e-01, loss = -4.87e-02, dice = 7.68e-01
2024-05-19 19:54:18.230043 | Iteration 55: similarity = 5.00e-01, loss = -4.87e-02, dice = 7.69e-01
2024-05-19 19:54:20.518694 | Iteration 56: similarity = 5.00e-01, loss = -4.87e-02, dice = 7.70e-01
2024-05-19 19:54:22.755246 | Iteration 57: similarity = 5.00e-01, loss = -4.86e-02, dice = 7.70e-01
2024-05-19 19:54:24.889081 | Iteration 58: similarity = 5.01e-01, loss = -4.80e-02, dice = 7.70e-01
2024-05-19 19:54:27.175634 | Iteration 59: similarity = 5.01e-01, loss = -4.83e-02, dice = 7.71e-01
2024-05-19 19:54:29.333154 | Iteration 60: similarity = 5.01e-01, loss = -4.80e-02, dice = 7.71e-01
2024-05-19 19:54:31.498302 | Iteration 61: similarity = 5.02e-01, loss = -4.79e-02, dice = 7.71e-01
2024-05-19 19:54:33.711881 | Iteration 62: similarity = 5.02e-01, loss = -4.81e-02, dice = 7.72e-01
2024-05-19 19:54:36.000935 | Iteration 63: similarity = 5.02e-01, loss = -4.80e-02, dice = 7.72e-01
2024-05-19 19:54:38.223026 | Iteration 64: similarity = 5.03e-01, loss = -4.77e-02, dice = 7.72e-01
2024-05-19 19:54:40.484127 | Iteration 65: similarity = 5.03e-01, loss = -4.79e-02, dice = 7.72e-01
2024-05-19 19:54:42.690790 | Iteration 66: similarity = 5.03e-01, loss = -4.77e-02, dice = 7.73e-01
2024-05-19 19:54:44.849273 | Iteration 67: similarity = 5.04e-01, loss = -4.75e-02, dice = 7.73e-01
2024-05-19 19:54:47.119382 | Iteration 68: similarity = 5.04e-01, loss = -4.77e-02, dice = 7.73e-01
2024-05-19 19:54:49.226028 | Iteration 69: similarity = 5.04e-01, loss = -4.75e-02, dice = 7.74e-01
2024-05-19 19:54:51.345561 | Iteration 70: similarity = 5.05e-01, loss = -4.73e-02, dice = 7.73e-01
2024-05-19 19:54:53.489861 | Iteration 71: similarity = 5.05e-01, loss = -4.71e-02, dice = 7.74e-01
2024-05-19 19:54:55.640090 | Iteration 72: similarity = 5.05e-01, loss = -4.69e-02, dice = 7.75e-01
2024-05-19 19:54:57.774958 | Iteration 73: similarity = 5.05e-01, loss = -4.61e-02, dice = 7.75e-01
2024-05-19 19:54:59.894244 | Iteration 74: similarity = 5.05e-01, loss = -4.60e-02, dice = 7.74e-01
2024-05-19 19:55:02.056002 | Iteration 75: similarity = 5.06e-01, loss = -4.60e-02, dice = 7.74e-01
2024-05-19 19:55:04.223834 | Iteration 76: similarity = 5.06e-01, loss = -4.53e-02, dice = 7.75e-01
2024-05-19 19:55:06.399419 | Iteration 77: similarity = 5.06e-01, loss = -4.56e-02, dice = 7.75e-01
2024-05-19 19:55:08.623109 | Iteration 78: similarity = 5.07e-01, loss = -4.54e-02, dice = 7.75e-01
2024-05-19 19:55:10.802971 | Iteration 79: similarity = 5.07e-01, loss = -4.55e-02, dice = 7.76e-01
2024-05-19 19:55:13.057553 | Iteration 80: similarity = 5.07e-01, loss = -4.51e-02, dice = 7.76e-01
2024-05-19 19:55:15.275523 | Iteration 81: similarity = 5.07e-01, loss = -4.50e-02, dice = 7.75e-01
2024-05-19 19:55:17.513833 | Iteration 82: similarity = 5.07e-01, loss = -4.44e-02, dice = 7.75e-01
2024-05-19 19:55:19.742259 | Iteration 83: similarity = 5.08e-01, loss = -4.49e-02, dice = 7.76e-01
2024-05-19 19:55:21.963554 | Iteration 84: similarity = 5.08e-01, loss = -4.41e-02, dice = 7.76e-01
2024-05-19 19:55:24.165578 | Iteration 85: similarity = 5.08e-01, loss = -4.45e-02, dice = 7.75e-01
2024-05-19 19:55:26.371215 | Iteration 86: similarity = 5.08e-01, loss = -4.40e-02, dice = 7.76e-01
2024-05-19 19:55:28.516416 | Iteration 87: similarity = 5.08e-01, loss = -4.39e-02, dice = 7.75e-01
2024-05-19 19:55:30.782509 | Iteration 88: similarity = 5.09e-01, loss = -4.40e-02, dice = 7.76e-01
2024-05-19 19:55:32.960418 | Iteration 89: similarity = 5.09e-01, loss = -4.34e-02, dice = 7.76e-01
2024-05-19 19:55:35.146047 | Iteration 90: similarity = 5.09e-01, loss = -4.33e-02, dice = 7.76e-01
2024-05-19 19:55:37.333694 | Iteration 91: similarity = 5.09e-01, loss = -4.35e-02, dice = 7.76e-01
2024-05-19 19:55:39.461055 | Iteration 92: similarity = 5.09e-01, loss = -4.32e-02, dice = 7.76e-01
2024-05-19 19:55:41.780696 | Iteration 93: similarity = 5.10e-01, loss = -4.36e-02, dice = 7.77e-01
2024-05-19 19:55:44.002383 | Iteration 94: similarity = 5.10e-01, loss = -4.34e-02, dice = 7.76e-01
2024-05-19 19:55:46.157309 | Iteration 95: similarity = 5.10e-01, loss = -4.35e-02, dice = 7.77e-01
2024-05-19 19:55:48.396489 | Iteration 96: similarity = 5.10e-01, loss = -4.32e-02, dice = 7.77e-01
2024-05-19 19:55:50.606967 | Iteration 97: similarity = 5.10e-01, loss = -4.35e-02, dice = 7.77e-01
2024-05-19 19:55:52.829379 | Iteration 98: similarity = 5.10e-01, loss = -4.30e-02, dice = 7.77e-01
2024-05-19 19:55:55.145978 | Iteration 99: similarity = 5.11e-01, loss = -4.35e-02, dice = 7.77e-01
2024-05-19 19:55:57.330875 | Iteration 100: similarity = 5.10e-01, loss = -4.27e-02, dice = 7.77e-01
2024-05-19 19:55:59.529620 | Iteration 101: similarity = 5.11e-01, loss = -4.35e-02, dice = 7.77e-01
2024-05-19 19:56:01.810423 | Iteration 102: similarity = 5.11e-01, loss = -4.31e-02, dice = 7.77e-01
2024-05-19 19:56:04.032971 | Iteration 103: similarity = 5.11e-01, loss = -4.37e-02, dice = 7.77e-01
2024-05-19 19:56:06.283248 | Iteration 104: similarity = 5.11e-01, loss = -4.37e-02, dice = 7.77e-01
2024-05-19 19:56:08.502646 | Iteration 105: similarity = 5.11e-01, loss = -4.41e-02, dice = 7.78e-01
2024-05-19 19:56:10.664941 | Iteration 106: similarity = 5.12e-01, loss = -4.44e-02, dice = 7.77e-01
2024-05-19 19:56:13.037914 | Iteration 107: similarity = 5.12e-01, loss = -4.44e-02, dice = 7.78e-01
2024-05-19 19:56:15.206197 | Iteration 108: similarity = 5.12e-01, loss = -4.47e-02, dice = 7.77e-01
2024-05-19 19:56:17.564918 | Iteration 109: similarity = 5.12e-01, loss = -4.51e-02, dice = 7.78e-01
2024-05-19 19:56:19.762640 | Iteration 110: similarity = 5.12e-01, loss = -4.54e-02, dice = 7.78e-01
2024-05-19 19:56:21.942073 | Iteration 111: similarity = 5.12e-01, loss = -4.53e-02, dice = 7.78e-01
2024-05-19 19:56:24.285223 | Iteration 112: similarity = 5.12e-01, loss = -4.59e-02, dice = 7.78e-01
2024-05-19 19:56:26.419561 | Iteration 113: similarity = 5.13e-01, loss = -4.61e-02, dice = 7.78e-01
2024-05-19 19:56:28.610144 | Iteration 114: similarity = 5.13e-01, loss = -4.70e-02, dice = 7.78e-01
2024-05-19 19:56:30.912445 | Iteration 115: similarity = 5.13e-01, loss = -4.74e-02, dice = 7.78e-01
2024-05-19 19:56:33.103679 | Iteration 116: similarity = 5.13e-01, loss = -4.80e-02, dice = 7.78e-01
2024-05-19 19:56:35.303179 | Iteration 117: similarity = 5.13e-01, loss = -4.82e-02, dice = 7.78e-01
2024-05-19 19:56:37.500824 | Iteration 118: similarity = 5.13e-01, loss = -4.89e-02, dice = 7.78e-01
2024-05-19 19:56:39.772059 | Iteration 119: similarity = 5.13e-01, loss = -4.88e-02, dice = 7.78e-01
2024-05-19 19:56:42.046541 | Iteration 120: similarity = 5.13e-01, loss = -4.94e-02, dice = 7.78e-01
2024-05-19 19:56:44.309719 | Iteration 121: similarity = 5.14e-01, loss = -5.00e-02, dice = 7.79e-01
2024-05-19 19:56:46.612654 | Iteration 122: similarity = 5.14e-01, loss = -5.09e-02, dice = 7.79e-01
2024-05-19 19:56:48.745126 | Iteration 123: similarity = 5.14e-01, loss = -5.14e-02, dice = 7.79e-01
2024-05-19 19:56:51.088209 | Iteration 124: similarity = 5.14e-01, loss = -5.27e-02, dice = 7.79e-01
2024-05-19 19:56:53.342037 | Iteration 125: similarity = 5.15e-01, loss = -5.31e-02, dice = 7.78e-01
2024-05-19 19:56:55.499915 | Iteration 126: similarity = 5.14e-01, loss = -5.37e-02, dice = 7.78e-01
2024-05-19 19:56:57.651123 | Iteration 127: similarity = 5.14e-01, loss = -5.43e-02, dice = 7.78e-01
2024-05-19 19:56:59.785277 | Iteration 128: similarity = 5.15e-01, loss = -5.51e-02, dice = 7.79e-01
2024-05-19 19:57:01.962195 | Iteration 129: similarity = 5.15e-01, loss = -5.59e-02, dice = 7.79e-01
2024-05-19 19:57:04.109034 | Iteration 130: similarity = 5.15e-01, loss = -5.66e-02, dice = 7.79e-01
2024-05-19 19:57:06.227621 | Iteration 131: similarity = 5.15e-01, loss = -5.73e-02, dice = 7.79e-01
2024-05-19 19:57:08.350784 | Iteration 132: similarity = 5.15e-01, loss = -5.82e-02, dice = 7.79e-01
2024-05-19 19:57:10.496112 | Iteration 133: similarity = 5.15e-01, loss = -5.90e-02, dice = 7.79e-01
2024-05-19 19:57:12.595747 | Iteration 134: similarity = 5.15e-01, loss = -5.94e-02, dice = 7.79e-01
2024-05-19 19:57:14.783070 | Iteration 135: similarity = 5.15e-01, loss = -6.05e-02, dice = 7.80e-01
2024-05-19 19:57:17.100489 | Iteration 136: similarity = 5.16e-01, loss = -6.13e-02, dice = 7.79e-01
2024-05-19 19:57:19.302298 | Iteration 137: similarity = 5.16e-01, loss = -6.21e-02, dice = 7.79e-01
2024-05-19 19:57:21.527071 | Iteration 138: similarity = 5.16e-01, loss = -6.33e-02, dice = 7.79e-01
2024-05-19 19:57:23.793852 | Iteration 139: similarity = 5.16e-01, loss = -6.37e-02, dice = 7.79e-01
2024-05-19 19:57:26.011025 | Iteration 140: similarity = 5.16e-01, loss = -6.51e-02, dice = 7.79e-01
2024-05-19 19:57:28.126330 | Iteration 141: similarity = 5.16e-01, loss = -6.54e-02, dice = 7.79e-01
2024-05-19 19:57:30.378129 | Iteration 142: similarity = 5.16e-01, loss = -6.67e-02, dice = 7.79e-01
2024-05-19 19:57:32.604583 | Iteration 143: similarity = 5.17e-01, loss = -6.72e-02, dice = 7.79e-01
2024-05-19 19:57:34.818113 | Iteration 144: similarity = 5.17e-01, loss = -6.85e-02, dice = 7.80e-01
2024-05-19 19:57:36.985475 | Iteration 145: similarity = 5.17e-01, loss = -6.88e-02, dice = 7.79e-01
2024-05-19 19:57:39.270397 | Iteration 146: similarity = 5.17e-01, loss = -7.04e-02, dice = 7.79e-01
2024-05-19 19:57:41.414442 | Iteration 147: similarity = 5.17e-01, loss = -7.09e-02, dice = 7.80e-01
2024-05-19 19:57:43.613998 | Iteration 148: similarity = 5.17e-01, loss = -7.24e-02, dice = 7.79e-01
2024-05-19 19:57:45.873743 | Iteration 149: similarity = 5.17e-01, loss = -7.29e-02, dice = 7.79e-01
2024-05-19 19:57:48.047883 | Iteration 150: similarity = 5.18e-01, loss = -7.43e-02, dice = 7.79e-01
2024-05-19 19:57:50.207340 | Iteration 151: similarity = 5.18e-01, loss = -7.47e-02, dice = 7.79e-01
2024-05-19 19:57:52.422898 | Iteration 152: similarity = 5.18e-01, loss = -7.62e-02, dice = 7.79e-01
2024-05-19 19:57:54.667669 | Iteration 153: similarity = 5.18e-01, loss = -7.63e-02, dice = 7.79e-01
2024-05-19 19:57:56.813587 | Iteration 154: similarity = 5.18e-01, loss = -7.85e-02, dice = 7.79e-01
2024-05-19 19:57:59.218963 | Iteration 155: similarity = 5.18e-01, loss = -7.82e-02, dice = 7.80e-01
2024-05-19 19:58:01.383812 | Iteration 156: similarity = 5.18e-01, loss = -8.08e-02, dice = 7.80e-01
2024-05-19 19:58:03.563491 | Iteration 157: similarity = 5.18e-01, loss = -7.98e-02, dice = 7.79e-01
2024-05-19 19:58:05.833765 | Iteration 158: similarity = 5.18e-01, loss = -8.25e-02, dice = 7.79e-01
2024-05-19 19:58:07.969324 | Iteration 159: similarity = 5.18e-01, loss = -8.23e-02, dice = 7.80e-01
2024-05-19 19:58:10.316024 | Iteration 160: similarity = 5.18e-01, loss = -8.42e-02, dice = 7.79e-01
2024-05-19 19:58:12.553053 | Iteration 161: similarity = 5.18e-01, loss = -8.42e-02, dice = 7.80e-01
2024-05-19 19:58:14.732091 | Iteration 162: similarity = 5.18e-01, loss = -8.64e-02, dice = 7.80e-01
2024-05-19 19:58:17.032052 | Iteration 163: similarity = 5.19e-01, loss = -8.59e-02, dice = 7.80e-01
2024-05-19 19:58:19.155031 | Iteration 164: similarity = 5.19e-01, loss = -8.84e-02, dice = 7.80e-01
2024-05-19 19:58:21.473114 | Iteration 165: similarity = 5.19e-01, loss = -8.80e-02, dice = 7.79e-01
2024-05-19 19:58:23.740430 | Iteration 166: similarity = 5.19e-01, loss = -9.01e-02, dice = 7.79e-01
2024-05-19 19:58:25.918059 | Iteration 167: similarity = 5.19e-01, loss = -9.00e-02, dice = 7.80e-01
2024-05-19 19:58:28.140166 | Iteration 168: similarity = 5.19e-01, loss = -9.18e-02, dice = 7.80e-01
2024-05-19 19:58:30.271692 | Iteration 169: similarity = 5.19e-01, loss = -9.23e-02, dice = 7.80e-01
2024-05-19 19:58:32.559392 | Iteration 170: similarity = 5.19e-01, loss = -9.37e-02, dice = 7.80e-01
2024-05-19 19:58:34.646077 | Iteration 171: similarity = 5.19e-01, loss = -9.41e-02, dice = 7.80e-01
2024-05-19 19:58:36.736412 | Iteration 172: similarity = 5.19e-01, loss = -9.57e-02, dice = 7.80e-01
2024-05-19 19:58:38.958054 | Iteration 173: similarity = 5.19e-01, loss = -9.61e-02, dice = 7.80e-01
2024-05-19 19:58:41.120890 | Iteration 174: similarity = 5.20e-01, loss = -9.79e-02, dice = 7.80e-01
2024-05-19 19:58:43.334697 | Iteration 175: similarity = 5.20e-01, loss = -9.84e-02, dice = 7.80e-01
2024-05-19 19:58:45.550549 | Iteration 176: similarity = 5.20e-01, loss = -1.00e-01, dice = 7.80e-01
2024-05-19 19:58:47.753625 | Iteration 177: similarity = 5.20e-01, loss = -1.00e-01, dice = 7.80e-01
2024-05-19 19:58:49.931911 | Iteration 178: similarity = 5.20e-01, loss = -1.02e-01, dice = 7.80e-01
2024-05-19 19:58:52.225024 | Iteration 179: similarity = 5.20e-01, loss = -1.03e-01, dice = 7.80e-01
2024-05-19 19:58:54.472605 | Iteration 180: similarity = 5.20e-01, loss = -1.04e-01, dice = 7.80e-01
2024-05-19 19:58:56.671508 | Iteration 181: similarity = 5.20e-01, loss = -1.04e-01, dice = 7.80e-01
2024-05-19 19:58:58.742690 | Iteration 182: similarity = 5.20e-01, loss = -1.06e-01, dice = 7.80e-01
2024-05-19 19:59:00.861676 | Iteration 183: similarity = 5.20e-01, loss = -1.07e-01, dice = 7.80e-01
2024-05-19 19:59:02.945414 | Iteration 184: similarity = 5.20e-01, loss = -1.08e-01, dice = 7.80e-01
2024-05-19 19:59:05.115584 | Iteration 185: similarity = 5.20e-01, loss = -1.08e-01, dice = 7.80e-01
2024-05-19 19:59:07.203847 | Iteration 186: similarity = 5.20e-01, loss = -1.10e-01, dice = 7.80e-01
2024-05-19 19:59:09.311478 | Iteration 187: similarity = 5.21e-01, loss = -1.11e-01, dice = 7.79e-01
2024-05-19 19:59:11.427984 | Iteration 188: similarity = 5.21e-01, loss = -1.12e-01, dice = 7.80e-01
2024-05-19 19:59:13.587808 | Iteration 189: similarity = 5.21e-01, loss = -1.13e-01, dice = 7.80e-01
2024-05-19 19:59:15.681498 | Iteration 190: similarity = 5.21e-01, loss = -1.14e-01, dice = 7.80e-01
2024-05-19 19:59:17.922773 | Iteration 191: similarity = 5.21e-01, loss = -1.15e-01, dice = 7.81e-01
2024-05-19 19:59:20.057644 | Iteration 192: similarity = 5.21e-01, loss = -1.16e-01, dice = 7.80e-01
2024-05-19 19:59:22.408439 | Iteration 193: similarity = 5.21e-01, loss = -1.17e-01, dice = 7.80e-01
2024-05-19 19:59:24.551785 | Iteration 194: similarity = 5.21e-01, loss = -1.19e-01, dice = 7.79e-01
2024-05-19 19:59:26.772527 | Iteration 195: similarity = 5.21e-01, loss = -1.19e-01, dice = 7.80e-01
2024-05-19 19:59:29.098784 | Iteration 196: similarity = 5.21e-01, loss = -1.21e-01, dice = 7.80e-01
2024-05-19 19:59:31.270629 | Iteration 197: similarity = 5.21e-01, loss = -1.21e-01, dice = 7.80e-01
2024-05-19 19:59:33.385261 | Iteration 198: similarity = 5.21e-01, loss = -1.23e-01, dice = 7.80e-01
2024-05-19 19:59:35.596743 | Iteration 199: similarity = 5.21e-01, loss = -1.23e-01, dice = 7.80e-01
2024-05-19 19:59:37.769272 | Iteration 200: similarity = 5.21e-01, loss = -1.25e-01, dice = 7.81e-01
2024-05-19 19:59:38.072553 | [scope plot registration results takes 0.3031740188598633s]
2024-05-19 19:59:39.010119 | Validation: HD [8.018148 ± 1.887841], MSD [0.817116 ± 0.160937], DSC [0.715843 ± 0.099556]
2024-05-19 19:59:39.010858 |          => HD [8.203186 ± 1.749748], MSD [0.640869 ± 0.154049], DSC [0.780734 ± 0.077946]
