====================================================================================================
Logging file for python script in Intensity Distribution.Experiment 1 (Anonymous): Exp1_LIC_GASD
_same_modality.py
| The recreation of Experiment 1: comparison between LIC and GASD. 
Started at 2024-05-21 16:41:25.046321 with command:
> python Exp1_LIC_GASD_same_modality.py --exp T4_NMI
====================================================================================================

2024-05-21 16:41:30.773414 | Iteration 1: similarity = 1.17e+00, loss = 4.54e+00, dice = 5.93e-01
2024-05-21 16:41:36.127933 | Iteration 2: similarity = 1.18e+00, loss = 3.15e+00, dice = 6.25e-01
2024-05-21 16:41:41.445464 | Iteration 3: similarity = 1.20e+00, loss = 2.43e+00, dice = 6.55e-01
2024-05-21 16:41:46.854624 | Iteration 4: similarity = 1.21e+00, loss = 1.70e+00, dice = 6.85e-01
2024-05-21 16:41:52.292179 | Iteration 5: similarity = 1.22e+00, loss = 1.48e+00, dice = 7.02e-01
2024-05-21 16:41:57.660702 | Iteration 6: similarity = 1.23e+00, loss = 1.22e+00, dice = 7.17e-01
2024-05-21 16:42:03.055813 | Iteration 7: similarity = 1.25e+00, loss = 9.86e-01, dice = 7.32e-01
2024-05-21 16:42:08.561121 | Iteration 8: similarity = 1.26e+00, loss = 7.79e-01, dice = 7.48e-01
2024-05-21 16:42:13.931881 | Iteration 9: similarity = 1.27e+00, loss = 5.97e-01, dice = 7.61e-01
2024-05-21 16:42:19.362137 | Iteration 10: similarity = 1.28e+00, loss = 4.43e-01, dice = 7.73e-01
2024-05-21 16:42:24.851067 | Iteration 11: similarity = 1.28e+00, loss = 3.15e-01, dice = 7.84e-01
2024-05-21 16:42:30.247834 | Iteration 12: similarity = 1.29e+00, loss = 2.00e-01, dice = 7.93e-01
2024-05-21 16:42:35.624811 | Iteration 13: similarity = 1.29e+00, loss = 9.76e-02, dice = 8.01e-01
2024-05-21 16:42:40.987898 | Iteration 14: similarity = 1.30e+00, loss = 6.68e-03, dice = 8.08e-01
2024-05-21 16:42:46.296265 | Iteration 15: similarity = 1.30e+00, loss = -7.63e-02, dice = 8.14e-01
2024-05-21 16:42:51.682154 | Iteration 16: similarity = 1.31e+00, loss = -1.51e-01, dice = 8.19e-01
2024-05-21 16:42:57.100564 | Iteration 17: similarity = 1.31e+00, loss = -2.21e-01, dice = 8.24e-01
2024-05-21 16:43:02.498483 | Iteration 18: similarity = 1.32e+00, loss = -2.85e-01, dice = 8.28e-01
2024-05-21 16:43:07.869480 | Iteration 19: similarity = 1.32e+00, loss = -3.42e-01, dice = 8.31e-01
2024-05-21 16:43:13.264479 | Iteration 20: similarity = 1.32e+00, loss = -3.93e-01, dice = 8.36e-01
2024-05-21 16:43:18.634015 | Iteration 21: similarity = 1.33e+00, loss = -4.40e-01, dice = 8.39e-01
2024-05-21 16:43:24.029745 | Iteration 22: similarity = 1.33e+00, loss = -4.83e-01, dice = 8.41e-01
2024-05-21 16:43:29.430954 | Iteration 23: similarity = 1.33e+00, loss = -5.22e-01, dice = 8.44e-01
2024-05-21 16:43:34.804217 | Iteration 24: similarity = 1.33e+00, loss = -5.56e-01, dice = 8.46e-01
2024-05-21 16:43:40.220678 | Iteration 25: similarity = 1.34e+00, loss = -5.88e-01, dice = 8.48e-01
2024-05-21 16:43:45.612056 | Iteration 26: similarity = 1.34e+00, loss = -6.16e-01, dice = 8.49e-01
2024-05-21 16:43:50.981503 | Iteration 27: similarity = 1.34e+00, loss = -6.41e-01, dice = 8.52e-01
2024-05-21 16:43:56.356460 | Iteration 28: similarity = 1.34e+00, loss = -6.63e-01, dice = 8.53e-01
2024-05-21 16:44:01.758530 | Iteration 29: similarity = 1.35e+00, loss = -6.83e-01, dice = 8.55e-01
2024-05-21 16:44:07.149966 | Iteration 30: similarity = 1.35e+00, loss = -7.00e-01, dice = 8.56e-01
2024-05-21 16:44:12.522026 | Iteration 31: similarity = 1.35e+00, loss = -7.14e-01, dice = 8.58e-01
2024-05-21 16:44:17.891915 | Iteration 32: similarity = 1.35e+00, loss = -7.26e-01, dice = 8.59e-01
2024-05-21 16:44:23.269719 | Iteration 33: similarity = 1.35e+00, loss = -7.36e-01, dice = 8.60e-01
2024-05-21 16:44:28.775198 | Iteration 34: similarity = 1.35e+00, loss = -7.44e-01, dice = 8.60e-01
2024-05-21 16:44:34.226447 | Iteration 35: similarity = 1.35e+00, loss = -7.50e-01, dice = 8.62e-01
2024-05-21 16:44:39.627525 | Iteration 36: similarity = 1.35e+00, loss = -7.55e-01, dice = 8.63e-01
2024-05-21 16:44:44.987724 | Iteration 37: similarity = 1.35e+00, loss = -7.59e-01, dice = 8.64e-01
2024-05-21 16:44:50.366760 | Iteration 38: similarity = 1.35e+00, loss = -7.61e-01, dice = 8.65e-01
2024-05-21 16:44:55.694574 | Iteration 39: similarity = 1.35e+00, loss = -7.63e-01, dice = 8.66e-01
2024-05-21 16:45:01.070940 | Iteration 40: similarity = 1.35e+00, loss = -7.64e-01, dice = 8.65e-01
2024-05-21 16:45:06.440183 | Iteration 41: similarity = 1.35e+00, loss = -7.65e-01, dice = 8.66e-01
2024-05-21 16:45:11.800685 | Iteration 42: similarity = 1.35e+00, loss = -7.65e-01, dice = 8.67e-01
2024-05-21 16:45:17.179917 | Iteration 43: similarity = 1.35e+00, loss = -7.64e-01, dice = 8.67e-01
2024-05-21 16:45:22.577625 | Iteration 44: similarity = 1.35e+00, loss = -7.63e-01, dice = 8.67e-01
2024-05-21 16:45:27.919516 | Iteration 45: similarity = 1.35e+00, loss = -7.61e-01, dice = 8.68e-01
2024-05-21 16:45:33.296976 | Iteration 46: similarity = 1.35e+00, loss = -7.59e-01, dice = 8.68e-01
2024-05-21 16:45:38.662528 | Iteration 47: similarity = 1.35e+00, loss = -7.57e-01, dice = 8.69e-01
2024-05-21 16:45:44.057660 | Iteration 48: similarity = 1.35e+00, loss = -7.54e-01, dice = 8.68e-01
2024-05-21 16:45:49.452556 | Iteration 49: similarity = 1.35e+00, loss = -7.52e-01, dice = 8.69e-01
2024-05-21 16:45:54.861919 | Iteration 50: similarity = 1.35e+00, loss = -7.50e-01, dice = 8.70e-01
2024-05-21 16:46:00.263702 | Iteration 51: similarity = 1.35e+00, loss = -7.47e-01, dice = 8.70e-01
2024-05-21 16:46:05.633266 | Iteration 52: similarity = 1.35e+00, loss = -7.46e-01, dice = 8.70e-01
2024-05-21 16:46:11.039635 | Iteration 53: similarity = 1.35e+00, loss = -7.43e-01, dice = 8.70e-01
2024-05-21 16:46:16.440398 | Iteration 54: similarity = 1.35e+00, loss = -7.42e-01, dice = 8.71e-01
2024-05-21 16:46:21.840215 | Iteration 55: similarity = 1.35e+00, loss = -7.39e-01, dice = 8.71e-01
2024-05-21 16:46:27.284291 | Iteration 56: similarity = 1.35e+00, loss = -7.38e-01, dice = 8.71e-01
2024-05-21 16:46:32.679205 | Iteration 57: similarity = 1.35e+00, loss = -7.36e-01, dice = 8.71e-01
2024-05-21 16:46:38.069707 | Iteration 58: similarity = 1.35e+00, loss = -7.35e-01, dice = 8.71e-01
2024-05-21 16:46:43.454279 | Iteration 59: similarity = 1.35e+00, loss = -7.33e-01, dice = 8.72e-01
2024-05-21 16:46:48.851548 | Iteration 60: similarity = 1.35e+00, loss = -7.31e-01, dice = 8.72e-01
2024-05-21 16:46:54.264260 | Iteration 61: similarity = 1.35e+00, loss = -7.30e-01, dice = 8.72e-01
2024-05-21 16:46:59.701609 | Iteration 62: similarity = 1.35e+00, loss = -7.29e-01, dice = 8.72e-01
2024-05-21 16:47:05.073621 | Iteration 63: similarity = 1.35e+00, loss = -7.28e-01, dice = 8.73e-01
2024-05-21 16:47:10.445252 | Iteration 64: similarity = 1.35e+00, loss = -7.26e-01, dice = 8.72e-01
2024-05-21 16:47:15.914229 | Iteration 65: similarity = 1.35e+00, loss = -7.25e-01, dice = 8.72e-01
2024-05-21 16:47:21.330062 | Iteration 66: similarity = 1.35e+00, loss = -7.23e-01, dice = 8.72e-01
2024-05-21 16:47:26.771596 | Iteration 67: similarity = 1.35e+00, loss = -7.22e-01, dice = 8.73e-01
2024-05-21 16:47:32.219730 | Iteration 68: similarity = 1.35e+00, loss = -7.20e-01, dice = 8.73e-01
2024-05-21 16:47:37.733052 | Iteration 69: similarity = 1.35e+00, loss = -7.19e-01, dice = 8.73e-01
2024-05-21 16:47:43.144332 | Iteration 70: similarity = 1.35e+00, loss = -7.17e-01, dice = 8.73e-01
2024-05-21 16:47:48.592480 | Iteration 71: similarity = 1.35e+00, loss = -7.17e-01, dice = 8.73e-01
2024-05-21 16:47:54.094738 | Iteration 72: similarity = 1.35e+00, loss = -7.16e-01, dice = 8.73e-01
2024-05-21 16:47:59.567512 | Iteration 73: similarity = 1.35e+00, loss = -7.14e-01, dice = 8.73e-01
2024-05-21 16:48:05.012904 | Iteration 74: similarity = 1.35e+00, loss = -7.14e-01, dice = 8.73e-01
2024-05-21 16:48:10.442671 | Iteration 75: similarity = 1.35e+00, loss = -7.12e-01, dice = 8.74e-01
2024-05-21 16:48:15.859891 | Iteration 76: similarity = 1.35e+00, loss = -7.12e-01, dice = 8.74e-01
2024-05-21 16:48:21.237816 | Iteration 77: similarity = 1.35e+00, loss = -7.11e-01, dice = 8.74e-01
2024-05-21 16:48:26.617491 | Iteration 78: similarity = 1.35e+00, loss = -7.11e-01, dice = 8.74e-01
2024-05-21 16:48:32.002714 | Iteration 79: similarity = 1.35e+00, loss = -7.10e-01, dice = 8.74e-01
2024-05-21 16:48:37.409609 | Iteration 80: similarity = 1.35e+00, loss = -7.09e-01, dice = 8.74e-01
2024-05-21 16:48:42.820832 | Iteration 81: similarity = 1.35e+00, loss = -7.09e-01, dice = 8.75e-01
2024-05-21 16:48:48.189090 | Iteration 82: similarity = 1.35e+00, loss = -7.08e-01, dice = 8.74e-01
2024-05-21 16:48:53.558241 | Iteration 83: similarity = 1.35e+00, loss = -7.08e-01, dice = 8.74e-01
2024-05-21 16:48:58.924302 | Iteration 84: similarity = 1.35e+00, loss = -7.08e-01, dice = 8.74e-01
2024-05-21 16:49:04.465133 | Iteration 85: similarity = 1.35e+00, loss = -7.08e-01, dice = 8.74e-01
2024-05-21 16:49:09.873977 | Iteration 86: similarity = 1.35e+00, loss = -7.08e-01, dice = 8.74e-01
2024-05-21 16:49:15.175479 | Iteration 87: similarity = 1.35e+00, loss = -7.09e-01, dice = 8.74e-01
2024-05-21 16:49:20.463335 | Iteration 88: similarity = 1.35e+00, loss = -7.08e-01, dice = 8.74e-01
2024-05-21 16:49:25.816239 | Iteration 89: similarity = 1.35e+00, loss = -7.09e-01, dice = 8.74e-01
2024-05-21 16:49:31.219348 | Iteration 90: similarity = 1.35e+00, loss = -7.09e-01, dice = 8.74e-01
2024-05-21 16:49:36.592334 | Iteration 91: similarity = 1.35e+00, loss = -7.10e-01, dice = 8.74e-01
2024-05-21 16:49:41.960511 | Iteration 92: similarity = 1.35e+00, loss = -7.10e-01, dice = 8.74e-01
2024-05-21 16:49:47.383808 | Iteration 93: similarity = 1.35e+00, loss = -7.10e-01, dice = 8.74e-01
2024-05-21 16:49:52.754061 | Iteration 94: similarity = 1.35e+00, loss = -7.10e-01, dice = 8.73e-01
2024-05-21 16:49:58.213450 | Iteration 95: similarity = 1.35e+00, loss = -7.10e-01, dice = 8.73e-01
2024-05-21 16:50:03.622770 | Iteration 96: similarity = 1.35e+00, loss = -7.11e-01, dice = 8.74e-01
2024-05-21 16:50:09.009602 | Iteration 97: similarity = 1.35e+00, loss = -7.11e-01, dice = 8.74e-01
2024-05-21 16:50:14.445199 | Iteration 98: similarity = 1.35e+00, loss = -7.12e-01, dice = 8.74e-01
2024-05-21 16:50:19.911544 | Iteration 99: similarity = 1.35e+00, loss = -7.13e-01, dice = 8.74e-01
2024-05-21 16:50:25.359635 | Iteration 100: similarity = 1.35e+00, loss = -7.13e-01, dice = 8.74e-01
2024-05-21 16:50:30.790522 | Iteration 101: similarity = 1.35e+00, loss = -7.14e-01, dice = 8.74e-01
2024-05-21 16:50:36.207806 | Iteration 102: similarity = 1.35e+00, loss = -7.15e-01, dice = 8.74e-01
2024-05-21 16:50:41.654660 | Iteration 103: similarity = 1.35e+00, loss = -7.16e-01, dice = 8.73e-01
2024-05-21 16:50:47.161419 | Iteration 104: similarity = 1.35e+00, loss = -7.17e-01, dice = 8.74e-01
2024-05-21 16:50:52.630574 | Iteration 105: similarity = 1.35e+00, loss = -7.18e-01, dice = 8.74e-01
2024-05-21 16:50:58.041599 | Iteration 106: similarity = 1.35e+00, loss = -7.18e-01, dice = 8.74e-01
2024-05-21 16:51:03.527252 | Iteration 107: similarity = 1.35e+00, loss = -7.19e-01, dice = 8.74e-01
2024-05-21 16:51:08.955550 | Iteration 108: similarity = 1.35e+00, loss = -7.19e-01, dice = 8.74e-01
2024-05-21 16:51:14.307760 | Iteration 109: similarity = 1.35e+00, loss = -7.21e-01, dice = 8.74e-01
2024-05-21 16:51:19.672682 | Iteration 110: similarity = 1.35e+00, loss = -7.22e-01, dice = 8.74e-01
2024-05-21 16:51:25.034194 | Iteration 111: similarity = 1.35e+00, loss = -7.23e-01, dice = 8.74e-01
2024-05-21 16:51:30.370637 | Iteration 112: similarity = 1.35e+00, loss = -7.23e-01, dice = 8.74e-01
2024-05-21 16:51:35.734561 | Iteration 113: similarity = 1.35e+00, loss = -7.25e-01, dice = 8.74e-01
2024-05-21 16:51:41.105812 | Iteration 114: similarity = 1.35e+00, loss = -7.25e-01, dice = 8.75e-01
2024-05-21 16:51:46.593517 | Iteration 115: similarity = 1.35e+00, loss = -7.27e-01, dice = 8.74e-01
2024-05-21 16:51:52.086566 | Iteration 116: similarity = 1.35e+00, loss = -7.28e-01, dice = 8.74e-01
2024-05-21 16:51:57.540731 | Iteration 117: similarity = 1.35e+00, loss = -7.29e-01, dice = 8.74e-01
2024-05-21 16:52:03.028747 | Iteration 118: similarity = 1.35e+00, loss = -7.30e-01, dice = 8.74e-01
2024-05-21 16:52:08.450216 | Iteration 119: similarity = 1.35e+00, loss = -7.32e-01, dice = 8.74e-01
2024-05-21 16:52:13.885891 | Iteration 120: similarity = 1.35e+00, loss = -7.33e-01, dice = 8.74e-01
2024-05-21 16:52:19.446192 | Iteration 121: similarity = 1.35e+00, loss = -7.34e-01, dice = 8.74e-01
2024-05-21 16:52:24.992255 | Iteration 122: similarity = 1.35e+00, loss = -7.35e-01, dice = 8.74e-01
2024-05-21 16:52:30.404282 | Iteration 123: similarity = 1.35e+00, loss = -7.36e-01, dice = 8.73e-01
2024-05-21 16:52:35.849488 | Iteration 124: similarity = 1.35e+00, loss = -7.37e-01, dice = 8.74e-01
2024-05-21 16:52:41.416156 | Iteration 125: similarity = 1.36e+00, loss = -7.38e-01, dice = 8.73e-01
2024-05-21 16:52:46.855137 | Iteration 126: similarity = 1.36e+00, loss = -7.39e-01, dice = 8.73e-01
2024-05-21 16:52:52.259937 | Iteration 127: similarity = 1.35e+00, loss = -7.40e-01, dice = 8.73e-01
2024-05-21 16:52:57.730492 | Iteration 128: similarity = 1.36e+00, loss = -7.41e-01, dice = 8.73e-01
2024-05-21 16:53:03.108126 | Iteration 129: similarity = 1.36e+00, loss = -7.43e-01, dice = 8.73e-01
2024-05-21 16:53:08.573954 | Iteration 130: similarity = 1.36e+00, loss = -7.44e-01, dice = 8.73e-01
2024-05-21 16:53:13.975657 | Iteration 131: similarity = 1.36e+00, loss = -7.46e-01, dice = 8.74e-01
2024-05-21 16:53:19.339985 | Iteration 132: similarity = 1.36e+00, loss = -7.46e-01, dice = 8.74e-01
2024-05-21 16:53:24.666960 | Iteration 133: similarity = 1.36e+00, loss = -7.48e-01, dice = 8.74e-01
2024-05-21 16:53:30.003591 | Iteration 134: similarity = 1.36e+00, loss = -7.49e-01, dice = 8.74e-01
2024-05-21 16:53:35.374764 | Iteration 135: similarity = 1.36e+00, loss = -7.51e-01, dice = 8.73e-01
2024-05-21 16:53:40.750356 | Iteration 136: similarity = 1.36e+00, loss = -7.52e-01, dice = 8.73e-01
2024-05-21 16:53:46.140086 | Iteration 137: similarity = 1.36e+00, loss = -7.54e-01, dice = 8.73e-01
2024-05-21 16:53:51.625712 | Iteration 138: similarity = 1.36e+00, loss = -7.55e-01, dice = 8.73e-01
2024-05-21 16:53:57.055716 | Iteration 139: similarity = 1.36e+00, loss = -7.58e-01, dice = 8.73e-01
2024-05-21 16:54:02.491909 | Iteration 140: similarity = 1.36e+00, loss = -7.58e-01, dice = 8.73e-01
2024-05-21 16:54:07.905692 | Iteration 141: similarity = 1.36e+00, loss = -7.61e-01, dice = 8.73e-01
2024-05-21 16:54:13.314284 | Iteration 142: similarity = 1.36e+00, loss = -7.62e-01, dice = 8.73e-01
2024-05-21 16:54:18.764401 | Iteration 143: similarity = 1.36e+00, loss = -7.64e-01, dice = 8.73e-01
2024-05-21 16:54:24.233695 | Iteration 144: similarity = 1.36e+00, loss = -7.64e-01, dice = 8.73e-01
2024-05-21 16:54:29.696235 | Iteration 145: similarity = 1.36e+00, loss = -7.66e-01, dice = 8.73e-01
2024-05-21 16:54:35.090937 | Iteration 146: similarity = 1.36e+00, loss = -7.67e-01, dice = 8.73e-01
2024-05-21 16:54:40.471679 | Iteration 147: similarity = 1.36e+00, loss = -7.69e-01, dice = 8.73e-01
2024-05-21 16:54:45.954100 | Iteration 148: similarity = 1.36e+00, loss = -7.69e-01, dice = 8.73e-01
2024-05-21 16:54:51.371571 | Iteration 149: similarity = 1.36e+00, loss = -7.70e-01, dice = 8.73e-01
2024-05-21 16:54:56.823007 | Iteration 150: similarity = 1.36e+00, loss = -7.71e-01, dice = 8.73e-01
2024-05-21 16:55:02.245553 | Iteration 151: similarity = 1.36e+00, loss = -7.73e-01, dice = 8.74e-01
2024-05-21 16:55:07.700517 | Iteration 152: similarity = 1.36e+00, loss = -7.73e-01, dice = 8.73e-01
2024-05-21 16:55:13.057414 | Iteration 153: similarity = 1.36e+00, loss = -7.75e-01, dice = 8.73e-01
2024-05-21 16:55:18.421134 | Iteration 154: similarity = 1.36e+00, loss = -7.75e-01, dice = 8.73e-01
2024-05-21 16:55:23.800915 | Iteration 155: similarity = 1.36e+00, loss = -7.77e-01, dice = 8.73e-01
2024-05-21 16:55:29.172207 | Iteration 156: similarity = 1.36e+00, loss = -7.78e-01, dice = 8.73e-01
2024-05-21 16:55:34.605013 | Iteration 157: similarity = 1.36e+00, loss = -7.80e-01, dice = 8.73e-01
2024-05-21 16:55:40.001904 | Iteration 158: similarity = 1.36e+00, loss = -7.80e-01, dice = 8.74e-01
2024-05-21 16:55:45.397086 | Iteration 159: similarity = 1.36e+00, loss = -7.82e-01, dice = 8.73e-01
2024-05-21 16:55:50.827536 | Iteration 160: similarity = 1.36e+00, loss = -7.83e-01, dice = 8.73e-01
2024-05-21 16:55:56.303005 | Iteration 161: similarity = 1.36e+00, loss = -7.84e-01, dice = 8.74e-01
2024-05-21 16:56:01.803258 | Iteration 162: similarity = 1.36e+00, loss = -7.85e-01, dice = 8.73e-01
2024-05-21 16:56:07.285247 | Iteration 163: similarity = 1.36e+00, loss = -7.87e-01, dice = 8.73e-01
2024-05-21 16:56:12.722094 | Iteration 164: similarity = 1.36e+00, loss = -7.88e-01, dice = 8.73e-01
2024-05-21 16:56:18.131376 | Iteration 165: similarity = 1.36e+00, loss = -7.90e-01, dice = 8.74e-01
2024-05-21 16:56:23.520963 | Iteration 166: similarity = 1.36e+00, loss = -7.91e-01, dice = 8.73e-01
2024-05-21 16:56:28.864599 | Iteration 167: similarity = 1.36e+00, loss = -7.92e-01, dice = 8.73e-01
2024-05-21 16:56:34.238907 | Iteration 168: similarity = 1.36e+00, loss = -7.93e-01, dice = 8.74e-01
2024-05-21 16:56:39.598962 | Iteration 169: similarity = 1.36e+00, loss = -7.94e-01, dice = 8.74e-01
2024-05-21 16:56:44.989873 | Iteration 170: similarity = 1.36e+00, loss = -7.95e-01, dice = 8.73e-01
2024-05-21 16:56:50.294485 | Iteration 171: similarity = 1.36e+00, loss = -7.96e-01, dice = 8.73e-01
2024-05-21 16:56:55.603629 | Iteration 172: similarity = 1.36e+00, loss = -7.97e-01, dice = 8.73e-01
2024-05-21 16:57:00.968667 | Iteration 173: similarity = 1.36e+00, loss = -7.99e-01, dice = 8.73e-01
2024-05-21 16:57:06.352838 | Iteration 174: similarity = 1.36e+00, loss = -8.00e-01, dice = 8.73e-01
2024-05-21 16:57:11.748636 | Iteration 175: similarity = 1.36e+00, loss = -8.01e-01, dice = 8.73e-01
2024-05-21 16:57:17.104989 | Iteration 176: similarity = 1.36e+00, loss = -8.03e-01, dice = 8.73e-01
2024-05-21 16:57:22.458624 | Iteration 177: similarity = 1.36e+00, loss = -8.04e-01, dice = 8.73e-01
2024-05-21 16:57:27.832116 | Iteration 178: similarity = 1.36e+00, loss = -8.05e-01, dice = 8.73e-01
2024-05-21 16:57:33.158120 | Iteration 179: similarity = 1.36e+00, loss = -8.06e-01, dice = 8.73e-01
2024-05-21 16:57:38.491529 | Iteration 180: similarity = 1.36e+00, loss = -8.07e-01, dice = 8.73e-01
2024-05-21 16:57:43.853753 | Iteration 181: similarity = 1.36e+00, loss = -8.08e-01, dice = 8.73e-01
2024-05-21 16:57:49.222142 | Iteration 182: similarity = 1.36e+00, loss = -8.10e-01, dice = 8.72e-01
2024-05-21 16:57:54.613772 | Iteration 183: similarity = 1.36e+00, loss = -8.11e-01, dice = 8.73e-01
2024-05-21 16:57:59.999367 | Iteration 184: similarity = 1.36e+00, loss = -8.13e-01, dice = 8.73e-01
2024-05-21 16:58:05.424826 | Iteration 185: similarity = 1.36e+00, loss = -8.14e-01, dice = 8.72e-01
2024-05-21 16:58:10.825272 | Iteration 186: similarity = 1.36e+00, loss = -8.15e-01, dice = 8.73e-01
2024-05-21 16:58:16.254381 | Iteration 187: similarity = 1.36e+00, loss = -8.15e-01, dice = 8.73e-01
2024-05-21 16:58:21.724627 | Iteration 188: similarity = 1.36e+00, loss = -8.17e-01, dice = 8.73e-01
2024-05-21 16:58:27.215610 | Iteration 189: similarity = 1.36e+00, loss = -8.18e-01, dice = 8.72e-01
2024-05-21 16:58:32.637109 | Iteration 190: similarity = 1.36e+00, loss = -8.20e-01, dice = 8.72e-01
2024-05-21 16:58:38.048398 | Iteration 191: similarity = 1.36e+00, loss = -8.21e-01, dice = 8.73e-01
2024-05-21 16:58:43.463958 | Iteration 192: similarity = 1.36e+00, loss = -8.23e-01, dice = 8.73e-01
2024-05-21 16:58:48.848812 | Iteration 193: similarity = 1.36e+00, loss = -8.23e-01, dice = 8.72e-01
2024-05-21 16:58:54.255553 | Iteration 194: similarity = 1.36e+00, loss = -8.25e-01, dice = 8.72e-01
2024-05-21 16:58:59.638811 | Iteration 195: similarity = 1.36e+00, loss = -8.26e-01, dice = 8.72e-01
2024-05-21 16:59:05.020833 | Iteration 196: similarity = 1.36e+00, loss = -8.27e-01, dice = 8.73e-01
2024-05-21 16:59:10.394606 | Iteration 197: similarity = 1.36e+00, loss = -8.29e-01, dice = 8.73e-01
2024-05-21 16:59:15.799579 | Iteration 198: similarity = 1.36e+00, loss = -8.30e-01, dice = 8.73e-01
2024-05-21 16:59:21.180033 | Iteration 199: similarity = 1.36e+00, loss = -8.31e-01, dice = 8.73e-01
2024-05-21 16:59:26.565510 | Iteration 200: similarity = 1.36e+00, loss = -8.32e-01, dice = 8.72e-01
2024-05-21 16:59:26.804881 | [scope plot registration results takes 0.23926091194152832s]
2024-05-21 16:59:27.626124 | Validation: HD [8.018148 ± 1.887841], MSD [0.817116 ± 0.160937], DSC [0.715843 ± 0.099556]
2024-05-21 16:59:27.626848 |          => HD [18.026728 ± 3.543395], MSD [0.387814 ± 0.056801], DSC [0.872230 ± 0.034931]
