====================================================================================================
Logging file for python script in Intensity Distribution.Experiment 1 (Anonymous): Exp1_LIC_GASD
_same_modality.py
| The recreation of Experiment 1: comparison between LIC and GASD. 
Started at 2024-05-21 21:37:42.665207 with command:
> python Exp1_LIC_GASD_same_modality.py --exp T4_MI_local
====================================================================================================

2024-05-21 21:37:43.932326 | Iteration 1: similarity = 1.33e-01, loss = 5.57e+00, dice = 5.93e-01
2024-05-21 21:37:45.108487 | Iteration 2: similarity = 1.46e-01, loss = 4.25e+00, dice = 6.16e-01
2024-05-21 21:37:46.281699 | Iteration 3: similarity = 1.64e-01, loss = 3.61e+00, dice = 6.31e-01
2024-05-21 21:37:47.465526 | Iteration 4: similarity = 1.84e-01, loss = 2.94e+00, dice = 6.47e-01
2024-05-21 21:37:48.649148 | Iteration 5: similarity = 1.98e-01, loss = 2.73e+00, dice = 6.56e-01
2024-05-21 21:37:49.817142 | Iteration 6: similarity = 2.12e-01, loss = 2.50e+00, dice = 6.64e-01
2024-05-21 21:37:50.987481 | Iteration 7: similarity = 2.23e-01, loss = 2.29e+00, dice = 6.71e-01
2024-05-21 21:37:52.151985 | Iteration 8: similarity = 2.33e-01, loss = 2.10e+00, dice = 6.77e-01
2024-05-21 21:37:53.298733 | Iteration 9: similarity = 2.42e-01, loss = 1.94e+00, dice = 6.82e-01
2024-05-21 21:37:54.453266 | Iteration 10: similarity = 2.49e-01, loss = 1.80e+00, dice = 6.86e-01
2024-05-21 21:37:55.605437 | Iteration 11: similarity = 2.55e-01, loss = 1.68e+00, dice = 6.91e-01
2024-05-21 21:37:56.754559 | Iteration 12: similarity = 2.59e-01, loss = 1.58e+00, dice = 6.95e-01
2024-05-21 21:37:57.903232 | Iteration 13: similarity = 2.63e-01, loss = 1.48e+00, dice = 6.97e-01
2024-05-21 21:37:59.051077 | Iteration 14: similarity = 2.66e-01, loss = 1.40e+00, dice = 7.01e-01
2024-05-21 21:38:00.210448 | Iteration 15: similarity = 2.69e-01, loss = 1.33e+00, dice = 7.05e-01
2024-05-21 21:38:01.357135 | Iteration 16: similarity = 2.71e-01, loss = 1.26e+00, dice = 7.09e-01
2024-05-21 21:38:02.504946 | Iteration 17: similarity = 2.74e-01, loss = 1.20e+00, dice = 7.11e-01
2024-05-21 21:38:03.651039 | Iteration 18: similarity = 2.75e-01, loss = 1.14e+00, dice = 7.13e-01
2024-05-21 21:38:04.802309 | Iteration 19: similarity = 2.77e-01, loss = 1.09e+00, dice = 7.15e-01
2024-05-21 21:38:05.953449 | Iteration 20: similarity = 2.79e-01, loss = 1.05e+00, dice = 7.17e-01
2024-05-21 21:38:07.109875 | Iteration 21: similarity = 2.80e-01, loss = 1.00e+00, dice = 7.19e-01
2024-05-21 21:38:08.293169 | Iteration 22: similarity = 2.82e-01, loss = 9.65e-01, dice = 7.21e-01
2024-05-21 21:38:09.472869 | Iteration 23: similarity = 2.84e-01, loss = 9.29e-01, dice = 7.23e-01
2024-05-21 21:38:10.620927 | Iteration 24: similarity = 2.85e-01, loss = 8.97e-01, dice = 7.26e-01
2024-05-21 21:38:11.762250 | Iteration 25: similarity = 2.86e-01, loss = 8.69e-01, dice = 7.28e-01
2024-05-21 21:38:12.909980 | Iteration 26: similarity = 2.87e-01, loss = 8.43e-01, dice = 7.30e-01
2024-05-21 21:38:14.056519 | Iteration 27: similarity = 2.88e-01, loss = 8.21e-01, dice = 7.31e-01
2024-05-21 21:38:15.207776 | Iteration 28: similarity = 2.89e-01, loss = 8.01e-01, dice = 7.33e-01
2024-05-21 21:38:16.353101 | Iteration 29: similarity = 2.91e-01, loss = 7.82e-01, dice = 7.34e-01
2024-05-21 21:38:17.512406 | Iteration 30: similarity = 2.91e-01, loss = 7.67e-01, dice = 7.35e-01
2024-05-21 21:38:18.659661 | Iteration 31: similarity = 2.92e-01, loss = 7.53e-01, dice = 7.36e-01
2024-05-21 21:38:19.804100 | Iteration 32: similarity = 2.93e-01, loss = 7.42e-01, dice = 7.37e-01
2024-05-21 21:38:20.961319 | Iteration 33: similarity = 2.94e-01, loss = 7.31e-01, dice = 7.37e-01
2024-05-21 21:38:22.111709 | Iteration 34: similarity = 2.95e-01, loss = 7.23e-01, dice = 7.38e-01
2024-05-21 21:38:23.264386 | Iteration 35: similarity = 2.96e-01, loss = 7.15e-01, dice = 7.39e-01
2024-05-21 21:38:24.411831 | Iteration 36: similarity = 2.97e-01, loss = 7.09e-01, dice = 7.40e-01
2024-05-21 21:38:25.566639 | Iteration 37: similarity = 2.97e-01, loss = 7.04e-01, dice = 7.41e-01
2024-05-21 21:38:26.715467 | Iteration 38: similarity = 2.98e-01, loss = 7.01e-01, dice = 7.42e-01
2024-05-21 21:38:27.852449 | Iteration 39: similarity = 2.98e-01, loss = 6.98e-01, dice = 7.42e-01
2024-05-21 21:38:29.007623 | Iteration 40: similarity = 2.99e-01, loss = 6.96e-01, dice = 7.43e-01
2024-05-21 21:38:30.162717 | Iteration 41: similarity = 3.00e-01, loss = 6.95e-01, dice = 7.43e-01
2024-05-21 21:38:31.319347 | Iteration 42: similarity = 3.00e-01, loss = 6.94e-01, dice = 7.45e-01
2024-05-21 21:38:32.478952 | Iteration 43: similarity = 3.00e-01, loss = 6.94e-01, dice = 7.45e-01
2024-05-21 21:38:33.624923 | Iteration 44: similarity = 3.01e-01, loss = 6.94e-01, dice = 7.46e-01
2024-05-21 21:38:34.784375 | Iteration 45: similarity = 3.01e-01, loss = 6.95e-01, dice = 7.46e-01
2024-05-21 21:38:35.927230 | Iteration 46: similarity = 3.01e-01, loss = 6.96e-01, dice = 7.47e-01
2024-05-21 21:38:37.073474 | Iteration 47: similarity = 3.01e-01, loss = 6.97e-01, dice = 7.47e-01
2024-05-21 21:38:38.206829 | Iteration 48: similarity = 3.02e-01, loss = 6.97e-01, dice = 7.48e-01
2024-05-21 21:38:39.340032 | Iteration 49: similarity = 3.02e-01, loss = 6.98e-01, dice = 7.48e-01
2024-05-21 21:38:40.486633 | Iteration 50: similarity = 3.03e-01, loss = 6.99e-01, dice = 7.48e-01
2024-05-21 21:38:41.633698 | Iteration 51: similarity = 3.03e-01, loss = 7.00e-01, dice = 7.48e-01
2024-05-21 21:38:42.801109 | Iteration 52: similarity = 3.03e-01, loss = 7.01e-01, dice = 7.48e-01
2024-05-21 21:38:43.950004 | Iteration 53: similarity = 3.03e-01, loss = 7.03e-01, dice = 7.49e-01
2024-05-21 21:38:45.103155 | Iteration 54: similarity = 3.04e-01, loss = 7.04e-01, dice = 7.49e-01
2024-05-21 21:38:46.285275 | Iteration 55: similarity = 3.04e-01, loss = 7.06e-01, dice = 7.51e-01
2024-05-21 21:38:47.457249 | Iteration 56: similarity = 3.03e-01, loss = 7.08e-01, dice = 7.52e-01
2024-05-21 21:38:48.623555 | Iteration 57: similarity = 3.04e-01, loss = 7.09e-01, dice = 7.51e-01
2024-05-21 21:38:49.762857 | Iteration 58: similarity = 3.04e-01, loss = 7.11e-01, dice = 7.52e-01
2024-05-21 21:38:50.920527 | Iteration 59: similarity = 3.04e-01, loss = 7.13e-01, dice = 7.52e-01
2024-05-21 21:38:52.070313 | Iteration 60: similarity = 3.05e-01, loss = 7.14e-01, dice = 7.53e-01
2024-05-21 21:38:53.249657 | Iteration 61: similarity = 3.05e-01, loss = 7.15e-01, dice = 7.53e-01
2024-05-21 21:38:54.414513 | Iteration 62: similarity = 3.05e-01, loss = 7.17e-01, dice = 7.53e-01
2024-05-21 21:38:55.596411 | Iteration 63: similarity = 3.06e-01, loss = 7.19e-01, dice = 7.54e-01
2024-05-21 21:38:56.769286 | Iteration 64: similarity = 3.06e-01, loss = 7.20e-01, dice = 7.54e-01
2024-05-21 21:38:57.940402 | Iteration 65: similarity = 3.07e-01, loss = 7.21e-01, dice = 7.54e-01
2024-05-21 21:38:59.133806 | Iteration 66: similarity = 3.07e-01, loss = 7.22e-01, dice = 7.54e-01
2024-05-21 21:39:00.310916 | Iteration 67: similarity = 3.07e-01, loss = 7.24e-01, dice = 7.54e-01
2024-05-21 21:39:01.473454 | Iteration 68: similarity = 3.08e-01, loss = 7.24e-01, dice = 7.55e-01
2024-05-21 21:39:02.675467 | Iteration 69: similarity = 3.08e-01, loss = 7.26e-01, dice = 7.55e-01
2024-05-21 21:39:03.891502 | Iteration 70: similarity = 3.08e-01, loss = 7.28e-01, dice = 7.55e-01
2024-05-21 21:39:05.047683 | Iteration 71: similarity = 3.08e-01, loss = 7.29e-01, dice = 7.56e-01
2024-05-21 21:39:06.192443 | Iteration 72: similarity = 3.09e-01, loss = 7.29e-01, dice = 7.56e-01
2024-05-21 21:39:07.359272 | Iteration 73: similarity = 3.10e-01, loss = 7.29e-01, dice = 7.57e-01
2024-05-21 21:39:08.556903 | Iteration 74: similarity = 3.10e-01, loss = 7.31e-01, dice = 7.57e-01
2024-05-21 21:39:09.742050 | Iteration 75: similarity = 3.10e-01, loss = 7.33e-01, dice = 7.57e-01
2024-05-21 21:39:10.904473 | Iteration 76: similarity = 3.10e-01, loss = 7.34e-01, dice = 7.57e-01
2024-05-21 21:39:12.082691 | Iteration 77: similarity = 3.10e-01, loss = 7.36e-01, dice = 7.57e-01
2024-05-21 21:39:13.259905 | Iteration 78: similarity = 3.11e-01, loss = 7.37e-01, dice = 7.57e-01
2024-05-21 21:39:14.430765 | Iteration 79: similarity = 3.10e-01, loss = 7.39e-01, dice = 7.57e-01
2024-05-21 21:39:15.602974 | Iteration 80: similarity = 3.10e-01, loss = 7.40e-01, dice = 7.57e-01
2024-05-21 21:39:16.784696 | Iteration 81: similarity = 3.11e-01, loss = 7.41e-01, dice = 7.57e-01
2024-05-21 21:39:17.934343 | Iteration 82: similarity = 3.11e-01, loss = 7.41e-01, dice = 7.58e-01
2024-05-21 21:39:19.105624 | Iteration 83: similarity = 3.11e-01, loss = 7.42e-01, dice = 7.58e-01
2024-05-21 21:39:20.248166 | Iteration 84: similarity = 3.12e-01, loss = 7.41e-01, dice = 7.60e-01
2024-05-21 21:39:21.478868 | Iteration 85: similarity = 3.13e-01, loss = 7.41e-01, dice = 7.60e-01
2024-05-21 21:39:22.633912 | Iteration 86: similarity = 3.13e-01, loss = 7.40e-01, dice = 7.61e-01
2024-05-21 21:39:23.779208 | Iteration 87: similarity = 3.13e-01, loss = 7.40e-01, dice = 7.62e-01
2024-05-21 21:39:24.931486 | Iteration 88: similarity = 3.13e-01, loss = 7.40e-01, dice = 7.62e-01
2024-05-21 21:39:26.073275 | Iteration 89: similarity = 3.13e-01, loss = 7.41e-01, dice = 7.62e-01
2024-05-21 21:39:27.222849 | Iteration 90: similarity = 3.14e-01, loss = 7.40e-01, dice = 7.62e-01
2024-05-21 21:39:28.370619 | Iteration 91: similarity = 3.14e-01, loss = 7.40e-01, dice = 7.63e-01
2024-05-21 21:39:29.525467 | Iteration 92: similarity = 3.15e-01, loss = 7.40e-01, dice = 7.63e-01
2024-05-21 21:39:30.684082 | Iteration 93: similarity = 3.15e-01, loss = 7.40e-01, dice = 7.62e-01
2024-05-21 21:39:31.850774 | Iteration 94: similarity = 3.15e-01, loss = 7.41e-01, dice = 7.63e-01
2024-05-21 21:39:33.024752 | Iteration 95: similarity = 3.15e-01, loss = 7.40e-01, dice = 7.62e-01
2024-05-21 21:39:34.170190 | Iteration 96: similarity = 3.16e-01, loss = 7.39e-01, dice = 7.62e-01
2024-05-21 21:39:35.328793 | Iteration 97: similarity = 3.16e-01, loss = 7.38e-01, dice = 7.62e-01
2024-05-21 21:39:36.489478 | Iteration 98: similarity = 3.16e-01, loss = 7.37e-01, dice = 7.62e-01
2024-05-21 21:39:37.647197 | Iteration 99: similarity = 3.16e-01, loss = 7.36e-01, dice = 7.62e-01
2024-05-21 21:39:38.797952 | Iteration 100: similarity = 3.17e-01, loss = 7.34e-01, dice = 7.62e-01
2024-05-21 21:39:39.943245 | Iteration 101: similarity = 3.17e-01, loss = 7.33e-01, dice = 7.62e-01
2024-05-21 21:39:41.103076 | Iteration 102: similarity = 3.17e-01, loss = 7.32e-01, dice = 7.62e-01
2024-05-21 21:39:42.261015 | Iteration 103: similarity = 3.17e-01, loss = 7.31e-01, dice = 7.62e-01
2024-05-21 21:39:43.413038 | Iteration 104: similarity = 3.17e-01, loss = 7.31e-01, dice = 7.62e-01
2024-05-21 21:39:44.567289 | Iteration 105: similarity = 3.17e-01, loss = 7.31e-01, dice = 7.62e-01
2024-05-21 21:39:45.720561 | Iteration 106: similarity = 3.17e-01, loss = 7.30e-01, dice = 7.62e-01
2024-05-21 21:39:46.893909 | Iteration 107: similarity = 3.18e-01, loss = 7.28e-01, dice = 7.63e-01
2024-05-21 21:39:48.035073 | Iteration 108: similarity = 3.18e-01, loss = 7.28e-01, dice = 7.63e-01
2024-05-21 21:39:49.189200 | Iteration 109: similarity = 3.18e-01, loss = 7.27e-01, dice = 7.64e-01
2024-05-21 21:39:50.337725 | Iteration 110: similarity = 3.18e-01, loss = 7.27e-01, dice = 7.63e-01
2024-05-21 21:39:51.495627 | Iteration 111: similarity = 3.18e-01, loss = 7.26e-01, dice = 7.62e-01
2024-05-21 21:39:52.653379 | Iteration 112: similarity = 3.18e-01, loss = 7.26e-01, dice = 7.63e-01
2024-05-21 21:39:53.796498 | Iteration 113: similarity = 3.18e-01, loss = 7.24e-01, dice = 7.63e-01
2024-05-21 21:39:54.945302 | Iteration 114: similarity = 3.19e-01, loss = 7.22e-01, dice = 7.63e-01
2024-05-21 21:39:56.113805 | Iteration 115: similarity = 3.19e-01, loss = 7.20e-01, dice = 7.63e-01
2024-05-21 21:39:57.274144 | Iteration 116: similarity = 3.20e-01, loss = 7.19e-01, dice = 7.63e-01
2024-05-21 21:39:58.422338 | Iteration 117: similarity = 3.20e-01, loss = 7.17e-01, dice = 7.64e-01
2024-05-21 21:39:59.595141 | Iteration 118: similarity = 3.20e-01, loss = 7.16e-01, dice = 7.64e-01
2024-05-21 21:40:00.761148 | Iteration 119: similarity = 3.21e-01, loss = 7.13e-01, dice = 7.64e-01
2024-05-21 21:40:01.922194 | Iteration 120: similarity = 3.21e-01, loss = 7.13e-01, dice = 7.65e-01
2024-05-21 21:40:03.062672 | Iteration 121: similarity = 3.21e-01, loss = 7.11e-01, dice = 7.65e-01
2024-05-21 21:40:04.221221 | Iteration 122: similarity = 3.21e-01, loss = 7.10e-01, dice = 7.65e-01
2024-05-21 21:40:05.390657 | Iteration 123: similarity = 3.22e-01, loss = 7.08e-01, dice = 7.65e-01
2024-05-21 21:40:06.534061 | Iteration 124: similarity = 3.22e-01, loss = 7.06e-01, dice = 7.66e-01
2024-05-21 21:40:07.682403 | Iteration 125: similarity = 3.23e-01, loss = 7.03e-01, dice = 7.67e-01
2024-05-21 21:40:08.842838 | Iteration 126: similarity = 3.23e-01, loss = 7.01e-01, dice = 7.67e-01
2024-05-21 21:40:09.990621 | Iteration 127: similarity = 3.23e-01, loss = 7.00e-01, dice = 7.67e-01
2024-05-21 21:40:11.139042 | Iteration 128: similarity = 3.24e-01, loss = 6.98e-01, dice = 7.68e-01
2024-05-21 21:40:12.292520 | Iteration 129: similarity = 3.23e-01, loss = 6.97e-01, dice = 7.69e-01
2024-05-21 21:40:13.437049 | Iteration 130: similarity = 3.24e-01, loss = 6.95e-01, dice = 7.68e-01
2024-05-21 21:40:14.597849 | Iteration 131: similarity = 3.24e-01, loss = 6.94e-01, dice = 7.69e-01
2024-05-21 21:40:15.745292 | Iteration 132: similarity = 3.24e-01, loss = 6.92e-01, dice = 7.68e-01
2024-05-21 21:40:16.886385 | Iteration 133: similarity = 3.24e-01, loss = 6.92e-01, dice = 7.68e-01
2024-05-21 21:40:18.021906 | Iteration 134: similarity = 3.24e-01, loss = 6.90e-01, dice = 7.68e-01
2024-05-21 21:40:19.168295 | Iteration 135: similarity = 3.24e-01, loss = 6.89e-01, dice = 7.68e-01
2024-05-21 21:40:20.309205 | Iteration 136: similarity = 3.25e-01, loss = 6.86e-01, dice = 7.69e-01
2024-05-21 21:40:21.449212 | Iteration 137: similarity = 3.26e-01, loss = 6.85e-01, dice = 7.70e-01
2024-05-21 21:40:22.593558 | Iteration 138: similarity = 3.26e-01, loss = 6.82e-01, dice = 7.70e-01
2024-05-21 21:40:23.746185 | Iteration 139: similarity = 3.27e-01, loss = 6.81e-01, dice = 7.70e-01
2024-05-21 21:40:24.893056 | Iteration 140: similarity = 3.27e-01, loss = 6.77e-01, dice = 7.70e-01
2024-05-21 21:40:26.046009 | Iteration 141: similarity = 3.28e-01, loss = 6.77e-01, dice = 7.70e-01
2024-05-21 21:40:27.199135 | Iteration 142: similarity = 3.28e-01, loss = 6.74e-01, dice = 7.70e-01
2024-05-21 21:40:28.360134 | Iteration 143: similarity = 3.28e-01, loss = 6.73e-01, dice = 7.71e-01
2024-05-21 21:40:29.516157 | Iteration 144: similarity = 3.28e-01, loss = 6.71e-01, dice = 7.71e-01
2024-05-21 21:40:30.669965 | Iteration 145: similarity = 3.29e-01, loss = 6.71e-01, dice = 7.72e-01
2024-05-21 21:40:31.812557 | Iteration 146: similarity = 3.28e-01, loss = 6.69e-01, dice = 7.72e-01
2024-05-21 21:40:32.968632 | Iteration 147: similarity = 3.28e-01, loss = 6.70e-01, dice = 7.72e-01
2024-05-21 21:40:34.110652 | Iteration 148: similarity = 3.29e-01, loss = 6.67e-01, dice = 7.72e-01
2024-05-21 21:40:35.256863 | Iteration 149: similarity = 3.29e-01, loss = 6.67e-01, dice = 7.72e-01
2024-05-21 21:40:36.428858 | Iteration 150: similarity = 3.29e-01, loss = 6.65e-01, dice = 7.72e-01
2024-05-21 21:40:37.580057 | Iteration 151: similarity = 3.29e-01, loss = 6.65e-01, dice = 7.72e-01
2024-05-21 21:40:38.728015 | Iteration 152: similarity = 3.29e-01, loss = 6.63e-01, dice = 7.73e-01
2024-05-21 21:40:39.870670 | Iteration 153: similarity = 3.30e-01, loss = 6.62e-01, dice = 7.74e-01
2024-05-21 21:40:41.041724 | Iteration 154: similarity = 3.29e-01, loss = 6.61e-01, dice = 7.74e-01
2024-05-21 21:40:42.204448 | Iteration 155: similarity = 3.30e-01, loss = 6.61e-01, dice = 7.73e-01
2024-05-21 21:40:43.375864 | Iteration 156: similarity = 3.30e-01, loss = 6.59e-01, dice = 7.74e-01
2024-05-21 21:40:44.522136 | Iteration 157: similarity = 3.30e-01, loss = 6.58e-01, dice = 7.74e-01
2024-05-21 21:40:45.678721 | Iteration 158: similarity = 3.30e-01, loss = 6.57e-01, dice = 7.74e-01
2024-05-21 21:40:46.826358 | Iteration 159: similarity = 3.30e-01, loss = 6.56e-01, dice = 7.74e-01
2024-05-21 21:40:47.977121 | Iteration 160: similarity = 3.30e-01, loss = 6.54e-01, dice = 7.73e-01
2024-05-21 21:40:49.117810 | Iteration 161: similarity = 3.30e-01, loss = 6.52e-01, dice = 7.74e-01
2024-05-21 21:40:50.276124 | Iteration 162: similarity = 3.31e-01, loss = 6.49e-01, dice = 7.74e-01
2024-05-21 21:40:51.422630 | Iteration 163: similarity = 3.31e-01, loss = 6.49e-01, dice = 7.75e-01
2024-05-21 21:40:52.593754 | Iteration 164: similarity = 3.31e-01, loss = 6.46e-01, dice = 7.74e-01
2024-05-21 21:40:53.748004 | Iteration 165: similarity = 3.31e-01, loss = 6.46e-01, dice = 7.75e-01
2024-05-21 21:40:54.904325 | Iteration 166: similarity = 3.31e-01, loss = 6.44e-01, dice = 7.75e-01
2024-05-21 21:40:56.068016 | Iteration 167: similarity = 3.32e-01, loss = 6.43e-01, dice = 7.74e-01
2024-05-21 21:40:57.220581 | Iteration 168: similarity = 3.33e-01, loss = 6.40e-01, dice = 7.75e-01
2024-05-21 21:40:58.353714 | Iteration 169: similarity = 3.33e-01, loss = 6.38e-01, dice = 7.75e-01
2024-05-21 21:40:59.512669 | Iteration 170: similarity = 3.33e-01, loss = 6.36e-01, dice = 7.76e-01
2024-05-21 21:41:00.666867 | Iteration 171: similarity = 3.34e-01, loss = 6.34e-01, dice = 7.76e-01
2024-05-21 21:41:01.799016 | Iteration 172: similarity = 3.34e-01, loss = 6.31e-01, dice = 7.76e-01
2024-05-21 21:41:02.961891 | Iteration 173: similarity = 3.35e-01, loss = 6.29e-01, dice = 7.76e-01
2024-05-21 21:41:04.100335 | Iteration 174: similarity = 3.35e-01, loss = 6.28e-01, dice = 7.76e-01
2024-05-21 21:41:05.256436 | Iteration 175: similarity = 3.35e-01, loss = 6.27e-01, dice = 7.76e-01
2024-05-21 21:41:06.404205 | Iteration 176: similarity = 3.35e-01, loss = 6.25e-01, dice = 7.76e-01
2024-05-21 21:41:07.560975 | Iteration 177: similarity = 3.36e-01, loss = 6.23e-01, dice = 7.78e-01
2024-05-21 21:41:08.704764 | Iteration 178: similarity = 3.36e-01, loss = 6.21e-01, dice = 7.79e-01
2024-05-21 21:41:09.855339 | Iteration 179: similarity = 3.37e-01, loss = 6.19e-01, dice = 7.78e-01
2024-05-21 21:41:11.015559 | Iteration 180: similarity = 3.37e-01, loss = 6.17e-01, dice = 7.78e-01
2024-05-21 21:41:12.158443 | Iteration 181: similarity = 3.38e-01, loss = 6.16e-01, dice = 7.78e-01
2024-05-21 21:41:13.313624 | Iteration 182: similarity = 3.38e-01, loss = 6.14e-01, dice = 7.78e-01
2024-05-21 21:41:14.470361 | Iteration 183: similarity = 3.38e-01, loss = 6.13e-01, dice = 7.78e-01
2024-05-21 21:41:15.626317 | Iteration 184: similarity = 3.39e-01, loss = 6.11e-01, dice = 7.78e-01
2024-05-21 21:41:16.781231 | Iteration 185: similarity = 3.39e-01, loss = 6.10e-01, dice = 7.78e-01
2024-05-21 21:41:17.929070 | Iteration 186: similarity = 3.39e-01, loss = 6.09e-01, dice = 7.79e-01
2024-05-21 21:41:19.073172 | Iteration 187: similarity = 3.39e-01, loss = 6.08e-01, dice = 7.79e-01
2024-05-21 21:41:20.205957 | Iteration 188: similarity = 3.40e-01, loss = 6.05e-01, dice = 7.79e-01
2024-05-21 21:41:21.346328 | Iteration 189: similarity = 3.40e-01, loss = 6.04e-01, dice = 7.79e-01
2024-05-21 21:41:22.509496 | Iteration 190: similarity = 3.40e-01, loss = 6.02e-01, dice = 7.79e-01
2024-05-21 21:41:23.644785 | Iteration 191: similarity = 3.40e-01, loss = 6.01e-01, dice = 7.79e-01
2024-05-21 21:41:24.789902 | Iteration 192: similarity = 3.40e-01, loss = 5.99e-01, dice = 7.79e-01
2024-05-21 21:41:25.935907 | Iteration 193: similarity = 3.41e-01, loss = 5.97e-01, dice = 7.80e-01
2024-05-21 21:41:27.100704 | Iteration 194: similarity = 3.40e-01, loss = 5.96e-01, dice = 7.80e-01
2024-05-21 21:41:28.240352 | Iteration 195: similarity = 3.40e-01, loss = 5.95e-01, dice = 7.78e-01
2024-05-21 21:41:29.379142 | Iteration 196: similarity = 3.41e-01, loss = 5.93e-01, dice = 7.79e-01
2024-05-21 21:41:30.531750 | Iteration 197: similarity = 3.41e-01, loss = 5.91e-01, dice = 7.80e-01
2024-05-21 21:41:31.675301 | Iteration 198: similarity = 3.42e-01, loss = 5.89e-01, dice = 7.80e-01
2024-05-21 21:41:32.818371 | Iteration 199: similarity = 3.42e-01, loss = 5.87e-01, dice = 7.81e-01
2024-05-21 21:41:33.964409 | Iteration 200: similarity = 3.43e-01, loss = 5.86e-01, dice = 7.80e-01
2024-05-21 21:41:34.199212 | [scope plot registration results takes 0.23471426963806152s]
2024-05-21 21:41:35.059093 | Validation: HD [8.018148 ± 1.887841], MSD [0.817116 ± 0.160937], DSC [0.715843 ± 0.099556]
2024-05-21 21:41:35.059800 |          => HD [15.290844 ± 1.133643], MSD [0.636760 ± 0.158216], DSC [0.780423 ± 0.080373]
