====================================================================================================
Logging file for python script in Intensity Distribution.Experiment 1 (Anonymous): Exp1_LIC_GASD
_same_modality.py
| The recreation of Experiment 1: comparison between LIC and GASD. 
Started at 2024-05-21 16:01:07.711324 with command:
> python Exp1_LIC_GASD_same_modality.py --exp T4_NVI
====================================================================================================

2024-05-21 16:01:09.040644 | Iteration 1: similarity = 1.27e-01, loss = 5.58e+00, dice = 5.93e-01
2024-05-21 16:01:10.241643 | Iteration 2: similarity = 1.34e-01, loss = 4.22e+00, dice = 6.20e-01
2024-05-21 16:01:11.471640 | Iteration 3: similarity = 1.44e-01, loss = 3.52e+00, dice = 6.41e-01
2024-05-21 16:01:12.670323 | Iteration 4: similarity = 1.56e-01, loss = 2.81e+00, dice = 6.65e-01
2024-05-21 16:01:13.871727 | Iteration 5: similarity = 1.64e-01, loss = 2.58e+00, dice = 6.79e-01
2024-05-21 16:01:15.070054 | Iteration 6: similarity = 1.72e-01, loss = 2.33e+00, dice = 6.89e-01
2024-05-21 16:01:16.291763 | Iteration 7: similarity = 1.80e-01, loss = 2.09e+00, dice = 7.00e-01
2024-05-21 16:01:17.489860 | Iteration 8: similarity = 1.88e-01, loss = 1.88e+00, dice = 7.10e-01
2024-05-21 16:01:18.693479 | Iteration 9: similarity = 1.95e-01, loss = 1.70e+00, dice = 7.20e-01
2024-05-21 16:01:19.887377 | Iteration 10: similarity = 2.00e-01, loss = 1.54e+00, dice = 7.27e-01
2024-05-21 16:01:21.087949 | Iteration 11: similarity = 2.06e-01, loss = 1.41e+00, dice = 7.35e-01
2024-05-21 16:01:22.279865 | Iteration 12: similarity = 2.11e-01, loss = 1.29e+00, dice = 7.41e-01
2024-05-21 16:01:23.469754 | Iteration 13: similarity = 2.15e-01, loss = 1.18e+00, dice = 7.46e-01
2024-05-21 16:01:24.669351 | Iteration 14: similarity = 2.20e-01, loss = 1.08e+00, dice = 7.52e-01
2024-05-21 16:01:25.866492 | Iteration 15: similarity = 2.24e-01, loss = 9.87e-01, dice = 7.58e-01
2024-05-21 16:01:27.060002 | Iteration 16: similarity = 2.27e-01, loss = 9.04e-01, dice = 7.63e-01
2024-05-21 16:01:28.266411 | Iteration 17: similarity = 2.31e-01, loss = 8.28e-01, dice = 7.68e-01
2024-05-21 16:01:29.478830 | Iteration 18: similarity = 2.34e-01, loss = 7.57e-01, dice = 7.73e-01
2024-05-21 16:01:30.682328 | Iteration 19: similarity = 2.37e-01, loss = 6.93e-01, dice = 7.77e-01
2024-05-21 16:01:31.898042 | Iteration 20: similarity = 2.40e-01, loss = 6.35e-01, dice = 7.81e-01
2024-05-21 16:01:33.121275 | Iteration 21: similarity = 2.42e-01, loss = 5.82e-01, dice = 7.85e-01
2024-05-21 16:01:34.315912 | Iteration 22: similarity = 2.45e-01, loss = 5.33e-01, dice = 7.90e-01
2024-05-21 16:01:35.524549 | Iteration 23: similarity = 2.47e-01, loss = 4.88e-01, dice = 7.93e-01
2024-05-21 16:01:36.727033 | Iteration 24: similarity = 2.49e-01, loss = 4.46e-01, dice = 7.97e-01
2024-05-21 16:01:37.940035 | Iteration 25: similarity = 2.51e-01, loss = 4.09e-01, dice = 8.01e-01
2024-05-21 16:01:39.156770 | Iteration 26: similarity = 2.53e-01, loss = 3.75e-01, dice = 8.03e-01
2024-05-21 16:01:40.354248 | Iteration 27: similarity = 2.54e-01, loss = 3.44e-01, dice = 8.07e-01
2024-05-21 16:01:41.563675 | Iteration 28: similarity = 2.55e-01, loss = 3.17e-01, dice = 8.10e-01
2024-05-21 16:01:42.796205 | Iteration 29: similarity = 2.57e-01, loss = 2.92e-01, dice = 8.13e-01
2024-05-21 16:01:44.032728 | Iteration 30: similarity = 2.58e-01, loss = 2.70e-01, dice = 8.16e-01
2024-05-21 16:01:45.246210 | Iteration 31: similarity = 2.59e-01, loss = 2.51e-01, dice = 8.20e-01
2024-05-21 16:01:46.473162 | Iteration 32: similarity = 2.60e-01, loss = 2.34e-01, dice = 8.22e-01
2024-05-21 16:01:47.689193 | Iteration 33: similarity = 2.61e-01, loss = 2.20e-01, dice = 8.25e-01
2024-05-21 16:01:48.910179 | Iteration 34: similarity = 2.62e-01, loss = 2.07e-01, dice = 8.28e-01
2024-05-21 16:01:50.119403 | Iteration 35: similarity = 2.63e-01, loss = 1.97e-01, dice = 8.31e-01
2024-05-21 16:01:51.332880 | Iteration 36: similarity = 2.63e-01, loss = 1.88e-01, dice = 8.33e-01
2024-05-21 16:01:52.557372 | Iteration 37: similarity = 2.64e-01, loss = 1.81e-01, dice = 8.35e-01
2024-05-21 16:01:53.771336 | Iteration 38: similarity = 2.64e-01, loss = 1.75e-01, dice = 8.38e-01
2024-05-21 16:01:54.979398 | Iteration 39: similarity = 2.65e-01, loss = 1.70e-01, dice = 8.40e-01
2024-05-21 16:01:56.169428 | Iteration 40: similarity = 2.65e-01, loss = 1.66e-01, dice = 8.43e-01
2024-05-21 16:01:57.380793 | Iteration 41: similarity = 2.66e-01, loss = 1.64e-01, dice = 8.44e-01
2024-05-21 16:01:58.579473 | Iteration 42: similarity = 2.66e-01, loss = 1.62e-01, dice = 8.46e-01
2024-05-21 16:01:59.799227 | Iteration 43: similarity = 2.67e-01, loss = 1.60e-01, dice = 8.48e-01
2024-05-21 16:02:01.020959 | Iteration 44: similarity = 2.67e-01, loss = 1.59e-01, dice = 8.50e-01
2024-05-21 16:02:02.213955 | Iteration 45: similarity = 2.67e-01, loss = 1.59e-01, dice = 8.52e-01
2024-05-21 16:02:03.421138 | Iteration 46: similarity = 2.68e-01, loss = 1.59e-01, dice = 8.53e-01
2024-05-21 16:02:04.617305 | Iteration 47: similarity = 2.68e-01, loss = 1.60e-01, dice = 8.55e-01
2024-05-21 16:02:05.816093 | Iteration 48: similarity = 2.68e-01, loss = 1.60e-01, dice = 8.57e-01
2024-05-21 16:02:07.027785 | Iteration 49: similarity = 2.69e-01, loss = 1.61e-01, dice = 8.58e-01
2024-05-21 16:02:08.232191 | Iteration 50: similarity = 2.69e-01, loss = 1.62e-01, dice = 8.59e-01
2024-05-21 16:02:09.431874 | Iteration 51: similarity = 2.69e-01, loss = 1.63e-01, dice = 8.60e-01
2024-05-21 16:02:10.626208 | Iteration 52: similarity = 2.69e-01, loss = 1.64e-01, dice = 8.61e-01
2024-05-21 16:02:11.834445 | Iteration 53: similarity = 2.70e-01, loss = 1.66e-01, dice = 8.62e-01
2024-05-21 16:02:13.037842 | Iteration 54: similarity = 2.70e-01, loss = 1.67e-01, dice = 8.63e-01
2024-05-21 16:02:14.233299 | Iteration 55: similarity = 2.70e-01, loss = 1.69e-01, dice = 8.64e-01
2024-05-21 16:02:15.436110 | Iteration 56: similarity = 2.70e-01, loss = 1.71e-01, dice = 8.65e-01
2024-05-21 16:02:16.640496 | Iteration 57: similarity = 2.70e-01, loss = 1.73e-01, dice = 8.67e-01
2024-05-21 16:02:17.856082 | Iteration 58: similarity = 2.70e-01, loss = 1.74e-01, dice = 8.67e-01
2024-05-21 16:02:19.061762 | Iteration 59: similarity = 2.71e-01, loss = 1.76e-01, dice = 8.67e-01
2024-05-21 16:02:20.286000 | Iteration 60: similarity = 2.71e-01, loss = 1.78e-01, dice = 8.68e-01
2024-05-21 16:02:21.490170 | Iteration 61: similarity = 2.71e-01, loss = 1.80e-01, dice = 8.69e-01
2024-05-21 16:02:22.701595 | Iteration 62: similarity = 2.71e-01, loss = 1.82e-01, dice = 8.70e-01
2024-05-21 16:02:23.896834 | Iteration 63: similarity = 2.71e-01, loss = 1.83e-01, dice = 8.70e-01
2024-05-21 16:02:25.106532 | Iteration 64: similarity = 2.71e-01, loss = 1.85e-01, dice = 8.71e-01
2024-05-21 16:02:26.312632 | Iteration 65: similarity = 2.71e-01, loss = 1.88e-01, dice = 8.71e-01
2024-05-21 16:02:27.508105 | Iteration 66: similarity = 2.72e-01, loss = 1.89e-01, dice = 8.72e-01
2024-05-21 16:02:28.703695 | Iteration 67: similarity = 2.72e-01, loss = 1.91e-01, dice = 8.73e-01
2024-05-21 16:02:29.902693 | Iteration 68: similarity = 2.72e-01, loss = 1.93e-01, dice = 8.73e-01
2024-05-21 16:02:31.117905 | Iteration 69: similarity = 2.72e-01, loss = 1.95e-01, dice = 8.73e-01
2024-05-21 16:02:32.322253 | Iteration 70: similarity = 2.72e-01, loss = 1.96e-01, dice = 8.74e-01
2024-05-21 16:02:33.518255 | Iteration 71: similarity = 2.72e-01, loss = 1.99e-01, dice = 8.74e-01
2024-05-21 16:02:34.744839 | Iteration 72: similarity = 2.72e-01, loss = 2.00e-01, dice = 8.75e-01
2024-05-21 16:02:35.945769 | Iteration 73: similarity = 2.72e-01, loss = 2.02e-01, dice = 8.75e-01
2024-05-21 16:02:37.166368 | Iteration 74: similarity = 2.72e-01, loss = 2.04e-01, dice = 8.75e-01
2024-05-21 16:02:38.369718 | Iteration 75: similarity = 2.72e-01, loss = 2.05e-01, dice = 8.75e-01
2024-05-21 16:02:39.566614 | Iteration 76: similarity = 2.73e-01, loss = 2.06e-01, dice = 8.76e-01
2024-05-21 16:02:40.762402 | Iteration 77: similarity = 2.73e-01, loss = 2.08e-01, dice = 8.76e-01
2024-05-21 16:02:41.959526 | Iteration 78: similarity = 2.73e-01, loss = 2.09e-01, dice = 8.76e-01
2024-05-21 16:02:43.169093 | Iteration 79: similarity = 2.73e-01, loss = 2.11e-01, dice = 8.76e-01
2024-05-21 16:02:44.360608 | Iteration 80: similarity = 2.73e-01, loss = 2.11e-01, dice = 8.77e-01
2024-05-21 16:02:45.561445 | Iteration 81: similarity = 2.73e-01, loss = 2.13e-01, dice = 8.77e-01
2024-05-21 16:02:46.760389 | Iteration 82: similarity = 2.73e-01, loss = 2.13e-01, dice = 8.77e-01
2024-05-21 16:02:47.949372 | Iteration 83: similarity = 2.73e-01, loss = 2.14e-01, dice = 8.77e-01
2024-05-21 16:02:49.146535 | Iteration 84: similarity = 2.73e-01, loss = 2.14e-01, dice = 8.78e-01
2024-05-21 16:02:50.336956 | Iteration 85: similarity = 2.73e-01, loss = 2.15e-01, dice = 8.78e-01
2024-05-21 16:02:51.520737 | Iteration 86: similarity = 2.73e-01, loss = 2.15e-01, dice = 8.78e-01
2024-05-21 16:02:52.706128 | Iteration 87: similarity = 2.73e-01, loss = 2.16e-01, dice = 8.78e-01
2024-05-21 16:02:53.905238 | Iteration 88: similarity = 2.73e-01, loss = 2.16e-01, dice = 8.78e-01
2024-05-21 16:02:55.096264 | Iteration 89: similarity = 2.73e-01, loss = 2.16e-01, dice = 8.79e-01
2024-05-21 16:02:56.294248 | Iteration 90: similarity = 2.73e-01, loss = 2.16e-01, dice = 8.79e-01
2024-05-21 16:02:57.508088 | Iteration 91: similarity = 2.73e-01, loss = 2.17e-01, dice = 8.79e-01
2024-05-21 16:02:58.698446 | Iteration 92: similarity = 2.73e-01, loss = 2.16e-01, dice = 8.79e-01
2024-05-21 16:02:59.899883 | Iteration 93: similarity = 2.73e-01, loss = 2.17e-01, dice = 8.80e-01
2024-05-21 16:03:01.115720 | Iteration 94: similarity = 2.74e-01, loss = 2.16e-01, dice = 8.80e-01
2024-05-21 16:03:02.318104 | Iteration 95: similarity = 2.74e-01, loss = 2.16e-01, dice = 8.80e-01
2024-05-21 16:03:03.523231 | Iteration 96: similarity = 2.74e-01, loss = 2.15e-01, dice = 8.80e-01
2024-05-21 16:03:04.725358 | Iteration 97: similarity = 2.74e-01, loss = 2.15e-01, dice = 8.81e-01
2024-05-21 16:03:05.972373 | Iteration 98: similarity = 2.74e-01, loss = 2.14e-01, dice = 8.80e-01
2024-05-21 16:03:07.240472 | Iteration 99: similarity = 2.74e-01, loss = 2.14e-01, dice = 8.80e-01
2024-05-21 16:03:08.472031 | Iteration 100: similarity = 2.74e-01, loss = 2.13e-01, dice = 8.81e-01
2024-05-21 16:03:09.707445 | Iteration 101: similarity = 2.74e-01, loss = 2.13e-01, dice = 8.81e-01
2024-05-21 16:03:10.926497 | Iteration 102: similarity = 2.74e-01, loss = 2.12e-01, dice = 8.81e-01
2024-05-21 16:03:12.142059 | Iteration 103: similarity = 2.74e-01, loss = 2.12e-01, dice = 8.80e-01
2024-05-21 16:03:13.367722 | Iteration 104: similarity = 2.74e-01, loss = 2.11e-01, dice = 8.81e-01
2024-05-21 16:03:14.573698 | Iteration 105: similarity = 2.74e-01, loss = 2.10e-01, dice = 8.81e-01
2024-05-21 16:03:15.778525 | Iteration 106: similarity = 2.74e-01, loss = 2.09e-01, dice = 8.81e-01
2024-05-21 16:03:16.978720 | Iteration 107: similarity = 2.74e-01, loss = 2.08e-01, dice = 8.82e-01
2024-05-21 16:03:18.173355 | Iteration 108: similarity = 2.74e-01, loss = 2.07e-01, dice = 8.82e-01
2024-05-21 16:03:19.385060 | Iteration 109: similarity = 2.74e-01, loss = 2.06e-01, dice = 8.81e-01
2024-05-21 16:03:20.603979 | Iteration 110: similarity = 2.74e-01, loss = 2.05e-01, dice = 8.82e-01
2024-05-21 16:03:21.838473 | Iteration 111: similarity = 2.74e-01, loss = 2.04e-01, dice = 8.82e-01
2024-05-21 16:03:23.077208 | Iteration 112: similarity = 2.74e-01, loss = 2.03e-01, dice = 8.83e-01
2024-05-21 16:03:24.284801 | Iteration 113: similarity = 2.74e-01, loss = 2.02e-01, dice = 8.82e-01
2024-05-21 16:03:25.512583 | Iteration 114: similarity = 2.74e-01, loss = 2.01e-01, dice = 8.82e-01
2024-05-21 16:03:26.723682 | Iteration 115: similarity = 2.74e-01, loss = 2.00e-01, dice = 8.82e-01
2024-05-21 16:03:27.939288 | Iteration 116: similarity = 2.74e-01, loss = 1.99e-01, dice = 8.82e-01
2024-05-21 16:03:29.157179 | Iteration 117: similarity = 2.74e-01, loss = 1.98e-01, dice = 8.82e-01
2024-05-21 16:03:30.360461 | Iteration 118: similarity = 2.74e-01, loss = 1.97e-01, dice = 8.82e-01
2024-05-21 16:03:31.564245 | Iteration 119: similarity = 2.74e-01, loss = 1.95e-01, dice = 8.83e-01
2024-05-21 16:03:32.794227 | Iteration 120: similarity = 2.74e-01, loss = 1.95e-01, dice = 8.83e-01
2024-05-21 16:03:33.993237 | Iteration 121: similarity = 2.74e-01, loss = 1.93e-01, dice = 8.83e-01
2024-05-21 16:03:35.196735 | Iteration 122: similarity = 2.75e-01, loss = 1.92e-01, dice = 8.83e-01
2024-05-21 16:03:36.423527 | Iteration 123: similarity = 2.75e-01, loss = 1.91e-01, dice = 8.83e-01
2024-05-21 16:03:37.626995 | Iteration 124: similarity = 2.75e-01, loss = 1.90e-01, dice = 8.84e-01
2024-05-21 16:03:38.843831 | Iteration 125: similarity = 2.75e-01, loss = 1.89e-01, dice = 8.83e-01
2024-05-21 16:03:40.042364 | Iteration 126: similarity = 2.75e-01, loss = 1.88e-01, dice = 8.83e-01
2024-05-21 16:03:41.292695 | Iteration 127: similarity = 2.75e-01, loss = 1.86e-01, dice = 8.83e-01
2024-05-21 16:03:42.509457 | Iteration 128: similarity = 2.75e-01, loss = 1.85e-01, dice = 8.83e-01
2024-05-21 16:03:43.729251 | Iteration 129: similarity = 2.75e-01, loss = 1.84e-01, dice = 8.84e-01
2024-05-21 16:03:44.931653 | Iteration 130: similarity = 2.75e-01, loss = 1.83e-01, dice = 8.83e-01
2024-05-21 16:03:46.153865 | Iteration 131: similarity = 2.75e-01, loss = 1.81e-01, dice = 8.83e-01
2024-05-21 16:03:47.368703 | Iteration 132: similarity = 2.75e-01, loss = 1.81e-01, dice = 8.83e-01
2024-05-21 16:03:48.585503 | Iteration 133: similarity = 2.75e-01, loss = 1.79e-01, dice = 8.83e-01
2024-05-21 16:03:49.785608 | Iteration 134: similarity = 2.75e-01, loss = 1.78e-01, dice = 8.84e-01
2024-05-21 16:03:50.989205 | Iteration 135: similarity = 2.75e-01, loss = 1.77e-01, dice = 8.84e-01
2024-05-21 16:03:52.199229 | Iteration 136: similarity = 2.75e-01, loss = 1.76e-01, dice = 8.84e-01
2024-05-21 16:03:53.401348 | Iteration 137: similarity = 2.75e-01, loss = 1.74e-01, dice = 8.84e-01
2024-05-21 16:03:54.604708 | Iteration 138: similarity = 2.75e-01, loss = 1.73e-01, dice = 8.84e-01
2024-05-21 16:03:55.806174 | Iteration 139: similarity = 2.75e-01, loss = 1.72e-01, dice = 8.84e-01
2024-05-21 16:03:57.016492 | Iteration 140: similarity = 2.75e-01, loss = 1.71e-01, dice = 8.84e-01
2024-05-21 16:03:58.220770 | Iteration 141: similarity = 2.75e-01, loss = 1.70e-01, dice = 8.84e-01
2024-05-21 16:03:59.427801 | Iteration 142: similarity = 2.75e-01, loss = 1.68e-01, dice = 8.84e-01
2024-05-21 16:04:00.630853 | Iteration 143: similarity = 2.75e-01, loss = 1.67e-01, dice = 8.84e-01
2024-05-21 16:04:01.834921 | Iteration 144: similarity = 2.75e-01, loss = 1.66e-01, dice = 8.84e-01
2024-05-21 16:04:03.032111 | Iteration 145: similarity = 2.75e-01, loss = 1.65e-01, dice = 8.84e-01
2024-05-21 16:04:04.221222 | Iteration 146: similarity = 2.75e-01, loss = 1.63e-01, dice = 8.85e-01
2024-05-21 16:04:05.424917 | Iteration 147: similarity = 2.75e-01, loss = 1.63e-01, dice = 8.84e-01
2024-05-21 16:04:06.635304 | Iteration 148: similarity = 2.75e-01, loss = 1.61e-01, dice = 8.84e-01
2024-05-21 16:04:07.845866 | Iteration 149: similarity = 2.75e-01, loss = 1.60e-01, dice = 8.84e-01
2024-05-21 16:04:09.067033 | Iteration 150: similarity = 2.75e-01, loss = 1.59e-01, dice = 8.85e-01
2024-05-21 16:04:10.282603 | Iteration 151: similarity = 2.75e-01, loss = 1.58e-01, dice = 8.84e-01
2024-05-21 16:04:11.475069 | Iteration 152: similarity = 2.75e-01, loss = 1.56e-01, dice = 8.84e-01
2024-05-21 16:04:12.671963 | Iteration 153: similarity = 2.75e-01, loss = 1.56e-01, dice = 8.84e-01
2024-05-21 16:04:13.866346 | Iteration 154: similarity = 2.75e-01, loss = 1.54e-01, dice = 8.85e-01
2024-05-21 16:04:15.064653 | Iteration 155: similarity = 2.75e-01, loss = 1.53e-01, dice = 8.85e-01
2024-05-21 16:04:16.274983 | Iteration 156: similarity = 2.75e-01, loss = 1.52e-01, dice = 8.85e-01
2024-05-21 16:04:17.479862 | Iteration 157: similarity = 2.75e-01, loss = 1.51e-01, dice = 8.84e-01
2024-05-21 16:04:18.681288 | Iteration 158: similarity = 2.75e-01, loss = 1.49e-01, dice = 8.84e-01
2024-05-21 16:04:19.890151 | Iteration 159: similarity = 2.75e-01, loss = 1.48e-01, dice = 8.85e-01
2024-05-21 16:04:21.075844 | Iteration 160: similarity = 2.75e-01, loss = 1.47e-01, dice = 8.85e-01
2024-05-21 16:04:22.278383 | Iteration 161: similarity = 2.75e-01, loss = 1.46e-01, dice = 8.85e-01
2024-05-21 16:04:23.482496 | Iteration 162: similarity = 2.75e-01, loss = 1.44e-01, dice = 8.85e-01
2024-05-21 16:04:24.678091 | Iteration 163: similarity = 2.75e-01, loss = 1.44e-01, dice = 8.85e-01
2024-05-21 16:04:25.881294 | Iteration 164: similarity = 2.75e-01, loss = 1.42e-01, dice = 8.85e-01
2024-05-21 16:04:27.083383 | Iteration 165: similarity = 2.75e-01, loss = 1.41e-01, dice = 8.85e-01
2024-05-21 16:04:28.303623 | Iteration 166: similarity = 2.75e-01, loss = 1.40e-01, dice = 8.85e-01
2024-05-21 16:04:29.489752 | Iteration 167: similarity = 2.75e-01, loss = 1.39e-01, dice = 8.85e-01
2024-05-21 16:04:30.654681 | Iteration 168: similarity = 2.75e-01, loss = 1.38e-01, dice = 8.85e-01
2024-05-21 16:04:31.830824 | Iteration 169: similarity = 2.75e-01, loss = 1.37e-01, dice = 8.85e-01
2024-05-21 16:04:33.009422 | Iteration 170: similarity = 2.75e-01, loss = 1.35e-01, dice = 8.85e-01
2024-05-21 16:04:34.188909 | Iteration 171: similarity = 2.75e-01, loss = 1.35e-01, dice = 8.85e-01
2024-05-21 16:04:35.373324 | Iteration 172: similarity = 2.75e-01, loss = 1.33e-01, dice = 8.85e-01
2024-05-21 16:04:36.561456 | Iteration 173: similarity = 2.75e-01, loss = 1.32e-01, dice = 8.85e-01
2024-05-21 16:04:37.766320 | Iteration 174: similarity = 2.75e-01, loss = 1.31e-01, dice = 8.85e-01
2024-05-21 16:04:38.972066 | Iteration 175: similarity = 2.75e-01, loss = 1.30e-01, dice = 8.85e-01
2024-05-21 16:04:40.232466 | Iteration 176: similarity = 2.75e-01, loss = 1.29e-01, dice = 8.85e-01
2024-05-21 16:04:41.417778 | Iteration 177: similarity = 2.75e-01, loss = 1.28e-01, dice = 8.85e-01
2024-05-21 16:04:42.599365 | Iteration 178: similarity = 2.75e-01, loss = 1.27e-01, dice = 8.85e-01
2024-05-21 16:04:43.784894 | Iteration 179: similarity = 2.75e-01, loss = 1.26e-01, dice = 8.85e-01
2024-05-21 16:04:44.991551 | Iteration 180: similarity = 2.75e-01, loss = 1.24e-01, dice = 8.85e-01
2024-05-21 16:04:46.191412 | Iteration 181: similarity = 2.75e-01, loss = 1.24e-01, dice = 8.85e-01
2024-05-21 16:04:47.408765 | Iteration 182: similarity = 2.75e-01, loss = 1.22e-01, dice = 8.85e-01
2024-05-21 16:04:48.621938 | Iteration 183: similarity = 2.75e-01, loss = 1.21e-01, dice = 8.85e-01
2024-05-21 16:04:49.822120 | Iteration 184: similarity = 2.75e-01, loss = 1.20e-01, dice = 8.85e-01
2024-05-21 16:04:51.029925 | Iteration 185: similarity = 2.76e-01, loss = 1.19e-01, dice = 8.85e-01
2024-05-21 16:04:52.238661 | Iteration 186: similarity = 2.76e-01, loss = 1.18e-01, dice = 8.85e-01
2024-05-21 16:04:53.429287 | Iteration 187: similarity = 2.76e-01, loss = 1.17e-01, dice = 8.85e-01
2024-05-21 16:04:54.626421 | Iteration 188: similarity = 2.76e-01, loss = 1.15e-01, dice = 8.85e-01
2024-05-21 16:04:55.825997 | Iteration 189: similarity = 2.76e-01, loss = 1.15e-01, dice = 8.85e-01
2024-05-21 16:04:57.031998 | Iteration 190: similarity = 2.76e-01, loss = 1.13e-01, dice = 8.85e-01
2024-05-21 16:04:58.226543 | Iteration 191: similarity = 2.75e-01, loss = 1.13e-01, dice = 8.85e-01
2024-05-21 16:04:59.421486 | Iteration 192: similarity = 2.76e-01, loss = 1.11e-01, dice = 8.85e-01
2024-05-21 16:05:00.600948 | Iteration 193: similarity = 2.76e-01, loss = 1.11e-01, dice = 8.85e-01
2024-05-21 16:05:01.788013 | Iteration 194: similarity = 2.76e-01, loss = 1.09e-01, dice = 8.85e-01
2024-05-21 16:05:02.974349 | Iteration 195: similarity = 2.76e-01, loss = 1.08e-01, dice = 8.85e-01
2024-05-21 16:05:04.158793 | Iteration 196: similarity = 2.76e-01, loss = 1.07e-01, dice = 8.85e-01
2024-05-21 16:05:05.371742 | Iteration 197: similarity = 2.76e-01, loss = 1.07e-01, dice = 8.85e-01
2024-05-21 16:05:06.560385 | Iteration 198: similarity = 2.76e-01, loss = 1.05e-01, dice = 8.85e-01
2024-05-21 16:05:07.750894 | Iteration 199: similarity = 2.76e-01, loss = 1.05e-01, dice = 8.85e-01
2024-05-21 16:05:08.936936 | Iteration 200: similarity = 2.76e-01, loss = 1.03e-01, dice = 8.85e-01
2024-05-21 16:05:09.179621 | [scope plot registration results takes 0.24260783195495605s]
2024-05-21 16:05:10.036010 | Validation: HD [8.018148 ± 1.887841], MSD [0.817116 ± 0.160937], DSC [0.715843 ± 0.099556]
2024-05-21 16:05:10.036753 |          => HD [11.013476 ± 5.482242], MSD [0.321848 ± 0.074095], DSC [0.885016 ± 0.046347]
