====================================================================================================
Logging file for python script in Intensity Distribution.Experiment 1 (Anonymous): Exp1_LIC_GASD
.py
| The recreation of Experiment 1: comparison between LIC and GASD. 
Started at 2024-05-19 02:23:47.372381 with command:
> python Exp1_LIC_GASD.py --exp T2_NMI
====================================================================================================

2024-05-19 02:23:53.256080 | Iteration 1: similarity = 1.15e+00, loss = 4.55e+00, dice = 5.93e-01
2024-05-19 02:23:58.716026 | Iteration 2: similarity = 1.16e+00, loss = 3.18e+00, dice = 6.23e-01
2024-05-19 02:24:04.171005 | Iteration 3: similarity = 1.17e+00, loss = 2.47e+00, dice = 6.50e-01
2024-05-19 02:24:09.682126 | Iteration 4: similarity = 1.18e+00, loss = 1.75e+00, dice = 6.76e-01
2024-05-19 02:24:15.217861 | Iteration 5: similarity = 1.19e+00, loss = 1.52e+00, dice = 6.89e-01
2024-05-19 02:24:20.738522 | Iteration 6: similarity = 1.19e+00, loss = 1.28e+00, dice = 7.01e-01
2024-05-19 02:24:26.240948 | Iteration 7: similarity = 1.20e+00, loss = 1.04e+00, dice = 7.12e-01
2024-05-19 02:24:31.741415 | Iteration 8: similarity = 1.21e+00, loss = 8.37e-01, dice = 7.22e-01
2024-05-19 02:24:37.271029 | Iteration 9: similarity = 1.21e+00, loss = 6.57e-01, dice = 7.32e-01
2024-05-19 02:24:42.792476 | Iteration 10: similarity = 1.22e+00, loss = 5.04e-01, dice = 7.40e-01
2024-05-19 02:24:48.300603 | Iteration 11: similarity = 1.22e+00, loss = 3.74e-01, dice = 7.46e-01
2024-05-19 02:24:53.795534 | Iteration 12: similarity = 1.23e+00, loss = 2.57e-01, dice = 7.53e-01
2024-05-19 02:24:59.264295 | Iteration 13: similarity = 1.23e+00, loss = 1.51e-01, dice = 7.60e-01
2024-05-19 02:25:04.760766 | Iteration 14: similarity = 1.24e+00, loss = 5.75e-02, dice = 7.65e-01
2024-05-19 02:25:10.207634 | Iteration 15: similarity = 1.24e+00, loss = -2.73e-02, dice = 7.71e-01
2024-05-19 02:25:15.707605 | Iteration 16: similarity = 1.24e+00, loss = -1.06e-01, dice = 7.75e-01
2024-05-19 02:25:21.194500 | Iteration 17: similarity = 1.25e+00, loss = -1.78e-01, dice = 7.79e-01
2024-05-19 02:25:26.720486 | Iteration 18: similarity = 1.25e+00, loss = -2.44e-01, dice = 7.81e-01
2024-05-19 02:25:32.240446 | Iteration 19: similarity = 1.25e+00, loss = -3.03e-01, dice = 7.85e-01
2024-05-19 02:25:37.745525 | Iteration 20: similarity = 1.26e+00, loss = -3.56e-01, dice = 7.87e-01
2024-05-19 02:25:43.243129 | Iteration 21: similarity = 1.26e+00, loss = -4.06e-01, dice = 7.90e-01
2024-05-19 02:25:48.731607 | Iteration 22: similarity = 1.26e+00, loss = -4.50e-01, dice = 7.92e-01
2024-05-19 02:25:54.214112 | Iteration 23: similarity = 1.26e+00, loss = -4.91e-01, dice = 7.93e-01
2024-05-19 02:25:59.707078 | Iteration 24: similarity = 1.26e+00, loss = -5.28e-01, dice = 7.95e-01
2024-05-19 02:26:05.217977 | Iteration 25: similarity = 1.27e+00, loss = -5.61e-01, dice = 7.97e-01
2024-05-19 02:26:10.726987 | Iteration 26: similarity = 1.27e+00, loss = -5.91e-01, dice = 7.99e-01
2024-05-19 02:26:16.245991 | Iteration 27: similarity = 1.27e+00, loss = -6.18e-01, dice = 8.00e-01
2024-05-19 02:26:21.771768 | Iteration 28: similarity = 1.27e+00, loss = -6.42e-01, dice = 8.01e-01
2024-05-19 02:26:27.284789 | Iteration 29: similarity = 1.27e+00, loss = -6.63e-01, dice = 8.02e-01
2024-05-19 02:26:32.804342 | Iteration 30: similarity = 1.27e+00, loss = -6.81e-01, dice = 8.04e-01
2024-05-19 02:26:38.342360 | Iteration 31: similarity = 1.28e+00, loss = -6.97e-01, dice = 8.05e-01
2024-05-19 02:26:43.837883 | Iteration 32: similarity = 1.28e+00, loss = -7.11e-01, dice = 8.05e-01
2024-05-19 02:26:49.344074 | Iteration 33: similarity = 1.28e+00, loss = -7.23e-01, dice = 8.07e-01
2024-05-19 02:26:54.867054 | Iteration 34: similarity = 1.28e+00, loss = -7.33e-01, dice = 8.08e-01
2024-05-19 02:27:00.363029 | Iteration 35: similarity = 1.28e+00, loss = -7.41e-01, dice = 8.08e-01
2024-05-19 02:27:05.836924 | Iteration 36: similarity = 1.28e+00, loss = -7.48e-01, dice = 8.09e-01
2024-05-19 02:27:11.324330 | Iteration 37: similarity = 1.28e+00, loss = -7.53e-01, dice = 8.10e-01
2024-05-19 02:27:16.811663 | Iteration 38: similarity = 1.28e+00, loss = -7.57e-01, dice = 8.11e-01
2024-05-19 02:27:22.361198 | Iteration 39: similarity = 1.28e+00, loss = -7.60e-01, dice = 8.11e-01
2024-05-19 02:27:27.875849 | Iteration 40: similarity = 1.28e+00, loss = -7.63e-01, dice = 8.11e-01
2024-05-19 02:27:33.389149 | Iteration 41: similarity = 1.28e+00, loss = -7.64e-01, dice = 8.12e-01
2024-05-19 02:27:38.909786 | Iteration 42: similarity = 1.28e+00, loss = -7.65e-01, dice = 8.13e-01
2024-05-19 02:27:44.403895 | Iteration 43: similarity = 1.29e+00, loss = -7.66e-01, dice = 8.14e-01
2024-05-19 02:27:49.927807 | Iteration 44: similarity = 1.29e+00, loss = -7.65e-01, dice = 8.15e-01
2024-05-19 02:27:55.425798 | Iteration 45: similarity = 1.29e+00, loss = -7.65e-01, dice = 8.15e-01
2024-05-19 02:28:00.952839 | Iteration 46: similarity = 1.29e+00, loss = -7.64e-01, dice = 8.16e-01
2024-05-19 02:28:06.471618 | Iteration 47: similarity = 1.29e+00, loss = -7.63e-01, dice = 8.16e-01
2024-05-19 02:28:11.956248 | Iteration 48: similarity = 1.29e+00, loss = -7.62e-01, dice = 8.16e-01
2024-05-19 02:28:17.431747 | Iteration 49: similarity = 1.29e+00, loss = -7.60e-01, dice = 8.17e-01
2024-05-19 02:28:22.938624 | Iteration 50: similarity = 1.29e+00, loss = -7.59e-01, dice = 8.17e-01
2024-05-19 02:28:28.448966 | Iteration 51: similarity = 1.29e+00, loss = -7.57e-01, dice = 8.16e-01
2024-05-19 02:28:33.937484 | Iteration 52: similarity = 1.29e+00, loss = -7.55e-01, dice = 8.16e-01
2024-05-19 02:28:39.451129 | Iteration 53: similarity = 1.29e+00, loss = -7.53e-01, dice = 8.16e-01
2024-05-19 02:28:44.956657 | Iteration 54: similarity = 1.29e+00, loss = -7.52e-01, dice = 8.16e-01
2024-05-19 02:28:50.467022 | Iteration 55: similarity = 1.29e+00, loss = -7.49e-01, dice = 8.16e-01
2024-05-19 02:28:55.979416 | Iteration 56: similarity = 1.29e+00, loss = -7.48e-01, dice = 8.18e-01
2024-05-19 02:29:01.503790 | Iteration 57: similarity = 1.29e+00, loss = -7.45e-01, dice = 8.18e-01
2024-05-19 02:29:07.015268 | Iteration 58: similarity = 1.29e+00, loss = -7.43e-01, dice = 8.18e-01
2024-05-19 02:29:12.503124 | Iteration 59: similarity = 1.29e+00, loss = -7.41e-01, dice = 8.18e-01
2024-05-19 02:29:17.973568 | Iteration 60: similarity = 1.29e+00, loss = -7.39e-01, dice = 8.18e-01
2024-05-19 02:29:23.497841 | Iteration 61: similarity = 1.29e+00, loss = -7.37e-01, dice = 8.18e-01
2024-05-19 02:29:29.006368 | Iteration 62: similarity = 1.29e+00, loss = -7.35e-01, dice = 8.18e-01
2024-05-19 02:29:34.464308 | Iteration 63: similarity = 1.29e+00, loss = -7.34e-01, dice = 8.19e-01
2024-05-19 02:29:39.899078 | Iteration 64: similarity = 1.29e+00, loss = -7.32e-01, dice = 8.19e-01
2024-05-19 02:29:45.402905 | Iteration 65: similarity = 1.29e+00, loss = -7.30e-01, dice = 8.20e-01
2024-05-19 02:29:50.911966 | Iteration 66: similarity = 1.29e+00, loss = -7.28e-01, dice = 8.19e-01
2024-05-19 02:29:56.421906 | Iteration 67: similarity = 1.29e+00, loss = -7.26e-01, dice = 8.20e-01
2024-05-19 02:30:01.937083 | Iteration 68: similarity = 1.29e+00, loss = -7.25e-01, dice = 8.21e-01
2024-05-19 02:30:07.451137 | Iteration 69: similarity = 1.29e+00, loss = -7.23e-01, dice = 8.21e-01
2024-05-19 02:30:12.971824 | Iteration 70: similarity = 1.29e+00, loss = -7.21e-01, dice = 8.21e-01
2024-05-19 02:30:18.474764 | Iteration 71: similarity = 1.29e+00, loss = -7.19e-01, dice = 8.21e-01
2024-05-19 02:30:23.987793 | Iteration 72: similarity = 1.29e+00, loss = -7.18e-01, dice = 8.21e-01
2024-05-19 02:30:29.463479 | Iteration 73: similarity = 1.29e+00, loss = -7.16e-01, dice = 8.21e-01
2024-05-19 02:30:34.986618 | Iteration 74: similarity = 1.29e+00, loss = -7.15e-01, dice = 8.21e-01
2024-05-19 02:30:40.493269 | Iteration 75: similarity = 1.29e+00, loss = -7.13e-01, dice = 8.21e-01
2024-05-19 02:30:46.009442 | Iteration 76: similarity = 1.29e+00, loss = -7.12e-01, dice = 8.21e-01
2024-05-19 02:30:51.457819 | Iteration 77: similarity = 1.29e+00, loss = -7.11e-01, dice = 8.21e-01
2024-05-19 02:30:56.985187 | Iteration 78: similarity = 1.29e+00, loss = -7.10e-01, dice = 8.21e-01
2024-05-19 02:31:02.503653 | Iteration 79: similarity = 1.29e+00, loss = -7.09e-01, dice = 8.21e-01
2024-05-19 02:31:08.015284 | Iteration 80: similarity = 1.29e+00, loss = -7.08e-01, dice = 8.21e-01
2024-05-19 02:31:13.510643 | Iteration 81: similarity = 1.29e+00, loss = -7.07e-01, dice = 8.21e-01
2024-05-19 02:31:19.050132 | Iteration 82: similarity = 1.29e+00, loss = -7.06e-01, dice = 8.22e-01
2024-05-19 02:31:24.563167 | Iteration 83: similarity = 1.29e+00, loss = -7.05e-01, dice = 8.21e-01
2024-05-19 02:31:30.025411 | Iteration 84: similarity = 1.29e+00, loss = -7.04e-01, dice = 8.21e-01
2024-05-19 02:31:35.546392 | Iteration 85: similarity = 1.29e+00, loss = -7.04e-01, dice = 8.21e-01
2024-05-19 02:31:41.060951 | Iteration 86: similarity = 1.29e+00, loss = -7.04e-01, dice = 8.21e-01
2024-05-19 02:31:46.559285 | Iteration 87: similarity = 1.29e+00, loss = -7.03e-01, dice = 8.21e-01
2024-05-19 02:31:52.077639 | Iteration 88: similarity = 1.29e+00, loss = -7.03e-01, dice = 8.22e-01
2024-05-19 02:31:57.578846 | Iteration 89: similarity = 1.29e+00, loss = -7.03e-01, dice = 8.22e-01
2024-05-19 02:32:03.080864 | Iteration 90: similarity = 1.29e+00, loss = -7.03e-01, dice = 8.23e-01
2024-05-19 02:32:08.602438 | Iteration 91: similarity = 1.29e+00, loss = -7.03e-01, dice = 8.23e-01
2024-05-19 02:32:14.107855 | Iteration 92: similarity = 1.29e+00, loss = -7.03e-01, dice = 8.22e-01
2024-05-19 02:32:19.585565 | Iteration 93: similarity = 1.29e+00, loss = -7.04e-01, dice = 8.22e-01
2024-05-19 02:32:25.058561 | Iteration 94: similarity = 1.29e+00, loss = -7.04e-01, dice = 8.23e-01
2024-05-19 02:32:30.562973 | Iteration 95: similarity = 1.29e+00, loss = -7.04e-01, dice = 8.22e-01
2024-05-19 02:32:36.030651 | Iteration 96: similarity = 1.29e+00, loss = -7.04e-01, dice = 8.22e-01
2024-05-19 02:32:41.510285 | Iteration 97: similarity = 1.29e+00, loss = -7.05e-01, dice = 8.21e-01
2024-05-19 02:32:47.017071 | Iteration 98: similarity = 1.29e+00, loss = -7.05e-01, dice = 8.22e-01
2024-05-19 02:32:52.517836 | Iteration 99: similarity = 1.29e+00, loss = -7.06e-01, dice = 8.21e-01
2024-05-19 02:32:58.016335 | Iteration 100: similarity = 1.29e+00, loss = -7.05e-01, dice = 8.22e-01
2024-05-19 02:33:03.532863 | Iteration 101: similarity = 1.29e+00, loss = -7.06e-01, dice = 8.22e-01
2024-05-19 02:33:09.032651 | Iteration 102: similarity = 1.29e+00, loss = -7.07e-01, dice = 8.22e-01
2024-05-19 02:33:14.521241 | Iteration 103: similarity = 1.29e+00, loss = -7.08e-01, dice = 8.22e-01
2024-05-19 02:33:20.010304 | Iteration 104: similarity = 1.29e+00, loss = -7.08e-01, dice = 8.22e-01
2024-05-19 02:33:25.521475 | Iteration 105: similarity = 1.29e+00, loss = -7.09e-01, dice = 8.22e-01
2024-05-19 02:33:31.012485 | Iteration 106: similarity = 1.29e+00, loss = -7.09e-01, dice = 8.22e-01
2024-05-19 02:33:36.521501 | Iteration 107: similarity = 1.29e+00, loss = -7.11e-01, dice = 8.22e-01
2024-05-19 02:33:42.008516 | Iteration 108: similarity = 1.29e+00, loss = -7.12e-01, dice = 8.23e-01
2024-05-19 02:33:47.524156 | Iteration 109: similarity = 1.29e+00, loss = -7.13e-01, dice = 8.23e-01
2024-05-19 02:33:53.017528 | Iteration 110: similarity = 1.29e+00, loss = -7.14e-01, dice = 8.23e-01
2024-05-19 02:33:58.465442 | Iteration 111: similarity = 1.29e+00, loss = -7.15e-01, dice = 8.23e-01
2024-05-19 02:34:03.944995 | Iteration 112: similarity = 1.29e+00, loss = -7.16e-01, dice = 8.23e-01
2024-05-19 02:34:09.423991 | Iteration 113: similarity = 1.29e+00, loss = -7.17e-01, dice = 8.23e-01
2024-05-19 02:34:14.920691 | Iteration 114: similarity = 1.29e+00, loss = -7.18e-01, dice = 8.23e-01
2024-05-19 02:34:20.428855 | Iteration 115: similarity = 1.29e+00, loss = -7.18e-01, dice = 8.22e-01
2024-05-19 02:34:25.922006 | Iteration 116: similarity = 1.29e+00, loss = -7.20e-01, dice = 8.22e-01
2024-05-19 02:34:31.427423 | Iteration 117: similarity = 1.29e+00, loss = -7.20e-01, dice = 8.22e-01
2024-05-19 02:34:36.933336 | Iteration 118: similarity = 1.29e+00, loss = -7.22e-01, dice = 8.23e-01
2024-05-19 02:34:42.422231 | Iteration 119: similarity = 1.29e+00, loss = -7.23e-01, dice = 8.23e-01
2024-05-19 02:34:47.919209 | Iteration 120: similarity = 1.29e+00, loss = -7.24e-01, dice = 8.23e-01
2024-05-19 02:34:53.408636 | Iteration 121: similarity = 1.29e+00, loss = -7.25e-01, dice = 8.23e-01
2024-05-19 02:34:58.903245 | Iteration 122: similarity = 1.29e+00, loss = -7.27e-01, dice = 8.23e-01
2024-05-19 02:35:04.403634 | Iteration 123: similarity = 1.29e+00, loss = -7.28e-01, dice = 8.23e-01
2024-05-19 02:35:09.884377 | Iteration 124: similarity = 1.29e+00, loss = -7.31e-01, dice = 8.22e-01
2024-05-19 02:35:15.378924 | Iteration 125: similarity = 1.29e+00, loss = -7.31e-01, dice = 8.23e-01
2024-05-19 02:35:20.890925 | Iteration 126: similarity = 1.29e+00, loss = -7.33e-01, dice = 8.23e-01
2024-05-19 02:35:26.397339 | Iteration 127: similarity = 1.29e+00, loss = -7.34e-01, dice = 8.23e-01
2024-05-19 02:35:31.900598 | Iteration 128: similarity = 1.29e+00, loss = -7.36e-01, dice = 8.23e-01
2024-05-19 02:35:37.418371 | Iteration 129: similarity = 1.29e+00, loss = -7.36e-01, dice = 8.23e-01
2024-05-19 02:35:42.913167 | Iteration 130: similarity = 1.29e+00, loss = -7.39e-01, dice = 8.23e-01
2024-05-19 02:35:48.391320 | Iteration 131: similarity = 1.29e+00, loss = -7.39e-01, dice = 8.23e-01
2024-05-19 02:35:53.872882 | Iteration 132: similarity = 1.29e+00, loss = -7.42e-01, dice = 8.23e-01
2024-05-19 02:35:59.367319 | Iteration 133: similarity = 1.29e+00, loss = -7.41e-01, dice = 8.23e-01
2024-05-19 02:36:04.885391 | Iteration 134: similarity = 1.29e+00, loss = -7.44e-01, dice = 8.23e-01
2024-05-19 02:36:10.390981 | Iteration 135: similarity = 1.29e+00, loss = -7.44e-01, dice = 8.24e-01
2024-05-19 02:36:15.912028 | Iteration 136: similarity = 1.29e+00, loss = -7.46e-01, dice = 8.23e-01
2024-05-19 02:36:21.408015 | Iteration 137: similarity = 1.29e+00, loss = -7.46e-01, dice = 8.24e-01
2024-05-19 02:36:26.894615 | Iteration 138: similarity = 1.29e+00, loss = -7.48e-01, dice = 8.24e-01
2024-05-19 02:36:32.381196 | Iteration 139: similarity = 1.29e+00, loss = -7.48e-01, dice = 8.23e-01
2024-05-19 02:36:37.877479 | Iteration 140: similarity = 1.29e+00, loss = -7.50e-01, dice = 8.23e-01
2024-05-19 02:36:43.372905 | Iteration 141: similarity = 1.29e+00, loss = -7.50e-01, dice = 8.23e-01
2024-05-19 02:36:48.876915 | Iteration 142: similarity = 1.29e+00, loss = -7.51e-01, dice = 8.23e-01
2024-05-19 02:36:54.385314 | Iteration 143: similarity = 1.29e+00, loss = -7.52e-01, dice = 8.23e-01
2024-05-19 02:36:59.891644 | Iteration 144: similarity = 1.29e+00, loss = -7.54e-01, dice = 8.22e-01
2024-05-19 02:37:05.370682 | Iteration 145: similarity = 1.29e+00, loss = -7.54e-01, dice = 8.23e-01
2024-05-19 02:37:10.854239 | Iteration 146: similarity = 1.30e+00, loss = -7.56e-01, dice = 8.22e-01
2024-05-19 02:37:16.341666 | Iteration 147: similarity = 1.30e+00, loss = -7.56e-01, dice = 8.23e-01
2024-05-19 02:37:21.858895 | Iteration 148: similarity = 1.30e+00, loss = -7.58e-01, dice = 8.23e-01
2024-05-19 02:37:27.366438 | Iteration 149: similarity = 1.30e+00, loss = -7.59e-01, dice = 8.23e-01
2024-05-19 02:37:32.879590 | Iteration 150: similarity = 1.30e+00, loss = -7.60e-01, dice = 8.23e-01
2024-05-19 02:37:38.375039 | Iteration 151: similarity = 1.30e+00, loss = -7.61e-01, dice = 8.24e-01
2024-05-19 02:37:43.889386 | Iteration 152: similarity = 1.30e+00, loss = -7.62e-01, dice = 8.23e-01
2024-05-19 02:37:49.412313 | Iteration 153: similarity = 1.30e+00, loss = -7.63e-01, dice = 8.23e-01
2024-05-19 02:37:54.984850 | Iteration 154: similarity = 1.30e+00, loss = -7.64e-01, dice = 8.23e-01
2024-05-19 02:38:00.453048 | Iteration 155: similarity = 1.30e+00, loss = -7.64e-01, dice = 8.22e-01
2024-05-19 02:38:05.938630 | Iteration 156: similarity = 1.30e+00, loss = -7.66e-01, dice = 8.22e-01
2024-05-19 02:38:11.427814 | Iteration 157: similarity = 1.30e+00, loss = -7.67e-01, dice = 8.22e-01
2024-05-19 02:38:16.889814 | Iteration 158: similarity = 1.30e+00, loss = -7.68e-01, dice = 8.23e-01
2024-05-19 02:38:22.352962 | Iteration 159: similarity = 1.30e+00, loss = -7.69e-01, dice = 8.23e-01
2024-05-19 02:38:27.826286 | Iteration 160: similarity = 1.30e+00, loss = -7.70e-01, dice = 8.23e-01
2024-05-19 02:38:33.304823 | Iteration 161: similarity = 1.30e+00, loss = -7.71e-01, dice = 8.23e-01
2024-05-19 02:38:38.773248 | Iteration 162: similarity = 1.30e+00, loss = -7.72e-01, dice = 8.23e-01
2024-05-19 02:38:44.263974 | Iteration 163: similarity = 1.30e+00, loss = -7.73e-01, dice = 8.23e-01
2024-05-19 02:38:49.727859 | Iteration 164: similarity = 1.30e+00, loss = -7.75e-01, dice = 8.23e-01
2024-05-19 02:38:55.195668 | Iteration 165: similarity = 1.30e+00, loss = -7.76e-01, dice = 8.23e-01
2024-05-19 02:39:00.692804 | Iteration 166: similarity = 1.30e+00, loss = -7.77e-01, dice = 8.23e-01
2024-05-19 02:39:06.174183 | Iteration 167: similarity = 1.30e+00, loss = -7.78e-01, dice = 8.23e-01
2024-05-19 02:39:11.652455 | Iteration 168: similarity = 1.30e+00, loss = -7.80e-01, dice = 8.23e-01
2024-05-19 02:39:17.137535 | Iteration 169: similarity = 1.30e+00, loss = -7.81e-01, dice = 8.23e-01
2024-05-19 02:39:22.606915 | Iteration 170: similarity = 1.30e+00, loss = -7.83e-01, dice = 8.23e-01
2024-05-19 02:39:28.071938 | Iteration 171: similarity = 1.30e+00, loss = -7.83e-01, dice = 8.24e-01
2024-05-19 02:39:33.550059 | Iteration 172: similarity = 1.30e+00, loss = -7.86e-01, dice = 8.23e-01
2024-05-19 02:39:38.980483 | Iteration 173: similarity = 1.30e+00, loss = -7.86e-01, dice = 8.24e-01
2024-05-19 02:39:44.446629 | Iteration 174: similarity = 1.30e+00, loss = -7.88e-01, dice = 8.24e-01
2024-05-19 02:39:49.940861 | Iteration 175: similarity = 1.30e+00, loss = -7.89e-01, dice = 8.24e-01
2024-05-19 02:39:55.431487 | Iteration 176: similarity = 1.30e+00, loss = -7.92e-01, dice = 8.23e-01
2024-05-19 02:40:00.912257 | Iteration 177: similarity = 1.30e+00, loss = -7.92e-01, dice = 8.23e-01
2024-05-19 02:40:06.404296 | Iteration 178: similarity = 1.30e+00, loss = -7.94e-01, dice = 8.23e-01
2024-05-19 02:40:11.860276 | Iteration 179: similarity = 1.30e+00, loss = -7.95e-01, dice = 8.23e-01
2024-05-19 02:40:17.341485 | Iteration 180: similarity = 1.30e+00, loss = -7.97e-01, dice = 8.24e-01
2024-05-19 02:40:22.814214 | Iteration 181: similarity = 1.30e+00, loss = -7.97e-01, dice = 8.24e-01
2024-05-19 02:40:28.297635 | Iteration 182: similarity = 1.30e+00, loss = -7.99e-01, dice = 8.24e-01
2024-05-19 02:40:33.795362 | Iteration 183: similarity = 1.30e+00, loss = -7.99e-01, dice = 8.24e-01
2024-05-19 02:40:39.274403 | Iteration 184: similarity = 1.30e+00, loss = -8.01e-01, dice = 8.24e-01
2024-05-19 02:40:44.759545 | Iteration 185: similarity = 1.30e+00, loss = -8.01e-01, dice = 8.25e-01
2024-05-19 02:40:50.234786 | Iteration 186: similarity = 1.30e+00, loss = -8.03e-01, dice = 8.24e-01
2024-05-19 02:40:55.712145 | Iteration 187: similarity = 1.30e+00, loss = -8.03e-01, dice = 8.24e-01
2024-05-19 02:41:01.186613 | Iteration 188: similarity = 1.30e+00, loss = -8.05e-01, dice = 8.24e-01
2024-05-19 02:41:06.664600 | Iteration 189: similarity = 1.30e+00, loss = -8.05e-01, dice = 8.24e-01
2024-05-19 02:41:12.130145 | Iteration 190: similarity = 1.30e+00, loss = -8.08e-01, dice = 8.24e-01
2024-05-19 02:41:17.584866 | Iteration 191: similarity = 1.30e+00, loss = -8.08e-01, dice = 8.24e-01
2024-05-19 02:41:23.089487 | Iteration 192: similarity = 1.30e+00, loss = -8.10e-01, dice = 8.24e-01
2024-05-19 02:41:28.535474 | Iteration 193: similarity = 1.30e+00, loss = -8.10e-01, dice = 8.24e-01
2024-05-19 02:41:34.013032 | Iteration 194: similarity = 1.30e+00, loss = -8.13e-01, dice = 8.24e-01
2024-05-19 02:41:39.490397 | Iteration 195: similarity = 1.30e+00, loss = -8.12e-01, dice = 8.24e-01
2024-05-19 02:41:44.996377 | Iteration 196: similarity = 1.30e+00, loss = -8.15e-01, dice = 8.24e-01
2024-05-19 02:41:50.483515 | Iteration 197: similarity = 1.30e+00, loss = -8.15e-01, dice = 8.24e-01
2024-05-19 02:41:55.946217 | Iteration 198: similarity = 1.30e+00, loss = -8.17e-01, dice = 8.24e-01
2024-05-19 02:42:01.418327 | Iteration 199: similarity = 1.30e+00, loss = -8.17e-01, dice = 8.23e-01
2024-05-19 02:42:06.892470 | Iteration 200: similarity = 1.30e+00, loss = -8.19e-01, dice = 8.23e-01
2024-05-19 02:42:07.139495 | [scope plot registration results takes 0.24693083763122559s]
2024-05-19 02:42:07.964908 | Validation: HD [8.018148 ± 1.887841], MSD [0.817116 ± 0.160937], DSC [0.715843 ± 0.099556]
2024-05-19 02:42:07.965647 |          => HD [15.916599 ± 2.827151], MSD [0.500597 ± 0.164111], DSC [0.823346 ± 0.087967]
