====================================================================================================
Logging file for python script in Intensity Distribution.Experiment 1 (Anonymous): Exp1_LIC_GASD
_same_modality.py
| The recreation of Experiment 1: comparison between LIC and GASD. 
Started at 2024-05-22 19:11:02.942083 with command:
> python Exp1_LIC_GASD_same_modality.py --exp T4_SSD
====================================================================================================

2024-05-22 19:11:04.176832 | Iteration 1: similarity = -1.76e-02, loss = 5.72e+00, dice = 5.93e-01
2024-05-22 19:11:05.311045 | Iteration 2: similarity = -1.42e-02, loss = 4.35e+00, dice = 6.20e-01
2024-05-22 19:11:06.402904 | Iteration 3: similarity = -1.18e-02, loss = 3.63e+00, dice = 6.41e-01
2024-05-22 19:11:07.487145 | Iteration 4: similarity = -9.93e-03, loss = 2.91e+00, dice = 6.64e-01
2024-05-22 19:11:08.576895 | Iteration 5: similarity = -8.95e-03, loss = 2.69e+00, dice = 6.73e-01
2024-05-22 19:11:09.655872 | Iteration 6: similarity = -8.25e-03, loss = 2.44e+00, dice = 6.80e-01
2024-05-22 19:11:10.734584 | Iteration 7: similarity = -7.62e-03, loss = 2.21e+00, dice = 6.87e-01
2024-05-22 19:11:11.824073 | Iteration 8: similarity = -7.05e-03, loss = 2.01e+00, dice = 6.94e-01
2024-05-22 19:11:12.909546 | Iteration 9: similarity = -6.57e-03, loss = 1.83e+00, dice = 7.01e-01
2024-05-22 19:11:13.999700 | Iteration 10: similarity = -6.17e-03, loss = 1.67e+00, dice = 7.06e-01
2024-05-22 19:11:15.089714 | Iteration 11: similarity = -5.83e-03, loss = 1.54e+00, dice = 7.11e-01
2024-05-22 19:11:16.184305 | Iteration 12: similarity = -5.52e-03, loss = 1.43e+00, dice = 7.15e-01
2024-05-22 19:11:17.285700 | Iteration 13: similarity = -5.24e-03, loss = 1.32e+00, dice = 7.18e-01
2024-05-22 19:11:18.391424 | Iteration 14: similarity = -5.01e-03, loss = 1.23e+00, dice = 7.21e-01
2024-05-22 19:11:19.515219 | Iteration 15: similarity = -4.80e-03, loss = 1.14e+00, dice = 7.22e-01
2024-05-22 19:11:20.641634 | Iteration 16: similarity = -4.62e-03, loss = 1.07e+00, dice = 7.23e-01
2024-05-22 19:11:21.768340 | Iteration 17: similarity = -4.45e-03, loss = 9.93e-01, dice = 7.24e-01
2024-05-22 19:11:22.877601 | Iteration 18: similarity = -4.31e-03, loss = 9.27e-01, dice = 7.25e-01
2024-05-22 19:11:23.972506 | Iteration 19: similarity = -4.18e-03, loss = 8.67e-01, dice = 7.25e-01
2024-05-22 19:11:25.078587 | Iteration 20: similarity = -4.06e-03, loss = 8.14e-01, dice = 7.26e-01
2024-05-22 19:11:26.191134 | Iteration 21: similarity = -3.96e-03, loss = 7.65e-01, dice = 7.26e-01
2024-05-22 19:11:27.310317 | Iteration 22: similarity = -3.87e-03, loss = 7.20e-01, dice = 7.26e-01
2024-05-22 19:11:28.431685 | Iteration 23: similarity = -3.79e-03, loss = 6.79e-01, dice = 7.26e-01
2024-05-22 19:11:29.552925 | Iteration 24: similarity = -3.72e-03, loss = 6.41e-01, dice = 7.26e-01
2024-05-22 19:11:30.675887 | Iteration 25: similarity = -3.65e-03, loss = 6.07e-01, dice = 7.26e-01
2024-05-22 19:11:31.787449 | Iteration 26: similarity = -3.60e-03, loss = 5.78e-01, dice = 7.26e-01
2024-05-22 19:11:32.882239 | Iteration 27: similarity = -3.55e-03, loss = 5.51e-01, dice = 7.27e-01
2024-05-22 19:11:33.986124 | Iteration 28: similarity = -3.51e-03, loss = 5.27e-01, dice = 7.27e-01
2024-05-22 19:11:35.102157 | Iteration 29: similarity = -3.47e-03, loss = 5.07e-01, dice = 7.27e-01
2024-05-22 19:11:36.229292 | Iteration 30: similarity = -3.44e-03, loss = 4.89e-01, dice = 7.28e-01
2024-05-22 19:11:37.351004 | Iteration 31: similarity = -3.40e-03, loss = 4.74e-01, dice = 7.28e-01
2024-05-22 19:11:38.478642 | Iteration 32: similarity = -3.37e-03, loss = 4.61e-01, dice = 7.29e-01
2024-05-22 19:11:39.600963 | Iteration 33: similarity = -3.34e-03, loss = 4.51e-01, dice = 7.29e-01
2024-05-22 19:11:40.707380 | Iteration 34: similarity = -3.32e-03, loss = 4.42e-01, dice = 7.29e-01
2024-05-22 19:11:41.840681 | Iteration 35: similarity = -3.30e-03, loss = 4.36e-01, dice = 7.29e-01
2024-05-22 19:11:42.943987 | Iteration 36: similarity = -3.29e-03, loss = 4.31e-01, dice = 7.30e-01
2024-05-22 19:11:44.035117 | Iteration 37: similarity = -3.27e-03, loss = 4.27e-01, dice = 7.30e-01
2024-05-22 19:11:45.155525 | Iteration 38: similarity = -3.25e-03, loss = 4.24e-01, dice = 7.31e-01
2024-05-22 19:11:46.259246 | Iteration 39: similarity = -3.23e-03, loss = 4.22e-01, dice = 7.31e-01
2024-05-22 19:11:47.353825 | Iteration 40: similarity = -3.22e-03, loss = 4.21e-01, dice = 7.32e-01
2024-05-22 19:11:48.459965 | Iteration 41: similarity = -3.20e-03, loss = 4.21e-01, dice = 7.32e-01
2024-05-22 19:11:49.563410 | Iteration 42: similarity = -3.19e-03, loss = 4.22e-01, dice = 7.33e-01
2024-05-22 19:11:50.671413 | Iteration 43: similarity = -3.18e-03, loss = 4.23e-01, dice = 7.33e-01
2024-05-22 19:11:51.790817 | Iteration 44: similarity = -3.16e-03, loss = 4.24e-01, dice = 7.34e-01
2024-05-22 19:11:52.893308 | Iteration 45: similarity = -3.15e-03, loss = 4.26e-01, dice = 7.34e-01
2024-05-22 19:11:53.996367 | Iteration 46: similarity = -3.14e-03, loss = 4.28e-01, dice = 7.35e-01
2024-05-22 19:11:55.122205 | Iteration 47: similarity = -3.13e-03, loss = 4.31e-01, dice = 7.35e-01
2024-05-22 19:11:56.230585 | Iteration 48: similarity = -3.11e-03, loss = 4.33e-01, dice = 7.36e-01
2024-05-22 19:11:57.348013 | Iteration 49: similarity = -3.10e-03, loss = 4.36e-01, dice = 7.36e-01
2024-05-22 19:11:58.461837 | Iteration 50: similarity = -3.09e-03, loss = 4.39e-01, dice = 7.37e-01
2024-05-22 19:11:59.558545 | Iteration 51: similarity = -3.07e-03, loss = 4.42e-01, dice = 7.37e-01
2024-05-22 19:12:00.660925 | Iteration 52: similarity = -3.06e-03, loss = 4.45e-01, dice = 7.38e-01
2024-05-22 19:12:01.771697 | Iteration 53: similarity = -3.05e-03, loss = 4.48e-01, dice = 7.38e-01
2024-05-22 19:12:02.878588 | Iteration 54: similarity = -3.04e-03, loss = 4.52e-01, dice = 7.39e-01
2024-05-22 19:12:03.992600 | Iteration 55: similarity = -3.03e-03, loss = 4.54e-01, dice = 7.39e-01
2024-05-22 19:12:05.109276 | Iteration 56: similarity = -3.01e-03, loss = 4.58e-01, dice = 7.39e-01
2024-05-22 19:12:06.210848 | Iteration 57: similarity = -3.00e-03, loss = 4.61e-01, dice = 7.40e-01
2024-05-22 19:12:07.323407 | Iteration 58: similarity = -2.98e-03, loss = 4.64e-01, dice = 7.40e-01
2024-05-22 19:12:08.431996 | Iteration 59: similarity = -2.97e-03, loss = 4.67e-01, dice = 7.41e-01
2024-05-22 19:12:09.538673 | Iteration 60: similarity = -2.96e-03, loss = 4.71e-01, dice = 7.42e-01
2024-05-22 19:12:10.644966 | Iteration 61: similarity = -2.95e-03, loss = 4.74e-01, dice = 7.42e-01
2024-05-22 19:12:11.755482 | Iteration 62: similarity = -2.94e-03, loss = 4.78e-01, dice = 7.42e-01
2024-05-22 19:12:12.846680 | Iteration 63: similarity = -2.93e-03, loss = 4.81e-01, dice = 7.43e-01
2024-05-22 19:12:13.985498 | Iteration 64: similarity = -2.91e-03, loss = 4.85e-01, dice = 7.43e-01
2024-05-22 19:12:15.106111 | Iteration 65: similarity = -2.90e-03, loss = 4.88e-01, dice = 7.43e-01
2024-05-22 19:12:16.217043 | Iteration 66: similarity = -2.89e-03, loss = 4.91e-01, dice = 7.44e-01
2024-05-22 19:12:17.324645 | Iteration 67: similarity = -2.88e-03, loss = 4.95e-01, dice = 7.45e-01
2024-05-22 19:12:18.428845 | Iteration 68: similarity = -2.87e-03, loss = 4.98e-01, dice = 7.45e-01
2024-05-22 19:12:19.529267 | Iteration 69: similarity = -2.86e-03, loss = 5.01e-01, dice = 7.46e-01
2024-05-22 19:12:20.643526 | Iteration 70: similarity = -2.85e-03, loss = 5.04e-01, dice = 7.46e-01
2024-05-22 19:12:21.744348 | Iteration 71: similarity = -2.84e-03, loss = 5.08e-01, dice = 7.47e-01
2024-05-22 19:12:22.848290 | Iteration 72: similarity = -2.83e-03, loss = 5.10e-01, dice = 7.47e-01
2024-05-22 19:12:23.944138 | Iteration 73: similarity = -2.82e-03, loss = 5.14e-01, dice = 7.47e-01
2024-05-22 19:12:25.043103 | Iteration 74: similarity = -2.81e-03, loss = 5.17e-01, dice = 7.48e-01
2024-05-22 19:12:26.145008 | Iteration 75: similarity = -2.79e-03, loss = 5.19e-01, dice = 7.48e-01
2024-05-22 19:12:27.251032 | Iteration 76: similarity = -2.78e-03, loss = 5.22e-01, dice = 7.48e-01
2024-05-22 19:12:28.360684 | Iteration 77: similarity = -2.77e-03, loss = 5.24e-01, dice = 7.49e-01
2024-05-22 19:12:29.475682 | Iteration 78: similarity = -2.77e-03, loss = 5.26e-01, dice = 7.49e-01
2024-05-22 19:12:30.604790 | Iteration 79: similarity = -2.76e-03, loss = 5.29e-01, dice = 7.50e-01
2024-05-22 19:12:31.713935 | Iteration 80: similarity = -2.75e-03, loss = 5.30e-01, dice = 7.50e-01
2024-05-22 19:12:32.826803 | Iteration 81: similarity = -2.74e-03, loss = 5.33e-01, dice = 7.50e-01
2024-05-22 19:12:33.942356 | Iteration 82: similarity = -2.73e-03, loss = 5.33e-01, dice = 7.51e-01
2024-05-22 19:12:35.052893 | Iteration 83: similarity = -2.72e-03, loss = 5.35e-01, dice = 7.52e-01
2024-05-22 19:12:36.154418 | Iteration 84: similarity = -2.71e-03, loss = 5.36e-01, dice = 7.52e-01
2024-05-22 19:12:37.249196 | Iteration 85: similarity = -2.70e-03, loss = 5.38e-01, dice = 7.52e-01
2024-05-22 19:12:38.349304 | Iteration 86: similarity = -2.69e-03, loss = 5.38e-01, dice = 7.53e-01
2024-05-22 19:12:39.450952 | Iteration 87: similarity = -2.69e-03, loss = 5.39e-01, dice = 7.53e-01
2024-05-22 19:12:40.569712 | Iteration 88: similarity = -2.68e-03, loss = 5.39e-01, dice = 7.53e-01
2024-05-22 19:12:41.686214 | Iteration 89: similarity = -2.67e-03, loss = 5.40e-01, dice = 7.54e-01
2024-05-22 19:12:42.790063 | Iteration 90: similarity = -2.66e-03, loss = 5.40e-01, dice = 7.54e-01
2024-05-22 19:12:43.891826 | Iteration 91: similarity = -2.65e-03, loss = 5.40e-01, dice = 7.54e-01
2024-05-22 19:12:44.993580 | Iteration 92: similarity = -2.65e-03, loss = 5.40e-01, dice = 7.54e-01
2024-05-22 19:12:46.091961 | Iteration 93: similarity = -2.64e-03, loss = 5.40e-01, dice = 7.55e-01
2024-05-22 19:12:47.194482 | Iteration 94: similarity = -2.63e-03, loss = 5.40e-01, dice = 7.55e-01
2024-05-22 19:12:48.308864 | Iteration 95: similarity = -2.62e-03, loss = 5.39e-01, dice = 7.56e-01
2024-05-22 19:12:49.410334 | Iteration 96: similarity = -2.62e-03, loss = 5.39e-01, dice = 7.56e-01
2024-05-22 19:12:50.520725 | Iteration 97: similarity = -2.61e-03, loss = 5.38e-01, dice = 7.56e-01
2024-05-22 19:12:51.630991 | Iteration 98: similarity = -2.61e-03, loss = 5.38e-01, dice = 7.56e-01
2024-05-22 19:12:52.728036 | Iteration 99: similarity = -2.60e-03, loss = 5.37e-01, dice = 7.57e-01
2024-05-22 19:12:53.813097 | Iteration 100: similarity = -2.59e-03, loss = 5.37e-01, dice = 7.57e-01
2024-05-22 19:12:54.917429 | Iteration 101: similarity = -2.59e-03, loss = 5.35e-01, dice = 7.58e-01
2024-05-22 19:12:56.026435 | Iteration 102: similarity = -2.58e-03, loss = 5.35e-01, dice = 7.58e-01
2024-05-22 19:12:57.142389 | Iteration 103: similarity = -2.58e-03, loss = 5.33e-01, dice = 7.58e-01
2024-05-22 19:12:58.246161 | Iteration 104: similarity = -2.57e-03, loss = 5.33e-01, dice = 7.58e-01
2024-05-22 19:12:59.346824 | Iteration 105: similarity = -2.56e-03, loss = 5.31e-01, dice = 7.58e-01
2024-05-22 19:13:00.446085 | Iteration 106: similarity = -2.56e-03, loss = 5.31e-01, dice = 7.59e-01
2024-05-22 19:13:01.552461 | Iteration 107: similarity = -2.55e-03, loss = 5.28e-01, dice = 7.60e-01
2024-05-22 19:13:02.702178 | Iteration 108: similarity = -2.55e-03, loss = 5.29e-01, dice = 7.60e-01
2024-05-22 19:13:03.824257 | Iteration 109: similarity = -2.54e-03, loss = 5.26e-01, dice = 7.60e-01
2024-05-22 19:13:04.926443 | Iteration 110: similarity = -2.54e-03, loss = 5.26e-01, dice = 7.60e-01
2024-05-22 19:13:06.029397 | Iteration 111: similarity = -2.54e-03, loss = 5.23e-01, dice = 7.60e-01
2024-05-22 19:13:07.134915 | Iteration 112: similarity = -2.53e-03, loss = 5.23e-01, dice = 7.61e-01
2024-05-22 19:13:08.220966 | Iteration 113: similarity = -2.53e-03, loss = 5.20e-01, dice = 7.61e-01
2024-05-22 19:13:09.316282 | Iteration 114: similarity = -2.52e-03, loss = 5.20e-01, dice = 7.61e-01
2024-05-22 19:13:10.396344 | Iteration 115: similarity = -2.52e-03, loss = 5.17e-01, dice = 7.62e-01
2024-05-22 19:13:11.505803 | Iteration 116: similarity = -2.52e-03, loss = 5.17e-01, dice = 7.62e-01
2024-05-22 19:13:12.602194 | Iteration 117: similarity = -2.51e-03, loss = 5.15e-01, dice = 7.62e-01
2024-05-22 19:13:13.700916 | Iteration 118: similarity = -2.51e-03, loss = 5.15e-01, dice = 7.62e-01
2024-05-22 19:13:14.821322 | Iteration 119: similarity = -2.50e-03, loss = 5.12e-01, dice = 7.62e-01
2024-05-22 19:13:15.928682 | Iteration 120: similarity = -2.50e-03, loss = 5.11e-01, dice = 7.63e-01
2024-05-22 19:13:17.020122 | Iteration 121: similarity = -2.50e-03, loss = 5.08e-01, dice = 7.63e-01
2024-05-22 19:13:18.123310 | Iteration 122: similarity = -2.50e-03, loss = 5.08e-01, dice = 7.63e-01
2024-05-22 19:13:19.214953 | Iteration 123: similarity = -2.49e-03, loss = 5.05e-01, dice = 7.63e-01
2024-05-22 19:13:20.301746 | Iteration 124: similarity = -2.49e-03, loss = 5.05e-01, dice = 7.64e-01
2024-05-22 19:13:21.383540 | Iteration 125: similarity = -2.49e-03, loss = 5.02e-01, dice = 7.64e-01
2024-05-22 19:13:22.485176 | Iteration 126: similarity = -2.48e-03, loss = 5.02e-01, dice = 7.63e-01
2024-05-22 19:13:23.614078 | Iteration 127: similarity = -2.48e-03, loss = 4.99e-01, dice = 7.64e-01
2024-05-22 19:13:24.749623 | Iteration 128: similarity = -2.48e-03, loss = 4.99e-01, dice = 7.64e-01
2024-05-22 19:13:25.840757 | Iteration 129: similarity = -2.47e-03, loss = 4.96e-01, dice = 7.64e-01
2024-05-22 19:13:26.928387 | Iteration 130: similarity = -2.47e-03, loss = 4.95e-01, dice = 7.64e-01
2024-05-22 19:13:28.031104 | Iteration 131: similarity = -2.47e-03, loss = 4.93e-01, dice = 7.65e-01
2024-05-22 19:13:29.126326 | Iteration 132: similarity = -2.47e-03, loss = 4.92e-01, dice = 7.65e-01
2024-05-22 19:13:30.232750 | Iteration 133: similarity = -2.47e-03, loss = 4.89e-01, dice = 7.65e-01
2024-05-22 19:13:31.331384 | Iteration 134: similarity = -2.46e-03, loss = 4.89e-01, dice = 7.65e-01
2024-05-22 19:13:32.436067 | Iteration 135: similarity = -2.46e-03, loss = 4.86e-01, dice = 7.66e-01
2024-05-22 19:13:33.555883 | Iteration 136: similarity = -2.46e-03, loss = 4.86e-01, dice = 7.66e-01
2024-05-22 19:13:34.671158 | Iteration 137: similarity = -2.46e-03, loss = 4.83e-01, dice = 7.66e-01
2024-05-22 19:13:35.771164 | Iteration 138: similarity = -2.46e-03, loss = 4.82e-01, dice = 7.66e-01
2024-05-22 19:13:36.876270 | Iteration 139: similarity = -2.45e-03, loss = 4.80e-01, dice = 7.66e-01
2024-05-22 19:13:37.982549 | Iteration 140: similarity = -2.45e-03, loss = 4.79e-01, dice = 7.67e-01
2024-05-22 19:13:39.099264 | Iteration 141: similarity = -2.45e-03, loss = 4.77e-01, dice = 7.67e-01
2024-05-22 19:13:40.201892 | Iteration 142: similarity = -2.45e-03, loss = 4.76e-01, dice = 7.67e-01
2024-05-22 19:13:41.286594 | Iteration 143: similarity = -2.45e-03, loss = 4.74e-01, dice = 7.67e-01
2024-05-22 19:13:42.391654 | Iteration 144: similarity = -2.45e-03, loss = 4.73e-01, dice = 7.67e-01
2024-05-22 19:13:43.496808 | Iteration 145: similarity = -2.45e-03, loss = 4.71e-01, dice = 7.67e-01
2024-05-22 19:13:44.598949 | Iteration 146: similarity = -2.44e-03, loss = 4.70e-01, dice = 7.68e-01
2024-05-22 19:13:45.709322 | Iteration 147: similarity = -2.44e-03, loss = 4.68e-01, dice = 7.68e-01
2024-05-22 19:13:46.791080 | Iteration 148: similarity = -2.44e-03, loss = 4.67e-01, dice = 7.68e-01
2024-05-22 19:13:47.893187 | Iteration 149: similarity = -2.44e-03, loss = 4.65e-01, dice = 7.68e-01
2024-05-22 19:13:49.007833 | Iteration 150: similarity = -2.44e-03, loss = 4.64e-01, dice = 7.68e-01
2024-05-22 19:13:50.113018 | Iteration 151: similarity = -2.44e-03, loss = 4.61e-01, dice = 7.68e-01
2024-05-22 19:13:51.212453 | Iteration 152: similarity = -2.44e-03, loss = 4.60e-01, dice = 7.69e-01
2024-05-22 19:13:52.306211 | Iteration 153: similarity = -2.44e-03, loss = 4.59e-01, dice = 7.69e-01
2024-05-22 19:13:53.409569 | Iteration 154: similarity = -2.43e-03, loss = 4.58e-01, dice = 7.69e-01
2024-05-22 19:13:54.505055 | Iteration 155: similarity = -2.43e-03, loss = 4.56e-01, dice = 7.69e-01
2024-05-22 19:13:55.611106 | Iteration 156: similarity = -2.43e-03, loss = 4.54e-01, dice = 7.69e-01
2024-05-22 19:13:56.717876 | Iteration 157: similarity = -2.43e-03, loss = 4.53e-01, dice = 7.69e-01
2024-05-22 19:13:57.829880 | Iteration 158: similarity = -2.43e-03, loss = 4.51e-01, dice = 7.69e-01
2024-05-22 19:13:58.935750 | Iteration 159: similarity = -2.43e-03, loss = 4.50e-01, dice = 7.70e-01
2024-05-22 19:14:00.028867 | Iteration 160: similarity = -2.43e-03, loss = 4.49e-01, dice = 7.69e-01
2024-05-22 19:14:01.124539 | Iteration 161: similarity = -2.43e-03, loss = 4.47e-01, dice = 7.69e-01
2024-05-22 19:14:02.220803 | Iteration 162: similarity = -2.43e-03, loss = 4.46e-01, dice = 7.70e-01
2024-05-22 19:14:03.323636 | Iteration 163: similarity = -2.43e-03, loss = 4.44e-01, dice = 7.70e-01
2024-05-22 19:14:04.420965 | Iteration 164: similarity = -2.43e-03, loss = 4.43e-01, dice = 7.70e-01
2024-05-22 19:14:05.513273 | Iteration 165: similarity = -2.43e-03, loss = 4.41e-01, dice = 7.70e-01
2024-05-22 19:14:06.627926 | Iteration 166: similarity = -2.43e-03, loss = 4.40e-01, dice = 7.70e-01
2024-05-22 19:14:07.736691 | Iteration 167: similarity = -2.43e-03, loss = 4.39e-01, dice = 7.70e-01
2024-05-22 19:14:08.839508 | Iteration 168: similarity = -2.43e-03, loss = 4.37e-01, dice = 7.70e-01
2024-05-22 19:14:09.953716 | Iteration 169: similarity = -2.43e-03, loss = 4.36e-01, dice = 7.70e-01
2024-05-22 19:14:11.050527 | Iteration 170: similarity = -2.42e-03, loss = 4.34e-01, dice = 7.71e-01
2024-05-22 19:14:12.159227 | Iteration 171: similarity = -2.42e-03, loss = 4.33e-01, dice = 7.71e-01
2024-05-22 19:14:13.276768 | Iteration 172: similarity = -2.42e-03, loss = 4.32e-01, dice = 7.71e-01
2024-05-22 19:14:14.381020 | Iteration 173: similarity = -2.42e-03, loss = 4.31e-01, dice = 7.71e-01
2024-05-22 19:14:15.485412 | Iteration 174: similarity = -2.42e-03, loss = 4.29e-01, dice = 7.71e-01
2024-05-22 19:14:16.592017 | Iteration 175: similarity = -2.42e-03, loss = 4.28e-01, dice = 7.71e-01
2024-05-22 19:14:17.705902 | Iteration 176: similarity = -2.42e-03, loss = 4.26e-01, dice = 7.71e-01
2024-05-22 19:14:18.814236 | Iteration 177: similarity = -2.42e-03, loss = 4.25e-01, dice = 7.71e-01
2024-05-22 19:14:19.918161 | Iteration 178: similarity = -2.42e-03, loss = 4.24e-01, dice = 7.72e-01
2024-05-22 19:14:21.011273 | Iteration 179: similarity = -2.42e-03, loss = 4.23e-01, dice = 7.72e-01
2024-05-22 19:14:22.110224 | Iteration 180: similarity = -2.42e-03, loss = 4.21e-01, dice = 7.72e-01
2024-05-22 19:14:23.216496 | Iteration 181: similarity = -2.42e-03, loss = 4.20e-01, dice = 7.72e-01
2024-05-22 19:14:24.311560 | Iteration 182: similarity = -2.42e-03, loss = 4.18e-01, dice = 7.72e-01
2024-05-22 19:14:25.415277 | Iteration 183: similarity = -2.42e-03, loss = 4.17e-01, dice = 7.72e-01
2024-05-22 19:14:26.521732 | Iteration 184: similarity = -2.42e-03, loss = 4.16e-01, dice = 7.72e-01
2024-05-22 19:14:27.614963 | Iteration 185: similarity = -2.42e-03, loss = 4.15e-01, dice = 7.72e-01
2024-05-22 19:14:28.724683 | Iteration 186: similarity = -2.42e-03, loss = 4.13e-01, dice = 7.72e-01
2024-05-22 19:14:29.831659 | Iteration 187: similarity = -2.42e-03, loss = 4.12e-01, dice = 7.73e-01
2024-05-22 19:14:30.923722 | Iteration 188: similarity = -2.42e-03, loss = 4.11e-01, dice = 7.73e-01
2024-05-22 19:14:32.021053 | Iteration 189: similarity = -2.42e-03, loss = 4.10e-01, dice = 7.73e-01
2024-05-22 19:14:33.125747 | Iteration 190: similarity = -2.42e-03, loss = 4.08e-01, dice = 7.73e-01
2024-05-22 19:14:34.224328 | Iteration 191: similarity = -2.42e-03, loss = 4.07e-01, dice = 7.73e-01
2024-05-22 19:14:35.310312 | Iteration 192: similarity = -2.42e-03, loss = 4.06e-01, dice = 7.73e-01
2024-05-22 19:14:36.402491 | Iteration 193: similarity = -2.42e-03, loss = 4.05e-01, dice = 7.73e-01
2024-05-22 19:14:37.504847 | Iteration 194: similarity = -2.42e-03, loss = 4.03e-01, dice = 7.73e-01
2024-05-22 19:14:38.607728 | Iteration 195: similarity = -2.42e-03, loss = 4.02e-01, dice = 7.73e-01
2024-05-22 19:14:39.711753 | Iteration 196: similarity = -2.42e-03, loss = 4.01e-01, dice = 7.73e-01
2024-05-22 19:14:40.811236 | Iteration 197: similarity = -2.42e-03, loss = 4.00e-01, dice = 7.73e-01
2024-05-22 19:14:41.904640 | Iteration 198: similarity = -2.42e-03, loss = 3.98e-01, dice = 7.74e-01
2024-05-22 19:14:43.008538 | Iteration 199: similarity = -2.42e-03, loss = 3.97e-01, dice = 7.74e-01
2024-05-22 19:14:44.110760 | Iteration 200: similarity = -2.42e-03, loss = 3.96e-01, dice = 7.73e-01
2024-05-22 19:14:44.352748 | [scope plot registration results takes 0.24190211296081543s]
2024-05-22 19:14:45.156883 | Validation: HD [8.018148 ± 1.887841], MSD [0.817116 ± 0.160937], DSC [0.715843 ± 0.099556]
2024-05-22 19:14:45.157564 |          => HD [6.917958 ± 2.865797], MSD [0.645278 ± 0.087284], DSC [0.773463 ± 0.065318]
