====================================================================================================
Logging file for python script in Intensity Distribution.Experiment 1 (Anonymous): Exp1_LIC_GASD
.py
| The recreation of Experiment 1: comparison between LIC and GASD. 
Started at 2024-05-19 17:16:01.620595 with command:
> python Exp1_LIC_GASD.py --exp T1_LIC_noise_sig0_1
====================================================================================================

2024-05-19 17:16:03.346306 | Iteration 1: similarity = 1.11e-01, loss = 5.59e+00, dice = 5.93e-01
2024-05-19 17:16:04.984036 | Iteration 2: similarity = 1.34e-01, loss = 4.21e+00, dice = 6.28e-01
2024-05-19 17:16:06.616657 | Iteration 3: similarity = 1.69e-01, loss = 3.48e+00, dice = 6.66e-01
2024-05-19 17:16:08.235629 | Iteration 4: similarity = 1.99e-01, loss = 2.75e+00, dice = 6.98e-01
2024-05-19 17:16:09.869232 | Iteration 5: similarity = 2.14e-01, loss = 2.52e+00, dice = 7.13e-01
2024-05-19 17:16:11.546969 | Iteration 6: similarity = 2.26e-01, loss = 2.26e+00, dice = 7.25e-01
2024-05-19 17:16:13.194062 | Iteration 7: similarity = 2.37e-01, loss = 2.02e+00, dice = 7.36e-01
2024-05-19 17:16:14.856397 | Iteration 8: similarity = 2.45e-01, loss = 1.81e+00, dice = 7.46e-01
2024-05-19 17:16:16.511091 | Iteration 9: similarity = 2.51e-01, loss = 1.63e+00, dice = 7.52e-01
2024-05-19 17:16:18.129187 | Iteration 10: similarity = 2.55e-01, loss = 1.47e+00, dice = 7.58e-01
2024-05-19 17:16:19.733014 | Iteration 11: similarity = 2.59e-01, loss = 1.34e+00, dice = 7.63e-01
2024-05-19 17:16:21.362735 | Iteration 12: similarity = 2.62e-01, loss = 1.22e+00, dice = 7.67e-01
2024-05-19 17:16:22.981384 | Iteration 13: similarity = 2.65e-01, loss = 1.11e+00, dice = 7.69e-01
2024-05-19 17:16:24.609297 | Iteration 14: similarity = 2.67e-01, loss = 1.01e+00, dice = 7.73e-01
2024-05-19 17:16:26.219212 | Iteration 15: similarity = 2.70e-01, loss = 9.25e-01, dice = 7.75e-01
2024-05-19 17:16:27.825370 | Iteration 16: similarity = 2.72e-01, loss = 8.44e-01, dice = 7.77e-01
2024-05-19 17:16:29.444443 | Iteration 17: similarity = 2.74e-01, loss = 7.69e-01, dice = 7.80e-01
2024-05-19 17:16:31.044306 | Iteration 18: similarity = 2.76e-01, loss = 7.01e-01, dice = 7.83e-01
2024-05-19 17:16:32.648728 | Iteration 19: similarity = 2.78e-01, loss = 6.39e-01, dice = 7.85e-01
2024-05-19 17:16:34.285057 | Iteration 20: similarity = 2.79e-01, loss = 5.84e-01, dice = 7.87e-01
2024-05-19 17:16:35.891250 | Iteration 21: similarity = 2.81e-01, loss = 5.32e-01, dice = 7.90e-01
2024-05-19 17:16:37.508868 | Iteration 22: similarity = 2.82e-01, loss = 4.86e-01, dice = 7.92e-01
2024-05-19 17:16:39.128919 | Iteration 23: similarity = 2.82e-01, loss = 4.42e-01, dice = 7.94e-01
2024-05-19 17:16:40.740021 | Iteration 24: similarity = 2.83e-01, loss = 4.03e-01, dice = 7.95e-01
2024-05-19 17:16:42.328870 | Iteration 25: similarity = 2.84e-01, loss = 3.68e-01, dice = 7.96e-01
2024-05-19 17:16:43.941930 | Iteration 26: similarity = 2.84e-01, loss = 3.36e-01, dice = 7.97e-01
2024-05-19 17:16:45.552377 | Iteration 27: similarity = 2.84e-01, loss = 3.07e-01, dice = 7.99e-01
2024-05-19 17:16:47.150700 | Iteration 28: similarity = 2.85e-01, loss = 2.81e-01, dice = 8.00e-01
2024-05-19 17:16:48.755208 | Iteration 29: similarity = 2.85e-01, loss = 2.59e-01, dice = 8.02e-01
2024-05-19 17:16:50.370101 | Iteration 30: similarity = 2.85e-01, loss = 2.38e-01, dice = 8.03e-01
2024-05-19 17:16:51.985024 | Iteration 31: similarity = 2.86e-01, loss = 2.21e-01, dice = 8.04e-01
2024-05-19 17:16:53.601528 | Iteration 32: similarity = 2.86e-01, loss = 2.06e-01, dice = 8.05e-01
2024-05-19 17:16:55.204846 | Iteration 33: similarity = 2.86e-01, loss = 1.94e-01, dice = 8.06e-01
2024-05-19 17:16:56.807913 | Iteration 34: similarity = 2.86e-01, loss = 1.83e-01, dice = 8.08e-01
2024-05-19 17:16:58.419992 | Iteration 35: similarity = 2.86e-01, loss = 1.74e-01, dice = 8.09e-01
2024-05-19 17:17:00.021635 | Iteration 36: similarity = 2.86e-01, loss = 1.67e-01, dice = 8.10e-01
2024-05-19 17:17:01.645019 | Iteration 37: similarity = 2.86e-01, loss = 1.61e-01, dice = 8.10e-01
2024-05-19 17:17:03.262766 | Iteration 38: similarity = 2.86e-01, loss = 1.57e-01, dice = 8.11e-01
2024-05-19 17:17:04.891410 | Iteration 39: similarity = 2.86e-01, loss = 1.53e-01, dice = 8.12e-01
2024-05-19 17:17:06.493747 | Iteration 40: similarity = 2.86e-01, loss = 1.50e-01, dice = 8.12e-01
2024-05-19 17:17:08.091660 | Iteration 41: similarity = 2.87e-01, loss = 1.48e-01, dice = 8.13e-01
2024-05-19 17:17:09.694982 | Iteration 42: similarity = 2.87e-01, loss = 1.47e-01, dice = 8.14e-01
2024-05-19 17:17:11.305238 | Iteration 43: similarity = 2.87e-01, loss = 1.46e-01, dice = 8.15e-01
2024-05-19 17:17:12.899005 | Iteration 44: similarity = 2.87e-01, loss = 1.46e-01, dice = 8.16e-01
2024-05-19 17:17:14.509868 | Iteration 45: similarity = 2.87e-01, loss = 1.46e-01, dice = 8.15e-01
2024-05-19 17:17:16.180841 | Iteration 46: similarity = 2.87e-01, loss = 1.46e-01, dice = 8.16e-01
2024-05-19 17:17:17.826249 | Iteration 47: similarity = 2.87e-01, loss = 1.47e-01, dice = 8.17e-01
2024-05-19 17:17:19.525071 | Iteration 48: similarity = 2.88e-01, loss = 1.48e-01, dice = 8.17e-01
2024-05-19 17:17:21.167797 | Iteration 49: similarity = 2.88e-01, loss = 1.49e-01, dice = 8.18e-01
2024-05-19 17:17:22.784366 | Iteration 50: similarity = 2.88e-01, loss = 1.50e-01, dice = 8.18e-01
2024-05-19 17:17:24.405610 | Iteration 51: similarity = 2.88e-01, loss = 1.51e-01, dice = 8.18e-01
2024-05-19 17:17:26.051527 | Iteration 52: similarity = 2.88e-01, loss = 1.52e-01, dice = 8.19e-01
2024-05-19 17:17:27.712205 | Iteration 53: similarity = 2.88e-01, loss = 1.53e-01, dice = 8.19e-01
2024-05-19 17:17:29.352098 | Iteration 54: similarity = 2.88e-01, loss = 1.54e-01, dice = 8.19e-01
2024-05-19 17:17:30.981717 | Iteration 55: similarity = 2.89e-01, loss = 1.56e-01, dice = 8.20e-01
2024-05-19 17:17:32.674915 | Iteration 56: similarity = 2.89e-01, loss = 1.57e-01, dice = 8.19e-01
2024-05-19 17:17:34.345539 | Iteration 57: similarity = 2.89e-01, loss = 1.59e-01, dice = 8.19e-01
2024-05-19 17:17:36.347952 | Iteration 58: similarity = 2.89e-01, loss = 1.60e-01, dice = 8.20e-01
2024-05-19 17:17:38.066505 | Iteration 59: similarity = 2.89e-01, loss = 1.62e-01, dice = 8.20e-01
2024-05-19 17:17:39.708282 | Iteration 60: similarity = 2.89e-01, loss = 1.63e-01, dice = 8.21e-01
2024-05-19 17:17:41.342068 | Iteration 61: similarity = 2.89e-01, loss = 1.65e-01, dice = 8.21e-01
2024-05-19 17:17:42.983387 | Iteration 62: similarity = 2.89e-01, loss = 1.66e-01, dice = 8.21e-01
2024-05-19 17:17:44.618459 | Iteration 63: similarity = 2.90e-01, loss = 1.68e-01, dice = 8.20e-01
2024-05-19 17:17:46.250292 | Iteration 64: similarity = 2.90e-01, loss = 1.69e-01, dice = 8.20e-01
2024-05-19 17:17:47.858901 | Iteration 65: similarity = 2.90e-01, loss = 1.70e-01, dice = 8.21e-01
2024-05-19 17:17:49.505386 | Iteration 66: similarity = 2.90e-01, loss = 1.72e-01, dice = 8.21e-01
2024-05-19 17:17:51.134543 | Iteration 67: similarity = 2.90e-01, loss = 1.74e-01, dice = 8.21e-01
2024-05-19 17:17:52.775611 | Iteration 68: similarity = 2.90e-01, loss = 1.75e-01, dice = 8.21e-01
2024-05-19 17:17:54.407947 | Iteration 69: similarity = 2.90e-01, loss = 1.77e-01, dice = 8.21e-01
2024-05-19 17:17:56.022777 | Iteration 70: similarity = 2.90e-01, loss = 1.78e-01, dice = 8.22e-01
2024-05-19 17:17:57.655139 | Iteration 71: similarity = 2.90e-01, loss = 1.80e-01, dice = 8.22e-01
2024-05-19 17:17:59.258932 | Iteration 72: similarity = 2.90e-01, loss = 1.81e-01, dice = 8.21e-01
2024-05-19 17:18:00.896540 | Iteration 73: similarity = 2.90e-01, loss = 1.82e-01, dice = 8.21e-01
2024-05-19 17:18:02.541869 | Iteration 74: similarity = 2.91e-01, loss = 1.84e-01, dice = 8.22e-01
2024-05-19 17:18:04.127705 | Iteration 75: similarity = 2.91e-01, loss = 1.85e-01, dice = 8.22e-01
2024-05-19 17:18:05.720850 | Iteration 76: similarity = 2.91e-01, loss = 1.86e-01, dice = 8.22e-01
2024-05-19 17:18:07.359346 | Iteration 77: similarity = 2.91e-01, loss = 1.88e-01, dice = 8.22e-01
2024-05-19 17:18:08.987329 | Iteration 78: similarity = 2.91e-01, loss = 1.89e-01, dice = 8.22e-01
2024-05-19 17:18:10.606585 | Iteration 79: similarity = 2.91e-01, loss = 1.90e-01, dice = 8.22e-01
2024-05-19 17:18:12.246323 | Iteration 80: similarity = 2.91e-01, loss = 1.91e-01, dice = 8.22e-01
2024-05-19 17:18:13.876695 | Iteration 81: similarity = 2.91e-01, loss = 1.92e-01, dice = 8.22e-01
2024-05-19 17:18:15.512136 | Iteration 82: similarity = 2.91e-01, loss = 1.93e-01, dice = 8.22e-01
2024-05-19 17:18:17.154424 | Iteration 83: similarity = 2.91e-01, loss = 1.94e-01, dice = 8.22e-01
2024-05-19 17:18:18.759424 | Iteration 84: similarity = 2.91e-01, loss = 1.95e-01, dice = 8.23e-01
2024-05-19 17:18:20.348530 | Iteration 85: similarity = 2.91e-01, loss = 1.95e-01, dice = 8.22e-01
2024-05-19 17:18:21.938631 | Iteration 86: similarity = 2.91e-01, loss = 1.96e-01, dice = 8.22e-01
2024-05-19 17:18:23.571388 | Iteration 87: similarity = 2.91e-01, loss = 1.97e-01, dice = 8.22e-01
2024-05-19 17:18:25.162222 | Iteration 88: similarity = 2.92e-01, loss = 1.97e-01, dice = 8.23e-01
2024-05-19 17:18:26.754196 | Iteration 89: similarity = 2.92e-01, loss = 1.98e-01, dice = 8.22e-01
2024-05-19 17:18:28.360581 | Iteration 90: similarity = 2.92e-01, loss = 1.98e-01, dice = 8.23e-01
2024-05-19 17:18:29.953569 | Iteration 91: similarity = 2.92e-01, loss = 1.98e-01, dice = 8.23e-01
2024-05-19 17:18:31.550886 | Iteration 92: similarity = 2.92e-01, loss = 1.98e-01, dice = 8.22e-01
2024-05-19 17:18:33.135998 | Iteration 93: similarity = 2.92e-01, loss = 1.99e-01, dice = 8.22e-01
2024-05-19 17:18:34.717441 | Iteration 94: similarity = 2.92e-01, loss = 1.98e-01, dice = 8.23e-01
2024-05-19 17:18:36.327955 | Iteration 95: similarity = 2.92e-01, loss = 1.98e-01, dice = 8.23e-01
2024-05-19 17:18:37.931422 | Iteration 96: similarity = 2.92e-01, loss = 1.98e-01, dice = 8.23e-01
2024-05-19 17:18:39.533957 | Iteration 97: similarity = 2.92e-01, loss = 1.98e-01, dice = 8.22e-01
2024-05-19 17:18:41.127305 | Iteration 98: similarity = 2.92e-01, loss = 1.98e-01, dice = 8.22e-01
2024-05-19 17:18:42.737814 | Iteration 99: similarity = 2.92e-01, loss = 1.98e-01, dice = 8.23e-01
2024-05-19 17:18:44.334126 | Iteration 100: similarity = 2.92e-01, loss = 1.98e-01, dice = 8.23e-01
2024-05-19 17:18:45.932496 | Iteration 101: similarity = 2.92e-01, loss = 1.97e-01, dice = 8.23e-01
2024-05-19 17:18:47.514187 | Iteration 102: similarity = 2.92e-01, loss = 1.97e-01, dice = 8.23e-01
2024-05-19 17:18:49.097795 | Iteration 103: similarity = 2.92e-01, loss = 1.96e-01, dice = 8.23e-01
2024-05-19 17:18:50.702274 | Iteration 104: similarity = 2.92e-01, loss = 1.96e-01, dice = 8.23e-01
2024-05-19 17:18:52.295272 | Iteration 105: similarity = 2.92e-01, loss = 1.95e-01, dice = 8.23e-01
2024-05-19 17:18:53.919772 | Iteration 106: similarity = 2.92e-01, loss = 1.94e-01, dice = 8.23e-01
2024-05-19 17:18:55.536591 | Iteration 107: similarity = 2.92e-01, loss = 1.93e-01, dice = 8.23e-01
2024-05-19 17:18:57.136093 | Iteration 108: similarity = 2.93e-01, loss = 1.93e-01, dice = 8.23e-01
2024-05-19 17:18:58.771024 | Iteration 109: similarity = 2.93e-01, loss = 1.92e-01, dice = 8.23e-01
2024-05-19 17:19:00.400137 | Iteration 110: similarity = 2.93e-01, loss = 1.92e-01, dice = 8.23e-01
2024-05-19 17:19:02.036166 | Iteration 111: similarity = 2.93e-01, loss = 1.91e-01, dice = 8.23e-01
2024-05-19 17:19:03.678929 | Iteration 112: similarity = 2.93e-01, loss = 1.90e-01, dice = 8.23e-01
2024-05-19 17:19:05.314107 | Iteration 113: similarity = 2.93e-01, loss = 1.89e-01, dice = 8.23e-01
2024-05-19 17:19:06.905906 | Iteration 114: similarity = 2.93e-01, loss = 1.88e-01, dice = 8.23e-01
2024-05-19 17:19:08.494344 | Iteration 115: similarity = 2.93e-01, loss = 1.88e-01, dice = 8.23e-01
2024-05-19 17:19:10.062256 | Iteration 116: similarity = 2.93e-01, loss = 1.86e-01, dice = 8.23e-01
2024-05-19 17:19:11.657897 | Iteration 117: similarity = 2.93e-01, loss = 1.86e-01, dice = 8.23e-01
2024-05-19 17:19:13.288691 | Iteration 118: similarity = 2.93e-01, loss = 1.84e-01, dice = 8.23e-01
2024-05-19 17:19:14.903546 | Iteration 119: similarity = 2.93e-01, loss = 1.84e-01, dice = 8.23e-01
2024-05-19 17:19:16.505599 | Iteration 120: similarity = 2.93e-01, loss = 1.82e-01, dice = 8.23e-01
2024-05-19 17:19:18.105525 | Iteration 121: similarity = 2.93e-01, loss = 1.82e-01, dice = 8.23e-01
2024-05-19 17:19:19.707021 | Iteration 122: similarity = 2.93e-01, loss = 1.80e-01, dice = 8.24e-01
2024-05-19 17:19:21.273513 | Iteration 123: similarity = 2.93e-01, loss = 1.80e-01, dice = 8.23e-01
2024-05-19 17:19:22.840966 | Iteration 124: similarity = 2.93e-01, loss = 1.78e-01, dice = 8.23e-01
2024-05-19 17:19:24.418246 | Iteration 125: similarity = 2.93e-01, loss = 1.78e-01, dice = 8.23e-01
2024-05-19 17:19:26.026352 | Iteration 126: similarity = 2.93e-01, loss = 1.76e-01, dice = 8.23e-01
2024-05-19 17:19:27.637716 | Iteration 127: similarity = 2.93e-01, loss = 1.76e-01, dice = 8.23e-01
2024-05-19 17:19:29.253628 | Iteration 128: similarity = 2.93e-01, loss = 1.74e-01, dice = 8.23e-01
2024-05-19 17:19:30.850426 | Iteration 129: similarity = 2.93e-01, loss = 1.74e-01, dice = 8.23e-01
2024-05-19 17:19:32.412398 | Iteration 130: similarity = 2.93e-01, loss = 1.72e-01, dice = 8.23e-01
2024-05-19 17:19:33.999915 | Iteration 131: similarity = 2.93e-01, loss = 1.71e-01, dice = 8.23e-01
2024-05-19 17:19:35.594881 | Iteration 132: similarity = 2.93e-01, loss = 1.70e-01, dice = 8.23e-01
2024-05-19 17:19:37.217511 | Iteration 133: similarity = 2.93e-01, loss = 1.69e-01, dice = 8.24e-01
2024-05-19 17:19:38.831391 | Iteration 134: similarity = 2.93e-01, loss = 1.68e-01, dice = 8.23e-01
2024-05-19 17:19:40.423215 | Iteration 135: similarity = 2.93e-01, loss = 1.67e-01, dice = 8.24e-01
2024-05-19 17:19:42.009478 | Iteration 136: similarity = 2.93e-01, loss = 1.66e-01, dice = 8.23e-01
2024-05-19 17:19:43.613170 | Iteration 137: similarity = 2.93e-01, loss = 1.64e-01, dice = 8.23e-01
2024-05-19 17:19:45.207869 | Iteration 138: similarity = 2.93e-01, loss = 1.64e-01, dice = 8.23e-01
2024-05-19 17:19:46.806653 | Iteration 139: similarity = 2.93e-01, loss = 1.63e-01, dice = 8.23e-01
2024-05-19 17:19:48.420101 | Iteration 140: similarity = 2.93e-01, loss = 1.62e-01, dice = 8.23e-01
2024-05-19 17:19:50.012680 | Iteration 141: similarity = 2.93e-01, loss = 1.60e-01, dice = 8.24e-01
2024-05-19 17:19:51.622950 | Iteration 142: similarity = 2.93e-01, loss = 1.60e-01, dice = 8.23e-01
2024-05-19 17:19:53.228062 | Iteration 143: similarity = 2.93e-01, loss = 1.58e-01, dice = 8.23e-01
2024-05-19 17:19:54.854632 | Iteration 144: similarity = 2.93e-01, loss = 1.58e-01, dice = 8.23e-01
2024-05-19 17:19:56.511032 | Iteration 145: similarity = 2.93e-01, loss = 1.56e-01, dice = 8.24e-01
2024-05-19 17:19:58.153249 | Iteration 146: similarity = 2.93e-01, loss = 1.55e-01, dice = 8.24e-01
2024-05-19 17:19:59.770614 | Iteration 147: similarity = 2.93e-01, loss = 1.54e-01, dice = 8.23e-01
2024-05-19 17:20:01.372377 | Iteration 148: similarity = 2.93e-01, loss = 1.53e-01, dice = 8.23e-01
2024-05-19 17:20:02.996723 | Iteration 149: similarity = 2.93e-01, loss = 1.51e-01, dice = 8.24e-01
2024-05-19 17:20:04.631376 | Iteration 150: similarity = 2.93e-01, loss = 1.51e-01, dice = 8.23e-01
2024-05-19 17:20:06.240114 | Iteration 151: similarity = 2.93e-01, loss = 1.49e-01, dice = 8.23e-01
2024-05-19 17:20:07.876552 | Iteration 152: similarity = 2.93e-01, loss = 1.49e-01, dice = 8.23e-01
2024-05-19 17:20:09.529917 | Iteration 153: similarity = 2.93e-01, loss = 1.47e-01, dice = 8.23e-01
2024-05-19 17:20:11.176838 | Iteration 154: similarity = 2.93e-01, loss = 1.47e-01, dice = 8.23e-01
2024-05-19 17:20:12.837479 | Iteration 155: similarity = 2.93e-01, loss = 1.45e-01, dice = 8.23e-01
2024-05-19 17:20:14.444991 | Iteration 156: similarity = 2.93e-01, loss = 1.45e-01, dice = 8.24e-01
2024-05-19 17:20:16.101308 | Iteration 157: similarity = 2.93e-01, loss = 1.42e-01, dice = 8.24e-01
2024-05-19 17:20:17.716080 | Iteration 158: similarity = 2.93e-01, loss = 1.42e-01, dice = 8.23e-01
2024-05-19 17:20:19.319909 | Iteration 159: similarity = 2.93e-01, loss = 1.40e-01, dice = 8.23e-01
2024-05-19 17:20:20.925579 | Iteration 160: similarity = 2.93e-01, loss = 1.40e-01, dice = 8.23e-01
2024-05-19 17:20:22.561248 | Iteration 161: similarity = 2.93e-01, loss = 1.38e-01, dice = 8.23e-01
2024-05-19 17:20:24.186661 | Iteration 162: similarity = 2.93e-01, loss = 1.38e-01, dice = 8.23e-01
2024-05-19 17:20:25.813480 | Iteration 163: similarity = 2.93e-01, loss = 1.36e-01, dice = 8.23e-01
2024-05-19 17:20:27.464360 | Iteration 164: similarity = 2.93e-01, loss = 1.36e-01, dice = 8.23e-01
2024-05-19 17:20:29.130646 | Iteration 165: similarity = 2.93e-01, loss = 1.34e-01, dice = 8.23e-01
2024-05-19 17:20:30.775092 | Iteration 166: similarity = 2.93e-01, loss = 1.34e-01, dice = 8.23e-01
2024-05-19 17:20:32.404709 | Iteration 167: similarity = 2.93e-01, loss = 1.32e-01, dice = 8.24e-01
2024-05-19 17:20:34.062900 | Iteration 168: similarity = 2.93e-01, loss = 1.31e-01, dice = 8.23e-01
2024-05-19 17:20:35.662805 | Iteration 169: similarity = 2.93e-01, loss = 1.29e-01, dice = 8.23e-01
2024-05-19 17:20:37.274292 | Iteration 170: similarity = 2.93e-01, loss = 1.29e-01, dice = 8.23e-01
2024-05-19 17:20:38.893895 | Iteration 171: similarity = 2.93e-01, loss = 1.27e-01, dice = 8.23e-01
2024-05-19 17:20:40.536137 | Iteration 172: similarity = 2.93e-01, loss = 1.27e-01, dice = 8.23e-01
2024-05-19 17:20:42.157970 | Iteration 173: similarity = 2.93e-01, loss = 1.25e-01, dice = 8.23e-01
2024-05-19 17:20:43.771981 | Iteration 174: similarity = 2.93e-01, loss = 1.25e-01, dice = 8.23e-01
2024-05-19 17:20:45.370204 | Iteration 175: similarity = 2.93e-01, loss = 1.23e-01, dice = 8.23e-01
2024-05-19 17:20:46.966994 | Iteration 176: similarity = 2.93e-01, loss = 1.23e-01, dice = 8.24e-01
2024-05-19 17:20:48.571780 | Iteration 177: similarity = 2.93e-01, loss = 1.21e-01, dice = 8.23e-01
2024-05-19 17:20:50.229807 | Iteration 178: similarity = 2.93e-01, loss = 1.20e-01, dice = 8.23e-01
2024-05-19 17:20:51.830503 | Iteration 179: similarity = 2.93e-01, loss = 1.19e-01, dice = 8.24e-01
2024-05-19 17:20:53.445449 | Iteration 180: similarity = 2.93e-01, loss = 1.18e-01, dice = 8.23e-01
2024-05-19 17:20:55.042446 | Iteration 181: similarity = 2.93e-01, loss = 1.17e-01, dice = 8.23e-01
2024-05-19 17:20:56.648762 | Iteration 182: similarity = 2.93e-01, loss = 1.16e-01, dice = 8.23e-01
2024-05-19 17:20:58.247155 | Iteration 183: similarity = 2.93e-01, loss = 1.15e-01, dice = 8.23e-01
2024-05-19 17:20:59.859382 | Iteration 184: similarity = 2.93e-01, loss = 1.14e-01, dice = 8.23e-01
2024-05-19 17:21:01.461092 | Iteration 185: similarity = 2.93e-01, loss = 1.12e-01, dice = 8.24e-01
2024-05-19 17:21:03.063837 | Iteration 186: similarity = 2.93e-01, loss = 1.12e-01, dice = 8.23e-01
2024-05-19 17:21:04.644251 | Iteration 187: similarity = 2.93e-01, loss = 1.10e-01, dice = 8.23e-01
2024-05-19 17:21:06.262761 | Iteration 188: similarity = 2.93e-01, loss = 1.10e-01, dice = 8.23e-01
2024-05-19 17:21:07.863371 | Iteration 189: similarity = 2.93e-01, loss = 1.08e-01, dice = 8.23e-01
2024-05-19 17:21:09.477282 | Iteration 190: similarity = 2.93e-01, loss = 1.08e-01, dice = 8.23e-01
2024-05-19 17:21:11.060338 | Iteration 191: similarity = 2.93e-01, loss = 1.06e-01, dice = 8.23e-01
2024-05-19 17:21:12.667156 | Iteration 192: similarity = 2.93e-01, loss = 1.06e-01, dice = 8.23e-01
2024-05-19 17:21:14.271464 | Iteration 193: similarity = 2.93e-01, loss = 1.04e-01, dice = 8.23e-01
2024-05-19 17:21:15.871193 | Iteration 194: similarity = 2.92e-01, loss = 1.04e-01, dice = 8.23e-01
2024-05-19 17:21:17.467891 | Iteration 195: similarity = 2.93e-01, loss = 1.02e-01, dice = 8.23e-01
2024-05-19 17:21:19.079335 | Iteration 196: similarity = 2.93e-01, loss = 1.02e-01, dice = 8.23e-01
2024-05-19 17:21:20.689632 | Iteration 197: similarity = 2.92e-01, loss = 1.00e-01, dice = 8.23e-01
2024-05-19 17:21:22.327915 | Iteration 198: similarity = 2.92e-01, loss = 1.00e-01, dice = 8.23e-01
2024-05-19 17:21:23.933941 | Iteration 199: similarity = 2.92e-01, loss = 9.83e-02, dice = 8.23e-01
2024-05-19 17:21:25.567374 | Iteration 200: similarity = 2.92e-01, loss = 9.79e-02, dice = 8.23e-01
2024-05-19 17:21:25.811871 | [scope plot registration results takes 0.24438190460205078s]
2024-05-19 17:21:26.671933 | Validation: HD [8.018148 ± 1.887841], MSD [0.817116 ± 0.160937], DSC [0.715843 ± 0.099556]
2024-05-19 17:21:26.672642 |          => HD [7.893785 ± 2.128907], MSD [0.506053 ± 0.157450], DSC [0.823398 ± 0.079510]
