====================================================================================================
Logging file for python script in Intensity Distribution.Experiment 1 (Anonymous): Exp1_LIC_GASD
.py
| The recreation of Experiment 1: comparison between LIC and GASD. 
Started at 2024-05-19 03:15:38.536842 with command:
> python Exp1_LIC_GASD.py --exp T1_LIC_sig0_01
====================================================================================================

2024-05-19 03:15:40.243649 | Iteration 1: similarity = 9.48e-02, loss = 5.61e+00, dice = 5.93e-01
2024-05-19 03:15:41.869453 | Iteration 2: similarity = 1.20e-01, loss = 4.22e+00, dice = 6.32e-01
2024-05-19 03:15:43.468011 | Iteration 3: similarity = 1.53e-01, loss = 3.48e+00, dice = 6.74e-01
2024-05-19 03:15:45.066027 | Iteration 4: similarity = 1.79e-01, loss = 2.74e+00, dice = 7.07e-01
2024-05-19 03:15:46.668163 | Iteration 5: similarity = 1.93e-01, loss = 2.52e+00, dice = 7.24e-01
2024-05-19 03:15:48.261055 | Iteration 6: similarity = 2.03e-01, loss = 2.26e+00, dice = 7.35e-01
2024-05-19 03:15:49.867708 | Iteration 7: similarity = 2.12e-01, loss = 2.02e+00, dice = 7.47e-01
2024-05-19 03:15:51.460020 | Iteration 8: similarity = 2.19e-01, loss = 1.82e+00, dice = 7.55e-01
2024-05-19 03:15:53.120676 | Iteration 9: similarity = 2.24e-01, loss = 1.63e+00, dice = 7.62e-01
2024-05-19 03:15:54.720132 | Iteration 10: similarity = 2.28e-01, loss = 1.47e+00, dice = 7.68e-01
2024-05-19 03:15:56.306934 | Iteration 11: similarity = 2.31e-01, loss = 1.34e+00, dice = 7.74e-01
2024-05-19 03:15:57.896970 | Iteration 12: similarity = 2.34e-01, loss = 1.22e+00, dice = 7.77e-01
2024-05-19 03:15:59.500198 | Iteration 13: similarity = 2.36e-01, loss = 1.11e+00, dice = 7.80e-01
2024-05-19 03:16:01.108781 | Iteration 14: similarity = 2.38e-01, loss = 1.02e+00, dice = 7.83e-01
2024-05-19 03:16:02.697866 | Iteration 15: similarity = 2.40e-01, loss = 9.28e-01, dice = 7.86e-01
2024-05-19 03:16:04.298159 | Iteration 16: similarity = 2.42e-01, loss = 8.47e-01, dice = 7.89e-01
2024-05-19 03:16:05.883525 | Iteration 17: similarity = 2.44e-01, loss = 7.73e-01, dice = 7.92e-01
2024-05-19 03:16:07.485150 | Iteration 18: similarity = 2.45e-01, loss = 7.05e-01, dice = 7.95e-01
2024-05-19 03:16:09.082666 | Iteration 19: similarity = 2.47e-01, loss = 6.44e-01, dice = 7.97e-01
2024-05-19 03:16:10.688360 | Iteration 20: similarity = 2.48e-01, loss = 5.88e-01, dice = 7.99e-01
2024-05-19 03:16:12.302564 | Iteration 21: similarity = 2.49e-01, loss = 5.38e-01, dice = 8.01e-01
2024-05-19 03:16:13.891474 | Iteration 22: similarity = 2.50e-01, loss = 4.91e-01, dice = 8.02e-01
2024-05-19 03:16:15.484800 | Iteration 23: similarity = 2.50e-01, loss = 4.48e-01, dice = 8.04e-01
2024-05-19 03:16:17.081409 | Iteration 24: similarity = 2.51e-01, loss = 4.09e-01, dice = 8.07e-01
2024-05-19 03:16:18.682278 | Iteration 25: similarity = 2.52e-01, loss = 3.74e-01, dice = 8.08e-01
2024-05-19 03:16:20.278264 | Iteration 26: similarity = 2.52e-01, loss = 3.43e-01, dice = 8.10e-01
2024-05-19 03:16:21.867106 | Iteration 27: similarity = 2.52e-01, loss = 3.15e-01, dice = 8.11e-01
2024-05-19 03:16:23.456980 | Iteration 28: similarity = 2.53e-01, loss = 2.89e-01, dice = 8.12e-01
2024-05-19 03:16:25.050657 | Iteration 29: similarity = 2.53e-01, loss = 2.67e-01, dice = 8.14e-01
2024-05-19 03:16:26.651922 | Iteration 30: similarity = 2.53e-01, loss = 2.48e-01, dice = 8.15e-01
2024-05-19 03:16:28.231445 | Iteration 31: similarity = 2.54e-01, loss = 2.31e-01, dice = 8.17e-01
2024-05-19 03:16:29.819096 | Iteration 32: similarity = 2.54e-01, loss = 2.17e-01, dice = 8.18e-01
2024-05-19 03:16:31.392505 | Iteration 33: similarity = 2.54e-01, loss = 2.05e-01, dice = 8.18e-01
2024-05-19 03:16:32.965901 | Iteration 34: similarity = 2.54e-01, loss = 1.95e-01, dice = 8.20e-01
2024-05-19 03:16:34.547463 | Iteration 35: similarity = 2.54e-01, loss = 1.87e-01, dice = 8.21e-01
2024-05-19 03:16:36.135706 | Iteration 36: similarity = 2.54e-01, loss = 1.81e-01, dice = 8.22e-01
2024-05-19 03:16:37.729976 | Iteration 37: similarity = 2.54e-01, loss = 1.76e-01, dice = 8.23e-01
2024-05-19 03:16:39.320181 | Iteration 38: similarity = 2.54e-01, loss = 1.72e-01, dice = 8.24e-01
2024-05-19 03:16:40.921938 | Iteration 39: similarity = 2.55e-01, loss = 1.69e-01, dice = 8.25e-01
2024-05-19 03:16:42.518092 | Iteration 40: similarity = 2.55e-01, loss = 1.66e-01, dice = 8.26e-01
2024-05-19 03:16:44.102840 | Iteration 41: similarity = 2.55e-01, loss = 1.66e-01, dice = 8.27e-01
2024-05-19 03:16:45.693740 | Iteration 42: similarity = 2.55e-01, loss = 1.65e-01, dice = 8.28e-01
2024-05-19 03:16:47.291978 | Iteration 43: similarity = 2.55e-01, loss = 1.64e-01, dice = 8.28e-01
2024-05-19 03:16:48.883839 | Iteration 44: similarity = 2.55e-01, loss = 1.65e-01, dice = 8.29e-01
2024-05-19 03:16:50.470450 | Iteration 45: similarity = 2.55e-01, loss = 1.66e-01, dice = 8.29e-01
2024-05-19 03:16:52.053510 | Iteration 46: similarity = 2.55e-01, loss = 1.67e-01, dice = 8.31e-01
2024-05-19 03:16:53.653924 | Iteration 47: similarity = 2.56e-01, loss = 1.69e-01, dice = 8.31e-01
2024-05-19 03:16:55.231999 | Iteration 48: similarity = 2.56e-01, loss = 1.70e-01, dice = 8.32e-01
2024-05-19 03:16:56.820923 | Iteration 49: similarity = 2.56e-01, loss = 1.72e-01, dice = 8.33e-01
2024-05-19 03:16:58.406029 | Iteration 50: similarity = 2.56e-01, loss = 1.73e-01, dice = 8.33e-01
2024-05-19 03:16:59.989665 | Iteration 51: similarity = 2.56e-01, loss = 1.75e-01, dice = 8.34e-01
2024-05-19 03:17:01.592598 | Iteration 52: similarity = 2.56e-01, loss = 1.77e-01, dice = 8.34e-01
2024-05-19 03:17:03.195553 | Iteration 53: similarity = 2.56e-01, loss = 1.79e-01, dice = 8.34e-01
2024-05-19 03:17:04.799153 | Iteration 54: similarity = 2.56e-01, loss = 1.81e-01, dice = 8.35e-01
2024-05-19 03:17:06.405053 | Iteration 55: similarity = 2.56e-01, loss = 1.84e-01, dice = 8.36e-01
2024-05-19 03:17:07.981501 | Iteration 56: similarity = 2.57e-01, loss = 1.86e-01, dice = 8.36e-01
2024-05-19 03:17:09.580753 | Iteration 57: similarity = 2.57e-01, loss = 1.88e-01, dice = 8.36e-01
2024-05-19 03:17:11.172165 | Iteration 58: similarity = 2.57e-01, loss = 1.91e-01, dice = 8.36e-01
2024-05-19 03:17:12.767409 | Iteration 59: similarity = 2.57e-01, loss = 1.93e-01, dice = 8.37e-01
2024-05-19 03:17:14.359687 | Iteration 60: similarity = 2.57e-01, loss = 1.95e-01, dice = 8.37e-01
2024-05-19 03:17:15.936459 | Iteration 61: similarity = 2.57e-01, loss = 1.97e-01, dice = 8.38e-01
2024-05-19 03:17:17.522390 | Iteration 62: similarity = 2.57e-01, loss = 2.00e-01, dice = 8.38e-01
2024-05-19 03:17:19.125164 | Iteration 63: similarity = 2.57e-01, loss = 2.02e-01, dice = 8.37e-01
2024-05-19 03:17:20.713230 | Iteration 64: similarity = 2.57e-01, loss = 2.04e-01, dice = 8.37e-01
2024-05-19 03:17:22.300421 | Iteration 65: similarity = 2.57e-01, loss = 2.07e-01, dice = 8.38e-01
2024-05-19 03:17:23.901641 | Iteration 66: similarity = 2.57e-01, loss = 2.09e-01, dice = 8.39e-01
2024-05-19 03:17:25.480867 | Iteration 67: similarity = 2.57e-01, loss = 2.11e-01, dice = 8.39e-01
2024-05-19 03:17:27.071049 | Iteration 68: similarity = 2.58e-01, loss = 2.14e-01, dice = 8.38e-01
2024-05-19 03:17:28.678898 | Iteration 69: similarity = 2.58e-01, loss = 2.16e-01, dice = 8.39e-01
2024-05-19 03:17:30.270053 | Iteration 70: similarity = 2.58e-01, loss = 2.18e-01, dice = 8.38e-01
2024-05-19 03:17:31.869441 | Iteration 71: similarity = 2.58e-01, loss = 2.21e-01, dice = 8.39e-01
2024-05-19 03:17:33.459143 | Iteration 72: similarity = 2.58e-01, loss = 2.23e-01, dice = 8.38e-01
2024-05-19 03:17:35.060671 | Iteration 73: similarity = 2.58e-01, loss = 2.25e-01, dice = 8.39e-01
2024-05-19 03:17:36.661938 | Iteration 74: similarity = 2.58e-01, loss = 2.27e-01, dice = 8.39e-01
2024-05-19 03:17:38.248816 | Iteration 75: similarity = 2.58e-01, loss = 2.29e-01, dice = 8.39e-01
2024-05-19 03:17:39.844656 | Iteration 76: similarity = 2.58e-01, loss = 2.31e-01, dice = 8.39e-01
2024-05-19 03:17:41.438495 | Iteration 77: similarity = 2.58e-01, loss = 2.33e-01, dice = 8.39e-01
2024-05-19 03:17:43.042960 | Iteration 78: similarity = 2.58e-01, loss = 2.34e-01, dice = 8.39e-01
2024-05-19 03:17:44.619459 | Iteration 79: similarity = 2.58e-01, loss = 2.36e-01, dice = 8.39e-01
2024-05-19 03:17:46.215513 | Iteration 80: similarity = 2.58e-01, loss = 2.37e-01, dice = 8.39e-01
2024-05-19 03:17:47.802174 | Iteration 81: similarity = 2.58e-01, loss = 2.39e-01, dice = 8.40e-01
2024-05-19 03:17:49.399956 | Iteration 82: similarity = 2.58e-01, loss = 2.40e-01, dice = 8.40e-01
2024-05-19 03:17:50.986585 | Iteration 83: similarity = 2.58e-01, loss = 2.41e-01, dice = 8.40e-01
2024-05-19 03:17:52.573942 | Iteration 84: similarity = 2.58e-01, loss = 2.42e-01, dice = 8.40e-01
2024-05-19 03:17:54.174409 | Iteration 85: similarity = 2.58e-01, loss = 2.42e-01, dice = 8.39e-01
2024-05-19 03:17:55.775828 | Iteration 86: similarity = 2.59e-01, loss = 2.44e-01, dice = 8.40e-01
2024-05-19 03:17:57.361515 | Iteration 87: similarity = 2.59e-01, loss = 2.44e-01, dice = 8.41e-01
2024-05-19 03:17:58.960803 | Iteration 88: similarity = 2.59e-01, loss = 2.45e-01, dice = 8.40e-01
2024-05-19 03:18:00.560784 | Iteration 89: similarity = 2.59e-01, loss = 2.45e-01, dice = 8.40e-01
2024-05-19 03:18:02.147142 | Iteration 90: similarity = 2.59e-01, loss = 2.46e-01, dice = 8.40e-01
2024-05-19 03:18:03.731993 | Iteration 91: similarity = 2.59e-01, loss = 2.46e-01, dice = 8.41e-01
2024-05-19 03:18:05.304514 | Iteration 92: similarity = 2.59e-01, loss = 2.47e-01, dice = 8.40e-01
2024-05-19 03:18:06.876194 | Iteration 93: similarity = 2.59e-01, loss = 2.47e-01, dice = 8.41e-01
2024-05-19 03:18:08.457099 | Iteration 94: similarity = 2.59e-01, loss = 2.47e-01, dice = 8.41e-01
2024-05-19 03:18:10.047406 | Iteration 95: similarity = 2.59e-01, loss = 2.47e-01, dice = 8.41e-01
2024-05-19 03:18:11.631452 | Iteration 96: similarity = 2.59e-01, loss = 2.47e-01, dice = 8.40e-01
2024-05-19 03:18:13.215187 | Iteration 97: similarity = 2.59e-01, loss = 2.47e-01, dice = 8.40e-01
2024-05-19 03:18:14.790815 | Iteration 98: similarity = 2.59e-01, loss = 2.47e-01, dice = 8.40e-01
2024-05-19 03:18:16.382060 | Iteration 99: similarity = 2.59e-01, loss = 2.47e-01, dice = 8.40e-01
2024-05-19 03:18:17.973941 | Iteration 100: similarity = 2.59e-01, loss = 2.46e-01, dice = 8.40e-01
2024-05-19 03:18:19.579080 | Iteration 101: similarity = 2.59e-01, loss = 2.46e-01, dice = 8.40e-01
2024-05-19 03:18:21.175093 | Iteration 102: similarity = 2.59e-01, loss = 2.45e-01, dice = 8.41e-01
2024-05-19 03:18:22.758393 | Iteration 103: similarity = 2.59e-01, loss = 2.46e-01, dice = 8.41e-01
2024-05-19 03:18:24.333039 | Iteration 104: similarity = 2.59e-01, loss = 2.44e-01, dice = 8.41e-01
2024-05-19 03:18:25.930113 | Iteration 105: similarity = 2.59e-01, loss = 2.45e-01, dice = 8.41e-01
2024-05-19 03:18:27.523503 | Iteration 106: similarity = 2.59e-01, loss = 2.43e-01, dice = 8.40e-01
2024-05-19 03:18:29.101756 | Iteration 107: similarity = 2.59e-01, loss = 2.43e-01, dice = 8.41e-01
2024-05-19 03:18:30.714078 | Iteration 108: similarity = 2.59e-01, loss = 2.41e-01, dice = 8.41e-01
2024-05-19 03:18:32.303480 | Iteration 109: similarity = 2.59e-01, loss = 2.42e-01, dice = 8.41e-01
2024-05-19 03:18:33.892786 | Iteration 110: similarity = 2.60e-01, loss = 2.40e-01, dice = 8.41e-01
2024-05-19 03:18:35.483100 | Iteration 111: similarity = 2.60e-01, loss = 2.41e-01, dice = 8.41e-01
2024-05-19 03:18:37.083708 | Iteration 112: similarity = 2.60e-01, loss = 2.38e-01, dice = 8.41e-01
2024-05-19 03:18:38.669162 | Iteration 113: similarity = 2.60e-01, loss = 2.39e-01, dice = 8.41e-01
2024-05-19 03:18:40.242977 | Iteration 114: similarity = 2.60e-01, loss = 2.37e-01, dice = 8.41e-01
2024-05-19 03:18:41.840950 | Iteration 115: similarity = 2.60e-01, loss = 2.37e-01, dice = 8.41e-01
2024-05-19 03:18:43.431851 | Iteration 116: similarity = 2.60e-01, loss = 2.35e-01, dice = 8.40e-01
2024-05-19 03:18:44.999961 | Iteration 117: similarity = 2.60e-01, loss = 2.35e-01, dice = 8.40e-01
2024-05-19 03:18:46.592017 | Iteration 118: similarity = 2.60e-01, loss = 2.33e-01, dice = 8.41e-01
2024-05-19 03:18:48.213046 | Iteration 119: similarity = 2.60e-01, loss = 2.34e-01, dice = 8.41e-01
2024-05-19 03:18:49.789970 | Iteration 120: similarity = 2.60e-01, loss = 2.31e-01, dice = 8.41e-01
2024-05-19 03:18:51.374489 | Iteration 121: similarity = 2.60e-01, loss = 2.32e-01, dice = 8.41e-01
2024-05-19 03:18:52.978882 | Iteration 122: similarity = 2.60e-01, loss = 2.29e-01, dice = 8.41e-01
2024-05-19 03:18:54.570122 | Iteration 123: similarity = 2.60e-01, loss = 2.29e-01, dice = 8.41e-01
2024-05-19 03:18:56.149877 | Iteration 124: similarity = 2.60e-01, loss = 2.27e-01, dice = 8.41e-01
2024-05-19 03:18:57.740398 | Iteration 125: similarity = 2.60e-01, loss = 2.27e-01, dice = 8.41e-01
2024-05-19 03:18:59.317481 | Iteration 126: similarity = 2.60e-01, loss = 2.25e-01, dice = 8.41e-01
2024-05-19 03:19:00.893681 | Iteration 127: similarity = 2.60e-01, loss = 2.25e-01, dice = 8.41e-01
2024-05-19 03:19:02.502531 | Iteration 128: similarity = 2.60e-01, loss = 2.23e-01, dice = 8.41e-01
2024-05-19 03:19:04.092126 | Iteration 129: similarity = 2.60e-01, loss = 2.23e-01, dice = 8.41e-01
2024-05-19 03:19:05.682289 | Iteration 130: similarity = 2.60e-01, loss = 2.21e-01, dice = 8.41e-01
2024-05-19 03:19:07.279772 | Iteration 131: similarity = 2.60e-01, loss = 2.21e-01, dice = 8.41e-01
2024-05-19 03:19:08.862490 | Iteration 132: similarity = 2.60e-01, loss = 2.18e-01, dice = 8.41e-01
2024-05-19 03:19:10.466457 | Iteration 133: similarity = 2.60e-01, loss = 2.18e-01, dice = 8.41e-01
2024-05-19 03:19:12.050330 | Iteration 134: similarity = 2.60e-01, loss = 2.17e-01, dice = 8.41e-01
2024-05-19 03:19:13.612934 | Iteration 135: similarity = 2.60e-01, loss = 2.16e-01, dice = 8.41e-01
2024-05-19 03:19:15.163987 | Iteration 136: similarity = 2.60e-01, loss = 2.14e-01, dice = 8.41e-01
2024-05-19 03:19:16.747127 | Iteration 137: similarity = 2.60e-01, loss = 2.14e-01, dice = 8.41e-01
2024-05-19 03:19:18.344061 | Iteration 138: similarity = 2.60e-01, loss = 2.12e-01, dice = 8.41e-01
2024-05-19 03:19:19.925309 | Iteration 139: similarity = 2.60e-01, loss = 2.11e-01, dice = 8.41e-01
2024-05-19 03:19:21.512432 | Iteration 140: similarity = 2.60e-01, loss = 2.09e-01, dice = 8.41e-01
2024-05-19 03:19:23.108896 | Iteration 141: similarity = 2.60e-01, loss = 2.09e-01, dice = 8.41e-01
2024-05-19 03:19:24.691824 | Iteration 142: similarity = 2.60e-01, loss = 2.07e-01, dice = 8.42e-01
2024-05-19 03:19:26.287010 | Iteration 143: similarity = 2.60e-01, loss = 2.07e-01, dice = 8.41e-01
2024-05-19 03:19:27.872743 | Iteration 144: similarity = 2.60e-01, loss = 2.05e-01, dice = 8.41e-01
2024-05-19 03:19:29.454207 | Iteration 145: similarity = 2.60e-01, loss = 2.04e-01, dice = 8.41e-01
2024-05-19 03:19:31.034995 | Iteration 146: similarity = 2.60e-01, loss = 2.03e-01, dice = 8.41e-01
2024-05-19 03:19:32.634463 | Iteration 147: similarity = 2.60e-01, loss = 2.02e-01, dice = 8.41e-01
2024-05-19 03:19:34.227928 | Iteration 148: similarity = 2.60e-01, loss = 2.00e-01, dice = 8.41e-01
2024-05-19 03:19:35.816505 | Iteration 149: similarity = 2.60e-01, loss = 2.00e-01, dice = 8.41e-01
2024-05-19 03:19:37.408957 | Iteration 150: similarity = 2.60e-01, loss = 1.98e-01, dice = 8.41e-01
2024-05-19 03:19:39.014374 | Iteration 151: similarity = 2.60e-01, loss = 1.97e-01, dice = 8.41e-01
2024-05-19 03:19:40.608711 | Iteration 152: similarity = 2.60e-01, loss = 1.96e-01, dice = 8.41e-01
2024-05-19 03:19:42.191143 | Iteration 153: similarity = 2.60e-01, loss = 1.95e-01, dice = 8.42e-01
2024-05-19 03:19:43.771438 | Iteration 154: similarity = 2.60e-01, loss = 1.93e-01, dice = 8.41e-01
2024-05-19 03:19:45.355860 | Iteration 155: similarity = 2.60e-01, loss = 1.93e-01, dice = 8.41e-01
2024-05-19 03:19:46.949051 | Iteration 156: similarity = 2.60e-01, loss = 1.90e-01, dice = 8.41e-01
2024-05-19 03:19:48.546295 | Iteration 157: similarity = 2.60e-01, loss = 1.90e-01, dice = 8.41e-01
2024-05-19 03:19:50.120874 | Iteration 158: similarity = 2.60e-01, loss = 1.88e-01, dice = 8.41e-01
2024-05-19 03:19:51.698345 | Iteration 159: similarity = 2.60e-01, loss = 1.88e-01, dice = 8.41e-01
2024-05-19 03:19:53.263025 | Iteration 160: similarity = 2.60e-01, loss = 1.86e-01, dice = 8.41e-01
2024-05-19 03:19:54.863293 | Iteration 161: similarity = 2.60e-01, loss = 1.85e-01, dice = 8.41e-01
2024-05-19 03:19:56.451002 | Iteration 162: similarity = 2.60e-01, loss = 1.84e-01, dice = 8.41e-01
2024-05-19 03:19:58.038843 | Iteration 163: similarity = 2.60e-01, loss = 1.83e-01, dice = 8.41e-01
2024-05-19 03:19:59.621025 | Iteration 164: similarity = 2.60e-01, loss = 1.81e-01, dice = 8.42e-01
2024-05-19 03:20:01.217041 | Iteration 165: similarity = 2.60e-01, loss = 1.80e-01, dice = 8.41e-01
2024-05-19 03:20:02.802040 | Iteration 166: similarity = 2.60e-01, loss = 1.79e-01, dice = 8.41e-01
2024-05-19 03:20:04.381023 | Iteration 167: similarity = 2.60e-01, loss = 1.78e-01, dice = 8.41e-01
2024-05-19 03:20:05.961309 | Iteration 168: similarity = 2.60e-01, loss = 1.76e-01, dice = 8.41e-01
2024-05-19 03:20:07.545304 | Iteration 169: similarity = 2.60e-01, loss = 1.75e-01, dice = 8.41e-01
2024-05-19 03:20:09.148790 | Iteration 170: similarity = 2.60e-01, loss = 1.74e-01, dice = 8.41e-01
2024-05-19 03:20:10.733771 | Iteration 171: similarity = 2.60e-01, loss = 1.73e-01, dice = 8.41e-01
2024-05-19 03:20:12.331963 | Iteration 172: similarity = 2.60e-01, loss = 1.72e-01, dice = 8.41e-01
2024-05-19 03:20:13.945285 | Iteration 173: similarity = 2.60e-01, loss = 1.71e-01, dice = 8.41e-01
2024-05-19 03:20:15.535976 | Iteration 174: similarity = 2.60e-01, loss = 1.69e-01, dice = 8.41e-01
2024-05-19 03:20:17.137874 | Iteration 175: similarity = 2.60e-01, loss = 1.69e-01, dice = 8.41e-01
2024-05-19 03:20:18.720391 | Iteration 176: similarity = 2.60e-01, loss = 1.67e-01, dice = 8.41e-01
2024-05-19 03:20:20.304311 | Iteration 177: similarity = 2.60e-01, loss = 1.66e-01, dice = 8.41e-01
2024-05-19 03:20:21.892311 | Iteration 178: similarity = 2.60e-01, loss = 1.64e-01, dice = 8.41e-01
2024-05-19 03:20:23.495171 | Iteration 179: similarity = 2.60e-01, loss = 1.64e-01, dice = 8.41e-01
2024-05-19 03:20:25.077762 | Iteration 180: similarity = 2.60e-01, loss = 1.62e-01, dice = 8.42e-01
2024-05-19 03:20:26.673388 | Iteration 181: similarity = 2.60e-01, loss = 1.62e-01, dice = 8.41e-01
2024-05-19 03:20:28.252668 | Iteration 182: similarity = 2.60e-01, loss = 1.59e-01, dice = 8.41e-01
2024-05-19 03:20:29.845457 | Iteration 183: similarity = 2.60e-01, loss = 1.59e-01, dice = 8.41e-01
2024-05-19 03:20:31.423029 | Iteration 184: similarity = 2.60e-01, loss = 1.57e-01, dice = 8.41e-01
2024-05-19 03:20:33.013306 | Iteration 185: similarity = 2.60e-01, loss = 1.57e-01, dice = 8.41e-01
2024-05-19 03:20:34.597589 | Iteration 186: similarity = 2.60e-01, loss = 1.55e-01, dice = 8.41e-01
2024-05-19 03:20:36.181342 | Iteration 187: similarity = 2.60e-01, loss = 1.55e-01, dice = 8.41e-01
2024-05-19 03:20:37.786571 | Iteration 188: similarity = 2.60e-01, loss = 1.53e-01, dice = 8.41e-01
2024-05-19 03:20:39.375178 | Iteration 189: similarity = 2.60e-01, loss = 1.52e-01, dice = 8.41e-01
2024-05-19 03:20:40.973352 | Iteration 190: similarity = 2.60e-01, loss = 1.50e-01, dice = 8.41e-01
2024-05-19 03:20:42.549547 | Iteration 191: similarity = 2.60e-01, loss = 1.50e-01, dice = 8.41e-01
2024-05-19 03:20:44.126994 | Iteration 192: similarity = 2.60e-01, loss = 1.48e-01, dice = 8.41e-01
2024-05-19 03:20:45.725312 | Iteration 193: similarity = 2.60e-01, loss = 1.48e-01, dice = 8.41e-01
2024-05-19 03:20:47.314256 | Iteration 194: similarity = 2.60e-01, loss = 1.46e-01, dice = 8.41e-01
2024-05-19 03:20:48.888408 | Iteration 195: similarity = 2.60e-01, loss = 1.46e-01, dice = 8.41e-01
2024-05-19 03:20:50.471570 | Iteration 196: similarity = 2.60e-01, loss = 1.43e-01, dice = 8.41e-01
2024-05-19 03:20:52.055200 | Iteration 197: similarity = 2.60e-01, loss = 1.43e-01, dice = 8.41e-01
2024-05-19 03:20:53.644587 | Iteration 198: similarity = 2.60e-01, loss = 1.41e-01, dice = 8.41e-01
2024-05-19 03:20:55.238558 | Iteration 199: similarity = 2.60e-01, loss = 1.41e-01, dice = 8.41e-01
2024-05-19 03:20:56.832151 | Iteration 200: similarity = 2.60e-01, loss = 1.39e-01, dice = 8.41e-01
2024-05-19 03:20:57.078483 | [scope plot registration results takes 0.24624300003051758s]
2024-05-19 03:20:57.901189 | Validation: HD [8.018148 ± 1.887841], MSD [0.817116 ± 0.160937], DSC [0.715843 ± 0.099556]
2024-05-19 03:20:57.901891 |          => HD [7.652601 ± 2.038758], MSD [0.451383 ± 0.138362], DSC [0.841302 ± 0.071493]
