====================================================================================================
Logging file for python script in Intensity Distribution.Experiment 1 (Anonymous): Exp1_LIC_GASD
.py
| The recreation of Experiment 1: comparison between LIC and GASD. 
Started at 2024-05-19 12:22:34.368780 with command:
> python Exp1_LIC_GASD.py --exp T1_CTr_LIC_sig0_1
====================================================================================================

2024-05-19 12:22:36.385461 | Iteration 1: similarity = 2.08e-01, loss = 5.50e+00, dice = 5.93e-01
2024-05-19 12:22:38.296739 | Iteration 2: similarity = 2.21e-01, loss = 4.14e+00, dice = 6.21e-01
2024-05-19 12:22:40.193318 | Iteration 3: similarity = 2.45e-01, loss = 3.43e+00, dice = 6.47e-01
2024-05-19 12:22:42.071717 | Iteration 4: similarity = 2.66e-01, loss = 2.70e+00, dice = 6.70e-01
2024-05-19 12:22:43.987216 | Iteration 5: similarity = 2.78e-01, loss = 2.46e+00, dice = 6.81e-01
2024-05-19 12:22:45.874001 | Iteration 6: similarity = 2.89e-01, loss = 2.21e+00, dice = 6.90e-01
2024-05-19 12:22:47.767207 | Iteration 7: similarity = 2.98e-01, loss = 1.97e+00, dice = 6.98e-01
2024-05-19 12:22:49.676746 | Iteration 8: similarity = 3.05e-01, loss = 1.76e+00, dice = 7.06e-01
2024-05-19 12:22:51.557097 | Iteration 9: similarity = 3.11e-01, loss = 1.57e+00, dice = 7.10e-01
2024-05-19 12:22:53.433201 | Iteration 10: similarity = 3.16e-01, loss = 1.42e+00, dice = 7.14e-01
2024-05-19 12:22:55.320863 | Iteration 11: similarity = 3.20e-01, loss = 1.28e+00, dice = 7.17e-01
2024-05-19 12:22:57.200824 | Iteration 12: similarity = 3.23e-01, loss = 1.16e+00, dice = 7.20e-01
2024-05-19 12:22:59.109256 | Iteration 13: similarity = 3.27e-01, loss = 1.05e+00, dice = 7.23e-01
2024-05-19 12:23:01.012905 | Iteration 14: similarity = 3.29e-01, loss = 9.52e-01, dice = 7.26e-01
2024-05-19 12:23:02.900398 | Iteration 15: similarity = 3.32e-01, loss = 8.63e-01, dice = 7.28e-01
2024-05-19 12:23:04.783777 | Iteration 16: similarity = 3.35e-01, loss = 7.81e-01, dice = 7.30e-01
2024-05-19 12:23:06.678670 | Iteration 17: similarity = 3.37e-01, loss = 7.06e-01, dice = 7.32e-01
2024-05-19 12:23:08.579383 | Iteration 18: similarity = 3.39e-01, loss = 6.36e-01, dice = 7.33e-01
2024-05-19 12:23:10.464533 | Iteration 19: similarity = 3.41e-01, loss = 5.74e-01, dice = 7.34e-01
2024-05-19 12:23:12.353063 | Iteration 20: similarity = 3.43e-01, loss = 5.18e-01, dice = 7.36e-01
2024-05-19 12:23:14.236974 | Iteration 21: similarity = 3.45e-01, loss = 4.66e-01, dice = 7.37e-01
2024-05-19 12:23:16.103561 | Iteration 22: similarity = 3.46e-01, loss = 4.17e-01, dice = 7.38e-01
2024-05-19 12:23:17.983505 | Iteration 23: similarity = 3.48e-01, loss = 3.73e-01, dice = 7.39e-01
2024-05-19 12:23:19.876654 | Iteration 24: similarity = 3.49e-01, loss = 3.33e-01, dice = 7.40e-01
2024-05-19 12:23:21.754791 | Iteration 25: similarity = 3.50e-01, loss = 2.97e-01, dice = 7.41e-01
2024-05-19 12:23:23.643231 | Iteration 26: similarity = 3.51e-01, loss = 2.64e-01, dice = 7.41e-01
2024-05-19 12:23:25.514350 | Iteration 27: similarity = 3.52e-01, loss = 2.35e-01, dice = 7.43e-01
2024-05-19 12:23:27.395502 | Iteration 28: similarity = 3.53e-01, loss = 2.08e-01, dice = 7.43e-01
2024-05-19 12:23:29.297412 | Iteration 29: similarity = 3.54e-01, loss = 1.85e-01, dice = 7.43e-01
2024-05-19 12:23:31.181586 | Iteration 30: similarity = 3.55e-01, loss = 1.64e-01, dice = 7.44e-01
2024-05-19 12:23:33.064833 | Iteration 31: similarity = 3.55e-01, loss = 1.46e-01, dice = 7.45e-01
2024-05-19 12:23:34.966566 | Iteration 32: similarity = 3.56e-01, loss = 1.30e-01, dice = 7.46e-01
2024-05-19 12:23:36.842979 | Iteration 33: similarity = 3.56e-01, loss = 1.17e-01, dice = 7.46e-01
2024-05-19 12:23:38.743156 | Iteration 34: similarity = 3.57e-01, loss = 1.06e-01, dice = 7.47e-01
2024-05-19 12:23:40.636524 | Iteration 35: similarity = 3.58e-01, loss = 9.61e-02, dice = 7.47e-01
2024-05-19 12:23:42.508493 | Iteration 36: similarity = 3.58e-01, loss = 8.82e-02, dice = 7.48e-01
2024-05-19 12:23:44.411801 | Iteration 37: similarity = 3.58e-01, loss = 8.21e-02, dice = 7.48e-01
2024-05-19 12:23:46.307022 | Iteration 38: similarity = 3.59e-01, loss = 7.68e-02, dice = 7.49e-01
2024-05-19 12:23:48.180560 | Iteration 39: similarity = 3.59e-01, loss = 7.30e-02, dice = 7.50e-01
2024-05-19 12:23:50.047968 | Iteration 40: similarity = 3.60e-01, loss = 6.98e-02, dice = 7.50e-01
2024-05-19 12:23:51.935996 | Iteration 41: similarity = 3.60e-01, loss = 6.76e-02, dice = 7.51e-01
2024-05-19 12:23:53.832341 | Iteration 42: similarity = 3.61e-01, loss = 6.62e-02, dice = 7.52e-01
2024-05-19 12:23:55.700186 | Iteration 43: similarity = 3.61e-01, loss = 6.45e-02, dice = 7.52e-01
2024-05-19 12:23:57.584229 | Iteration 44: similarity = 3.61e-01, loss = 6.42e-02, dice = 7.53e-01
2024-05-19 12:23:59.444199 | Iteration 45: similarity = 3.62e-01, loss = 6.36e-02, dice = 7.54e-01
2024-05-19 12:24:01.313069 | Iteration 46: similarity = 3.62e-01, loss = 6.41e-02, dice = 7.53e-01
2024-05-19 12:24:03.269700 | Iteration 47: similarity = 3.63e-01, loss = 6.48e-02, dice = 7.54e-01
2024-05-19 12:24:05.225220 | Iteration 48: similarity = 3.63e-01, loss = 6.51e-02, dice = 7.55e-01
2024-05-19 12:24:07.143075 | Iteration 49: similarity = 3.64e-01, loss = 6.61e-02, dice = 7.55e-01
2024-05-19 12:24:09.037782 | Iteration 50: similarity = 3.64e-01, loss = 6.68e-02, dice = 7.55e-01
2024-05-19 12:24:10.927624 | Iteration 51: similarity = 3.65e-01, loss = 6.80e-02, dice = 7.56e-01
2024-05-19 12:24:12.799075 | Iteration 52: similarity = 3.65e-01, loss = 6.91e-02, dice = 7.56e-01
2024-05-19 12:24:14.681123 | Iteration 53: similarity = 3.66e-01, loss = 7.01e-02, dice = 7.56e-01
2024-05-19 12:24:16.548150 | Iteration 54: similarity = 3.66e-01, loss = 7.15e-02, dice = 7.56e-01
2024-05-19 12:24:18.417521 | Iteration 55: similarity = 3.66e-01, loss = 7.30e-02, dice = 7.56e-01
2024-05-19 12:24:20.302850 | Iteration 56: similarity = 3.67e-01, loss = 7.42e-02, dice = 7.56e-01
2024-05-19 12:24:22.183065 | Iteration 57: similarity = 3.67e-01, loss = 7.59e-02, dice = 7.56e-01
2024-05-19 12:24:24.104272 | Iteration 58: similarity = 3.68e-01, loss = 7.69e-02, dice = 7.56e-01
2024-05-19 12:24:25.970450 | Iteration 59: similarity = 3.68e-01, loss = 7.89e-02, dice = 7.56e-01
2024-05-19 12:24:27.855345 | Iteration 60: similarity = 3.69e-01, loss = 8.00e-02, dice = 7.57e-01
2024-05-19 12:24:29.742628 | Iteration 61: similarity = 3.69e-01, loss = 8.14e-02, dice = 7.57e-01
2024-05-19 12:24:31.630817 | Iteration 62: similarity = 3.70e-01, loss = 8.29e-02, dice = 7.57e-01
2024-05-19 12:24:33.524705 | Iteration 63: similarity = 3.70e-01, loss = 8.47e-02, dice = 7.56e-01
2024-05-19 12:24:35.436436 | Iteration 64: similarity = 3.71e-01, loss = 8.60e-02, dice = 7.57e-01
2024-05-19 12:24:37.332852 | Iteration 65: similarity = 3.71e-01, loss = 8.77e-02, dice = 7.57e-01
2024-05-19 12:24:39.244161 | Iteration 66: similarity = 3.71e-01, loss = 8.92e-02, dice = 7.57e-01
2024-05-19 12:24:41.127852 | Iteration 67: similarity = 3.72e-01, loss = 9.05e-02, dice = 7.57e-01
2024-05-19 12:24:42.997787 | Iteration 68: similarity = 3.72e-01, loss = 9.24e-02, dice = 7.57e-01
2024-05-19 12:24:44.894498 | Iteration 69: similarity = 3.73e-01, loss = 9.35e-02, dice = 7.57e-01
2024-05-19 12:24:46.790187 | Iteration 70: similarity = 3.73e-01, loss = 9.49e-02, dice = 7.57e-01
2024-05-19 12:24:48.677205 | Iteration 71: similarity = 3.73e-01, loss = 9.66e-02, dice = 7.57e-01
2024-05-19 12:24:50.561657 | Iteration 72: similarity = 3.74e-01, loss = 9.77e-02, dice = 7.56e-01
2024-05-19 12:24:52.440091 | Iteration 73: similarity = 3.74e-01, loss = 9.94e-02, dice = 7.57e-01
2024-05-19 12:24:54.320795 | Iteration 74: similarity = 3.75e-01, loss = 1.00e-01, dice = 7.57e-01
2024-05-19 12:24:56.233314 | Iteration 75: similarity = 3.75e-01, loss = 1.02e-01, dice = 7.57e-01
2024-05-19 12:24:58.112799 | Iteration 76: similarity = 3.75e-01, loss = 1.02e-01, dice = 7.57e-01
2024-05-19 12:24:59.992005 | Iteration 77: similarity = 3.76e-01, loss = 1.04e-01, dice = 7.56e-01
2024-05-19 12:25:01.903125 | Iteration 78: similarity = 3.76e-01, loss = 1.04e-01, dice = 7.57e-01
2024-05-19 12:25:03.818399 | Iteration 79: similarity = 3.77e-01, loss = 1.06e-01, dice = 7.57e-01
2024-05-19 12:25:05.708037 | Iteration 80: similarity = 3.77e-01, loss = 1.06e-01, dice = 7.56e-01
2024-05-19 12:25:07.577690 | Iteration 81: similarity = 3.77e-01, loss = 1.07e-01, dice = 7.57e-01
2024-05-19 12:25:09.455206 | Iteration 82: similarity = 3.78e-01, loss = 1.08e-01, dice = 7.56e-01
2024-05-19 12:25:11.344647 | Iteration 83: similarity = 3.78e-01, loss = 1.08e-01, dice = 7.57e-01
2024-05-19 12:25:13.213082 | Iteration 84: similarity = 3.79e-01, loss = 1.09e-01, dice = 7.56e-01
2024-05-19 12:25:15.091407 | Iteration 85: similarity = 3.79e-01, loss = 1.09e-01, dice = 7.56e-01
2024-05-19 12:25:16.976326 | Iteration 86: similarity = 3.79e-01, loss = 1.10e-01, dice = 7.56e-01
2024-05-19 12:25:18.841765 | Iteration 87: similarity = 3.80e-01, loss = 1.10e-01, dice = 7.56e-01
2024-05-19 12:25:20.704501 | Iteration 88: similarity = 3.80e-01, loss = 1.11e-01, dice = 7.55e-01
2024-05-19 12:25:22.571438 | Iteration 89: similarity = 3.80e-01, loss = 1.11e-01, dice = 7.56e-01
2024-05-19 12:25:24.440646 | Iteration 90: similarity = 3.81e-01, loss = 1.11e-01, dice = 7.56e-01
2024-05-19 12:25:26.331754 | Iteration 91: similarity = 3.81e-01, loss = 1.11e-01, dice = 7.56e-01
2024-05-19 12:25:28.196854 | Iteration 92: similarity = 3.81e-01, loss = 1.10e-01, dice = 7.55e-01
2024-05-19 12:25:30.097685 | Iteration 93: similarity = 3.82e-01, loss = 1.10e-01, dice = 7.56e-01
2024-05-19 12:25:31.979954 | Iteration 94: similarity = 3.82e-01, loss = 1.10e-01, dice = 7.55e-01
2024-05-19 12:25:33.862573 | Iteration 95: similarity = 3.82e-01, loss = 1.10e-01, dice = 7.54e-01
2024-05-19 12:25:35.725982 | Iteration 96: similarity = 3.83e-01, loss = 1.09e-01, dice = 7.55e-01
2024-05-19 12:25:37.591478 | Iteration 97: similarity = 3.83e-01, loss = 1.09e-01, dice = 7.55e-01
2024-05-19 12:25:39.455393 | Iteration 98: similarity = 3.84e-01, loss = 1.09e-01, dice = 7.54e-01
2024-05-19 12:25:41.332287 | Iteration 99: similarity = 3.84e-01, loss = 1.09e-01, dice = 7.54e-01
2024-05-19 12:25:43.215679 | Iteration 100: similarity = 3.84e-01, loss = 1.07e-01, dice = 7.55e-01
2024-05-19 12:25:45.090176 | Iteration 101: similarity = 3.85e-01, loss = 1.07e-01, dice = 7.55e-01
2024-05-19 12:25:46.968051 | Iteration 102: similarity = 3.85e-01, loss = 1.07e-01, dice = 7.54e-01
2024-05-19 12:25:48.838995 | Iteration 103: similarity = 3.85e-01, loss = 1.06e-01, dice = 7.54e-01
2024-05-19 12:25:50.701541 | Iteration 104: similarity = 3.86e-01, loss = 1.05e-01, dice = 7.54e-01
2024-05-19 12:25:52.569560 | Iteration 105: similarity = 3.86e-01, loss = 1.04e-01, dice = 7.54e-01
2024-05-19 12:25:54.421096 | Iteration 106: similarity = 3.86e-01, loss = 1.04e-01, dice = 7.54e-01
2024-05-19 12:25:56.280728 | Iteration 107: similarity = 3.87e-01, loss = 1.03e-01, dice = 7.54e-01
2024-05-19 12:25:58.140507 | Iteration 108: similarity = 3.87e-01, loss = 1.02e-01, dice = 7.53e-01
2024-05-19 12:26:00.029051 | Iteration 109: similarity = 3.87e-01, loss = 1.01e-01, dice = 7.53e-01
2024-05-19 12:26:01.894575 | Iteration 110: similarity = 3.88e-01, loss = 1.00e-01, dice = 7.53e-01
2024-05-19 12:26:03.767273 | Iteration 111: similarity = 3.88e-01, loss = 9.95e-02, dice = 7.54e-01
2024-05-19 12:26:05.644896 | Iteration 112: similarity = 3.88e-01, loss = 9.90e-02, dice = 7.53e-01
2024-05-19 12:26:07.512944 | Iteration 113: similarity = 3.88e-01, loss = 9.77e-02, dice = 7.53e-01
2024-05-19 12:26:09.367423 | Iteration 114: similarity = 3.89e-01, loss = 9.68e-02, dice = 7.53e-01
2024-05-19 12:26:11.190278 | Iteration 115: similarity = 3.89e-01, loss = 9.59e-02, dice = 7.53e-01
2024-05-19 12:26:13.068152 | Iteration 116: similarity = 3.89e-01, loss = 9.47e-02, dice = 7.52e-01
2024-05-19 12:26:14.952801 | Iteration 117: similarity = 3.90e-01, loss = 9.37e-02, dice = 7.52e-01
2024-05-19 12:26:16.827910 | Iteration 118: similarity = 3.90e-01, loss = 9.27e-02, dice = 7.52e-01
2024-05-19 12:26:18.701947 | Iteration 119: similarity = 3.90e-01, loss = 9.17e-02, dice = 7.53e-01
2024-05-19 12:26:20.572774 | Iteration 120: similarity = 3.91e-01, loss = 9.04e-02, dice = 7.52e-01
2024-05-19 12:26:22.442256 | Iteration 121: similarity = 3.91e-01, loss = 8.93e-02, dice = 7.52e-01
2024-05-19 12:26:24.303089 | Iteration 122: similarity = 3.91e-01, loss = 8.83e-02, dice = 7.52e-01
2024-05-19 12:26:26.149724 | Iteration 123: similarity = 3.92e-01, loss = 8.72e-02, dice = 7.52e-01
2024-05-19 12:26:27.990857 | Iteration 124: similarity = 3.92e-01, loss = 8.58e-02, dice = 7.52e-01
2024-05-19 12:26:29.869330 | Iteration 125: similarity = 3.92e-01, loss = 8.52e-02, dice = 7.51e-01
2024-05-19 12:26:31.738606 | Iteration 126: similarity = 3.92e-01, loss = 8.35e-02, dice = 7.51e-01
2024-05-19 12:26:33.615514 | Iteration 127: similarity = 3.93e-01, loss = 8.28e-02, dice = 7.51e-01
2024-05-19 12:26:35.511645 | Iteration 128: similarity = 3.93e-01, loss = 8.12e-02, dice = 7.51e-01
2024-05-19 12:26:37.394315 | Iteration 129: similarity = 3.93e-01, loss = 8.04e-02, dice = 7.51e-01
2024-05-19 12:26:39.272932 | Iteration 130: similarity = 3.93e-01, loss = 7.88e-02, dice = 7.51e-01
2024-05-19 12:26:41.148678 | Iteration 131: similarity = 3.94e-01, loss = 7.81e-02, dice = 7.51e-01
2024-05-19 12:26:43.034077 | Iteration 132: similarity = 3.94e-01, loss = 7.64e-02, dice = 7.50e-01
2024-05-19 12:26:44.876135 | Iteration 133: similarity = 3.94e-01, loss = 7.56e-02, dice = 7.50e-01
2024-05-19 12:26:46.750416 | Iteration 134: similarity = 3.95e-01, loss = 7.44e-02, dice = 7.50e-01
2024-05-19 12:26:48.597001 | Iteration 135: similarity = 3.95e-01, loss = 7.34e-02, dice = 7.50e-01
2024-05-19 12:26:50.468963 | Iteration 136: similarity = 3.95e-01, loss = 7.15e-02, dice = 7.50e-01
2024-05-19 12:26:52.353522 | Iteration 137: similarity = 3.95e-01, loss = 7.07e-02, dice = 7.50e-01
2024-05-19 12:26:54.226135 | Iteration 138: similarity = 3.96e-01, loss = 6.90e-02, dice = 7.50e-01
2024-05-19 12:26:56.092186 | Iteration 139: similarity = 3.96e-01, loss = 6.83e-02, dice = 7.49e-01
2024-05-19 12:26:57.956313 | Iteration 140: similarity = 3.96e-01, loss = 6.68e-02, dice = 7.50e-01
2024-05-19 12:26:59.818138 | Iteration 141: similarity = 3.96e-01, loss = 6.58e-02, dice = 7.50e-01
2024-05-19 12:27:01.693015 | Iteration 142: similarity = 3.97e-01, loss = 6.43e-02, dice = 7.49e-01
2024-05-19 12:27:03.566538 | Iteration 143: similarity = 3.97e-01, loss = 6.30e-02, dice = 7.49e-01
2024-05-19 12:27:05.450138 | Iteration 144: similarity = 3.97e-01, loss = 6.17e-02, dice = 7.49e-01
2024-05-19 12:27:07.318354 | Iteration 145: similarity = 3.97e-01, loss = 6.08e-02, dice = 7.49e-01
2024-05-19 12:27:09.189771 | Iteration 146: similarity = 3.98e-01, loss = 5.92e-02, dice = 7.49e-01
2024-05-19 12:27:11.064729 | Iteration 147: similarity = 3.98e-01, loss = 5.82e-02, dice = 7.49e-01
2024-05-19 12:27:12.960152 | Iteration 148: similarity = 3.98e-01, loss = 5.66e-02, dice = 7.49e-01
2024-05-19 12:27:14.833864 | Iteration 149: similarity = 3.98e-01, loss = 5.57e-02, dice = 7.49e-01
2024-05-19 12:27:16.700779 | Iteration 150: similarity = 3.98e-01, loss = 5.38e-02, dice = 7.49e-01
2024-05-19 12:27:18.566149 | Iteration 151: similarity = 3.99e-01, loss = 5.32e-02, dice = 7.48e-01
2024-05-19 12:27:20.443852 | Iteration 152: similarity = 3.99e-01, loss = 5.15e-02, dice = 7.49e-01
2024-05-19 12:27:22.310131 | Iteration 153: similarity = 3.99e-01, loss = 5.08e-02, dice = 7.48e-01
2024-05-19 12:27:24.173807 | Iteration 154: similarity = 3.99e-01, loss = 4.89e-02, dice = 7.48e-01
2024-05-19 12:27:26.048094 | Iteration 155: similarity = 4.00e-01, loss = 4.83e-02, dice = 7.48e-01
2024-05-19 12:27:27.909285 | Iteration 156: similarity = 4.00e-01, loss = 4.64e-02, dice = 7.48e-01
2024-05-19 12:27:29.802703 | Iteration 157: similarity = 4.00e-01, loss = 4.58e-02, dice = 7.48e-01
2024-05-19 12:27:31.665779 | Iteration 158: similarity = 4.00e-01, loss = 4.38e-02, dice = 7.47e-01
2024-05-19 12:27:33.559331 | Iteration 159: similarity = 4.00e-01, loss = 4.33e-02, dice = 7.48e-01
2024-05-19 12:27:35.434618 | Iteration 160: similarity = 4.01e-01, loss = 4.12e-02, dice = 7.47e-01
2024-05-19 12:27:37.303493 | Iteration 161: similarity = 4.01e-01, loss = 4.08e-02, dice = 7.48e-01
2024-05-19 12:27:39.165259 | Iteration 162: similarity = 4.01e-01, loss = 3.86e-02, dice = 7.47e-01
2024-05-19 12:27:41.058047 | Iteration 163: similarity = 4.01e-01, loss = 3.82e-02, dice = 7.47e-01
2024-05-19 12:27:42.956382 | Iteration 164: similarity = 4.01e-01, loss = 3.61e-02, dice = 7.47e-01
2024-05-19 12:27:44.826186 | Iteration 165: similarity = 4.01e-01, loss = 3.58e-02, dice = 7.48e-01
2024-05-19 12:27:46.696405 | Iteration 166: similarity = 4.02e-01, loss = 3.36e-02, dice = 7.47e-01
2024-05-19 12:27:48.535071 | Iteration 167: similarity = 4.02e-01, loss = 3.32e-02, dice = 7.47e-01
2024-05-19 12:27:50.383853 | Iteration 168: similarity = 4.02e-01, loss = 3.11e-02, dice = 7.47e-01
2024-05-19 12:27:52.260415 | Iteration 169: similarity = 4.02e-01, loss = 3.09e-02, dice = 7.47e-01
2024-05-19 12:27:54.142473 | Iteration 170: similarity = 4.02e-01, loss = 2.88e-02, dice = 7.47e-01
2024-05-19 12:27:56.005435 | Iteration 171: similarity = 4.03e-01, loss = 2.82e-02, dice = 7.46e-01
2024-05-19 12:27:57.873968 | Iteration 172: similarity = 4.03e-01, loss = 2.64e-02, dice = 7.46e-01
2024-05-19 12:27:59.750881 | Iteration 173: similarity = 4.03e-01, loss = 2.56e-02, dice = 7.47e-01
2024-05-19 12:28:01.619989 | Iteration 174: similarity = 4.03e-01, loss = 2.39e-02, dice = 7.46e-01
2024-05-19 12:28:03.483865 | Iteration 175: similarity = 4.03e-01, loss = 2.31e-02, dice = 7.46e-01
2024-05-19 12:28:05.369218 | Iteration 176: similarity = 4.04e-01, loss = 2.13e-02, dice = 7.47e-01
2024-05-19 12:28:07.256608 | Iteration 177: similarity = 4.04e-01, loss = 2.06e-02, dice = 7.47e-01
2024-05-19 12:28:09.121332 | Iteration 178: similarity = 4.04e-01, loss = 1.89e-02, dice = 7.46e-01
2024-05-19 12:28:11.004093 | Iteration 179: similarity = 4.04e-01, loss = 1.81e-02, dice = 7.46e-01
2024-05-19 12:28:12.877365 | Iteration 180: similarity = 4.04e-01, loss = 1.65e-02, dice = 7.46e-01
2024-05-19 12:28:14.738239 | Iteration 181: similarity = 4.04e-01, loss = 1.55e-02, dice = 7.46e-01
2024-05-19 12:28:16.603208 | Iteration 182: similarity = 4.05e-01, loss = 1.40e-02, dice = 7.46e-01
2024-05-19 12:28:18.463519 | Iteration 183: similarity = 4.05e-01, loss = 1.31e-02, dice = 7.46e-01
2024-05-19 12:28:20.332882 | Iteration 184: similarity = 4.05e-01, loss = 1.19e-02, dice = 7.46e-01
2024-05-19 12:28:22.201338 | Iteration 185: similarity = 4.05e-01, loss = 1.05e-02, dice = 7.46e-01
2024-05-19 12:28:24.058056 | Iteration 186: similarity = 4.05e-01, loss = 9.39e-03, dice = 7.45e-01
2024-05-19 12:28:25.890753 | Iteration 187: similarity = 4.05e-01, loss = 7.98e-03, dice = 7.45e-01
2024-05-19 12:28:27.761397 | Iteration 188: similarity = 4.06e-01, loss = 7.11e-03, dice = 7.45e-01
2024-05-19 12:28:29.633271 | Iteration 189: similarity = 4.06e-01, loss = 5.22e-03, dice = 7.45e-01
2024-05-19 12:28:31.530291 | Iteration 190: similarity = 4.06e-01, loss = 4.65e-03, dice = 7.45e-01
2024-05-19 12:28:33.405241 | Iteration 191: similarity = 4.06e-01, loss = 3.05e-03, dice = 7.45e-01
2024-05-19 12:28:35.266440 | Iteration 192: similarity = 4.06e-01, loss = 2.52e-03, dice = 7.46e-01
2024-05-19 12:28:37.135710 | Iteration 193: similarity = 4.06e-01, loss = 3.81e-04, dice = 7.45e-01
2024-05-19 12:28:39.004495 | Iteration 194: similarity = 4.06e-01, loss = 2.31e-04, dice = 7.45e-01
2024-05-19 12:28:40.878792 | Iteration 195: similarity = 4.07e-01, loss = -2.10e-03, dice = 7.45e-01
2024-05-19 12:28:42.759314 | Iteration 196: similarity = 4.07e-01, loss = -2.30e-03, dice = 7.45e-01
2024-05-19 12:28:44.637186 | Iteration 197: similarity = 4.07e-01, loss = -4.73e-03, dice = 7.45e-01
2024-05-19 12:28:46.517480 | Iteration 198: similarity = 4.07e-01, loss = -4.53e-03, dice = 7.44e-01
2024-05-19 12:28:48.384298 | Iteration 199: similarity = 4.07e-01, loss = -6.93e-03, dice = 7.45e-01
2024-05-19 12:28:50.249729 | Iteration 200: similarity = 4.07e-01, loss = -6.91e-03, dice = 7.45e-01
2024-05-19 12:28:50.488805 | [scope plot registration results takes 0.23899292945861816s]
2024-05-19 12:28:51.323918 | Validation: HD [8.018148 ± 1.887841], MSD [0.817116 ± 0.160937], DSC [0.715843 ± 0.099556]
2024-05-19 12:28:51.324641 |          => HD [9.817883 ± 1.189012], MSD [0.766745 ± 0.188140], DSC [0.744767 ± 0.071447]
