====================================================================================================
Logging file for python script in Intensity Distribution.Experiment 1 (Anonymous): Exp1_LIC_GASD
.py
| The recreation of Experiment 1: comparison between LIC and GASD. 
Started at 2024-05-19 19:08:11.169503 with command:
> python Exp1_LIC_GASD.py --exp T1_CTr_GASD_noise_sig0_1
====================================================================================================

2024-05-19 19:08:13.392639 | Iteration 1: similarity = -2.87e-02, loss = 8.58e-02, dice = 5.93e-01
2024-05-19 19:08:15.545776 | Iteration 2: similarity = -2.44e-02, loss = 6.13e-02, dice = 6.11e-01
2024-05-19 19:08:17.649999 | Iteration 3: similarity = -1.60e-02, loss = 4.91e-02, dice = 6.11e-01
2024-05-19 19:08:19.739586 | Iteration 4: similarity = -1.15e-02, loss = 4.55e-02, dice = 6.04e-01
2024-05-19 19:08:21.881345 | Iteration 5: similarity = -1.01e-02, loss = 4.48e-02, dice = 5.99e-01
2024-05-19 19:08:23.959583 | Iteration 6: similarity = -8.29e-03, loss = 4.30e-02, dice = 5.96e-01
2024-05-19 19:08:26.182401 | Iteration 7: similarity = -7.04e-03, loss = 4.14e-02, dice = 5.93e-01
2024-05-19 19:08:28.215512 | Iteration 8: similarity = -6.14e-03, loss = 4.01e-02, dice = 5.91e-01
2024-05-19 19:08:30.506659 | Iteration 9: similarity = -5.56e-03, loss = 3.91e-02, dice = 5.89e-01
2024-05-19 19:08:32.573562 | Iteration 10: similarity = -4.92e-03, loss = 3.80e-02, dice = 5.88e-01
2024-05-19 19:08:34.685510 | Iteration 11: similarity = -4.45e-03, loss = 3.70e-02, dice = 5.87e-01
2024-05-19 19:08:36.888058 | Iteration 12: similarity = -4.14e-03, loss = 3.62e-02, dice = 5.85e-01
2024-05-19 19:08:39.017183 | Iteration 13: similarity = -3.71e-03, loss = 3.52e-02, dice = 5.85e-01
2024-05-19 19:08:41.160062 | Iteration 14: similarity = -3.45e-03, loss = 3.44e-02, dice = 5.85e-01
2024-05-19 19:08:43.113711 | Iteration 15: similarity = -3.18e-03, loss = 3.35e-02, dice = 5.84e-01
2024-05-19 19:08:45.148354 | Iteration 16: similarity = -2.93e-03, loss = 3.26e-02, dice = 5.85e-01
2024-05-19 19:08:47.212555 | Iteration 17: similarity = -2.75e-03, loss = 3.18e-02, dice = 5.85e-01
2024-05-19 19:08:49.274056 | Iteration 18: similarity = -2.55e-03, loss = 3.10e-02, dice = 5.86e-01
2024-05-19 19:08:51.317070 | Iteration 19: similarity = -2.41e-03, loss = 3.02e-02, dice = 5.87e-01
2024-05-19 19:08:53.406269 | Iteration 20: similarity = -2.28e-03, loss = 2.95e-02, dice = 5.88e-01
2024-05-19 19:08:55.407442 | Iteration 21: similarity = -2.12e-03, loss = 2.87e-02, dice = 5.89e-01
2024-05-19 19:08:57.421425 | Iteration 22: similarity = -2.02e-03, loss = 2.80e-02, dice = 5.90e-01
2024-05-19 19:08:59.267515 | Iteration 23: similarity = -1.94e-03, loss = 2.73e-02, dice = 5.91e-01
2024-05-19 19:09:01.043717 | Iteration 24: similarity = -1.85e-03, loss = 2.67e-02, dice = 5.92e-01
2024-05-19 19:09:02.833344 | Iteration 25: similarity = -1.75e-03, loss = 2.60e-02, dice = 5.93e-01
2024-05-19 19:09:04.629998 | Iteration 26: similarity = -1.69e-03, loss = 2.54e-02, dice = 5.94e-01
2024-05-19 19:09:06.465541 | Iteration 27: similarity = -1.62e-03, loss = 2.48e-02, dice = 5.96e-01
2024-05-19 19:09:08.235938 | Iteration 28: similarity = -1.57e-03, loss = 2.42e-02, dice = 5.97e-01
2024-05-19 19:09:10.021474 | Iteration 29: similarity = -1.50e-03, loss = 2.36e-02, dice = 5.98e-01
2024-05-19 19:09:11.786095 | Iteration 30: similarity = -1.45e-03, loss = 2.31e-02, dice = 6.00e-01
2024-05-19 19:09:13.550567 | Iteration 31: similarity = -1.40e-03, loss = 2.26e-02, dice = 6.00e-01
2024-05-19 19:09:15.340477 | Iteration 32: similarity = -1.36e-03, loss = 2.21e-02, dice = 6.01e-01
2024-05-19 19:09:17.139609 | Iteration 33: similarity = -1.32e-03, loss = 2.16e-02, dice = 6.03e-01
2024-05-19 19:09:18.892290 | Iteration 34: similarity = -1.28e-03, loss = 2.12e-02, dice = 6.04e-01
2024-05-19 19:09:20.664907 | Iteration 35: similarity = -1.25e-03, loss = 2.08e-02, dice = 6.05e-01
2024-05-19 19:09:22.462872 | Iteration 36: similarity = -1.22e-03, loss = 2.03e-02, dice = 6.06e-01
2024-05-19 19:09:24.302614 | Iteration 37: similarity = -1.19e-03, loss = 2.00e-02, dice = 6.07e-01
2024-05-19 19:09:26.123064 | Iteration 38: similarity = -1.17e-03, loss = 1.96e-02, dice = 6.08e-01
2024-05-19 19:09:27.913958 | Iteration 39: similarity = -1.14e-03, loss = 1.92e-02, dice = 6.10e-01
2024-05-19 19:09:29.735652 | Iteration 40: similarity = -1.12e-03, loss = 1.89e-02, dice = 6.11e-01
2024-05-19 19:09:31.557149 | Iteration 41: similarity = -1.10e-03, loss = 1.85e-02, dice = 6.12e-01
2024-05-19 19:09:33.439854 | Iteration 42: similarity = -1.08e-03, loss = 1.82e-02, dice = 6.13e-01
2024-05-19 19:09:35.278093 | Iteration 43: similarity = -1.06e-03, loss = 1.79e-02, dice = 6.14e-01
2024-05-19 19:09:37.091031 | Iteration 44: similarity = -1.05e-03, loss = 1.76e-02, dice = 6.15e-01
2024-05-19 19:09:38.943007 | Iteration 45: similarity = -1.03e-03, loss = 1.73e-02, dice = 6.17e-01
2024-05-19 19:09:40.779255 | Iteration 46: similarity = -1.02e-03, loss = 1.71e-02, dice = 6.18e-01
2024-05-19 19:09:42.594672 | Iteration 47: similarity = -1.00e-03, loss = 1.68e-02, dice = 6.19e-01
2024-05-19 19:09:44.407609 | Iteration 48: similarity = -9.87e-04, loss = 1.66e-02, dice = 6.20e-01
2024-05-19 19:09:46.217154 | Iteration 49: similarity = -9.75e-04, loss = 1.63e-02, dice = 6.21e-01
2024-05-19 19:09:48.020790 | Iteration 50: similarity = -9.65e-04, loss = 1.61e-02, dice = 6.23e-01
2024-05-19 19:09:49.831828 | Iteration 51: similarity = -9.53e-04, loss = 1.59e-02, dice = 6.25e-01
2024-05-19 19:09:51.698466 | Iteration 52: similarity = -9.41e-04, loss = 1.56e-02, dice = 6.26e-01
2024-05-19 19:09:53.521783 | Iteration 53: similarity = -9.31e-04, loss = 1.54e-02, dice = 6.27e-01
2024-05-19 19:09:55.365960 | Iteration 54: similarity = -9.19e-04, loss = 1.52e-02, dice = 6.29e-01
2024-05-19 19:09:57.192495 | Iteration 55: similarity = -9.10e-04, loss = 1.50e-02, dice = 6.30e-01
2024-05-19 19:09:58.989608 | Iteration 56: similarity = -9.02e-04, loss = 1.48e-02, dice = 6.31e-01
2024-05-19 19:10:00.793348 | Iteration 57: similarity = -8.93e-04, loss = 1.46e-02, dice = 6.32e-01
2024-05-19 19:10:02.593755 | Iteration 58: similarity = -8.85e-04, loss = 1.45e-02, dice = 6.34e-01
2024-05-19 19:10:04.392028 | Iteration 59: similarity = -8.78e-04, loss = 1.43e-02, dice = 6.35e-01
2024-05-19 19:10:06.194232 | Iteration 60: similarity = -8.70e-04, loss = 1.41e-02, dice = 6.36e-01
2024-05-19 19:10:08.013034 | Iteration 61: similarity = -8.63e-04, loss = 1.40e-02, dice = 6.37e-01
2024-05-19 19:10:09.810896 | Iteration 62: similarity = -8.56e-04, loss = 1.38e-02, dice = 6.38e-01
2024-05-19 19:10:11.599595 | Iteration 63: similarity = -8.48e-04, loss = 1.37e-02, dice = 6.40e-01
2024-05-19 19:10:13.470635 | Iteration 64: similarity = -8.43e-04, loss = 1.35e-02, dice = 6.41e-01
2024-05-19 19:10:15.281600 | Iteration 65: similarity = -8.37e-04, loss = 1.34e-02, dice = 6.42e-01
2024-05-19 19:10:17.100092 | Iteration 66: similarity = -8.33e-04, loss = 1.32e-02, dice = 6.44e-01
2024-05-19 19:10:18.936244 | Iteration 67: similarity = -8.25e-04, loss = 1.31e-02, dice = 6.45e-01
2024-05-19 19:10:20.765449 | Iteration 68: similarity = -8.21e-04, loss = 1.30e-02, dice = 6.46e-01
2024-05-19 19:10:22.694274 | Iteration 69: similarity = -8.13e-04, loss = 1.28e-02, dice = 6.47e-01
2024-05-19 19:10:24.526453 | Iteration 70: similarity = -8.07e-04, loss = 1.27e-02, dice = 6.48e-01
2024-05-19 19:10:26.363432 | Iteration 71: similarity = -8.02e-04, loss = 1.26e-02, dice = 6.49e-01
2024-05-19 19:10:28.168627 | Iteration 72: similarity = -7.97e-04, loss = 1.25e-02, dice = 6.50e-01
2024-05-19 19:10:29.967498 | Iteration 73: similarity = -7.92e-04, loss = 1.24e-02, dice = 6.51e-01
2024-05-19 19:10:31.767032 | Iteration 74: similarity = -7.87e-04, loss = 1.23e-02, dice = 6.52e-01
2024-05-19 19:10:33.664339 | Iteration 75: similarity = -7.83e-04, loss = 1.21e-02, dice = 6.53e-01
2024-05-19 19:10:35.752516 | Iteration 76: similarity = -7.78e-04, loss = 1.20e-02, dice = 6.54e-01
2024-05-19 19:10:37.856307 | Iteration 77: similarity = -7.75e-04, loss = 1.19e-02, dice = 6.55e-01
2024-05-19 19:10:39.841574 | Iteration 78: similarity = -7.70e-04, loss = 1.18e-02, dice = 6.56e-01
2024-05-19 19:10:41.969077 | Iteration 79: similarity = -7.68e-04, loss = 1.17e-02, dice = 6.57e-01
2024-05-19 19:10:44.016508 | Iteration 80: similarity = -7.64e-04, loss = 1.16e-02, dice = 6.58e-01
2024-05-19 19:10:45.956700 | Iteration 81: similarity = -7.61e-04, loss = 1.16e-02, dice = 6.58e-01
2024-05-19 19:10:47.776523 | Iteration 82: similarity = -7.58e-04, loss = 1.15e-02, dice = 6.59e-01
2024-05-19 19:10:49.564089 | Iteration 83: similarity = -7.55e-04, loss = 1.14e-02, dice = 6.59e-01
2024-05-19 19:10:51.404831 | Iteration 84: similarity = -7.52e-04, loss = 1.13e-02, dice = 6.60e-01
2024-05-19 19:10:53.247113 | Iteration 85: similarity = -7.49e-04, loss = 1.12e-02, dice = 6.61e-01
2024-05-19 19:10:55.065029 | Iteration 86: similarity = -7.45e-04, loss = 1.11e-02, dice = 6.62e-01
2024-05-19 19:10:56.878624 | Iteration 87: similarity = -7.43e-04, loss = 1.10e-02, dice = 6.62e-01
2024-05-19 19:10:58.711498 | Iteration 88: similarity = -7.40e-04, loss = 1.10e-02, dice = 6.63e-01
2024-05-19 19:11:00.544922 | Iteration 89: similarity = -7.37e-04, loss = 1.09e-02, dice = 6.63e-01
2024-05-19 19:11:02.427537 | Iteration 90: similarity = -7.33e-04, loss = 1.08e-02, dice = 6.64e-01
2024-05-19 19:11:04.346025 | Iteration 91: similarity = -7.30e-04, loss = 1.07e-02, dice = 6.65e-01
2024-05-19 19:11:06.452177 | Iteration 92: similarity = -7.27e-04, loss = 1.06e-02, dice = 6.65e-01
2024-05-19 19:11:08.730264 | Iteration 93: similarity = -7.25e-04, loss = 1.06e-02, dice = 6.66e-01
2024-05-19 19:11:10.863564 | Iteration 94: similarity = -7.22e-04, loss = 1.05e-02, dice = 6.67e-01
2024-05-19 19:11:13.226549 | Iteration 95: similarity = -7.19e-04, loss = 1.04e-02, dice = 6.68e-01
2024-05-19 19:11:15.392040 | Iteration 96: similarity = -7.17e-04, loss = 1.04e-02, dice = 6.68e-01
2024-05-19 19:11:17.715491 | Iteration 97: similarity = -7.15e-04, loss = 1.03e-02, dice = 6.69e-01
2024-05-19 19:11:19.804926 | Iteration 98: similarity = -7.12e-04, loss = 1.02e-02, dice = 6.70e-01
2024-05-19 19:11:21.974453 | Iteration 99: similarity = -7.09e-04, loss = 1.01e-02, dice = 6.71e-01
2024-05-19 19:11:24.188103 | Iteration 100: similarity = -7.07e-04, loss = 1.01e-02, dice = 6.71e-01
2024-05-19 19:11:26.294588 | Iteration 101: similarity = -7.05e-04, loss = 1.00e-02, dice = 6.72e-01
2024-05-19 19:11:28.347971 | Iteration 102: similarity = -7.03e-04, loss = 9.95e-03, dice = 6.73e-01
2024-05-19 19:11:30.662218 | Iteration 103: similarity = -7.00e-04, loss = 9.89e-03, dice = 6.73e-01
2024-05-19 19:11:32.804937 | Iteration 104: similarity = -6.97e-04, loss = 9.82e-03, dice = 6.74e-01
2024-05-19 19:11:34.990129 | Iteration 105: similarity = -6.94e-04, loss = 9.76e-03, dice = 6.74e-01
2024-05-19 19:11:37.322613 | Iteration 106: similarity = -6.92e-04, loss = 9.70e-03, dice = 6.75e-01
2024-05-19 19:11:39.447837 | Iteration 107: similarity = -6.91e-04, loss = 9.64e-03, dice = 6.76e-01
2024-05-19 19:11:41.733723 | Iteration 108: similarity = -6.88e-04, loss = 9.58e-03, dice = 6.77e-01
2024-05-19 19:11:43.892501 | Iteration 109: similarity = -6.86e-04, loss = 9.53e-03, dice = 6.77e-01
2024-05-19 19:11:46.116751 | Iteration 110: similarity = -6.85e-04, loss = 9.47e-03, dice = 6.78e-01
2024-05-19 19:11:48.437255 | Iteration 111: similarity = -6.83e-04, loss = 9.41e-03, dice = 6.79e-01
2024-05-19 19:11:50.582927 | Iteration 112: similarity = -6.81e-04, loss = 9.35e-03, dice = 6.79e-01
2024-05-19 19:11:52.877694 | Iteration 113: similarity = -6.79e-04, loss = 9.30e-03, dice = 6.79e-01
2024-05-19 19:11:55.035384 | Iteration 114: similarity = -6.76e-04, loss = 9.25e-03, dice = 6.80e-01
2024-05-19 19:11:57.265185 | Iteration 115: similarity = -6.75e-04, loss = 9.20e-03, dice = 6.80e-01
2024-05-19 19:11:59.411809 | Iteration 116: similarity = -6.74e-04, loss = 9.14e-03, dice = 6.82e-01
2024-05-19 19:12:01.691543 | Iteration 117: similarity = -6.72e-04, loss = 9.09e-03, dice = 6.82e-01
2024-05-19 19:12:03.822352 | Iteration 118: similarity = -6.70e-04, loss = 9.04e-03, dice = 6.82e-01
2024-05-19 19:12:06.039326 | Iteration 119: similarity = -6.69e-04, loss = 8.99e-03, dice = 6.82e-01
2024-05-19 19:12:08.268212 | Iteration 120: similarity = -6.68e-04, loss = 8.94e-03, dice = 6.83e-01
2024-05-19 19:12:10.448887 | Iteration 121: similarity = -6.65e-04, loss = 8.89e-03, dice = 6.84e-01
2024-05-19 19:12:12.772854 | Iteration 122: similarity = -6.63e-04, loss = 8.84e-03, dice = 6.85e-01
2024-05-19 19:12:14.915589 | Iteration 123: similarity = -6.63e-04, loss = 8.80e-03, dice = 6.85e-01
2024-05-19 19:12:17.286444 | Iteration 124: similarity = -6.61e-04, loss = 8.75e-03, dice = 6.85e-01
2024-05-19 19:12:19.469449 | Iteration 125: similarity = -6.59e-04, loss = 8.71e-03, dice = 6.85e-01
2024-05-19 19:12:21.827157 | Iteration 126: similarity = -6.58e-04, loss = 8.66e-03, dice = 6.86e-01
2024-05-19 19:12:24.097667 | Iteration 127: similarity = -6.57e-04, loss = 8.62e-03, dice = 6.87e-01
2024-05-19 19:12:26.455028 | Iteration 128: similarity = -6.55e-04, loss = 8.57e-03, dice = 6.87e-01
2024-05-19 19:12:28.704180 | Iteration 129: similarity = -6.53e-04, loss = 8.53e-03, dice = 6.88e-01
2024-05-19 19:12:31.008809 | Iteration 130: similarity = -6.52e-04, loss = 8.48e-03, dice = 6.88e-01
2024-05-19 19:12:33.226962 | Iteration 131: similarity = -6.51e-04, loss = 8.44e-03, dice = 6.89e-01
2024-05-19 19:12:35.509531 | Iteration 132: similarity = -6.49e-04, loss = 8.40e-03, dice = 6.89e-01
2024-05-19 19:12:37.773844 | Iteration 133: similarity = -6.48e-04, loss = 8.36e-03, dice = 6.89e-01
2024-05-19 19:12:39.974875 | Iteration 134: similarity = -6.47e-04, loss = 8.31e-03, dice = 6.90e-01
2024-05-19 19:12:42.243297 | Iteration 135: similarity = -6.46e-04, loss = 8.28e-03, dice = 6.90e-01
2024-05-19 19:12:44.396169 | Iteration 136: similarity = -6.44e-04, loss = 8.23e-03, dice = 6.90e-01
2024-05-19 19:12:46.512851 | Iteration 137: similarity = -6.43e-04, loss = 8.20e-03, dice = 6.91e-01
2024-05-19 19:12:48.817497 | Iteration 138: similarity = -6.42e-04, loss = 8.15e-03, dice = 6.91e-01
2024-05-19 19:12:50.996415 | Iteration 139: similarity = -6.41e-04, loss = 8.12e-03, dice = 6.92e-01
2024-05-19 19:12:53.196210 | Iteration 140: similarity = -6.39e-04, loss = 8.08e-03, dice = 6.92e-01
2024-05-19 19:12:55.526357 | Iteration 141: similarity = -6.38e-04, loss = 8.05e-03, dice = 6.92e-01
2024-05-19 19:12:57.626697 | Iteration 142: similarity = -6.37e-04, loss = 8.00e-03, dice = 6.93e-01
2024-05-19 19:12:59.913677 | Iteration 143: similarity = -6.36e-04, loss = 7.98e-03, dice = 6.94e-01
2024-05-19 19:13:02.115389 | Iteration 144: similarity = -6.34e-04, loss = 7.93e-03, dice = 6.94e-01
2024-05-19 19:13:04.467727 | Iteration 145: similarity = -6.33e-04, loss = 7.90e-03, dice = 6.95e-01
2024-05-19 19:13:06.727326 | Iteration 146: similarity = -6.33e-04, loss = 7.86e-03, dice = 6.95e-01
2024-05-19 19:13:08.838858 | Iteration 147: similarity = -6.30e-04, loss = 7.83e-03, dice = 6.95e-01
2024-05-19 19:13:10.971733 | Iteration 148: similarity = -6.29e-04, loss = 7.79e-03, dice = 6.95e-01
2024-05-19 19:13:13.113796 | Iteration 149: similarity = -6.28e-04, loss = 7.77e-03, dice = 6.95e-01
2024-05-19 19:13:15.289652 | Iteration 150: similarity = -6.28e-04, loss = 7.72e-03, dice = 6.96e-01
2024-05-19 19:13:17.465017 | Iteration 151: similarity = -6.27e-04, loss = 7.70e-03, dice = 6.96e-01
2024-05-19 19:13:19.674957 | Iteration 152: similarity = -6.26e-04, loss = 7.66e-03, dice = 6.97e-01
2024-05-19 19:13:21.744894 | Iteration 153: similarity = -6.25e-04, loss = 7.63e-03, dice = 6.97e-01
2024-05-19 19:13:23.836522 | Iteration 154: similarity = -6.25e-04, loss = 7.59e-03, dice = 6.97e-01
2024-05-19 19:13:25.876607 | Iteration 155: similarity = -6.24e-04, loss = 7.57e-03, dice = 6.97e-01
2024-05-19 19:13:27.992373 | Iteration 156: similarity = -6.23e-04, loss = 7.53e-03, dice = 6.98e-01
2024-05-19 19:13:30.027623 | Iteration 157: similarity = -6.22e-04, loss = 7.51e-03, dice = 6.98e-01
2024-05-19 19:13:32.279887 | Iteration 158: similarity = -6.22e-04, loss = 7.47e-03, dice = 6.98e-01
2024-05-19 19:13:34.425747 | Iteration 159: similarity = -6.21e-04, loss = 7.45e-03, dice = 6.98e-01
2024-05-19 19:13:36.535221 | Iteration 160: similarity = -6.20e-04, loss = 7.42e-03, dice = 6.98e-01
2024-05-19 19:13:38.690138 | Iteration 161: similarity = -6.19e-04, loss = 7.39e-03, dice = 6.99e-01
2024-05-19 19:13:40.729460 | Iteration 162: similarity = -6.18e-04, loss = 7.36e-03, dice = 6.99e-01
2024-05-19 19:13:42.869537 | Iteration 163: similarity = -6.17e-04, loss = 7.33e-03, dice = 7.00e-01
2024-05-19 19:13:44.905270 | Iteration 164: similarity = -6.16e-04, loss = 7.30e-03, dice = 7.00e-01
2024-05-19 19:13:46.991910 | Iteration 165: similarity = -6.15e-04, loss = 7.27e-03, dice = 7.00e-01
2024-05-19 19:13:49.038272 | Iteration 166: similarity = -6.14e-04, loss = 7.24e-03, dice = 7.00e-01
2024-05-19 19:13:51.275214 | Iteration 167: similarity = -6.14e-04, loss = 7.22e-03, dice = 7.00e-01
2024-05-19 19:13:53.328009 | Iteration 168: similarity = -6.12e-04, loss = 7.19e-03, dice = 7.00e-01
2024-05-19 19:13:55.428787 | Iteration 169: similarity = -6.12e-04, loss = 7.16e-03, dice = 7.01e-01
2024-05-19 19:13:57.651037 | Iteration 170: similarity = -6.10e-04, loss = 7.13e-03, dice = 7.01e-01
2024-05-19 19:13:59.667525 | Iteration 171: similarity = -6.10e-04, loss = 7.11e-03, dice = 7.01e-01
2024-05-19 19:14:01.757093 | Iteration 172: similarity = -6.09e-04, loss = 7.08e-03, dice = 7.02e-01
2024-05-19 19:14:03.953969 | Iteration 173: similarity = -6.09e-04, loss = 7.06e-03, dice = 7.02e-01
2024-05-19 19:14:06.026303 | Iteration 174: similarity = -6.08e-04, loss = 7.03e-03, dice = 7.02e-01
2024-05-19 19:14:08.036202 | Iteration 175: similarity = -6.08e-04, loss = 7.01e-03, dice = 7.02e-01
2024-05-19 19:14:10.238001 | Iteration 176: similarity = -6.06e-04, loss = 6.98e-03, dice = 7.02e-01
2024-05-19 19:14:12.288737 | Iteration 177: similarity = -6.06e-04, loss = 6.96e-03, dice = 7.02e-01
2024-05-19 19:14:14.558347 | Iteration 178: similarity = -6.06e-04, loss = 6.93e-03, dice = 7.03e-01
2024-05-19 19:14:16.640335 | Iteration 179: similarity = -6.05e-04, loss = 6.91e-03, dice = 7.03e-01
2024-05-19 19:14:18.770657 | Iteration 180: similarity = -6.04e-04, loss = 6.88e-03, dice = 7.03e-01
2024-05-19 19:14:20.901733 | Iteration 181: similarity = -6.04e-04, loss = 6.86e-03, dice = 7.03e-01
2024-05-19 19:14:22.928087 | Iteration 182: similarity = -6.03e-04, loss = 6.83e-03, dice = 7.03e-01
2024-05-19 19:14:25.124710 | Iteration 183: similarity = -6.04e-04, loss = 6.81e-03, dice = 7.04e-01
2024-05-19 19:14:27.166790 | Iteration 184: similarity = -6.03e-04, loss = 6.79e-03, dice = 7.03e-01
2024-05-19 19:14:29.394203 | Iteration 185: similarity = -6.02e-04, loss = 6.76e-03, dice = 7.04e-01
2024-05-19 19:14:31.484754 | Iteration 186: similarity = -6.02e-04, loss = 6.74e-03, dice = 7.04e-01
2024-05-19 19:14:33.647637 | Iteration 187: similarity = -6.01e-04, loss = 6.72e-03, dice = 7.04e-01
2024-05-19 19:14:35.710075 | Iteration 188: similarity = -6.00e-04, loss = 6.69e-03, dice = 7.05e-01
2024-05-19 19:14:37.815693 | Iteration 189: similarity = -6.00e-04, loss = 6.67e-03, dice = 7.04e-01
2024-05-19 19:14:39.948063 | Iteration 190: similarity = -5.99e-04, loss = 6.65e-03, dice = 7.05e-01
2024-05-19 19:14:41.971362 | Iteration 191: similarity = -5.98e-04, loss = 6.63e-03, dice = 7.05e-01
2024-05-19 19:14:44.193590 | Iteration 192: similarity = -5.98e-04, loss = 6.60e-03, dice = 7.05e-01
2024-05-19 19:14:46.291721 | Iteration 193: similarity = -5.97e-04, loss = 6.59e-03, dice = 7.05e-01
2024-05-19 19:14:48.410970 | Iteration 194: similarity = -5.96e-04, loss = 6.56e-03, dice = 7.05e-01
2024-05-19 19:14:50.523881 | Iteration 195: similarity = -5.96e-04, loss = 6.54e-03, dice = 7.05e-01
2024-05-19 19:14:52.601853 | Iteration 196: similarity = -5.95e-04, loss = 6.52e-03, dice = 7.05e-01
2024-05-19 19:14:54.670413 | Iteration 197: similarity = -5.95e-04, loss = 6.50e-03, dice = 7.06e-01
2024-05-19 19:14:56.821479 | Iteration 198: similarity = -5.94e-04, loss = 6.48e-03, dice = 7.06e-01
2024-05-19 19:14:58.926354 | Iteration 199: similarity = -5.94e-04, loss = 6.46e-03, dice = 7.06e-01
2024-05-19 19:15:01.062512 | Iteration 200: similarity = -5.93e-04, loss = 6.43e-03, dice = 7.06e-01
2024-05-19 19:15:01.323906 | [scope plot registration results takes 0.2612919807434082s]
2024-05-19 19:15:02.474436 | Validation: HD [8.018148 ± 1.887841], MSD [0.817116 ± 0.160937], DSC [0.715843 ± 0.099556]
2024-05-19 19:15:02.475300 |          => HD [23.632906 ± 4.028473], MSD [0.892752 ± 0.206168], DSC [0.705791 ± 0.114818]
