====================================================================================================
Logging file for python script in Intensity Distribution.Experiment 1 (Anonymous): Exp1_LIC_GASD
.py
| The recreation of Experiment 1: comparison between LIC and GASD. 
Started at 2024-05-19 02:46:11.188296 with command:
> python Exp1_LIC_GASD.py --exp T2_NVI_local
====================================================================================================

2024-05-19 02:46:12.496590 | Iteration 1: similarity = 1.25e-01, loss = 5.58e+00, dice = 5.93e-01
2024-05-19 02:46:13.682340 | Iteration 2: similarity = 1.30e-01, loss = 4.23e+00, dice = 6.19e-01
2024-05-19 02:46:14.862708 | Iteration 3: similarity = 1.39e-01, loss = 3.54e+00, dice = 6.40e-01
2024-05-19 02:46:16.030827 | Iteration 4: similarity = 1.48e-01, loss = 2.84e+00, dice = 6.62e-01
2024-05-19 02:46:17.223704 | Iteration 5: similarity = 1.54e-01, loss = 2.61e+00, dice = 6.75e-01
2024-05-19 02:46:18.415281 | Iteration 6: similarity = 1.61e-01, loss = 2.36e+00, dice = 6.84e-01
2024-05-19 02:46:19.598571 | Iteration 7: similarity = 1.68e-01, loss = 2.13e+00, dice = 6.93e-01
2024-05-19 02:46:20.778557 | Iteration 8: similarity = 1.74e-01, loss = 1.92e+00, dice = 7.02e-01
2024-05-19 02:46:21.967596 | Iteration 9: similarity = 1.80e-01, loss = 1.74e+00, dice = 7.11e-01
2024-05-19 02:46:23.143056 | Iteration 10: similarity = 1.85e-01, loss = 1.58e+00, dice = 7.18e-01
2024-05-19 02:46:24.323016 | Iteration 11: similarity = 1.90e-01, loss = 1.44e+00, dice = 7.26e-01
2024-05-19 02:46:25.498465 | Iteration 12: similarity = 1.94e-01, loss = 1.32e+00, dice = 7.32e-01
2024-05-19 02:46:26.686847 | Iteration 13: similarity = 1.98e-01, loss = 1.21e+00, dice = 7.38e-01
2024-05-19 02:46:27.851789 | Iteration 14: similarity = 2.02e-01, loss = 1.11e+00, dice = 7.42e-01
2024-05-19 02:46:29.021099 | Iteration 15: similarity = 2.06e-01, loss = 1.02e+00, dice = 7.47e-01
2024-05-19 02:46:30.208099 | Iteration 16: similarity = 2.10e-01, loss = 9.42e-01, dice = 7.51e-01
2024-05-19 02:46:31.384174 | Iteration 17: similarity = 2.13e-01, loss = 8.65e-01, dice = 7.56e-01
2024-05-19 02:46:32.558938 | Iteration 18: similarity = 2.16e-01, loss = 7.94e-01, dice = 7.60e-01
2024-05-19 02:46:33.740319 | Iteration 19: similarity = 2.19e-01, loss = 7.30e-01, dice = 7.64e-01
2024-05-19 02:46:34.919657 | Iteration 20: similarity = 2.21e-01, loss = 6.73e-01, dice = 7.68e-01
2024-05-19 02:46:36.101922 | Iteration 21: similarity = 2.24e-01, loss = 6.18e-01, dice = 7.72e-01
2024-05-19 02:46:37.279942 | Iteration 22: similarity = 2.26e-01, loss = 5.69e-01, dice = 7.74e-01
2024-05-19 02:46:38.476263 | Iteration 23: similarity = 2.29e-01, loss = 5.24e-01, dice = 7.77e-01
2024-05-19 02:46:39.678778 | Iteration 24: similarity = 2.31e-01, loss = 4.82e-01, dice = 7.81e-01
2024-05-19 02:46:40.868895 | Iteration 25: similarity = 2.32e-01, loss = 4.44e-01, dice = 7.84e-01
2024-05-19 02:46:42.045960 | Iteration 26: similarity = 2.34e-01, loss = 4.10e-01, dice = 7.87e-01
2024-05-19 02:46:43.225459 | Iteration 27: similarity = 2.36e-01, loss = 3.79e-01, dice = 7.90e-01
2024-05-19 02:46:44.403241 | Iteration 28: similarity = 2.37e-01, loss = 3.51e-01, dice = 7.93e-01
2024-05-19 02:46:45.587017 | Iteration 29: similarity = 2.38e-01, loss = 3.26e-01, dice = 7.96e-01
2024-05-19 02:46:46.773650 | Iteration 30: similarity = 2.40e-01, loss = 3.04e-01, dice = 7.98e-01
2024-05-19 02:46:47.954719 | Iteration 31: similarity = 2.41e-01, loss = 2.84e-01, dice = 8.01e-01
2024-05-19 02:46:49.135239 | Iteration 32: similarity = 2.42e-01, loss = 2.66e-01, dice = 8.04e-01
2024-05-19 02:46:50.323914 | Iteration 33: similarity = 2.43e-01, loss = 2.51e-01, dice = 8.06e-01
2024-05-19 02:46:51.511063 | Iteration 34: similarity = 2.44e-01, loss = 2.39e-01, dice = 8.09e-01
2024-05-19 02:46:52.699212 | Iteration 35: similarity = 2.44e-01, loss = 2.28e-01, dice = 8.12e-01
2024-05-19 02:46:53.877253 | Iteration 36: similarity = 2.45e-01, loss = 2.18e-01, dice = 8.14e-01
2024-05-19 02:46:55.051009 | Iteration 37: similarity = 2.46e-01, loss = 2.10e-01, dice = 8.16e-01
2024-05-19 02:46:56.218252 | Iteration 38: similarity = 2.46e-01, loss = 2.03e-01, dice = 8.18e-01
2024-05-19 02:46:57.396745 | Iteration 39: similarity = 2.47e-01, loss = 1.98e-01, dice = 8.21e-01
2024-05-19 02:46:58.590485 | Iteration 40: similarity = 2.47e-01, loss = 1.93e-01, dice = 8.23e-01
2024-05-19 02:46:59.769415 | Iteration 41: similarity = 2.48e-01, loss = 1.90e-01, dice = 8.24e-01
2024-05-19 02:47:00.950689 | Iteration 42: similarity = 2.48e-01, loss = 1.88e-01, dice = 8.26e-01
2024-05-19 02:47:02.139767 | Iteration 43: similarity = 2.48e-01, loss = 1.85e-01, dice = 8.27e-01
2024-05-19 02:47:03.327814 | Iteration 44: similarity = 2.49e-01, loss = 1.84e-01, dice = 8.29e-01
2024-05-19 02:47:04.513152 | Iteration 45: similarity = 2.49e-01, loss = 1.83e-01, dice = 8.30e-01
2024-05-19 02:47:05.703920 | Iteration 46: similarity = 2.49e-01, loss = 1.83e-01, dice = 8.31e-01
2024-05-19 02:47:06.885958 | Iteration 47: similarity = 2.50e-01, loss = 1.83e-01, dice = 8.33e-01
2024-05-19 02:47:08.082410 | Iteration 48: similarity = 2.50e-01, loss = 1.83e-01, dice = 8.35e-01
2024-05-19 02:47:09.274694 | Iteration 49: similarity = 2.50e-01, loss = 1.84e-01, dice = 8.35e-01
2024-05-19 02:47:10.455244 | Iteration 50: similarity = 2.51e-01, loss = 1.84e-01, dice = 8.36e-01
2024-05-19 02:47:11.620344 | Iteration 51: similarity = 2.51e-01, loss = 1.85e-01, dice = 8.37e-01
2024-05-19 02:47:12.796777 | Iteration 52: similarity = 2.51e-01, loss = 1.86e-01, dice = 8.39e-01
2024-05-19 02:47:13.969093 | Iteration 53: similarity = 2.51e-01, loss = 1.88e-01, dice = 8.40e-01
2024-05-19 02:47:15.139822 | Iteration 54: similarity = 2.51e-01, loss = 1.89e-01, dice = 8.41e-01
2024-05-19 02:47:16.306338 | Iteration 55: similarity = 2.52e-01, loss = 1.90e-01, dice = 8.42e-01
2024-05-19 02:47:17.471379 | Iteration 56: similarity = 2.52e-01, loss = 1.92e-01, dice = 8.43e-01
2024-05-19 02:47:18.658830 | Iteration 57: similarity = 2.52e-01, loss = 1.93e-01, dice = 8.43e-01
2024-05-19 02:47:19.841480 | Iteration 58: similarity = 2.52e-01, loss = 1.95e-01, dice = 8.44e-01
2024-05-19 02:47:21.015437 | Iteration 59: similarity = 2.52e-01, loss = 1.96e-01, dice = 8.44e-01
2024-05-19 02:47:22.186563 | Iteration 60: similarity = 2.52e-01, loss = 1.98e-01, dice = 8.46e-01
2024-05-19 02:47:23.363282 | Iteration 61: similarity = 2.53e-01, loss = 2.00e-01, dice = 8.46e-01
2024-05-19 02:47:24.542799 | Iteration 62: similarity = 2.53e-01, loss = 2.01e-01, dice = 8.47e-01
2024-05-19 02:47:25.718367 | Iteration 63: similarity = 2.53e-01, loss = 2.03e-01, dice = 8.47e-01
2024-05-19 02:47:26.906307 | Iteration 64: similarity = 2.53e-01, loss = 2.05e-01, dice = 8.47e-01
2024-05-19 02:47:28.079608 | Iteration 65: similarity = 2.53e-01, loss = 2.06e-01, dice = 8.48e-01
2024-05-19 02:47:29.245330 | Iteration 66: similarity = 2.53e-01, loss = 2.08e-01, dice = 8.49e-01
2024-05-19 02:47:30.421323 | Iteration 67: similarity = 2.53e-01, loss = 2.10e-01, dice = 8.48e-01
2024-05-19 02:47:31.593836 | Iteration 68: similarity = 2.54e-01, loss = 2.12e-01, dice = 8.49e-01
2024-05-19 02:47:32.775392 | Iteration 69: similarity = 2.54e-01, loss = 2.13e-01, dice = 8.49e-01
2024-05-19 02:47:33.956865 | Iteration 70: similarity = 2.54e-01, loss = 2.15e-01, dice = 8.51e-01
2024-05-19 02:47:35.137523 | Iteration 71: similarity = 2.54e-01, loss = 2.16e-01, dice = 8.51e-01
2024-05-19 02:47:36.319948 | Iteration 72: similarity = 2.54e-01, loss = 2.18e-01, dice = 8.52e-01
2024-05-19 02:47:37.489244 | Iteration 73: similarity = 2.54e-01, loss = 2.20e-01, dice = 8.52e-01
2024-05-19 02:47:38.671850 | Iteration 74: similarity = 2.54e-01, loss = 2.21e-01, dice = 8.52e-01
2024-05-19 02:47:39.852460 | Iteration 75: similarity = 2.54e-01, loss = 2.23e-01, dice = 8.51e-01
2024-05-19 02:47:41.044949 | Iteration 76: similarity = 2.54e-01, loss = 2.24e-01, dice = 8.53e-01
2024-05-19 02:47:42.238883 | Iteration 77: similarity = 2.54e-01, loss = 2.25e-01, dice = 8.53e-01
2024-05-19 02:47:43.426224 | Iteration 78: similarity = 2.54e-01, loss = 2.26e-01, dice = 8.53e-01
2024-05-19 02:47:44.619393 | Iteration 79: similarity = 2.54e-01, loss = 2.28e-01, dice = 8.54e-01
2024-05-19 02:47:45.799089 | Iteration 80: similarity = 2.54e-01, loss = 2.28e-01, dice = 8.54e-01
2024-05-19 02:47:46.969681 | Iteration 81: similarity = 2.55e-01, loss = 2.29e-01, dice = 8.55e-01
2024-05-19 02:47:48.155747 | Iteration 82: similarity = 2.55e-01, loss = 2.30e-01, dice = 8.54e-01
2024-05-19 02:47:49.327790 | Iteration 83: similarity = 2.55e-01, loss = 2.31e-01, dice = 8.54e-01
2024-05-19 02:47:50.503518 | Iteration 84: similarity = 2.55e-01, loss = 2.31e-01, dice = 8.54e-01
2024-05-19 02:47:51.666067 | Iteration 85: similarity = 2.55e-01, loss = 2.32e-01, dice = 8.54e-01
2024-05-19 02:47:52.835133 | Iteration 86: similarity = 2.55e-01, loss = 2.32e-01, dice = 8.55e-01
2024-05-19 02:47:53.996978 | Iteration 87: similarity = 2.55e-01, loss = 2.33e-01, dice = 8.55e-01
2024-05-19 02:47:55.173374 | Iteration 88: similarity = 2.55e-01, loss = 2.32e-01, dice = 8.55e-01
2024-05-19 02:47:56.340994 | Iteration 89: similarity = 2.55e-01, loss = 2.33e-01, dice = 8.55e-01
2024-05-19 02:47:57.529750 | Iteration 90: similarity = 2.55e-01, loss = 2.32e-01, dice = 8.56e-01
2024-05-19 02:47:58.723978 | Iteration 91: similarity = 2.55e-01, loss = 2.33e-01, dice = 8.55e-01
2024-05-19 02:47:59.900353 | Iteration 92: similarity = 2.55e-01, loss = 2.32e-01, dice = 8.56e-01
2024-05-19 02:48:01.072402 | Iteration 93: similarity = 2.55e-01, loss = 2.33e-01, dice = 8.57e-01
2024-05-19 02:48:02.263396 | Iteration 94: similarity = 2.55e-01, loss = 2.32e-01, dice = 8.57e-01
2024-05-19 02:48:03.459749 | Iteration 95: similarity = 2.55e-01, loss = 2.32e-01, dice = 8.57e-01
2024-05-19 02:48:04.643972 | Iteration 96: similarity = 2.55e-01, loss = 2.31e-01, dice = 8.57e-01
2024-05-19 02:48:05.844578 | Iteration 97: similarity = 2.55e-01, loss = 2.31e-01, dice = 8.57e-01
2024-05-19 02:48:07.039247 | Iteration 98: similarity = 2.55e-01, loss = 2.31e-01, dice = 8.57e-01
2024-05-19 02:48:08.226317 | Iteration 99: similarity = 2.56e-01, loss = 2.30e-01, dice = 8.58e-01
2024-05-19 02:48:09.416616 | Iteration 100: similarity = 2.56e-01, loss = 2.29e-01, dice = 8.57e-01
2024-05-19 02:48:10.592849 | Iteration 101: similarity = 2.55e-01, loss = 2.29e-01, dice = 8.58e-01
2024-05-19 02:48:11.768781 | Iteration 102: similarity = 2.56e-01, loss = 2.28e-01, dice = 8.58e-01
2024-05-19 02:48:12.946268 | Iteration 103: similarity = 2.56e-01, loss = 2.27e-01, dice = 8.58e-01
2024-05-19 02:48:14.125631 | Iteration 104: similarity = 2.56e-01, loss = 2.27e-01, dice = 8.58e-01
2024-05-19 02:48:15.318072 | Iteration 105: similarity = 2.56e-01, loss = 2.25e-01, dice = 8.58e-01
2024-05-19 02:48:16.502778 | Iteration 106: similarity = 2.56e-01, loss = 2.25e-01, dice = 8.58e-01
2024-05-19 02:48:17.678123 | Iteration 107: similarity = 2.56e-01, loss = 2.24e-01, dice = 8.58e-01
2024-05-19 02:48:18.852415 | Iteration 108: similarity = 2.56e-01, loss = 2.23e-01, dice = 8.59e-01
2024-05-19 02:48:20.019131 | Iteration 109: similarity = 2.56e-01, loss = 2.22e-01, dice = 8.59e-01
2024-05-19 02:48:21.199717 | Iteration 110: similarity = 2.56e-01, loss = 2.22e-01, dice = 8.59e-01
2024-05-19 02:48:22.374752 | Iteration 111: similarity = 2.56e-01, loss = 2.20e-01, dice = 8.59e-01
2024-05-19 02:48:23.526705 | Iteration 112: similarity = 2.56e-01, loss = 2.20e-01, dice = 8.59e-01
2024-05-19 02:48:24.694019 | Iteration 113: similarity = 2.56e-01, loss = 2.18e-01, dice = 8.59e-01
2024-05-19 02:48:25.844428 | Iteration 114: similarity = 2.56e-01, loss = 2.17e-01, dice = 8.59e-01
2024-05-19 02:48:27.031119 | Iteration 115: similarity = 2.56e-01, loss = 2.16e-01, dice = 8.59e-01
2024-05-19 02:48:28.202612 | Iteration 116: similarity = 2.56e-01, loss = 2.15e-01, dice = 8.59e-01
2024-05-19 02:48:29.387267 | Iteration 117: similarity = 2.56e-01, loss = 2.13e-01, dice = 8.59e-01
2024-05-19 02:48:30.569658 | Iteration 118: similarity = 2.56e-01, loss = 2.13e-01, dice = 8.59e-01
2024-05-19 02:48:31.740724 | Iteration 119: similarity = 2.56e-01, loss = 2.11e-01, dice = 8.59e-01
2024-05-19 02:48:32.929702 | Iteration 120: similarity = 2.56e-01, loss = 2.10e-01, dice = 8.60e-01
2024-05-19 02:48:34.103495 | Iteration 121: similarity = 2.56e-01, loss = 2.09e-01, dice = 8.60e-01
2024-05-19 02:48:35.263259 | Iteration 122: similarity = 2.56e-01, loss = 2.07e-01, dice = 8.59e-01
2024-05-19 02:48:36.440028 | Iteration 123: similarity = 2.56e-01, loss = 2.06e-01, dice = 8.59e-01
2024-05-19 02:48:37.641681 | Iteration 124: similarity = 2.56e-01, loss = 2.05e-01, dice = 8.59e-01
2024-05-19 02:48:38.816612 | Iteration 125: similarity = 2.56e-01, loss = 2.04e-01, dice = 8.60e-01
2024-05-19 02:48:39.985944 | Iteration 126: similarity = 2.56e-01, loss = 2.02e-01, dice = 8.59e-01
2024-05-19 02:48:41.146489 | Iteration 127: similarity = 2.56e-01, loss = 2.02e-01, dice = 8.59e-01
2024-05-19 02:48:42.329173 | Iteration 128: similarity = 2.56e-01, loss = 2.00e-01, dice = 8.60e-01
2024-05-19 02:48:43.502461 | Iteration 129: similarity = 2.56e-01, loss = 1.99e-01, dice = 8.60e-01
2024-05-19 02:48:44.678181 | Iteration 130: similarity = 2.56e-01, loss = 1.97e-01, dice = 8.60e-01
2024-05-19 02:48:45.848451 | Iteration 131: similarity = 2.56e-01, loss = 1.97e-01, dice = 8.59e-01
2024-05-19 02:48:47.037386 | Iteration 132: similarity = 2.56e-01, loss = 1.95e-01, dice = 8.60e-01
2024-05-19 02:48:48.222159 | Iteration 133: similarity = 2.56e-01, loss = 1.94e-01, dice = 8.60e-01
2024-05-19 02:48:49.394447 | Iteration 134: similarity = 2.57e-01, loss = 1.92e-01, dice = 8.60e-01
2024-05-19 02:48:50.567341 | Iteration 135: similarity = 2.57e-01, loss = 1.92e-01, dice = 8.60e-01
2024-05-19 02:48:51.743519 | Iteration 136: similarity = 2.57e-01, loss = 1.90e-01, dice = 8.60e-01
2024-05-19 02:48:52.926816 | Iteration 137: similarity = 2.57e-01, loss = 1.89e-01, dice = 8.60e-01
2024-05-19 02:48:54.094937 | Iteration 138: similarity = 2.57e-01, loss = 1.87e-01, dice = 8.60e-01
2024-05-19 02:48:55.267476 | Iteration 139: similarity = 2.57e-01, loss = 1.87e-01, dice = 8.60e-01
2024-05-19 02:48:56.444963 | Iteration 140: similarity = 2.57e-01, loss = 1.85e-01, dice = 8.60e-01
2024-05-19 02:48:57.628920 | Iteration 141: similarity = 2.57e-01, loss = 1.84e-01, dice = 8.60e-01
2024-05-19 02:48:58.803978 | Iteration 142: similarity = 2.57e-01, loss = 1.82e-01, dice = 8.60e-01
2024-05-19 02:48:59.986915 | Iteration 143: similarity = 2.57e-01, loss = 1.82e-01, dice = 8.61e-01
2024-05-19 02:49:01.180467 | Iteration 144: similarity = 2.57e-01, loss = 1.80e-01, dice = 8.61e-01
2024-05-19 02:49:02.361031 | Iteration 145: similarity = 2.57e-01, loss = 1.79e-01, dice = 8.60e-01
2024-05-19 02:49:03.542969 | Iteration 146: similarity = 2.57e-01, loss = 1.77e-01, dice = 8.60e-01
2024-05-19 02:49:04.728526 | Iteration 147: similarity = 2.57e-01, loss = 1.77e-01, dice = 8.61e-01
2024-05-19 02:49:05.912626 | Iteration 148: similarity = 2.57e-01, loss = 1.75e-01, dice = 8.61e-01
2024-05-19 02:49:07.088071 | Iteration 149: similarity = 2.57e-01, loss = 1.75e-01, dice = 8.61e-01
2024-05-19 02:49:08.260100 | Iteration 150: similarity = 2.57e-01, loss = 1.72e-01, dice = 8.60e-01
2024-05-19 02:49:09.448092 | Iteration 151: similarity = 2.57e-01, loss = 1.72e-01, dice = 8.60e-01
2024-05-19 02:49:10.652763 | Iteration 152: similarity = 2.57e-01, loss = 1.70e-01, dice = 8.61e-01
2024-05-19 02:49:11.863060 | Iteration 153: similarity = 2.57e-01, loss = 1.70e-01, dice = 8.61e-01
2024-05-19 02:49:13.037708 | Iteration 154: similarity = 2.57e-01, loss = 1.68e-01, dice = 8.61e-01
2024-05-19 02:49:14.219546 | Iteration 155: similarity = 2.57e-01, loss = 1.67e-01, dice = 8.61e-01
2024-05-19 02:49:15.390861 | Iteration 156: similarity = 2.57e-01, loss = 1.65e-01, dice = 8.61e-01
2024-05-19 02:49:16.567931 | Iteration 157: similarity = 2.57e-01, loss = 1.65e-01, dice = 8.61e-01
2024-05-19 02:49:17.732577 | Iteration 158: similarity = 2.57e-01, loss = 1.63e-01, dice = 8.61e-01
2024-05-19 02:49:18.913163 | Iteration 159: similarity = 2.57e-01, loss = 1.62e-01, dice = 8.60e-01
2024-05-19 02:49:20.084524 | Iteration 160: similarity = 2.57e-01, loss = 1.61e-01, dice = 8.61e-01
2024-05-19 02:49:21.253338 | Iteration 161: similarity = 2.57e-01, loss = 1.60e-01, dice = 8.61e-01
2024-05-19 02:49:22.437419 | Iteration 162: similarity = 2.57e-01, loss = 1.58e-01, dice = 8.61e-01
2024-05-19 02:49:23.615923 | Iteration 163: similarity = 2.57e-01, loss = 1.58e-01, dice = 8.61e-01
2024-05-19 02:49:24.785440 | Iteration 164: similarity = 2.57e-01, loss = 1.56e-01, dice = 8.60e-01
2024-05-19 02:49:25.959580 | Iteration 165: similarity = 2.57e-01, loss = 1.55e-01, dice = 8.61e-01
2024-05-19 02:49:27.125705 | Iteration 166: similarity = 2.57e-01, loss = 1.54e-01, dice = 8.61e-01
2024-05-19 02:49:28.299331 | Iteration 167: similarity = 2.57e-01, loss = 1.53e-01, dice = 8.61e-01
2024-05-19 02:49:29.475996 | Iteration 168: similarity = 2.57e-01, loss = 1.52e-01, dice = 8.61e-01
2024-05-19 02:49:30.666354 | Iteration 169: similarity = 2.57e-01, loss = 1.50e-01, dice = 8.61e-01
2024-05-19 02:49:31.844549 | Iteration 170: similarity = 2.57e-01, loss = 1.49e-01, dice = 8.62e-01
2024-05-19 02:49:33.012220 | Iteration 171: similarity = 2.57e-01, loss = 1.48e-01, dice = 8.61e-01
2024-05-19 02:49:34.186753 | Iteration 172: similarity = 2.57e-01, loss = 1.47e-01, dice = 8.61e-01
2024-05-19 02:49:35.363619 | Iteration 173: similarity = 2.57e-01, loss = 1.46e-01, dice = 8.61e-01
2024-05-19 02:49:36.543437 | Iteration 174: similarity = 2.57e-01, loss = 1.45e-01, dice = 8.61e-01
2024-05-19 02:49:37.715428 | Iteration 175: similarity = 2.57e-01, loss = 1.43e-01, dice = 8.61e-01
2024-05-19 02:49:38.888239 | Iteration 176: similarity = 2.57e-01, loss = 1.43e-01, dice = 8.61e-01
2024-05-19 02:49:40.073219 | Iteration 177: similarity = 2.57e-01, loss = 1.41e-01, dice = 8.61e-01
2024-05-19 02:49:41.243597 | Iteration 178: similarity = 2.57e-01, loss = 1.41e-01, dice = 8.62e-01
2024-05-19 02:49:42.408020 | Iteration 179: similarity = 2.57e-01, loss = 1.39e-01, dice = 8.61e-01
2024-05-19 02:49:43.575243 | Iteration 180: similarity = 2.57e-01, loss = 1.39e-01, dice = 8.61e-01
2024-05-19 02:49:44.766223 | Iteration 181: similarity = 2.57e-01, loss = 1.37e-01, dice = 8.61e-01
2024-05-19 02:49:45.940871 | Iteration 182: similarity = 2.57e-01, loss = 1.36e-01, dice = 8.61e-01
2024-05-19 02:49:47.107767 | Iteration 183: similarity = 2.57e-01, loss = 1.34e-01, dice = 8.61e-01
2024-05-19 02:49:48.281634 | Iteration 184: similarity = 2.57e-01, loss = 1.34e-01, dice = 8.61e-01
2024-05-19 02:49:49.473666 | Iteration 185: similarity = 2.57e-01, loss = 1.32e-01, dice = 8.61e-01
2024-05-19 02:49:50.671482 | Iteration 186: similarity = 2.57e-01, loss = 1.32e-01, dice = 8.61e-01
2024-05-19 02:49:51.845835 | Iteration 187: similarity = 2.57e-01, loss = 1.30e-01, dice = 8.61e-01
2024-05-19 02:49:53.023162 | Iteration 188: similarity = 2.57e-01, loss = 1.30e-01, dice = 8.62e-01
2024-05-19 02:49:54.197665 | Iteration 189: similarity = 2.58e-01, loss = 1.28e-01, dice = 8.61e-01
2024-05-19 02:49:55.372198 | Iteration 190: similarity = 2.58e-01, loss = 1.28e-01, dice = 8.61e-01
2024-05-19 02:49:56.546721 | Iteration 191: similarity = 2.57e-01, loss = 1.26e-01, dice = 8.61e-01
2024-05-19 02:49:57.730834 | Iteration 192: similarity = 2.57e-01, loss = 1.26e-01, dice = 8.62e-01
2024-05-19 02:49:58.915538 | Iteration 193: similarity = 2.58e-01, loss = 1.24e-01, dice = 8.61e-01
2024-05-19 02:50:00.087906 | Iteration 194: similarity = 2.58e-01, loss = 1.23e-01, dice = 8.62e-01
2024-05-19 02:50:01.261906 | Iteration 195: similarity = 2.58e-01, loss = 1.22e-01, dice = 8.61e-01
2024-05-19 02:50:02.458348 | Iteration 196: similarity = 2.57e-01, loss = 1.21e-01, dice = 8.62e-01
2024-05-19 02:50:03.641717 | Iteration 197: similarity = 2.58e-01, loss = 1.20e-01, dice = 8.62e-01
2024-05-19 02:50:04.836547 | Iteration 198: similarity = 2.58e-01, loss = 1.19e-01, dice = 8.62e-01
2024-05-19 02:50:06.025745 | Iteration 199: similarity = 2.57e-01, loss = 1.17e-01, dice = 8.62e-01
2024-05-19 02:50:07.211806 | Iteration 200: similarity = 2.57e-01, loss = 1.17e-01, dice = 8.62e-01
2024-05-19 02:50:07.452046 | [scope plot registration results takes 0.24015307426452637s]
2024-05-19 02:50:08.277194 | Validation: HD [8.018148 ± 1.887841], MSD [0.817116 ± 0.160937], DSC [0.715843 ± 0.099556]
2024-05-19 02:50:08.277903 |          => HD [7.610430 ± 2.263193], MSD [0.388207 ± 0.111406], DSC [0.861553 ± 0.062541]
