====================================================================================================
Logging file for python script in Intensity Distribution.Experiment 1 (Anonymous): Exp1_LIC_GASD
.py
| The recreation of Experiment 1: comparison between LIC and GASD. 
Started at 2024-05-19 03:04:37.660600 with command:
> python Exp1_LIC_GASD.py --exp T2_LIC
====================================================================================================

2024-05-19 03:04:39.400401 | Iteration 1: similarity = 9.60e-02, loss = 5.61e+00, dice = 5.93e-01
2024-05-19 03:04:41.018948 | Iteration 2: similarity = 1.21e-01, loss = 4.22e+00, dice = 6.32e-01
2024-05-19 03:04:42.624562 | Iteration 3: similarity = 1.53e-01, loss = 3.48e+00, dice = 6.74e-01
2024-05-19 03:04:44.232901 | Iteration 4: similarity = 1.79e-01, loss = 2.74e+00, dice = 7.07e-01
2024-05-19 03:04:45.846999 | Iteration 5: similarity = 1.93e-01, loss = 2.52e+00, dice = 7.23e-01
2024-05-19 03:04:47.448807 | Iteration 6: similarity = 2.03e-01, loss = 2.26e+00, dice = 7.34e-01
2024-05-19 03:04:49.044445 | Iteration 7: similarity = 2.11e-01, loss = 2.02e+00, dice = 7.46e-01
2024-05-19 03:04:50.638600 | Iteration 8: similarity = 2.18e-01, loss = 1.82e+00, dice = 7.55e-01
2024-05-19 03:04:52.230559 | Iteration 9: similarity = 2.23e-01, loss = 1.63e+00, dice = 7.61e-01
2024-05-19 03:04:53.822954 | Iteration 10: similarity = 2.27e-01, loss = 1.47e+00, dice = 7.67e-01
2024-05-19 03:04:55.419608 | Iteration 11: similarity = 2.30e-01, loss = 1.34e+00, dice = 7.73e-01
2024-05-19 03:04:57.025754 | Iteration 12: similarity = 2.33e-01, loss = 1.22e+00, dice = 7.76e-01
2024-05-19 03:04:58.611155 | Iteration 13: similarity = 2.35e-01, loss = 1.11e+00, dice = 7.79e-01
2024-05-19 03:05:00.224137 | Iteration 14: similarity = 2.37e-01, loss = 1.02e+00, dice = 7.82e-01
2024-05-19 03:05:01.819320 | Iteration 15: similarity = 2.39e-01, loss = 9.29e-01, dice = 7.85e-01
2024-05-19 03:05:03.412444 | Iteration 16: similarity = 2.41e-01, loss = 8.48e-01, dice = 7.88e-01
2024-05-19 03:05:05.006033 | Iteration 17: similarity = 2.43e-01, loss = 7.74e-01, dice = 7.91e-01
2024-05-19 03:05:06.620585 | Iteration 18: similarity = 2.44e-01, loss = 7.06e-01, dice = 7.94e-01
2024-05-19 03:05:08.220443 | Iteration 19: similarity = 2.46e-01, loss = 6.44e-01, dice = 7.96e-01
2024-05-19 03:05:09.826046 | Iteration 20: similarity = 2.47e-01, loss = 5.89e-01, dice = 7.99e-01
2024-05-19 03:05:11.406761 | Iteration 21: similarity = 2.48e-01, loss = 5.39e-01, dice = 8.00e-01
2024-05-19 03:05:12.994436 | Iteration 22: similarity = 2.48e-01, loss = 4.92e-01, dice = 8.02e-01
2024-05-19 03:05:14.594496 | Iteration 23: similarity = 2.49e-01, loss = 4.49e-01, dice = 8.05e-01
2024-05-19 03:05:16.192575 | Iteration 24: similarity = 2.50e-01, loss = 4.10e-01, dice = 8.06e-01
2024-05-19 03:05:17.784214 | Iteration 25: similarity = 2.50e-01, loss = 3.75e-01, dice = 8.08e-01
2024-05-19 03:05:19.386327 | Iteration 26: similarity = 2.51e-01, loss = 3.44e-01, dice = 8.09e-01
2024-05-19 03:05:20.999991 | Iteration 27: similarity = 2.51e-01, loss = 3.16e-01, dice = 8.11e-01
2024-05-19 03:05:22.604414 | Iteration 28: similarity = 2.51e-01, loss = 2.90e-01, dice = 8.12e-01
2024-05-19 03:05:24.196203 | Iteration 29: similarity = 2.52e-01, loss = 2.68e-01, dice = 8.13e-01
2024-05-19 03:05:25.798067 | Iteration 30: similarity = 2.52e-01, loss = 2.49e-01, dice = 8.14e-01
2024-05-19 03:05:27.400859 | Iteration 31: similarity = 2.52e-01, loss = 2.32e-01, dice = 8.16e-01
2024-05-19 03:05:28.994704 | Iteration 32: similarity = 2.52e-01, loss = 2.18e-01, dice = 8.18e-01
2024-05-19 03:05:30.586615 | Iteration 33: similarity = 2.53e-01, loss = 2.06e-01, dice = 8.18e-01
2024-05-19 03:05:32.171346 | Iteration 34: similarity = 2.53e-01, loss = 1.96e-01, dice = 8.20e-01
2024-05-19 03:05:33.771432 | Iteration 35: similarity = 2.53e-01, loss = 1.88e-01, dice = 8.21e-01
2024-05-19 03:05:35.367696 | Iteration 36: similarity = 2.53e-01, loss = 1.82e-01, dice = 8.21e-01
2024-05-19 03:05:36.962456 | Iteration 37: similarity = 2.53e-01, loss = 1.77e-01, dice = 8.22e-01
2024-05-19 03:05:38.558128 | Iteration 38: similarity = 2.53e-01, loss = 1.73e-01, dice = 8.24e-01
2024-05-19 03:05:40.163611 | Iteration 39: similarity = 2.53e-01, loss = 1.70e-01, dice = 8.25e-01
2024-05-19 03:05:41.772906 | Iteration 40: similarity = 2.53e-01, loss = 1.68e-01, dice = 8.25e-01
2024-05-19 03:05:43.366527 | Iteration 41: similarity = 2.53e-01, loss = 1.67e-01, dice = 8.26e-01
2024-05-19 03:05:44.965758 | Iteration 42: similarity = 2.54e-01, loss = 1.66e-01, dice = 8.27e-01
2024-05-19 03:05:46.566971 | Iteration 43: similarity = 2.54e-01, loss = 1.66e-01, dice = 8.29e-01
2024-05-19 03:05:48.168287 | Iteration 44: similarity = 2.54e-01, loss = 1.67e-01, dice = 8.29e-01
2024-05-19 03:05:49.793976 | Iteration 45: similarity = 2.54e-01, loss = 1.67e-01, dice = 8.29e-01
2024-05-19 03:05:51.385715 | Iteration 46: similarity = 2.54e-01, loss = 1.69e-01, dice = 8.30e-01
2024-05-19 03:05:52.991170 | Iteration 47: similarity = 2.54e-01, loss = 1.70e-01, dice = 8.30e-01
2024-05-19 03:05:54.584948 | Iteration 48: similarity = 2.54e-01, loss = 1.72e-01, dice = 8.32e-01
2024-05-19 03:05:56.172394 | Iteration 49: similarity = 2.54e-01, loss = 1.73e-01, dice = 8.32e-01
2024-05-19 03:05:57.771719 | Iteration 50: similarity = 2.55e-01, loss = 1.75e-01, dice = 8.33e-01
2024-05-19 03:05:59.373932 | Iteration 51: similarity = 2.55e-01, loss = 1.78e-01, dice = 8.33e-01
2024-05-19 03:06:00.970277 | Iteration 52: similarity = 2.55e-01, loss = 1.79e-01, dice = 8.34e-01
2024-05-19 03:06:02.565797 | Iteration 53: similarity = 2.55e-01, loss = 1.81e-01, dice = 8.34e-01
2024-05-19 03:06:04.173939 | Iteration 54: similarity = 2.55e-01, loss = 1.83e-01, dice = 8.35e-01
2024-05-19 03:06:05.801331 | Iteration 55: similarity = 2.55e-01, loss = 1.85e-01, dice = 8.35e-01
2024-05-19 03:06:07.397970 | Iteration 56: similarity = 2.55e-01, loss = 1.88e-01, dice = 8.36e-01
2024-05-19 03:06:09.002459 | Iteration 57: similarity = 2.55e-01, loss = 1.90e-01, dice = 8.36e-01
2024-05-19 03:06:10.583509 | Iteration 58: similarity = 2.55e-01, loss = 1.92e-01, dice = 8.36e-01
2024-05-19 03:06:12.175960 | Iteration 59: similarity = 2.56e-01, loss = 1.94e-01, dice = 8.36e-01
2024-05-19 03:06:13.772322 | Iteration 60: similarity = 2.56e-01, loss = 1.97e-01, dice = 8.37e-01
2024-05-19 03:06:15.374766 | Iteration 61: similarity = 2.56e-01, loss = 1.99e-01, dice = 8.37e-01
2024-05-19 03:06:16.976277 | Iteration 62: similarity = 2.56e-01, loss = 2.01e-01, dice = 8.37e-01
2024-05-19 03:06:18.570132 | Iteration 63: similarity = 2.56e-01, loss = 2.04e-01, dice = 8.37e-01
2024-05-19 03:06:20.165770 | Iteration 64: similarity = 2.56e-01, loss = 2.06e-01, dice = 8.38e-01
2024-05-19 03:06:21.746023 | Iteration 65: similarity = 2.56e-01, loss = 2.09e-01, dice = 8.38e-01
2024-05-19 03:06:23.356890 | Iteration 66: similarity = 2.56e-01, loss = 2.11e-01, dice = 8.38e-01
2024-05-19 03:06:24.940314 | Iteration 67: similarity = 2.56e-01, loss = 2.13e-01, dice = 8.38e-01
2024-05-19 03:06:26.521944 | Iteration 68: similarity = 2.56e-01, loss = 2.16e-01, dice = 8.39e-01
2024-05-19 03:06:28.107813 | Iteration 69: similarity = 2.56e-01, loss = 2.18e-01, dice = 8.39e-01
2024-05-19 03:06:29.721901 | Iteration 70: similarity = 2.56e-01, loss = 2.20e-01, dice = 8.38e-01
2024-05-19 03:06:31.330570 | Iteration 71: similarity = 2.56e-01, loss = 2.23e-01, dice = 8.39e-01
2024-05-19 03:06:32.923981 | Iteration 72: similarity = 2.56e-01, loss = 2.24e-01, dice = 8.39e-01
2024-05-19 03:06:34.524622 | Iteration 73: similarity = 2.57e-01, loss = 2.26e-01, dice = 8.39e-01
2024-05-19 03:06:36.126216 | Iteration 74: similarity = 2.57e-01, loss = 2.29e-01, dice = 8.40e-01
2024-05-19 03:06:37.719867 | Iteration 75: similarity = 2.57e-01, loss = 2.31e-01, dice = 8.39e-01
2024-05-19 03:06:39.314702 | Iteration 76: similarity = 2.57e-01, loss = 2.32e-01, dice = 8.39e-01
2024-05-19 03:06:40.900693 | Iteration 77: similarity = 2.57e-01, loss = 2.34e-01, dice = 8.40e-01
2024-05-19 03:06:42.506363 | Iteration 78: similarity = 2.57e-01, loss = 2.36e-01, dice = 8.40e-01
2024-05-19 03:06:44.091833 | Iteration 79: similarity = 2.57e-01, loss = 2.38e-01, dice = 8.40e-01
2024-05-19 03:06:45.688949 | Iteration 80: similarity = 2.57e-01, loss = 2.39e-01, dice = 8.40e-01
2024-05-19 03:06:47.285393 | Iteration 81: similarity = 2.57e-01, loss = 2.40e-01, dice = 8.40e-01
2024-05-19 03:06:48.886245 | Iteration 82: similarity = 2.57e-01, loss = 2.41e-01, dice = 8.39e-01
2024-05-19 03:06:50.462129 | Iteration 83: similarity = 2.57e-01, loss = 2.43e-01, dice = 8.40e-01
2024-05-19 03:06:52.062752 | Iteration 84: similarity = 2.57e-01, loss = 2.44e-01, dice = 8.40e-01
2024-05-19 03:06:53.638645 | Iteration 85: similarity = 2.57e-01, loss = 2.45e-01, dice = 8.40e-01
2024-05-19 03:06:55.225725 | Iteration 86: similarity = 2.57e-01, loss = 2.45e-01, dice = 8.41e-01
2024-05-19 03:06:56.829543 | Iteration 87: similarity = 2.57e-01, loss = 2.46e-01, dice = 8.41e-01
2024-05-19 03:06:58.413776 | Iteration 88: similarity = 2.57e-01, loss = 2.46e-01, dice = 8.40e-01
2024-05-19 03:06:59.990929 | Iteration 89: similarity = 2.57e-01, loss = 2.48e-01, dice = 8.40e-01
2024-05-19 03:07:01.602047 | Iteration 90: similarity = 2.57e-01, loss = 2.48e-01, dice = 8.40e-01
2024-05-19 03:07:03.202533 | Iteration 91: similarity = 2.57e-01, loss = 2.48e-01, dice = 8.40e-01
2024-05-19 03:07:04.796348 | Iteration 92: similarity = 2.57e-01, loss = 2.49e-01, dice = 8.40e-01
2024-05-19 03:07:06.386785 | Iteration 93: similarity = 2.57e-01, loss = 2.49e-01, dice = 8.41e-01
2024-05-19 03:07:07.984246 | Iteration 94: similarity = 2.57e-01, loss = 2.49e-01, dice = 8.41e-01
2024-05-19 03:07:09.581294 | Iteration 95: similarity = 2.58e-01, loss = 2.49e-01, dice = 8.40e-01
2024-05-19 03:07:11.168206 | Iteration 96: similarity = 2.58e-01, loss = 2.49e-01, dice = 8.40e-01
2024-05-19 03:07:12.785905 | Iteration 97: similarity = 2.58e-01, loss = 2.49e-01, dice = 8.41e-01
2024-05-19 03:07:14.377935 | Iteration 98: similarity = 2.58e-01, loss = 2.49e-01, dice = 8.41e-01
2024-05-19 03:07:15.968143 | Iteration 99: similarity = 2.58e-01, loss = 2.49e-01, dice = 8.40e-01
2024-05-19 03:07:17.572717 | Iteration 100: similarity = 2.58e-01, loss = 2.48e-01, dice = 8.41e-01
2024-05-19 03:07:19.188053 | Iteration 101: similarity = 2.58e-01, loss = 2.49e-01, dice = 8.41e-01
2024-05-19 03:07:20.781286 | Iteration 102: similarity = 2.58e-01, loss = 2.47e-01, dice = 8.41e-01
2024-05-19 03:07:22.361417 | Iteration 103: similarity = 2.58e-01, loss = 2.47e-01, dice = 8.41e-01
2024-05-19 03:07:23.952519 | Iteration 104: similarity = 2.58e-01, loss = 2.47e-01, dice = 8.41e-01
2024-05-19 03:07:25.557176 | Iteration 105: similarity = 2.58e-01, loss = 2.46e-01, dice = 8.41e-01
2024-05-19 03:07:27.148940 | Iteration 106: similarity = 2.58e-01, loss = 2.45e-01, dice = 8.41e-01
2024-05-19 03:07:28.736570 | Iteration 107: similarity = 2.58e-01, loss = 2.45e-01, dice = 8.41e-01
2024-05-19 03:07:30.337512 | Iteration 108: similarity = 2.58e-01, loss = 2.44e-01, dice = 8.41e-01
2024-05-19 03:07:31.929881 | Iteration 109: similarity = 2.58e-01, loss = 2.44e-01, dice = 8.41e-01
2024-05-19 03:07:33.520169 | Iteration 110: similarity = 2.58e-01, loss = 2.43e-01, dice = 8.41e-01
2024-05-19 03:07:35.121299 | Iteration 111: similarity = 2.58e-01, loss = 2.42e-01, dice = 8.41e-01
2024-05-19 03:07:36.731170 | Iteration 112: similarity = 2.58e-01, loss = 2.41e-01, dice = 8.41e-01
2024-05-19 03:07:38.314803 | Iteration 113: similarity = 2.58e-01, loss = 2.40e-01, dice = 8.41e-01
2024-05-19 03:07:39.916173 | Iteration 114: similarity = 2.58e-01, loss = 2.40e-01, dice = 8.41e-01
2024-05-19 03:07:41.499254 | Iteration 115: similarity = 2.58e-01, loss = 2.39e-01, dice = 8.41e-01
2024-05-19 03:07:43.104496 | Iteration 116: similarity = 2.58e-01, loss = 2.38e-01, dice = 8.41e-01
2024-05-19 03:07:44.708876 | Iteration 117: similarity = 2.58e-01, loss = 2.37e-01, dice = 8.41e-01
2024-05-19 03:07:46.303218 | Iteration 118: similarity = 2.58e-01, loss = 2.36e-01, dice = 8.41e-01
2024-05-19 03:07:47.881418 | Iteration 119: similarity = 2.58e-01, loss = 2.35e-01, dice = 8.41e-01
2024-05-19 03:07:49.469222 | Iteration 120: similarity = 2.58e-01, loss = 2.34e-01, dice = 8.41e-01
2024-05-19 03:07:51.058454 | Iteration 121: similarity = 2.58e-01, loss = 2.33e-01, dice = 8.42e-01
2024-05-19 03:07:52.658182 | Iteration 122: similarity = 2.58e-01, loss = 2.32e-01, dice = 8.41e-01
2024-05-19 03:07:54.241487 | Iteration 123: similarity = 2.59e-01, loss = 2.31e-01, dice = 8.41e-01
2024-05-19 03:07:55.835786 | Iteration 124: similarity = 2.59e-01, loss = 2.30e-01, dice = 8.41e-01
2024-05-19 03:07:57.424137 | Iteration 125: similarity = 2.59e-01, loss = 2.29e-01, dice = 8.42e-01
2024-05-19 03:07:59.019544 | Iteration 126: similarity = 2.59e-01, loss = 2.28e-01, dice = 8.42e-01
2024-05-19 03:08:00.607327 | Iteration 127: similarity = 2.59e-01, loss = 2.27e-01, dice = 8.41e-01
2024-05-19 03:08:02.213404 | Iteration 128: similarity = 2.59e-01, loss = 2.26e-01, dice = 8.42e-01
2024-05-19 03:08:03.795555 | Iteration 129: similarity = 2.59e-01, loss = 2.25e-01, dice = 8.41e-01
2024-05-19 03:08:05.390078 | Iteration 130: similarity = 2.59e-01, loss = 2.23e-01, dice = 8.41e-01
2024-05-19 03:08:06.977894 | Iteration 131: similarity = 2.59e-01, loss = 2.23e-01, dice = 8.41e-01
2024-05-19 03:08:08.567300 | Iteration 132: similarity = 2.59e-01, loss = 2.21e-01, dice = 8.41e-01
2024-05-19 03:08:10.148783 | Iteration 133: similarity = 2.59e-01, loss = 2.20e-01, dice = 8.42e-01
2024-05-19 03:08:11.734885 | Iteration 134: similarity = 2.59e-01, loss = 2.19e-01, dice = 8.41e-01
2024-05-19 03:08:13.331086 | Iteration 135: similarity = 2.59e-01, loss = 2.18e-01, dice = 8.41e-01
2024-05-19 03:08:14.923157 | Iteration 136: similarity = 2.59e-01, loss = 2.17e-01, dice = 8.42e-01
2024-05-19 03:08:16.509969 | Iteration 137: similarity = 2.59e-01, loss = 2.16e-01, dice = 8.42e-01
2024-05-19 03:08:18.091705 | Iteration 138: similarity = 2.59e-01, loss = 2.15e-01, dice = 8.42e-01
2024-05-19 03:08:19.684861 | Iteration 139: similarity = 2.59e-01, loss = 2.13e-01, dice = 8.42e-01
2024-05-19 03:08:21.286457 | Iteration 140: similarity = 2.59e-01, loss = 2.13e-01, dice = 8.41e-01
2024-05-19 03:08:22.877056 | Iteration 141: similarity = 2.59e-01, loss = 2.11e-01, dice = 8.42e-01
2024-05-19 03:08:24.490277 | Iteration 142: similarity = 2.59e-01, loss = 2.10e-01, dice = 8.42e-01
2024-05-19 03:08:26.076697 | Iteration 143: similarity = 2.59e-01, loss = 2.08e-01, dice = 8.42e-01
2024-05-19 03:08:27.661305 | Iteration 144: similarity = 2.59e-01, loss = 2.08e-01, dice = 8.41e-01
2024-05-19 03:08:29.274510 | Iteration 145: similarity = 2.59e-01, loss = 2.06e-01, dice = 8.43e-01
2024-05-19 03:08:30.865706 | Iteration 146: similarity = 2.59e-01, loss = 2.05e-01, dice = 8.42e-01
2024-05-19 03:08:32.450441 | Iteration 147: similarity = 2.59e-01, loss = 2.04e-01, dice = 8.42e-01
2024-05-19 03:08:34.066059 | Iteration 148: similarity = 2.59e-01, loss = 2.03e-01, dice = 8.41e-01
2024-05-19 03:08:35.646677 | Iteration 149: similarity = 2.59e-01, loss = 2.02e-01, dice = 8.42e-01
2024-05-19 03:08:37.239620 | Iteration 150: similarity = 2.59e-01, loss = 2.00e-01, dice = 8.42e-01
2024-05-19 03:08:38.835354 | Iteration 151: similarity = 2.59e-01, loss = 1.99e-01, dice = 8.42e-01
2024-05-19 03:08:40.420005 | Iteration 152: similarity = 2.59e-01, loss = 1.98e-01, dice = 8.42e-01
2024-05-19 03:08:42.004080 | Iteration 153: similarity = 2.59e-01, loss = 1.97e-01, dice = 8.42e-01
2024-05-19 03:08:43.604428 | Iteration 154: similarity = 2.59e-01, loss = 1.95e-01, dice = 8.42e-01
2024-05-19 03:08:45.223642 | Iteration 155: similarity = 2.59e-01, loss = 1.94e-01, dice = 8.42e-01
2024-05-19 03:08:46.796291 | Iteration 156: similarity = 2.59e-01, loss = 1.93e-01, dice = 8.42e-01
2024-05-19 03:08:48.345694 | Iteration 157: similarity = 2.59e-01, loss = 1.92e-01, dice = 8.42e-01
2024-05-19 03:08:49.942606 | Iteration 158: similarity = 2.59e-01, loss = 1.91e-01, dice = 8.42e-01
2024-05-19 03:08:51.524595 | Iteration 159: similarity = 2.59e-01, loss = 1.90e-01, dice = 8.42e-01
2024-05-19 03:08:53.117329 | Iteration 160: similarity = 2.59e-01, loss = 1.88e-01, dice = 8.41e-01
2024-05-19 03:08:54.689510 | Iteration 161: similarity = 2.59e-01, loss = 1.87e-01, dice = 8.42e-01
2024-05-19 03:08:56.279458 | Iteration 162: similarity = 2.59e-01, loss = 1.86e-01, dice = 8.42e-01
2024-05-19 03:08:57.874392 | Iteration 163: similarity = 2.59e-01, loss = 1.85e-01, dice = 8.42e-01
2024-05-19 03:08:59.452269 | Iteration 164: similarity = 2.59e-01, loss = 1.83e-01, dice = 8.41e-01
2024-05-19 03:09:01.048931 | Iteration 165: similarity = 2.59e-01, loss = 1.82e-01, dice = 8.42e-01
2024-05-19 03:09:02.645139 | Iteration 166: similarity = 2.59e-01, loss = 1.81e-01, dice = 8.42e-01
2024-05-19 03:09:04.249603 | Iteration 167: similarity = 2.59e-01, loss = 1.80e-01, dice = 8.42e-01
2024-05-19 03:09:05.851002 | Iteration 168: similarity = 2.59e-01, loss = 1.79e-01, dice = 8.42e-01
2024-05-19 03:09:07.448799 | Iteration 169: similarity = 2.59e-01, loss = 1.77e-01, dice = 8.42e-01
2024-05-19 03:09:09.062088 | Iteration 170: similarity = 2.59e-01, loss = 1.76e-01, dice = 8.42e-01
2024-05-19 03:09:10.645263 | Iteration 171: similarity = 2.59e-01, loss = 1.75e-01, dice = 8.42e-01
2024-05-19 03:09:12.237102 | Iteration 172: similarity = 2.59e-01, loss = 1.74e-01, dice = 8.42e-01
2024-05-19 03:09:13.834963 | Iteration 173: similarity = 2.59e-01, loss = 1.72e-01, dice = 8.42e-01
2024-05-19 03:09:15.421296 | Iteration 174: similarity = 2.59e-01, loss = 1.72e-01, dice = 8.42e-01
2024-05-19 03:09:17.007286 | Iteration 175: similarity = 2.59e-01, loss = 1.70e-01, dice = 8.42e-01
2024-05-19 03:09:18.592775 | Iteration 176: similarity = 2.59e-01, loss = 1.69e-01, dice = 8.42e-01
2024-05-19 03:09:20.185064 | Iteration 177: similarity = 2.59e-01, loss = 1.67e-01, dice = 8.42e-01
2024-05-19 03:09:21.772776 | Iteration 178: similarity = 2.59e-01, loss = 1.66e-01, dice = 8.42e-01
2024-05-19 03:09:23.354326 | Iteration 179: similarity = 2.59e-01, loss = 1.65e-01, dice = 8.42e-01
2024-05-19 03:09:24.943895 | Iteration 180: similarity = 2.59e-01, loss = 1.64e-01, dice = 8.42e-01
2024-05-19 03:09:26.532565 | Iteration 181: similarity = 2.59e-01, loss = 1.63e-01, dice = 8.42e-01
2024-05-19 03:09:28.125599 | Iteration 182: similarity = 2.59e-01, loss = 1.62e-01, dice = 8.42e-01
2024-05-19 03:09:29.706630 | Iteration 183: similarity = 2.59e-01, loss = 1.60e-01, dice = 8.42e-01
2024-05-19 03:09:31.303401 | Iteration 184: similarity = 2.59e-01, loss = 1.59e-01, dice = 8.42e-01
2024-05-19 03:09:32.891132 | Iteration 185: similarity = 2.59e-01, loss = 1.58e-01, dice = 8.42e-01
2024-05-19 03:09:34.491811 | Iteration 186: similarity = 2.59e-01, loss = 1.57e-01, dice = 8.42e-01
2024-05-19 03:09:36.071059 | Iteration 187: similarity = 2.59e-01, loss = 1.55e-01, dice = 8.42e-01
2024-05-19 03:09:37.669892 | Iteration 188: similarity = 2.59e-01, loss = 1.54e-01, dice = 8.42e-01
2024-05-19 03:09:39.255431 | Iteration 189: similarity = 2.59e-01, loss = 1.53e-01, dice = 8.42e-01
2024-05-19 03:09:40.842702 | Iteration 190: similarity = 2.59e-01, loss = 1.52e-01, dice = 8.42e-01
2024-05-19 03:09:42.448079 | Iteration 191: similarity = 2.59e-01, loss = 1.51e-01, dice = 8.42e-01
2024-05-19 03:09:44.031576 | Iteration 192: similarity = 2.59e-01, loss = 1.50e-01, dice = 8.42e-01
2024-05-19 03:09:45.614138 | Iteration 193: similarity = 2.59e-01, loss = 1.48e-01, dice = 8.41e-01
2024-05-19 03:09:47.200709 | Iteration 194: similarity = 2.59e-01, loss = 1.47e-01, dice = 8.42e-01
2024-05-19 03:09:48.807185 | Iteration 195: similarity = 2.59e-01, loss = 1.46e-01, dice = 8.42e-01
2024-05-19 03:09:50.402541 | Iteration 196: similarity = 2.59e-01, loss = 1.45e-01, dice = 8.42e-01
2024-05-19 03:09:51.999896 | Iteration 197: similarity = 2.59e-01, loss = 1.44e-01, dice = 8.42e-01
2024-05-19 03:09:53.607136 | Iteration 198: similarity = 2.59e-01, loss = 1.43e-01, dice = 8.42e-01
2024-05-19 03:09:55.194464 | Iteration 199: similarity = 2.59e-01, loss = 1.42e-01, dice = 8.42e-01
2024-05-19 03:09:56.799532 | Iteration 200: similarity = 2.59e-01, loss = 1.40e-01, dice = 8.42e-01
2024-05-19 03:09:57.044395 | [scope plot registration results takes 0.24477910995483398s]
2024-05-19 03:09:57.877555 | Validation: HD [8.018148 ± 1.887841], MSD [0.817116 ± 0.160937], DSC [0.715843 ± 0.099556]
2024-05-19 03:09:57.878282 |          => HD [7.225201 ± 1.301809], MSD [0.449450 ± 0.133244], DSC [0.841712 ± 0.069994]
