====================================================================================================
Logging file for python script in Intensity Distribution.Experiment 1 (Anonymous): Exp1_LIC_GASD
_same_modality.py
| The recreation of Experiment 1: comparison between LIC and GASD. 
Started at 2024-05-21 16:13:30.990817 with command:
> python Exp1_LIC_GASD_same_modality.py --exp T4_MI
====================================================================================================

2024-05-21 16:13:36.758210 | Iteration 1: similarity = 1.05e+00, loss = 4.65e+00, dice = 5.93e-01
2024-05-21 16:13:42.212633 | Iteration 2: similarity = 1.16e+00, loss = 3.21e+00, dice = 6.43e-01
2024-05-21 16:13:47.696802 | Iteration 3: similarity = 1.28e+00, loss = 2.46e+00, dice = 6.96e-01
2024-05-21 16:13:53.254397 | Iteration 4: similarity = 1.38e+00, loss = 1.72e+00, dice = 7.34e-01
2024-05-21 16:13:58.681012 | Iteration 5: similarity = 1.44e+00, loss = 1.45e+00, dice = 7.57e-01
2024-05-21 16:14:04.121136 | Iteration 6: similarity = 1.49e+00, loss = 1.19e+00, dice = 7.72e-01
2024-05-21 16:14:09.666882 | Iteration 7: similarity = 1.54e+00, loss = 9.46e-01, dice = 7.86e-01
2024-05-21 16:14:15.178645 | Iteration 8: similarity = 1.57e+00, loss = 7.43e-01, dice = 7.96e-01
2024-05-21 16:14:20.703732 | Iteration 9: similarity = 1.60e+00, loss = 5.64e-01, dice = 8.02e-01
2024-05-21 16:14:26.189401 | Iteration 10: similarity = 1.63e+00, loss = 4.10e-01, dice = 8.09e-01
2024-05-21 16:14:31.701128 | Iteration 11: similarity = 1.65e+00, loss = 2.76e-01, dice = 8.13e-01
2024-05-21 16:14:37.132301 | Iteration 12: similarity = 1.67e+00, loss = 1.58e-01, dice = 8.17e-01
2024-05-21 16:14:42.530420 | Iteration 13: similarity = 1.69e+00, loss = 5.20e-02, dice = 8.21e-01
2024-05-21 16:14:47.960801 | Iteration 14: similarity = 1.71e+00, loss = -4.16e-02, dice = 8.25e-01
2024-05-21 16:14:53.374850 | Iteration 15: similarity = 1.73e+00, loss = -1.27e-01, dice = 8.27e-01
2024-05-21 16:14:58.837281 | Iteration 16: similarity = 1.74e+00, loss = -2.02e-01, dice = 8.29e-01
2024-05-21 16:15:04.263095 | Iteration 17: similarity = 1.75e+00, loss = -2.71e-01, dice = 8.31e-01
2024-05-21 16:15:09.691809 | Iteration 18: similarity = 1.77e+00, loss = -3.32e-01, dice = 8.32e-01
2024-05-21 16:15:15.098577 | Iteration 19: similarity = 1.77e+00, loss = -3.84e-01, dice = 8.34e-01
2024-05-21 16:15:20.626719 | Iteration 20: similarity = 1.78e+00, loss = -4.31e-01, dice = 8.33e-01
2024-05-21 16:15:26.139001 | Iteration 21: similarity = 1.79e+00, loss = -4.73e-01, dice = 8.35e-01
2024-05-21 16:15:31.633024 | Iteration 22: similarity = 1.79e+00, loss = -5.09e-01, dice = 8.35e-01
2024-05-21 16:15:37.161361 | Iteration 23: similarity = 1.80e+00, loss = -5.41e-01, dice = 8.34e-01
2024-05-21 16:15:42.723788 | Iteration 24: similarity = 1.80e+00, loss = -5.69e-01, dice = 8.35e-01
2024-05-21 16:15:48.105962 | Iteration 25: similarity = 1.80e+00, loss = -5.94e-01, dice = 8.34e-01
2024-05-21 16:15:53.532408 | Iteration 26: similarity = 1.80e+00, loss = -6.15e-01, dice = 8.33e-01
2024-05-21 16:15:58.904042 | Iteration 27: similarity = 1.80e+00, loss = -6.32e-01, dice = 8.32e-01
2024-05-21 16:16:04.259986 | Iteration 28: similarity = 1.80e+00, loss = -6.46e-01, dice = 8.32e-01
2024-05-21 16:16:09.611763 | Iteration 29: similarity = 1.80e+00, loss = -6.60e-01, dice = 8.31e-01
2024-05-21 16:16:15.056646 | Iteration 30: similarity = 1.80e+00, loss = -6.70e-01, dice = 8.31e-01
2024-05-21 16:16:20.565671 | Iteration 31: similarity = 1.80e+00, loss = -6.80e-01, dice = 8.30e-01
2024-05-21 16:16:25.977273 | Iteration 32: similarity = 1.80e+00, loss = -6.86e-01, dice = 8.30e-01
2024-05-21 16:16:31.363813 | Iteration 33: similarity = 1.80e+00, loss = -6.91e-01, dice = 8.30e-01
2024-05-21 16:16:36.768478 | Iteration 34: similarity = 1.79e+00, loss = -6.93e-01, dice = 8.29e-01
2024-05-21 16:16:42.154187 | Iteration 35: similarity = 1.79e+00, loss = -6.97e-01, dice = 8.29e-01
2024-05-21 16:16:47.562931 | Iteration 36: similarity = 1.79e+00, loss = -6.98e-01, dice = 8.29e-01
2024-05-21 16:16:52.973251 | Iteration 37: similarity = 1.79e+00, loss = -6.99e-01, dice = 8.28e-01
2024-05-21 16:16:58.349182 | Iteration 38: similarity = 1.79e+00, loss = -6.99e-01, dice = 8.27e-01
2024-05-21 16:17:03.805647 | Iteration 39: similarity = 1.79e+00, loss = -6.99e-01, dice = 8.28e-01
2024-05-21 16:17:09.257470 | Iteration 40: similarity = 1.79e+00, loss = -6.97e-01, dice = 8.28e-01
2024-05-21 16:17:14.631425 | Iteration 41: similarity = 1.78e+00, loss = -6.94e-01, dice = 8.28e-01
2024-05-21 16:17:20.001971 | Iteration 42: similarity = 1.78e+00, loss = -6.93e-01, dice = 8.27e-01
2024-05-21 16:17:25.409539 | Iteration 43: similarity = 1.78e+00, loss = -6.88e-01, dice = 8.27e-01
2024-05-21 16:17:30.783809 | Iteration 44: similarity = 1.78e+00, loss = -6.84e-01, dice = 8.27e-01
2024-05-21 16:17:36.165558 | Iteration 45: similarity = 1.78e+00, loss = -6.82e-01, dice = 8.28e-01
2024-05-21 16:17:41.610098 | Iteration 46: similarity = 1.78e+00, loss = -6.78e-01, dice = 8.27e-01
2024-05-21 16:17:47.114808 | Iteration 47: similarity = 1.77e+00, loss = -6.73e-01, dice = 8.27e-01
2024-05-21 16:17:52.526315 | Iteration 48: similarity = 1.77e+00, loss = -6.70e-01, dice = 8.26e-01
2024-05-21 16:17:57.990247 | Iteration 49: similarity = 1.77e+00, loss = -6.66e-01, dice = 8.26e-01
2024-05-21 16:18:03.503780 | Iteration 50: similarity = 1.77e+00, loss = -6.61e-01, dice = 8.26e-01
2024-05-21 16:18:09.007391 | Iteration 51: similarity = 1.77e+00, loss = -6.57e-01, dice = 8.25e-01
2024-05-21 16:18:14.549640 | Iteration 52: similarity = 1.77e+00, loss = -6.54e-01, dice = 8.25e-01
2024-05-21 16:18:20.092871 | Iteration 53: similarity = 1.77e+00, loss = -6.49e-01, dice = 8.24e-01
2024-05-21 16:18:25.601598 | Iteration 54: similarity = 1.76e+00, loss = -6.46e-01, dice = 8.23e-01
2024-05-21 16:18:31.120094 | Iteration 55: similarity = 1.76e+00, loss = -6.41e-01, dice = 8.23e-01
2024-05-21 16:18:36.682659 | Iteration 56: similarity = 1.76e+00, loss = -6.37e-01, dice = 8.23e-01
2024-05-21 16:18:42.252985 | Iteration 57: similarity = 1.76e+00, loss = -6.34e-01, dice = 8.23e-01
2024-05-21 16:18:47.761392 | Iteration 58: similarity = 1.76e+00, loss = -6.28e-01, dice = 8.23e-01
2024-05-21 16:18:53.224780 | Iteration 59: similarity = 1.76e+00, loss = -6.23e-01, dice = 8.23e-01
2024-05-21 16:18:58.566603 | Iteration 60: similarity = 1.75e+00, loss = -6.19e-01, dice = 8.22e-01
2024-05-21 16:19:03.827134 | Iteration 61: similarity = 1.75e+00, loss = -6.14e-01, dice = 8.21e-01
2024-05-21 16:19:09.345471 | Iteration 62: similarity = 1.75e+00, loss = -6.10e-01, dice = 8.22e-01
2024-05-21 16:19:14.937678 | Iteration 63: similarity = 1.75e+00, loss = -6.06e-01, dice = 8.21e-01
2024-05-21 16:19:20.465120 | Iteration 64: similarity = 1.75e+00, loss = -6.01e-01, dice = 8.20e-01
2024-05-21 16:19:25.944795 | Iteration 65: similarity = 1.75e+00, loss = -5.97e-01, dice = 8.20e-01
2024-05-21 16:19:31.429168 | Iteration 66: similarity = 1.75e+00, loss = -5.94e-01, dice = 8.19e-01
2024-05-21 16:19:36.851384 | Iteration 67: similarity = 1.75e+00, loss = -5.90e-01, dice = 8.19e-01
2024-05-21 16:19:42.254688 | Iteration 68: similarity = 1.75e+00, loss = -5.87e-01, dice = 8.19e-01
2024-05-21 16:19:47.792091 | Iteration 69: similarity = 1.74e+00, loss = -5.84e-01, dice = 8.19e-01
2024-05-21 16:19:53.229060 | Iteration 70: similarity = 1.74e+00, loss = -5.81e-01, dice = 8.18e-01
2024-05-21 16:19:58.632237 | Iteration 71: similarity = 1.74e+00, loss = -5.77e-01, dice = 8.19e-01
2024-05-21 16:20:04.079278 | Iteration 72: similarity = 1.74e+00, loss = -5.73e-01, dice = 8.19e-01
2024-05-21 16:20:09.477743 | Iteration 73: similarity = 1.74e+00, loss = -5.71e-01, dice = 8.18e-01
2024-05-21 16:20:14.951756 | Iteration 74: similarity = 1.74e+00, loss = -5.67e-01, dice = 8.17e-01
2024-05-21 16:20:20.364476 | Iteration 75: similarity = 1.74e+00, loss = -5.64e-01, dice = 8.16e-01
2024-05-21 16:20:25.759320 | Iteration 76: similarity = 1.74e+00, loss = -5.62e-01, dice = 8.16e-01
2024-05-21 16:20:31.186420 | Iteration 77: similarity = 1.74e+00, loss = -5.60e-01, dice = 8.15e-01
2024-05-21 16:20:36.671959 | Iteration 78: similarity = 1.73e+00, loss = -5.57e-01, dice = 8.15e-01
2024-05-21 16:20:42.080957 | Iteration 79: similarity = 1.73e+00, loss = -5.54e-01, dice = 8.15e-01
2024-05-21 16:20:47.427801 | Iteration 80: similarity = 1.73e+00, loss = -5.52e-01, dice = 8.16e-01
2024-05-21 16:20:53.332129 | Iteration 81: similarity = 1.73e+00, loss = -5.51e-01, dice = 8.15e-01
2024-05-21 16:20:58.630998 | Iteration 82: similarity = 1.73e+00, loss = -5.49e-01, dice = 8.15e-01
2024-05-21 16:21:03.991180 | Iteration 83: similarity = 1.73e+00, loss = -5.48e-01, dice = 8.15e-01
2024-05-21 16:21:09.423598 | Iteration 84: similarity = 1.73e+00, loss = -5.46e-01, dice = 8.15e-01
2024-05-21 16:21:14.718510 | Iteration 85: similarity = 1.73e+00, loss = -5.44e-01, dice = 8.14e-01
2024-05-21 16:21:20.055926 | Iteration 86: similarity = 1.73e+00, loss = -5.43e-01, dice = 8.13e-01
2024-05-21 16:21:25.516800 | Iteration 87: similarity = 1.73e+00, loss = -5.44e-01, dice = 8.12e-01
2024-05-21 16:21:30.873443 | Iteration 88: similarity = 1.73e+00, loss = -5.43e-01, dice = 8.11e-01
2024-05-21 16:21:36.220209 | Iteration 89: similarity = 1.73e+00, loss = -5.44e-01, dice = 8.12e-01
2024-05-21 16:21:41.652642 | Iteration 90: similarity = 1.73e+00, loss = -5.44e-01, dice = 8.11e-01
2024-05-21 16:21:47.103113 | Iteration 91: similarity = 1.73e+00, loss = -5.43e-01, dice = 8.11e-01
2024-05-21 16:21:52.658655 | Iteration 92: similarity = 1.73e+00, loss = -5.43e-01, dice = 8.11e-01
2024-05-21 16:21:58.087856 | Iteration 93: similarity = 1.73e+00, loss = -5.44e-01, dice = 8.11e-01
2024-05-21 16:22:03.515290 | Iteration 94: similarity = 1.73e+00, loss = -5.45e-01, dice = 8.11e-01
2024-05-21 16:22:09.046914 | Iteration 95: similarity = 1.73e+00, loss = -5.45e-01, dice = 8.10e-01
2024-05-21 16:22:14.517921 | Iteration 96: similarity = 1.73e+00, loss = -5.45e-01, dice = 8.10e-01
2024-05-21 16:22:19.903929 | Iteration 97: similarity = 1.73e+00, loss = -5.47e-01, dice = 8.10e-01
2024-05-21 16:22:25.390359 | Iteration 98: similarity = 1.73e+00, loss = -5.48e-01, dice = 8.09e-01
2024-05-21 16:22:30.700225 | Iteration 99: similarity = 1.73e+00, loss = -5.49e-01, dice = 8.09e-01
2024-05-21 16:22:36.101602 | Iteration 100: similarity = 1.73e+00, loss = -5.51e-01, dice = 8.09e-01
2024-05-21 16:22:41.527606 | Iteration 101: similarity = 1.73e+00, loss = -5.51e-01, dice = 8.09e-01
2024-05-21 16:22:46.901518 | Iteration 102: similarity = 1.73e+00, loss = -5.52e-01, dice = 8.09e-01
2024-05-21 16:22:52.254592 | Iteration 103: similarity = 1.73e+00, loss = -5.53e-01, dice = 8.09e-01
2024-05-21 16:22:57.644142 | Iteration 104: similarity = 1.73e+00, loss = -5.54e-01, dice = 8.08e-01
2024-05-21 16:23:03.094483 | Iteration 105: similarity = 1.73e+00, loss = -5.55e-01, dice = 8.09e-01
2024-05-21 16:23:09.079719 | Iteration 106: similarity = 1.73e+00, loss = -5.56e-01, dice = 8.09e-01
2024-05-21 16:23:14.525216 | Iteration 107: similarity = 1.73e+00, loss = -5.57e-01, dice = 8.09e-01
2024-05-21 16:23:20.037423 | Iteration 108: similarity = 1.73e+00, loss = -5.58e-01, dice = 8.10e-01
2024-05-21 16:23:25.475276 | Iteration 109: similarity = 1.73e+00, loss = -5.59e-01, dice = 8.09e-01
2024-05-21 16:23:30.900153 | Iteration 110: similarity = 1.73e+00, loss = -5.60e-01, dice = 8.09e-01
2024-05-21 16:23:36.348715 | Iteration 111: similarity = 1.73e+00, loss = -5.61e-01, dice = 8.08e-01
2024-05-21 16:23:41.703026 | Iteration 112: similarity = 1.73e+00, loss = -5.62e-01, dice = 8.08e-01
2024-05-21 16:23:47.037907 | Iteration 113: similarity = 1.73e+00, loss = -5.61e-01, dice = 8.07e-01
2024-05-21 16:23:52.426655 | Iteration 114: similarity = 1.73e+00, loss = -5.63e-01, dice = 8.07e-01
2024-05-21 16:23:57.757330 | Iteration 115: similarity = 1.73e+00, loss = -5.63e-01, dice = 8.07e-01
2024-05-21 16:24:03.178036 | Iteration 116: similarity = 1.73e+00, loss = -5.64e-01, dice = 8.06e-01
2024-05-21 16:24:08.572455 | Iteration 117: similarity = 1.73e+00, loss = -5.63e-01, dice = 8.07e-01
2024-05-21 16:24:14.039979 | Iteration 118: similarity = 1.73e+00, loss = -5.65e-01, dice = 8.07e-01
2024-05-21 16:24:19.394982 | Iteration 119: similarity = 1.73e+00, loss = -5.65e-01, dice = 8.07e-01
2024-05-21 16:24:24.745235 | Iteration 120: similarity = 1.73e+00, loss = -5.66e-01, dice = 8.07e-01
2024-05-21 16:24:30.147776 | Iteration 121: similarity = 1.73e+00, loss = -5.65e-01, dice = 8.07e-01
2024-05-21 16:24:35.616509 | Iteration 122: similarity = 1.73e+00, loss = -5.66e-01, dice = 8.06e-01
2024-05-21 16:24:41.053558 | Iteration 123: similarity = 1.73e+00, loss = -5.66e-01, dice = 8.06e-01
2024-05-21 16:24:46.570010 | Iteration 124: similarity = 1.73e+00, loss = -5.67e-01, dice = 8.06e-01
2024-05-21 16:24:51.981462 | Iteration 125: similarity = 1.73e+00, loss = -5.66e-01, dice = 8.05e-01
2024-05-21 16:24:57.353590 | Iteration 126: similarity = 1.73e+00, loss = -5.67e-01, dice = 8.05e-01
2024-05-21 16:25:02.693308 | Iteration 127: similarity = 1.73e+00, loss = -5.67e-01, dice = 8.06e-01
2024-05-21 16:25:08.018132 | Iteration 128: similarity = 1.73e+00, loss = -5.68e-01, dice = 8.05e-01
2024-05-21 16:25:13.353044 | Iteration 129: similarity = 1.73e+00, loss = -5.68e-01, dice = 8.05e-01
2024-05-21 16:25:18.704102 | Iteration 130: similarity = 1.73e+00, loss = -5.68e-01, dice = 8.04e-01
2024-05-21 16:25:23.978415 | Iteration 131: similarity = 1.73e+00, loss = -5.68e-01, dice = 8.04e-01
2024-05-21 16:25:29.308712 | Iteration 132: similarity = 1.73e+00, loss = -5.68e-01, dice = 8.04e-01
2024-05-21 16:25:34.650194 | Iteration 133: similarity = 1.73e+00, loss = -5.67e-01, dice = 8.04e-01
2024-05-21 16:25:39.963181 | Iteration 134: similarity = 1.73e+00, loss = -5.67e-01, dice = 8.05e-01
2024-05-21 16:25:45.321015 | Iteration 135: similarity = 1.73e+00, loss = -5.66e-01, dice = 8.04e-01
2024-05-21 16:25:50.655928 | Iteration 136: similarity = 1.73e+00, loss = -5.66e-01, dice = 8.04e-01
2024-05-21 16:25:55.989514 | Iteration 137: similarity = 1.73e+00, loss = -5.67e-01, dice = 8.03e-01
2024-05-21 16:26:01.347872 | Iteration 138: similarity = 1.73e+00, loss = -5.66e-01, dice = 8.03e-01
2024-05-21 16:26:06.716933 | Iteration 139: similarity = 1.73e+00, loss = -5.66e-01, dice = 8.03e-01
2024-05-21 16:26:12.058756 | Iteration 140: similarity = 1.73e+00, loss = -5.66e-01, dice = 8.02e-01
2024-05-21 16:26:17.407336 | Iteration 141: similarity = 1.73e+00, loss = -5.65e-01, dice = 8.02e-01
2024-05-21 16:26:22.783017 | Iteration 142: similarity = 1.73e+00, loss = -5.66e-01, dice = 8.02e-01
2024-05-21 16:26:28.142923 | Iteration 143: similarity = 1.73e+00, loss = -5.66e-01, dice = 8.01e-01
2024-05-21 16:26:33.505958 | Iteration 144: similarity = 1.73e+00, loss = -5.66e-01, dice = 8.02e-01
2024-05-21 16:26:38.854424 | Iteration 145: similarity = 1.73e+00, loss = -5.67e-01, dice = 8.01e-01
2024-05-21 16:26:44.179881 | Iteration 146: similarity = 1.73e+00, loss = -5.67e-01, dice = 8.01e-01
2024-05-21 16:26:49.539590 | Iteration 147: similarity = 1.73e+00, loss = -5.68e-01, dice = 8.00e-01
2024-05-21 16:26:54.831948 | Iteration 148: similarity = 1.73e+00, loss = -5.67e-01, dice = 7.99e-01
2024-05-21 16:27:00.173224 | Iteration 149: similarity = 1.73e+00, loss = -5.68e-01, dice = 8.00e-01
2024-05-21 16:27:05.518840 | Iteration 150: similarity = 1.73e+00, loss = -5.67e-01, dice = 7.99e-01
2024-05-21 16:27:10.849967 | Iteration 151: similarity = 1.73e+00, loss = -5.67e-01, dice = 8.00e-01
2024-05-21 16:27:16.220572 | Iteration 152: similarity = 1.73e+00, loss = -5.68e-01, dice = 8.00e-01
2024-05-21 16:27:21.563536 | Iteration 153: similarity = 1.73e+00, loss = -5.69e-01, dice = 8.00e-01
2024-05-21 16:27:26.880316 | Iteration 154: similarity = 1.73e+00, loss = -5.69e-01, dice = 7.99e-01
2024-05-21 16:27:32.254997 | Iteration 155: similarity = 1.73e+00, loss = -5.70e-01, dice = 8.00e-01
2024-05-21 16:27:37.640676 | Iteration 156: similarity = 1.73e+00, loss = -5.71e-01, dice = 7.99e-01
2024-05-21 16:27:42.989119 | Iteration 157: similarity = 1.73e+00, loss = -5.72e-01, dice = 7.99e-01
2024-05-21 16:27:48.325041 | Iteration 158: similarity = 1.73e+00, loss = -5.74e-01, dice = 7.99e-01
2024-05-21 16:27:53.667111 | Iteration 159: similarity = 1.73e+00, loss = -5.75e-01, dice = 7.99e-01
2024-05-21 16:27:59.012338 | Iteration 160: similarity = 1.73e+00, loss = -5.75e-01, dice = 8.00e-01
2024-05-21 16:28:04.365941 | Iteration 161: similarity = 1.74e+00, loss = -5.77e-01, dice = 8.00e-01
2024-05-21 16:28:09.752647 | Iteration 162: similarity = 1.73e+00, loss = -5.77e-01, dice = 7.99e-01
2024-05-21 16:28:15.133185 | Iteration 163: similarity = 1.74e+00, loss = -5.78e-01, dice = 7.99e-01
2024-05-21 16:28:20.473234 | Iteration 164: similarity = 1.74e+00, loss = -5.78e-01, dice = 7.99e-01
2024-05-21 16:28:25.790399 | Iteration 165: similarity = 1.74e+00, loss = -5.80e-01, dice = 7.99e-01
2024-05-21 16:28:31.168312 | Iteration 166: similarity = 1.74e+00, loss = -5.81e-01, dice = 7.99e-01
2024-05-21 16:28:36.584896 | Iteration 167: similarity = 1.74e+00, loss = -5.82e-01, dice = 7.99e-01
2024-05-21 16:28:41.932117 | Iteration 168: similarity = 1.74e+00, loss = -5.83e-01, dice = 7.99e-01
2024-05-21 16:28:47.276610 | Iteration 169: similarity = 1.74e+00, loss = -5.85e-01, dice = 7.98e-01
2024-05-21 16:28:52.645722 | Iteration 170: similarity = 1.74e+00, loss = -5.84e-01, dice = 7.99e-01
2024-05-21 16:28:58.005802 | Iteration 171: similarity = 1.74e+00, loss = -5.86e-01, dice = 7.99e-01
2024-05-21 16:29:03.316004 | Iteration 172: similarity = 1.74e+00, loss = -5.86e-01, dice = 7.98e-01
2024-05-21 16:29:08.644189 | Iteration 173: similarity = 1.74e+00, loss = -5.88e-01, dice = 7.98e-01
2024-05-21 16:29:13.904935 | Iteration 174: similarity = 1.74e+00, loss = -5.88e-01, dice = 7.98e-01
2024-05-21 16:29:19.247602 | Iteration 175: similarity = 1.74e+00, loss = -5.90e-01, dice = 7.98e-01
2024-05-21 16:29:24.594703 | Iteration 176: similarity = 1.74e+00, loss = -5.91e-01, dice = 7.98e-01
2024-05-21 16:29:29.960613 | Iteration 177: similarity = 1.74e+00, loss = -5.92e-01, dice = 7.98e-01
2024-05-21 16:29:35.369956 | Iteration 178: similarity = 1.74e+00, loss = -5.95e-01, dice = 7.98e-01
2024-05-21 16:29:40.723645 | Iteration 179: similarity = 1.74e+00, loss = -5.96e-01, dice = 7.98e-01
2024-05-21 16:29:46.073581 | Iteration 180: similarity = 1.74e+00, loss = -5.98e-01, dice = 7.98e-01
2024-05-21 16:29:51.422575 | Iteration 181: similarity = 1.74e+00, loss = -6.00e-01, dice = 7.97e-01
2024-05-21 16:29:56.779395 | Iteration 182: similarity = 1.75e+00, loss = -6.01e-01, dice = 7.97e-01
2024-05-21 16:30:02.125541 | Iteration 183: similarity = 1.75e+00, loss = -6.02e-01, dice = 7.96e-01
2024-05-21 16:30:07.468554 | Iteration 184: similarity = 1.75e+00, loss = -6.04e-01, dice = 7.97e-01
2024-05-21 16:30:12.807171 | Iteration 185: similarity = 1.75e+00, loss = -6.06e-01, dice = 7.96e-01
2024-05-21 16:30:18.136202 | Iteration 186: similarity = 1.75e+00, loss = -6.07e-01, dice = 7.96e-01
2024-05-21 16:30:23.469548 | Iteration 187: similarity = 1.75e+00, loss = -6.07e-01, dice = 7.96e-01
2024-05-21 16:30:28.808747 | Iteration 188: similarity = 1.75e+00, loss = -6.09e-01, dice = 7.96e-01
2024-05-21 16:30:34.156081 | Iteration 189: similarity = 1.75e+00, loss = -6.08e-01, dice = 7.96e-01
2024-05-21 16:30:39.498581 | Iteration 190: similarity = 1.75e+00, loss = -6.10e-01, dice = 7.95e-01
2024-05-21 16:30:44.812193 | Iteration 191: similarity = 1.75e+00, loss = -6.11e-01, dice = 7.95e-01
2024-05-21 16:30:50.171660 | Iteration 192: similarity = 1.75e+00, loss = -6.13e-01, dice = 7.95e-01
2024-05-21 16:30:55.531690 | Iteration 193: similarity = 1.75e+00, loss = -6.13e-01, dice = 7.95e-01
2024-05-21 16:31:00.889247 | Iteration 194: similarity = 1.75e+00, loss = -6.15e-01, dice = 7.95e-01
2024-05-21 16:31:06.238465 | Iteration 195: similarity = 1.75e+00, loss = -6.15e-01, dice = 7.95e-01
2024-05-21 16:31:11.577452 | Iteration 196: similarity = 1.75e+00, loss = -6.17e-01, dice = 7.94e-01
2024-05-21 16:31:16.937424 | Iteration 197: similarity = 1.75e+00, loss = -6.19e-01, dice = 7.94e-01
2024-05-21 16:31:22.283490 | Iteration 198: similarity = 1.76e+00, loss = -6.20e-01, dice = 7.95e-01
2024-05-21 16:31:27.633296 | Iteration 199: similarity = 1.76e+00, loss = -6.22e-01, dice = 7.94e-01
2024-05-21 16:31:32.950515 | Iteration 200: similarity = 1.76e+00, loss = -6.23e-01, dice = 7.94e-01
2024-05-21 16:31:33.198211 | [scope plot registration results takes 0.24758195877075195s]
2024-05-21 16:31:34.040255 | Validation: HD [8.018148 ± 1.887841], MSD [0.817116 ± 0.160937], DSC [0.715843 ± 0.099556]
2024-05-21 16:31:34.040970 |          => HD [32.807190 ± 5.052977], MSD [0.733406 ± 0.301723], DSC [0.793702 ± 0.118322]
