====================================================================================================
Logging file for python script in Intensity Distribution.Experiment 1 (Anonymous): Exp1_LIC_GASD
.py
| The recreation of Experiment 1: comparison between LIC and GASD. 
Started at 2024-05-19 17:41:34.248991 with command:
> python Exp1_LIC_GASD.py --exp T1_LIC_noise_sig0
====================================================================================================

2024-05-19 17:41:35.965236 | Iteration 1: similarity = 1.11e-01, loss = 5.59e+00, dice = 5.93e-01
2024-05-19 17:41:37.612061 | Iteration 2: similarity = 1.34e-01, loss = 4.21e+00, dice = 6.29e-01
2024-05-19 17:41:39.247701 | Iteration 3: similarity = 1.66e-01, loss = 3.48e+00, dice = 6.66e-01
2024-05-19 17:41:40.864961 | Iteration 4: similarity = 1.91e-01, loss = 2.75e+00, dice = 6.97e-01
2024-05-19 17:41:42.505148 | Iteration 5: similarity = 2.04e-01, loss = 2.52e+00, dice = 7.12e-01
2024-05-19 17:41:44.108824 | Iteration 6: similarity = 2.14e-01, loss = 2.26e+00, dice = 7.23e-01
2024-05-19 17:41:45.744365 | Iteration 7: similarity = 2.23e-01, loss = 2.03e+00, dice = 7.33e-01
2024-05-19 17:41:47.320424 | Iteration 8: similarity = 2.30e-01, loss = 1.82e+00, dice = 7.43e-01
2024-05-19 17:41:48.899705 | Iteration 9: similarity = 2.35e-01, loss = 1.64e+00, dice = 7.50e-01
2024-05-19 17:41:50.504312 | Iteration 10: similarity = 2.39e-01, loss = 1.48e+00, dice = 7.56e-01
2024-05-19 17:41:52.082535 | Iteration 11: similarity = 2.42e-01, loss = 1.34e+00, dice = 7.60e-01
2024-05-19 17:41:53.695729 | Iteration 12: similarity = 2.44e-01, loss = 1.22e+00, dice = 7.64e-01
2024-05-19 17:41:55.268919 | Iteration 13: similarity = 2.47e-01, loss = 1.12e+00, dice = 7.67e-01
2024-05-19 17:41:56.859218 | Iteration 14: similarity = 2.49e-01, loss = 1.02e+00, dice = 7.71e-01
2024-05-19 17:41:58.461579 | Iteration 15: similarity = 2.51e-01, loss = 9.32e-01, dice = 7.73e-01
2024-05-19 17:42:00.041251 | Iteration 16: similarity = 2.53e-01, loss = 8.51e-01, dice = 7.75e-01
2024-05-19 17:42:01.627614 | Iteration 17: similarity = 2.55e-01, loss = 7.77e-01, dice = 7.78e-01
2024-05-19 17:42:03.208965 | Iteration 18: similarity = 2.56e-01, loss = 7.09e-01, dice = 7.82e-01
2024-05-19 17:42:04.785176 | Iteration 19: similarity = 2.57e-01, loss = 6.47e-01, dice = 7.84e-01
2024-05-19 17:42:06.370511 | Iteration 20: similarity = 2.58e-01, loss = 5.92e-01, dice = 7.86e-01
2024-05-19 17:42:07.947408 | Iteration 21: similarity = 2.59e-01, loss = 5.42e-01, dice = 7.88e-01
2024-05-19 17:42:09.544233 | Iteration 22: similarity = 2.60e-01, loss = 4.95e-01, dice = 7.91e-01
2024-05-19 17:42:11.124314 | Iteration 23: similarity = 2.61e-01, loss = 4.52e-01, dice = 7.92e-01
2024-05-19 17:42:12.707870 | Iteration 24: similarity = 2.61e-01, loss = 4.13e-01, dice = 7.93e-01
2024-05-19 17:42:14.300072 | Iteration 25: similarity = 2.62e-01, loss = 3.78e-01, dice = 7.96e-01
2024-05-19 17:42:15.884412 | Iteration 26: similarity = 2.62e-01, loss = 3.46e-01, dice = 7.97e-01
2024-05-19 17:42:17.476900 | Iteration 27: similarity = 2.62e-01, loss = 3.18e-01, dice = 7.98e-01
2024-05-19 17:42:19.059949 | Iteration 28: similarity = 2.63e-01, loss = 2.93e-01, dice = 7.99e-01
2024-05-19 17:42:20.629901 | Iteration 29: similarity = 2.63e-01, loss = 2.70e-01, dice = 8.01e-01
2024-05-19 17:42:22.199783 | Iteration 30: similarity = 2.63e-01, loss = 2.50e-01, dice = 8.02e-01
2024-05-19 17:42:23.782721 | Iteration 31: similarity = 2.63e-01, loss = 2.34e-01, dice = 8.03e-01
2024-05-19 17:42:25.376368 | Iteration 32: similarity = 2.63e-01, loss = 2.19e-01, dice = 8.03e-01
2024-05-19 17:42:26.965059 | Iteration 33: similarity = 2.63e-01, loss = 2.07e-01, dice = 8.05e-01
2024-05-19 17:42:28.552696 | Iteration 34: similarity = 2.63e-01, loss = 1.97e-01, dice = 8.06e-01
2024-05-19 17:42:30.131439 | Iteration 35: similarity = 2.63e-01, loss = 1.88e-01, dice = 8.07e-01
2024-05-19 17:42:31.721297 | Iteration 36: similarity = 2.63e-01, loss = 1.81e-01, dice = 8.08e-01
2024-05-19 17:42:33.299749 | Iteration 37: similarity = 2.63e-01, loss = 1.76e-01, dice = 8.09e-01
2024-05-19 17:42:34.891286 | Iteration 38: similarity = 2.63e-01, loss = 1.72e-01, dice = 8.10e-01
2024-05-19 17:42:36.473583 | Iteration 39: similarity = 2.63e-01, loss = 1.68e-01, dice = 8.11e-01
2024-05-19 17:42:38.061848 | Iteration 40: similarity = 2.64e-01, loss = 1.66e-01, dice = 8.12e-01
2024-05-19 17:42:39.643833 | Iteration 41: similarity = 2.64e-01, loss = 1.65e-01, dice = 8.12e-01
2024-05-19 17:42:41.219636 | Iteration 42: similarity = 2.64e-01, loss = 1.64e-01, dice = 8.13e-01
2024-05-19 17:42:42.795918 | Iteration 43: similarity = 2.64e-01, loss = 1.63e-01, dice = 8.14e-01
2024-05-19 17:42:44.365894 | Iteration 44: similarity = 2.64e-01, loss = 1.63e-01, dice = 8.14e-01
2024-05-19 17:42:45.945885 | Iteration 45: similarity = 2.64e-01, loss = 1.63e-01, dice = 8.14e-01
2024-05-19 17:42:47.518343 | Iteration 46: similarity = 2.64e-01, loss = 1.65e-01, dice = 8.15e-01
2024-05-19 17:42:49.091064 | Iteration 47: similarity = 2.64e-01, loss = 1.65e-01, dice = 8.16e-01
2024-05-19 17:42:50.667243 | Iteration 48: similarity = 2.64e-01, loss = 1.67e-01, dice = 8.16e-01
2024-05-19 17:42:52.247485 | Iteration 49: similarity = 2.65e-01, loss = 1.68e-01, dice = 8.17e-01
2024-05-19 17:42:53.817165 | Iteration 50: similarity = 2.65e-01, loss = 1.69e-01, dice = 8.17e-01
2024-05-19 17:42:55.387019 | Iteration 51: similarity = 2.65e-01, loss = 1.71e-01, dice = 8.18e-01
2024-05-19 17:42:56.952457 | Iteration 52: similarity = 2.65e-01, loss = 1.72e-01, dice = 8.17e-01
2024-05-19 17:42:58.527812 | Iteration 53: similarity = 2.65e-01, loss = 1.74e-01, dice = 8.18e-01
2024-05-19 17:43:00.113225 | Iteration 54: similarity = 2.65e-01, loss = 1.76e-01, dice = 8.18e-01
2024-05-19 17:43:01.689933 | Iteration 55: similarity = 2.65e-01, loss = 1.78e-01, dice = 8.19e-01
2024-05-19 17:43:03.276590 | Iteration 56: similarity = 2.65e-01, loss = 1.79e-01, dice = 8.19e-01
2024-05-19 17:43:04.845596 | Iteration 57: similarity = 2.65e-01, loss = 1.81e-01, dice = 8.19e-01
2024-05-19 17:43:06.421136 | Iteration 58: similarity = 2.66e-01, loss = 1.82e-01, dice = 8.20e-01
2024-05-19 17:43:08.007190 | Iteration 59: similarity = 2.66e-01, loss = 1.85e-01, dice = 8.20e-01
2024-05-19 17:43:09.587165 | Iteration 60: similarity = 2.66e-01, loss = 1.86e-01, dice = 8.20e-01
2024-05-19 17:43:11.170638 | Iteration 61: similarity = 2.66e-01, loss = 1.88e-01, dice = 8.20e-01
2024-05-19 17:43:12.750075 | Iteration 62: similarity = 2.66e-01, loss = 1.90e-01, dice = 8.21e-01
2024-05-19 17:43:14.331159 | Iteration 63: similarity = 2.66e-01, loss = 1.92e-01, dice = 8.21e-01
2024-05-19 17:43:15.893546 | Iteration 64: similarity = 2.66e-01, loss = 1.93e-01, dice = 8.21e-01
2024-05-19 17:43:17.468571 | Iteration 65: similarity = 2.66e-01, loss = 1.96e-01, dice = 8.21e-01
2024-05-19 17:43:19.029853 | Iteration 66: similarity = 2.66e-01, loss = 1.97e-01, dice = 8.21e-01
2024-05-19 17:43:20.599900 | Iteration 67: similarity = 2.66e-01, loss = 2.00e-01, dice = 8.21e-01
2024-05-19 17:43:22.192436 | Iteration 68: similarity = 2.66e-01, loss = 2.01e-01, dice = 8.22e-01
2024-05-19 17:43:23.778197 | Iteration 69: similarity = 2.67e-01, loss = 2.03e-01, dice = 8.22e-01
2024-05-19 17:43:25.349807 | Iteration 70: similarity = 2.67e-01, loss = 2.05e-01, dice = 8.22e-01
2024-05-19 17:43:26.924796 | Iteration 71: similarity = 2.67e-01, loss = 2.07e-01, dice = 8.21e-01
2024-05-19 17:43:28.511929 | Iteration 72: similarity = 2.67e-01, loss = 2.09e-01, dice = 8.22e-01
2024-05-19 17:43:30.094709 | Iteration 73: similarity = 2.67e-01, loss = 2.11e-01, dice = 8.22e-01
2024-05-19 17:43:31.691501 | Iteration 74: similarity = 2.67e-01, loss = 2.12e-01, dice = 8.22e-01
2024-05-19 17:43:33.275902 | Iteration 75: similarity = 2.67e-01, loss = 2.14e-01, dice = 8.22e-01
2024-05-19 17:43:34.876669 | Iteration 76: similarity = 2.67e-01, loss = 2.15e-01, dice = 8.23e-01
2024-05-19 17:43:36.499771 | Iteration 77: similarity = 2.67e-01, loss = 2.17e-01, dice = 8.22e-01
2024-05-19 17:43:38.127308 | Iteration 78: similarity = 2.67e-01, loss = 2.18e-01, dice = 8.22e-01
2024-05-19 17:43:39.795374 | Iteration 79: similarity = 2.67e-01, loss = 2.20e-01, dice = 8.22e-01
2024-05-19 17:43:41.431925 | Iteration 80: similarity = 2.67e-01, loss = 2.21e-01, dice = 8.22e-01
2024-05-19 17:43:43.069104 | Iteration 81: similarity = 2.67e-01, loss = 2.22e-01, dice = 8.22e-01
2024-05-19 17:43:44.676937 | Iteration 82: similarity = 2.67e-01, loss = 2.23e-01, dice = 8.23e-01
2024-05-19 17:43:46.271606 | Iteration 83: similarity = 2.67e-01, loss = 2.24e-01, dice = 8.23e-01
2024-05-19 17:43:47.903487 | Iteration 84: similarity = 2.67e-01, loss = 2.24e-01, dice = 8.22e-01
2024-05-19 17:43:49.504101 | Iteration 85: similarity = 2.68e-01, loss = 2.26e-01, dice = 8.23e-01
2024-05-19 17:43:51.113691 | Iteration 86: similarity = 2.68e-01, loss = 2.26e-01, dice = 8.24e-01
2024-05-19 17:43:52.698003 | Iteration 87: similarity = 2.68e-01, loss = 2.27e-01, dice = 8.23e-01
2024-05-19 17:43:54.292431 | Iteration 88: similarity = 2.68e-01, loss = 2.27e-01, dice = 8.23e-01
2024-05-19 17:43:55.874898 | Iteration 89: similarity = 2.68e-01, loss = 2.27e-01, dice = 8.23e-01
2024-05-19 17:43:57.478388 | Iteration 90: similarity = 2.68e-01, loss = 2.28e-01, dice = 8.23e-01
2024-05-19 17:43:59.057899 | Iteration 91: similarity = 2.68e-01, loss = 2.28e-01, dice = 8.23e-01
2024-05-19 17:44:00.674697 | Iteration 92: similarity = 2.68e-01, loss = 2.28e-01, dice = 8.23e-01
2024-05-19 17:44:02.275343 | Iteration 93: similarity = 2.68e-01, loss = 2.28e-01, dice = 8.23e-01
2024-05-19 17:44:03.846313 | Iteration 94: similarity = 2.68e-01, loss = 2.28e-01, dice = 8.23e-01
2024-05-19 17:44:05.453325 | Iteration 95: similarity = 2.68e-01, loss = 2.28e-01, dice = 8.24e-01
2024-05-19 17:44:07.071887 | Iteration 96: similarity = 2.68e-01, loss = 2.28e-01, dice = 8.24e-01
2024-05-19 17:44:08.726731 | Iteration 97: similarity = 2.68e-01, loss = 2.28e-01, dice = 8.23e-01
2024-05-19 17:44:10.375472 | Iteration 98: similarity = 2.68e-01, loss = 2.27e-01, dice = 8.23e-01
2024-05-19 17:44:11.955068 | Iteration 99: similarity = 2.68e-01, loss = 2.27e-01, dice = 8.24e-01
2024-05-19 17:44:13.554396 | Iteration 100: similarity = 2.68e-01, loss = 2.27e-01, dice = 8.24e-01
2024-05-19 17:44:15.183308 | Iteration 101: similarity = 2.68e-01, loss = 2.27e-01, dice = 8.24e-01
2024-05-19 17:44:16.792956 | Iteration 102: similarity = 2.68e-01, loss = 2.26e-01, dice = 8.23e-01
2024-05-19 17:44:18.376976 | Iteration 103: similarity = 2.68e-01, loss = 2.26e-01, dice = 8.23e-01
2024-05-19 17:44:19.942436 | Iteration 104: similarity = 2.68e-01, loss = 2.25e-01, dice = 8.24e-01
2024-05-19 17:44:21.548205 | Iteration 105: similarity = 2.68e-01, loss = 2.24e-01, dice = 8.24e-01
2024-05-19 17:44:23.128256 | Iteration 106: similarity = 2.68e-01, loss = 2.24e-01, dice = 8.24e-01
2024-05-19 17:44:24.737263 | Iteration 107: similarity = 2.68e-01, loss = 2.23e-01, dice = 8.24e-01
2024-05-19 17:44:26.368810 | Iteration 108: similarity = 2.69e-01, loss = 2.23e-01, dice = 8.24e-01
2024-05-19 17:44:27.983707 | Iteration 109: similarity = 2.69e-01, loss = 2.21e-01, dice = 8.24e-01
2024-05-19 17:44:29.572165 | Iteration 110: similarity = 2.69e-01, loss = 2.21e-01, dice = 8.24e-01
2024-05-19 17:44:31.251628 | Iteration 111: similarity = 2.69e-01, loss = 2.20e-01, dice = 8.23e-01
2024-05-19 17:44:32.845877 | Iteration 112: similarity = 2.69e-01, loss = 2.20e-01, dice = 8.23e-01
2024-05-19 17:44:34.435733 | Iteration 113: similarity = 2.69e-01, loss = 2.18e-01, dice = 8.24e-01
2024-05-19 17:44:36.031908 | Iteration 114: similarity = 2.69e-01, loss = 2.18e-01, dice = 8.24e-01
2024-05-19 17:44:37.609331 | Iteration 115: similarity = 2.69e-01, loss = 2.16e-01, dice = 8.23e-01
2024-05-19 17:44:39.203765 | Iteration 116: similarity = 2.69e-01, loss = 2.16e-01, dice = 8.24e-01
2024-05-19 17:44:40.791755 | Iteration 117: similarity = 2.69e-01, loss = 2.15e-01, dice = 8.24e-01
2024-05-19 17:44:42.355970 | Iteration 118: similarity = 2.69e-01, loss = 2.14e-01, dice = 8.24e-01
2024-05-19 17:44:43.950562 | Iteration 119: similarity = 2.69e-01, loss = 2.13e-01, dice = 8.24e-01
2024-05-19 17:44:45.536300 | Iteration 120: similarity = 2.69e-01, loss = 2.12e-01, dice = 8.23e-01
2024-05-19 17:44:47.129871 | Iteration 121: similarity = 2.69e-01, loss = 2.11e-01, dice = 8.23e-01
2024-05-19 17:44:48.733881 | Iteration 122: similarity = 2.69e-01, loss = 2.10e-01, dice = 8.23e-01
2024-05-19 17:44:50.323946 | Iteration 123: similarity = 2.69e-01, loss = 2.09e-01, dice = 8.24e-01
2024-05-19 17:44:51.900937 | Iteration 124: similarity = 2.69e-01, loss = 2.08e-01, dice = 8.24e-01
2024-05-19 17:44:53.502622 | Iteration 125: similarity = 2.69e-01, loss = 2.07e-01, dice = 8.24e-01
2024-05-19 17:44:55.102512 | Iteration 126: similarity = 2.69e-01, loss = 2.06e-01, dice = 8.24e-01
2024-05-19 17:44:56.662284 | Iteration 127: similarity = 2.69e-01, loss = 2.05e-01, dice = 8.24e-01
2024-05-19 17:44:58.209293 | Iteration 128: similarity = 2.69e-01, loss = 2.04e-01, dice = 8.24e-01
2024-05-19 17:44:59.818300 | Iteration 129: similarity = 2.69e-01, loss = 2.03e-01, dice = 8.24e-01
2024-05-19 17:45:01.412701 | Iteration 130: similarity = 2.69e-01, loss = 2.02e-01, dice = 8.25e-01
2024-05-19 17:45:03.002174 | Iteration 131: similarity = 2.69e-01, loss = 2.01e-01, dice = 8.24e-01
2024-05-19 17:45:04.562997 | Iteration 132: similarity = 2.69e-01, loss = 2.00e-01, dice = 8.24e-01
2024-05-19 17:45:06.118055 | Iteration 133: similarity = 2.69e-01, loss = 1.98e-01, dice = 8.24e-01
2024-05-19 17:45:07.827441 | Iteration 134: similarity = 2.69e-01, loss = 1.98e-01, dice = 8.24e-01
2024-05-19 17:45:09.803682 | Iteration 135: similarity = 2.69e-01, loss = 1.96e-01, dice = 8.24e-01
2024-05-19 17:45:11.407660 | Iteration 136: similarity = 2.69e-01, loss = 1.95e-01, dice = 8.24e-01
2024-05-19 17:45:12.983903 | Iteration 137: similarity = 2.69e-01, loss = 1.94e-01, dice = 8.24e-01
2024-05-19 17:45:14.565695 | Iteration 138: similarity = 2.69e-01, loss = 1.93e-01, dice = 8.24e-01
2024-05-19 17:45:16.150280 | Iteration 139: similarity = 2.69e-01, loss = 1.92e-01, dice = 8.24e-01
2024-05-19 17:45:17.730376 | Iteration 140: similarity = 2.69e-01, loss = 1.91e-01, dice = 8.24e-01
2024-05-19 17:45:19.329568 | Iteration 141: similarity = 2.69e-01, loss = 1.90e-01, dice = 8.24e-01
2024-05-19 17:45:20.952526 | Iteration 142: similarity = 2.69e-01, loss = 1.88e-01, dice = 8.24e-01
2024-05-19 17:45:22.586410 | Iteration 143: similarity = 2.69e-01, loss = 1.87e-01, dice = 8.24e-01
2024-05-19 17:45:24.168997 | Iteration 144: similarity = 2.69e-01, loss = 1.86e-01, dice = 8.24e-01
2024-05-19 17:45:25.733474 | Iteration 145: similarity = 2.69e-01, loss = 1.85e-01, dice = 8.24e-01
2024-05-19 17:45:27.339968 | Iteration 146: similarity = 2.69e-01, loss = 1.84e-01, dice = 8.24e-01
2024-05-19 17:45:28.955585 | Iteration 147: similarity = 2.69e-01, loss = 1.83e-01, dice = 8.24e-01
2024-05-19 17:45:30.597912 | Iteration 148: similarity = 2.69e-01, loss = 1.82e-01, dice = 8.24e-01
2024-05-19 17:45:32.210704 | Iteration 149: similarity = 2.69e-01, loss = 1.81e-01, dice = 8.24e-01
2024-05-19 17:45:33.850869 | Iteration 150: similarity = 2.69e-01, loss = 1.80e-01, dice = 8.24e-01
2024-05-19 17:45:35.496863 | Iteration 151: similarity = 2.69e-01, loss = 1.79e-01, dice = 8.25e-01
2024-05-19 17:45:37.151719 | Iteration 152: similarity = 2.69e-01, loss = 1.78e-01, dice = 8.25e-01
2024-05-19 17:45:38.791657 | Iteration 153: similarity = 2.69e-01, loss = 1.76e-01, dice = 8.24e-01
2024-05-19 17:45:40.386238 | Iteration 154: similarity = 2.69e-01, loss = 1.76e-01, dice = 8.24e-01
2024-05-19 17:45:41.968781 | Iteration 155: similarity = 2.69e-01, loss = 1.74e-01, dice = 8.24e-01
2024-05-19 17:45:43.563224 | Iteration 156: similarity = 2.69e-01, loss = 1.73e-01, dice = 8.24e-01
2024-05-19 17:45:45.150568 | Iteration 157: similarity = 2.69e-01, loss = 1.72e-01, dice = 8.24e-01
2024-05-19 17:45:46.736417 | Iteration 158: similarity = 2.69e-01, loss = 1.71e-01, dice = 8.24e-01
2024-05-19 17:45:48.300594 | Iteration 159: similarity = 2.69e-01, loss = 1.70e-01, dice = 8.24e-01
2024-05-19 17:45:49.884133 | Iteration 160: similarity = 2.69e-01, loss = 1.69e-01, dice = 8.24e-01
2024-05-19 17:45:51.489354 | Iteration 161: similarity = 2.69e-01, loss = 1.68e-01, dice = 8.24e-01
2024-05-19 17:45:53.084453 | Iteration 162: similarity = 2.69e-01, loss = 1.67e-01, dice = 8.24e-01
2024-05-19 17:45:54.632270 | Iteration 163: similarity = 2.69e-01, loss = 1.66e-01, dice = 8.24e-01
2024-05-19 17:45:56.231256 | Iteration 164: similarity = 2.69e-01, loss = 1.64e-01, dice = 8.24e-01
2024-05-19 17:45:57.923704 | Iteration 165: similarity = 2.69e-01, loss = 1.64e-01, dice = 8.25e-01
2024-05-19 17:45:59.572690 | Iteration 166: similarity = 2.69e-01, loss = 1.62e-01, dice = 8.24e-01
2024-05-19 17:46:01.172861 | Iteration 167: similarity = 2.69e-01, loss = 1.62e-01, dice = 8.24e-01
2024-05-19 17:46:02.750239 | Iteration 168: similarity = 2.69e-01, loss = 1.60e-01, dice = 8.24e-01
2024-05-19 17:46:04.357990 | Iteration 169: similarity = 2.69e-01, loss = 1.59e-01, dice = 8.24e-01
2024-05-19 17:46:05.980681 | Iteration 170: similarity = 2.69e-01, loss = 1.58e-01, dice = 8.25e-01
2024-05-19 17:46:07.579689 | Iteration 171: similarity = 2.69e-01, loss = 1.57e-01, dice = 8.24e-01
2024-05-19 17:46:09.209711 | Iteration 172: similarity = 2.69e-01, loss = 1.55e-01, dice = 8.24e-01
2024-05-19 17:46:10.812202 | Iteration 173: similarity = 2.69e-01, loss = 1.55e-01, dice = 8.24e-01
2024-05-19 17:46:12.424048 | Iteration 174: similarity = 2.69e-01, loss = 1.53e-01, dice = 8.25e-01
2024-05-19 17:46:14.067407 | Iteration 175: similarity = 2.69e-01, loss = 1.53e-01, dice = 8.24e-01
2024-05-19 17:46:15.696771 | Iteration 176: similarity = 2.69e-01, loss = 1.51e-01, dice = 8.24e-01
2024-05-19 17:46:17.307885 | Iteration 177: similarity = 2.69e-01, loss = 1.51e-01, dice = 8.25e-01
2024-05-19 17:46:18.962524 | Iteration 178: similarity = 2.69e-01, loss = 1.49e-01, dice = 8.25e-01
2024-05-19 17:46:20.553094 | Iteration 179: similarity = 2.69e-01, loss = 1.48e-01, dice = 8.24e-01
2024-05-19 17:46:22.162701 | Iteration 180: similarity = 2.69e-01, loss = 1.47e-01, dice = 8.24e-01
2024-05-19 17:46:23.759119 | Iteration 181: similarity = 2.69e-01, loss = 1.46e-01, dice = 8.24e-01
2024-05-19 17:46:25.332250 | Iteration 182: similarity = 2.69e-01, loss = 1.45e-01, dice = 8.24e-01
2024-05-19 17:46:26.928298 | Iteration 183: similarity = 2.69e-01, loss = 1.44e-01, dice = 8.24e-01
2024-05-19 17:46:28.512998 | Iteration 184: similarity = 2.69e-01, loss = 1.43e-01, dice = 8.24e-01
2024-05-19 17:46:30.114156 | Iteration 185: similarity = 2.69e-01, loss = 1.42e-01, dice = 8.24e-01
2024-05-19 17:46:31.738916 | Iteration 186: similarity = 2.69e-01, loss = 1.41e-01, dice = 8.24e-01
2024-05-19 17:46:33.322119 | Iteration 187: similarity = 2.69e-01, loss = 1.40e-01, dice = 8.24e-01
2024-05-19 17:46:34.930104 | Iteration 188: similarity = 2.69e-01, loss = 1.39e-01, dice = 8.25e-01
2024-05-19 17:46:36.538486 | Iteration 189: similarity = 2.69e-01, loss = 1.38e-01, dice = 8.25e-01
2024-05-19 17:46:38.155356 | Iteration 190: similarity = 2.69e-01, loss = 1.37e-01, dice = 8.24e-01
2024-05-19 17:46:39.769584 | Iteration 191: similarity = 2.69e-01, loss = 1.36e-01, dice = 8.24e-01
2024-05-19 17:46:41.353306 | Iteration 192: similarity = 2.69e-01, loss = 1.35e-01, dice = 8.25e-01
2024-05-19 17:46:42.940852 | Iteration 193: similarity = 2.69e-01, loss = 1.34e-01, dice = 8.24e-01
2024-05-19 17:46:44.529491 | Iteration 194: similarity = 2.69e-01, loss = 1.32e-01, dice = 8.24e-01
2024-05-19 17:46:46.113502 | Iteration 195: similarity = 2.69e-01, loss = 1.32e-01, dice = 8.25e-01
2024-05-19 17:46:47.687076 | Iteration 196: similarity = 2.69e-01, loss = 1.30e-01, dice = 8.25e-01
2024-05-19 17:46:49.279028 | Iteration 197: similarity = 2.69e-01, loss = 1.30e-01, dice = 8.25e-01
2024-05-19 17:46:50.891419 | Iteration 198: similarity = 2.69e-01, loss = 1.28e-01, dice = 8.24e-01
2024-05-19 17:46:52.523150 | Iteration 199: similarity = 2.69e-01, loss = 1.28e-01, dice = 8.24e-01
2024-05-19 17:46:54.124066 | Iteration 200: similarity = 2.69e-01, loss = 1.26e-01, dice = 8.25e-01
2024-05-19 17:46:54.368388 | [scope plot registration results takes 0.24423885345458984s]
2024-05-19 17:46:55.229341 | Validation: HD [8.018148 ± 1.887841], MSD [0.817116 ± 0.160937], DSC [0.715843 ± 0.099556]
2024-05-19 17:46:55.230052 |          => HD [7.472637 ± 1.496513], MSD [0.500657 ± 0.142104], DSC [0.824546 ± 0.074834]
