====================================================================================================
Logging file for python script in Intensity Distribution.Experiment 1 (Anonymous): Exp1_LIC_GASD
.py
| The recreation of Experiment 1: comparison between LIC and GASD. 
Started at 2024-05-19 02:54:26.248041 with command:
> python Exp1_LIC_GASD.py --exp T2_NCC_local
====================================================================================================

2024-05-19 02:54:27.561508 | Iteration 1: similarity = 1.80e-01, loss = 5.52e+00, dice = 5.93e-01
2024-05-19 02:54:28.749386 | Iteration 2: similarity = 1.84e-01, loss = 4.18e+00, dice = 6.17e-01
2024-05-19 02:54:29.920408 | Iteration 3: similarity = 1.91e-01, loss = 3.51e+00, dice = 6.35e-01
2024-05-19 02:54:31.114427 | Iteration 4: similarity = 1.97e-01, loss = 2.81e+00, dice = 6.55e-01
2024-05-19 02:54:32.321432 | Iteration 5: similarity = 2.01e-01, loss = 2.59e+00, dice = 6.67e-01
2024-05-19 02:54:33.507850 | Iteration 6: similarity = 2.06e-01, loss = 2.34e+00, dice = 6.74e-01
2024-05-19 02:54:34.699575 | Iteration 7: similarity = 2.11e-01, loss = 2.10e+00, dice = 6.81e-01
2024-05-19 02:54:35.888482 | Iteration 8: similarity = 2.15e-01, loss = 1.90e+00, dice = 6.89e-01
2024-05-19 02:54:37.072209 | Iteration 9: similarity = 2.18e-01, loss = 1.72e+00, dice = 6.97e-01
2024-05-19 02:54:38.242928 | Iteration 10: similarity = 2.22e-01, loss = 1.56e+00, dice = 7.05e-01
2024-05-19 02:54:39.420465 | Iteration 11: similarity = 2.25e-01, loss = 1.43e+00, dice = 7.11e-01
2024-05-19 02:54:40.607298 | Iteration 12: similarity = 2.28e-01, loss = 1.31e+00, dice = 7.16e-01
2024-05-19 02:54:41.789979 | Iteration 13: similarity = 2.31e-01, loss = 1.20e+00, dice = 7.21e-01
2024-05-19 02:54:42.976654 | Iteration 14: similarity = 2.33e-01, loss = 1.10e+00, dice = 7.25e-01
2024-05-19 02:54:44.175474 | Iteration 15: similarity = 2.36e-01, loss = 1.01e+00, dice = 7.29e-01
2024-05-19 02:54:45.342817 | Iteration 16: similarity = 2.38e-01, loss = 9.29e-01, dice = 7.32e-01
2024-05-19 02:54:46.519261 | Iteration 17: similarity = 2.40e-01, loss = 8.52e-01, dice = 7.37e-01
2024-05-19 02:54:47.709506 | Iteration 18: similarity = 2.43e-01, loss = 7.81e-01, dice = 7.41e-01
2024-05-19 02:54:48.885059 | Iteration 19: similarity = 2.45e-01, loss = 7.17e-01, dice = 7.44e-01
2024-05-19 02:54:50.061912 | Iteration 20: similarity = 2.46e-01, loss = 6.60e-01, dice = 7.47e-01
2024-05-19 02:54:51.234026 | Iteration 21: similarity = 2.48e-01, loss = 6.06e-01, dice = 7.50e-01
2024-05-19 02:54:52.428549 | Iteration 22: similarity = 2.50e-01, loss = 5.56e-01, dice = 7.52e-01
2024-05-19 02:54:53.606751 | Iteration 23: similarity = 2.52e-01, loss = 5.10e-01, dice = 7.55e-01
2024-05-19 02:54:54.797454 | Iteration 24: similarity = 2.53e-01, loss = 4.68e-01, dice = 7.59e-01
2024-05-19 02:54:55.991545 | Iteration 25: similarity = 2.54e-01, loss = 4.30e-01, dice = 7.61e-01
2024-05-19 02:54:57.175297 | Iteration 26: similarity = 2.56e-01, loss = 3.96e-01, dice = 7.65e-01
2024-05-19 02:54:58.378876 | Iteration 27: similarity = 2.57e-01, loss = 3.64e-01, dice = 7.66e-01
2024-05-19 02:54:59.595318 | Iteration 28: similarity = 2.58e-01, loss = 3.36e-01, dice = 7.69e-01
2024-05-19 02:55:00.785328 | Iteration 29: similarity = 2.59e-01, loss = 3.10e-01, dice = 7.71e-01
2024-05-19 02:55:01.967229 | Iteration 30: similarity = 2.60e-01, loss = 2.87e-01, dice = 7.72e-01
2024-05-19 02:55:03.170828 | Iteration 31: similarity = 2.60e-01, loss = 2.68e-01, dice = 7.75e-01
2024-05-19 02:55:04.349867 | Iteration 32: similarity = 2.61e-01, loss = 2.50e-01, dice = 7.77e-01
2024-05-19 02:55:05.549921 | Iteration 33: similarity = 2.62e-01, loss = 2.34e-01, dice = 7.80e-01
2024-05-19 02:55:06.741683 | Iteration 34: similarity = 2.63e-01, loss = 2.21e-01, dice = 7.82e-01
2024-05-19 02:55:07.930651 | Iteration 35: similarity = 2.63e-01, loss = 2.10e-01, dice = 7.84e-01
2024-05-19 02:55:09.091768 | Iteration 36: similarity = 2.64e-01, loss = 2.00e-01, dice = 7.86e-01
2024-05-19 02:55:10.266286 | Iteration 37: similarity = 2.64e-01, loss = 1.92e-01, dice = 7.88e-01
2024-05-19 02:55:11.440486 | Iteration 38: similarity = 2.65e-01, loss = 1.85e-01, dice = 7.90e-01
2024-05-19 02:55:12.638531 | Iteration 39: similarity = 2.65e-01, loss = 1.79e-01, dice = 7.93e-01
2024-05-19 02:55:13.822593 | Iteration 40: similarity = 2.66e-01, loss = 1.75e-01, dice = 7.95e-01
2024-05-19 02:55:15.009172 | Iteration 41: similarity = 2.66e-01, loss = 1.71e-01, dice = 7.97e-01
2024-05-19 02:55:16.188418 | Iteration 42: similarity = 2.66e-01, loss = 1.68e-01, dice = 7.98e-01
2024-05-19 02:55:17.373434 | Iteration 43: similarity = 2.67e-01, loss = 1.66e-01, dice = 8.00e-01
2024-05-19 02:55:18.554917 | Iteration 44: similarity = 2.67e-01, loss = 1.65e-01, dice = 8.02e-01
2024-05-19 02:55:19.735362 | Iteration 45: similarity = 2.67e-01, loss = 1.64e-01, dice = 8.05e-01
2024-05-19 02:55:20.914632 | Iteration 46: similarity = 2.67e-01, loss = 1.64e-01, dice = 8.06e-01
2024-05-19 02:55:22.096068 | Iteration 47: similarity = 2.68e-01, loss = 1.64e-01, dice = 8.08e-01
2024-05-19 02:55:23.303371 | Iteration 48: similarity = 2.68e-01, loss = 1.64e-01, dice = 8.09e-01
2024-05-19 02:55:24.474578 | Iteration 49: similarity = 2.68e-01, loss = 1.65e-01, dice = 8.11e-01
2024-05-19 02:55:25.651110 | Iteration 50: similarity = 2.68e-01, loss = 1.66e-01, dice = 8.12e-01
2024-05-19 02:55:26.839521 | Iteration 51: similarity = 2.69e-01, loss = 1.66e-01, dice = 8.13e-01
2024-05-19 02:55:28.026729 | Iteration 52: similarity = 2.69e-01, loss = 1.68e-01, dice = 8.14e-01
2024-05-19 02:55:29.204429 | Iteration 53: similarity = 2.69e-01, loss = 1.69e-01, dice = 8.16e-01
2024-05-19 02:55:30.386007 | Iteration 54: similarity = 2.69e-01, loss = 1.70e-01, dice = 8.17e-01
2024-05-19 02:55:31.562799 | Iteration 55: similarity = 2.69e-01, loss = 1.72e-01, dice = 8.18e-01
2024-05-19 02:55:32.743647 | Iteration 56: similarity = 2.70e-01, loss = 1.73e-01, dice = 8.20e-01
2024-05-19 02:55:33.937613 | Iteration 57: similarity = 2.70e-01, loss = 1.75e-01, dice = 8.21e-01
2024-05-19 02:55:35.106636 | Iteration 58: similarity = 2.70e-01, loss = 1.76e-01, dice = 8.22e-01
2024-05-19 02:55:36.281081 | Iteration 59: similarity = 2.70e-01, loss = 1.77e-01, dice = 8.23e-01
2024-05-19 02:55:37.452179 | Iteration 60: similarity = 2.70e-01, loss = 1.80e-01, dice = 8.24e-01
2024-05-19 02:55:38.631121 | Iteration 61: similarity = 2.70e-01, loss = 1.81e-01, dice = 8.24e-01
2024-05-19 02:55:39.802980 | Iteration 62: similarity = 2.70e-01, loss = 1.83e-01, dice = 8.25e-01
2024-05-19 02:55:40.985390 | Iteration 63: similarity = 2.71e-01, loss = 1.85e-01, dice = 8.26e-01
2024-05-19 02:55:42.168478 | Iteration 64: similarity = 2.71e-01, loss = 1.87e-01, dice = 8.27e-01
2024-05-19 02:55:43.333666 | Iteration 65: similarity = 2.71e-01, loss = 1.89e-01, dice = 8.27e-01
2024-05-19 02:55:44.523303 | Iteration 66: similarity = 2.71e-01, loss = 1.91e-01, dice = 8.28e-01
2024-05-19 02:55:45.717234 | Iteration 67: similarity = 2.71e-01, loss = 1.93e-01, dice = 8.29e-01
2024-05-19 02:55:46.896186 | Iteration 68: similarity = 2.71e-01, loss = 1.95e-01, dice = 8.30e-01
2024-05-19 02:55:48.084646 | Iteration 69: similarity = 2.71e-01, loss = 1.96e-01, dice = 8.30e-01
2024-05-19 02:55:49.249803 | Iteration 70: similarity = 2.71e-01, loss = 1.98e-01, dice = 8.31e-01
2024-05-19 02:55:50.415534 | Iteration 71: similarity = 2.72e-01, loss = 2.00e-01, dice = 8.32e-01
2024-05-19 02:55:51.599020 | Iteration 72: similarity = 2.72e-01, loss = 2.02e-01, dice = 8.33e-01
2024-05-19 02:55:52.772010 | Iteration 73: similarity = 2.72e-01, loss = 2.04e-01, dice = 8.33e-01
2024-05-19 02:55:53.954413 | Iteration 74: similarity = 2.72e-01, loss = 2.06e-01, dice = 8.33e-01
2024-05-19 02:55:55.158171 | Iteration 75: similarity = 2.72e-01, loss = 2.07e-01, dice = 8.34e-01
2024-05-19 02:55:56.351819 | Iteration 76: similarity = 2.72e-01, loss = 2.09e-01, dice = 8.34e-01
2024-05-19 02:55:57.539299 | Iteration 77: similarity = 2.72e-01, loss = 2.10e-01, dice = 8.34e-01
2024-05-19 02:55:58.715419 | Iteration 78: similarity = 2.72e-01, loss = 2.12e-01, dice = 8.35e-01
2024-05-19 02:55:59.887173 | Iteration 79: similarity = 2.72e-01, loss = 2.12e-01, dice = 8.35e-01
2024-05-19 02:56:01.063037 | Iteration 80: similarity = 2.72e-01, loss = 2.14e-01, dice = 8.36e-01
2024-05-19 02:56:02.239760 | Iteration 81: similarity = 2.72e-01, loss = 2.14e-01, dice = 8.36e-01
2024-05-19 02:56:03.421110 | Iteration 82: similarity = 2.72e-01, loss = 2.16e-01, dice = 8.37e-01
2024-05-19 02:56:04.587328 | Iteration 83: similarity = 2.72e-01, loss = 2.16e-01, dice = 8.37e-01
2024-05-19 02:56:05.762791 | Iteration 84: similarity = 2.72e-01, loss = 2.18e-01, dice = 8.37e-01
2024-05-19 02:56:06.931711 | Iteration 85: similarity = 2.72e-01, loss = 2.18e-01, dice = 8.38e-01
2024-05-19 02:56:08.120566 | Iteration 86: similarity = 2.73e-01, loss = 2.19e-01, dice = 8.39e-01
2024-05-19 02:56:09.290564 | Iteration 87: similarity = 2.73e-01, loss = 2.18e-01, dice = 8.39e-01
2024-05-19 02:56:10.465279 | Iteration 88: similarity = 2.73e-01, loss = 2.19e-01, dice = 8.38e-01
2024-05-19 02:56:11.654202 | Iteration 89: similarity = 2.73e-01, loss = 2.19e-01, dice = 8.39e-01
2024-05-19 02:56:12.820064 | Iteration 90: similarity = 2.73e-01, loss = 2.20e-01, dice = 8.39e-01
2024-05-19 02:56:13.994126 | Iteration 91: similarity = 2.73e-01, loss = 2.20e-01, dice = 8.39e-01
2024-05-19 02:56:15.170424 | Iteration 92: similarity = 2.73e-01, loss = 2.20e-01, dice = 8.40e-01
2024-05-19 02:56:16.358885 | Iteration 93: similarity = 2.73e-01, loss = 2.20e-01, dice = 8.40e-01
2024-05-19 02:56:17.525533 | Iteration 94: similarity = 2.73e-01, loss = 2.20e-01, dice = 8.40e-01
2024-05-19 02:56:18.692144 | Iteration 95: similarity = 2.73e-01, loss = 2.20e-01, dice = 8.40e-01
2024-05-19 02:56:19.867148 | Iteration 96: similarity = 2.73e-01, loss = 2.20e-01, dice = 8.41e-01
2024-05-19 02:56:21.052894 | Iteration 97: similarity = 2.73e-01, loss = 2.19e-01, dice = 8.42e-01
2024-05-19 02:56:22.216830 | Iteration 98: similarity = 2.73e-01, loss = 2.19e-01, dice = 8.42e-01
2024-05-19 02:56:23.394097 | Iteration 99: similarity = 2.73e-01, loss = 2.18e-01, dice = 8.42e-01
2024-05-19 02:56:24.567173 | Iteration 100: similarity = 2.73e-01, loss = 2.18e-01, dice = 8.42e-01
2024-05-19 02:56:25.738282 | Iteration 101: similarity = 2.73e-01, loss = 2.17e-01, dice = 8.42e-01
2024-05-19 02:56:26.904629 | Iteration 102: similarity = 2.73e-01, loss = 2.17e-01, dice = 8.42e-01
2024-05-19 02:56:28.068337 | Iteration 103: similarity = 2.73e-01, loss = 2.16e-01, dice = 8.43e-01
2024-05-19 02:56:29.249176 | Iteration 104: similarity = 2.73e-01, loss = 2.15e-01, dice = 8.43e-01
2024-05-19 02:56:30.422335 | Iteration 105: similarity = 2.73e-01, loss = 2.15e-01, dice = 8.43e-01
2024-05-19 02:56:31.586043 | Iteration 106: similarity = 2.73e-01, loss = 2.14e-01, dice = 8.43e-01
2024-05-19 02:56:32.756494 | Iteration 107: similarity = 2.73e-01, loss = 2.14e-01, dice = 8.43e-01
2024-05-19 02:56:33.926929 | Iteration 108: similarity = 2.73e-01, loss = 2.12e-01, dice = 8.44e-01
2024-05-19 02:56:35.089963 | Iteration 109: similarity = 2.74e-01, loss = 2.12e-01, dice = 8.43e-01
2024-05-19 02:56:36.254466 | Iteration 110: similarity = 2.74e-01, loss = 2.11e-01, dice = 8.44e-01
2024-05-19 02:56:37.423081 | Iteration 111: similarity = 2.74e-01, loss = 2.10e-01, dice = 8.44e-01
2024-05-19 02:56:38.597131 | Iteration 112: similarity = 2.74e-01, loss = 2.09e-01, dice = 8.45e-01
2024-05-19 02:56:39.769878 | Iteration 113: similarity = 2.74e-01, loss = 2.08e-01, dice = 8.44e-01
2024-05-19 02:56:40.942892 | Iteration 114: similarity = 2.74e-01, loss = 2.07e-01, dice = 8.44e-01
2024-05-19 02:56:42.111526 | Iteration 115: similarity = 2.74e-01, loss = 2.06e-01, dice = 8.44e-01
2024-05-19 02:56:43.290550 | Iteration 116: similarity = 2.74e-01, loss = 2.06e-01, dice = 8.44e-01
2024-05-19 02:56:44.452553 | Iteration 117: similarity = 2.74e-01, loss = 2.04e-01, dice = 8.44e-01
2024-05-19 02:56:45.625526 | Iteration 118: similarity = 2.74e-01, loss = 2.04e-01, dice = 8.44e-01
2024-05-19 02:56:46.788901 | Iteration 119: similarity = 2.74e-01, loss = 2.02e-01, dice = 8.45e-01
2024-05-19 02:56:47.963194 | Iteration 120: similarity = 2.74e-01, loss = 2.02e-01, dice = 8.45e-01
2024-05-19 02:56:49.150544 | Iteration 121: similarity = 2.74e-01, loss = 2.00e-01, dice = 8.45e-01
2024-05-19 02:56:50.321144 | Iteration 122: similarity = 2.74e-01, loss = 1.99e-01, dice = 8.45e-01
2024-05-19 02:56:51.502252 | Iteration 123: similarity = 2.74e-01, loss = 1.98e-01, dice = 8.45e-01
2024-05-19 02:56:52.681508 | Iteration 124: similarity = 2.74e-01, loss = 1.97e-01, dice = 8.45e-01
2024-05-19 02:56:53.863455 | Iteration 125: similarity = 2.74e-01, loss = 1.95e-01, dice = 8.46e-01
2024-05-19 02:56:55.063106 | Iteration 126: similarity = 2.74e-01, loss = 1.95e-01, dice = 8.45e-01
2024-05-19 02:56:56.255409 | Iteration 127: similarity = 2.74e-01, loss = 1.93e-01, dice = 8.45e-01
2024-05-19 02:56:57.437145 | Iteration 128: similarity = 2.74e-01, loss = 1.93e-01, dice = 8.46e-01
2024-05-19 02:56:58.611587 | Iteration 129: similarity = 2.74e-01, loss = 1.91e-01, dice = 8.46e-01
2024-05-19 02:56:59.804640 | Iteration 130: similarity = 2.74e-01, loss = 1.91e-01, dice = 8.46e-01
2024-05-19 02:57:00.987983 | Iteration 131: similarity = 2.74e-01, loss = 1.89e-01, dice = 8.46e-01
2024-05-19 02:57:02.173125 | Iteration 132: similarity = 2.74e-01, loss = 1.88e-01, dice = 8.47e-01
2024-05-19 02:57:03.357663 | Iteration 133: similarity = 2.74e-01, loss = 1.87e-01, dice = 8.47e-01
2024-05-19 02:57:04.551458 | Iteration 134: similarity = 2.74e-01, loss = 1.86e-01, dice = 8.47e-01
2024-05-19 02:57:05.739306 | Iteration 135: similarity = 2.74e-01, loss = 1.85e-01, dice = 8.46e-01
2024-05-19 02:57:06.911972 | Iteration 136: similarity = 2.74e-01, loss = 1.84e-01, dice = 8.46e-01
2024-05-19 02:57:08.096160 | Iteration 137: similarity = 2.74e-01, loss = 1.82e-01, dice = 8.47e-01
2024-05-19 02:57:09.271938 | Iteration 138: similarity = 2.74e-01, loss = 1.81e-01, dice = 8.47e-01
2024-05-19 02:57:10.442378 | Iteration 139: similarity = 2.74e-01, loss = 1.80e-01, dice = 8.46e-01
2024-05-19 02:57:11.620119 | Iteration 140: similarity = 2.74e-01, loss = 1.79e-01, dice = 8.47e-01
2024-05-19 02:57:12.804310 | Iteration 141: similarity = 2.74e-01, loss = 1.78e-01, dice = 8.47e-01
2024-05-19 02:57:13.969291 | Iteration 142: similarity = 2.74e-01, loss = 1.77e-01, dice = 8.48e-01
2024-05-19 02:57:15.159900 | Iteration 143: similarity = 2.74e-01, loss = 1.75e-01, dice = 8.48e-01
2024-05-19 02:57:16.342658 | Iteration 144: similarity = 2.74e-01, loss = 1.75e-01, dice = 8.48e-01
2024-05-19 02:57:17.523622 | Iteration 145: similarity = 2.74e-01, loss = 1.73e-01, dice = 8.48e-01
2024-05-19 02:57:18.706373 | Iteration 146: similarity = 2.74e-01, loss = 1.72e-01, dice = 8.48e-01
2024-05-19 02:57:19.901218 | Iteration 147: similarity = 2.74e-01, loss = 1.71e-01, dice = 8.48e-01
2024-05-19 02:57:21.068117 | Iteration 148: similarity = 2.74e-01, loss = 1.70e-01, dice = 8.48e-01
2024-05-19 02:57:22.241824 | Iteration 149: similarity = 2.74e-01, loss = 1.68e-01, dice = 8.47e-01
2024-05-19 02:57:23.424071 | Iteration 150: similarity = 2.74e-01, loss = 1.68e-01, dice = 8.48e-01
2024-05-19 02:57:24.605051 | Iteration 151: similarity = 2.75e-01, loss = 1.66e-01, dice = 8.48e-01
2024-05-19 02:57:25.783341 | Iteration 152: similarity = 2.75e-01, loss = 1.65e-01, dice = 8.48e-01
2024-05-19 02:57:26.961535 | Iteration 153: similarity = 2.75e-01, loss = 1.63e-01, dice = 8.48e-01
2024-05-19 02:57:28.137554 | Iteration 154: similarity = 2.75e-01, loss = 1.63e-01, dice = 8.48e-01
2024-05-19 02:57:29.295514 | Iteration 155: similarity = 2.75e-01, loss = 1.61e-01, dice = 8.49e-01
2024-05-19 02:57:30.444860 | Iteration 156: similarity = 2.75e-01, loss = 1.61e-01, dice = 8.48e-01
2024-05-19 02:57:31.612235 | Iteration 157: similarity = 2.75e-01, loss = 1.59e-01, dice = 8.48e-01
2024-05-19 02:57:32.773574 | Iteration 158: similarity = 2.75e-01, loss = 1.59e-01, dice = 8.49e-01
2024-05-19 02:57:33.958241 | Iteration 159: similarity = 2.75e-01, loss = 1.56e-01, dice = 8.49e-01
2024-05-19 02:57:35.127686 | Iteration 160: similarity = 2.75e-01, loss = 1.56e-01, dice = 8.49e-01
2024-05-19 02:57:36.308233 | Iteration 161: similarity = 2.75e-01, loss = 1.54e-01, dice = 8.48e-01
2024-05-19 02:57:37.486610 | Iteration 162: similarity = 2.75e-01, loss = 1.55e-01, dice = 8.48e-01
2024-05-19 02:57:38.673988 | Iteration 163: similarity = 2.75e-01, loss = 1.52e-01, dice = 8.48e-01
2024-05-19 02:57:39.846003 | Iteration 164: similarity = 2.75e-01, loss = 1.52e-01, dice = 8.48e-01
2024-05-19 02:57:41.013905 | Iteration 165: similarity = 2.75e-01, loss = 1.49e-01, dice = 8.49e-01
2024-05-19 02:57:42.192567 | Iteration 166: similarity = 2.75e-01, loss = 1.50e-01, dice = 8.49e-01
2024-05-19 02:57:43.359095 | Iteration 167: similarity = 2.75e-01, loss = 1.47e-01, dice = 8.49e-01
2024-05-19 02:57:44.549153 | Iteration 168: similarity = 2.75e-01, loss = 1.48e-01, dice = 8.49e-01
2024-05-19 02:57:45.738510 | Iteration 169: similarity = 2.75e-01, loss = 1.45e-01, dice = 8.49e-01
2024-05-19 02:57:46.913680 | Iteration 170: similarity = 2.75e-01, loss = 1.46e-01, dice = 8.49e-01
2024-05-19 02:57:48.071240 | Iteration 171: similarity = 2.75e-01, loss = 1.42e-01, dice = 8.49e-01
2024-05-19 02:57:49.224069 | Iteration 172: similarity = 2.75e-01, loss = 1.44e-01, dice = 8.49e-01
2024-05-19 02:57:50.388673 | Iteration 173: similarity = 2.75e-01, loss = 1.40e-01, dice = 8.49e-01
2024-05-19 02:57:51.552396 | Iteration 174: similarity = 2.75e-01, loss = 1.41e-01, dice = 8.49e-01
2024-05-19 02:57:52.714566 | Iteration 175: similarity = 2.75e-01, loss = 1.38e-01, dice = 8.49e-01
2024-05-19 02:57:53.890443 | Iteration 176: similarity = 2.75e-01, loss = 1.39e-01, dice = 8.49e-01
2024-05-19 02:57:55.058452 | Iteration 177: similarity = 2.75e-01, loss = 1.36e-01, dice = 8.49e-01
2024-05-19 02:57:56.234602 | Iteration 178: similarity = 2.75e-01, loss = 1.37e-01, dice = 8.49e-01
2024-05-19 02:57:57.416324 | Iteration 179: similarity = 2.75e-01, loss = 1.34e-01, dice = 8.49e-01
2024-05-19 02:57:58.579303 | Iteration 180: similarity = 2.75e-01, loss = 1.35e-01, dice = 8.49e-01
2024-05-19 02:57:59.752807 | Iteration 181: similarity = 2.75e-01, loss = 1.31e-01, dice = 8.49e-01
2024-05-19 02:58:00.943168 | Iteration 182: similarity = 2.75e-01, loss = 1.32e-01, dice = 8.49e-01
2024-05-19 02:58:02.127523 | Iteration 183: similarity = 2.75e-01, loss = 1.29e-01, dice = 8.49e-01
2024-05-19 02:58:03.308220 | Iteration 184: similarity = 2.75e-01, loss = 1.30e-01, dice = 8.49e-01
2024-05-19 02:58:04.491241 | Iteration 185: similarity = 2.75e-01, loss = 1.27e-01, dice = 8.49e-01
2024-05-19 02:58:05.666720 | Iteration 186: similarity = 2.75e-01, loss = 1.28e-01, dice = 8.50e-01
2024-05-19 02:58:06.850789 | Iteration 187: similarity = 2.75e-01, loss = 1.25e-01, dice = 8.50e-01
2024-05-19 02:58:08.042263 | Iteration 188: similarity = 2.75e-01, loss = 1.26e-01, dice = 8.50e-01
2024-05-19 02:58:09.218505 | Iteration 189: similarity = 2.75e-01, loss = 1.23e-01, dice = 8.50e-01
2024-05-19 02:58:10.392025 | Iteration 190: similarity = 2.75e-01, loss = 1.24e-01, dice = 8.49e-01
2024-05-19 02:58:11.567434 | Iteration 191: similarity = 2.75e-01, loss = 1.21e-01, dice = 8.49e-01
2024-05-19 02:58:12.747420 | Iteration 192: similarity = 2.75e-01, loss = 1.21e-01, dice = 8.50e-01
2024-05-19 02:58:13.924163 | Iteration 193: similarity = 2.75e-01, loss = 1.19e-01, dice = 8.50e-01
2024-05-19 02:58:15.083693 | Iteration 194: similarity = 2.75e-01, loss = 1.19e-01, dice = 8.50e-01
2024-05-19 02:58:16.255853 | Iteration 195: similarity = 2.75e-01, loss = 1.16e-01, dice = 8.50e-01
2024-05-19 02:58:17.440779 | Iteration 196: similarity = 2.75e-01, loss = 1.17e-01, dice = 8.50e-01
2024-05-19 02:58:18.632827 | Iteration 197: similarity = 2.75e-01, loss = 1.14e-01, dice = 8.50e-01
2024-05-19 02:58:19.808065 | Iteration 198: similarity = 2.75e-01, loss = 1.15e-01, dice = 8.50e-01
2024-05-19 02:58:20.982372 | Iteration 199: similarity = 2.75e-01, loss = 1.12e-01, dice = 8.50e-01
2024-05-19 02:58:22.158538 | Iteration 200: similarity = 2.75e-01, loss = 1.13e-01, dice = 8.50e-01
2024-05-19 02:58:22.401461 | [scope plot registration results takes 0.2428300380706787s]
2024-05-19 02:58:23.234255 | Validation: HD [8.018148 ± 1.887841], MSD [0.817116 ± 0.160937], DSC [0.715843 ± 0.099556]
2024-05-19 02:58:23.235036 |          => HD [7.507532 ± 2.335692], MSD [0.420087 ± 0.122582], DSC [0.850164 ± 0.068227]
