====================================================================================================
Logging file for python script in Intensity Distribution.Experiment 1 (Anonymous): Exp1_LIC_GASD
.py
| The recreation of Experiment 1: comparison between LIC and GASD. 
Started at 2024-05-19 02:05:35.457398 with command:
> python Exp1_LIC_GASD.py --exp T2_MI
====================================================================================================

2024-05-19 02:05:41.241390 | Iteration 1: similarity = 9.74e-01, loss = 4.73e+00, dice = 5.93e-01
2024-05-19 02:05:46.610864 | Iteration 2: similarity = 1.05e+00, loss = 3.36e+00, dice = 6.37e-01
2024-05-19 02:05:51.960157 | Iteration 3: similarity = 1.13e+00, loss = 2.69e+00, dice = 6.81e-01
2024-05-19 02:05:57.379070 | Iteration 4: similarity = 1.20e+00, loss = 2.01e+00, dice = 7.15e-01
2024-05-19 02:06:02.822847 | Iteration 5: similarity = 1.24e+00, loss = 1.76e+00, dice = 7.33e-01
2024-05-19 02:06:08.248598 | Iteration 6: similarity = 1.28e+00, loss = 1.52e+00, dice = 7.48e-01
2024-05-19 02:06:13.692514 | Iteration 7: similarity = 1.32e+00, loss = 1.29e+00, dice = 7.58e-01
2024-05-19 02:06:19.108942 | Iteration 8: similarity = 1.35e+00, loss = 1.09e+00, dice = 7.64e-01
2024-05-19 02:06:24.514803 | Iteration 9: similarity = 1.37e+00, loss = 9.13e-01, dice = 7.69e-01
2024-05-19 02:06:29.941160 | Iteration 10: similarity = 1.40e+00, loss = 7.63e-01, dice = 7.73e-01
2024-05-19 02:06:35.346747 | Iteration 11: similarity = 1.42e+00, loss = 6.33e-01, dice = 7.75e-01
2024-05-19 02:06:40.733091 | Iteration 12: similarity = 1.44e+00, loss = 5.15e-01, dice = 7.76e-01
2024-05-19 02:06:46.141076 | Iteration 13: similarity = 1.46e+00, loss = 4.07e-01, dice = 7.78e-01
2024-05-19 02:06:51.568236 | Iteration 14: similarity = 1.47e+00, loss = 3.13e-01, dice = 7.79e-01
2024-05-19 02:06:56.934752 | Iteration 15: similarity = 1.49e+00, loss = 2.27e-01, dice = 7.80e-01
2024-05-19 02:07:02.363380 | Iteration 16: similarity = 1.50e+00, loss = 1.49e-01, dice = 7.81e-01
2024-05-19 02:07:07.776544 | Iteration 17: similarity = 1.52e+00, loss = 7.74e-02, dice = 7.81e-01
2024-05-19 02:07:13.190577 | Iteration 18: similarity = 1.53e+00, loss = 1.19e-02, dice = 7.81e-01
2024-05-19 02:07:18.619477 | Iteration 19: similarity = 1.54e+00, loss = -4.48e-02, dice = 7.81e-01
2024-05-19 02:07:24.046644 | Iteration 20: similarity = 1.55e+00, loss = -9.51e-02, dice = 7.82e-01
2024-05-19 02:07:29.455302 | Iteration 21: similarity = 1.56e+00, loss = -1.40e-01, dice = 7.82e-01
2024-05-19 02:07:34.830563 | Iteration 22: similarity = 1.56e+00, loss = -1.79e-01, dice = 7.81e-01
2024-05-19 02:07:40.240813 | Iteration 23: similarity = 1.57e+00, loss = -2.16e-01, dice = 7.81e-01
2024-05-19 02:07:45.635572 | Iteration 24: similarity = 1.58e+00, loss = -2.48e-01, dice = 7.81e-01
2024-05-19 02:07:51.035988 | Iteration 25: similarity = 1.58e+00, loss = -2.76e-01, dice = 7.81e-01
2024-05-19 02:07:56.434047 | Iteration 26: similarity = 1.58e+00, loss = -2.99e-01, dice = 7.80e-01
2024-05-19 02:08:01.841990 | Iteration 27: similarity = 1.58e+00, loss = -3.20e-01, dice = 7.80e-01
2024-05-19 02:08:07.230609 | Iteration 28: similarity = 1.59e+00, loss = -3.40e-01, dice = 7.81e-01
2024-05-19 02:08:12.656776 | Iteration 29: similarity = 1.59e+00, loss = -3.55e-01, dice = 7.80e-01
2024-05-19 02:08:18.079558 | Iteration 30: similarity = 1.59e+00, loss = -3.67e-01, dice = 7.80e-01
2024-05-19 02:08:23.474297 | Iteration 31: similarity = 1.59e+00, loss = -3.76e-01, dice = 7.81e-01
2024-05-19 02:08:28.889687 | Iteration 32: similarity = 1.59e+00, loss = -3.84e-01, dice = 7.80e-01
2024-05-19 02:08:34.312224 | Iteration 33: similarity = 1.58e+00, loss = -3.90e-01, dice = 7.80e-01
2024-05-19 02:08:39.714727 | Iteration 34: similarity = 1.58e+00, loss = -3.94e-01, dice = 7.79e-01
2024-05-19 02:08:45.106049 | Iteration 35: similarity = 1.58e+00, loss = -3.96e-01, dice = 7.78e-01
2024-05-19 02:08:50.457398 | Iteration 36: similarity = 1.58e+00, loss = -3.98e-01, dice = 7.78e-01
2024-05-19 02:08:55.884869 | Iteration 37: similarity = 1.58e+00, loss = -3.98e-01, dice = 7.77e-01
2024-05-19 02:09:01.299787 | Iteration 38: similarity = 1.58e+00, loss = -3.97e-01, dice = 7.77e-01
2024-05-19 02:09:06.732245 | Iteration 39: similarity = 1.58e+00, loss = -3.95e-01, dice = 7.77e-01
2024-05-19 02:09:12.126645 | Iteration 40: similarity = 1.58e+00, loss = -3.92e-01, dice = 7.76e-01
2024-05-19 02:09:17.532861 | Iteration 41: similarity = 1.58e+00, loss = -3.89e-01, dice = 7.77e-01
2024-05-19 02:09:23.001744 | Iteration 42: similarity = 1.58e+00, loss = -3.84e-01, dice = 7.76e-01
2024-05-19 02:09:28.410098 | Iteration 43: similarity = 1.58e+00, loss = -3.81e-01, dice = 7.75e-01
2024-05-19 02:09:33.755251 | Iteration 44: similarity = 1.57e+00, loss = -3.77e-01, dice = 7.74e-01
2024-05-19 02:09:39.120723 | Iteration 45: similarity = 1.57e+00, loss = -3.73e-01, dice = 7.75e-01
2024-05-19 02:09:44.443282 | Iteration 46: similarity = 1.57e+00, loss = -3.67e-01, dice = 7.74e-01
2024-05-19 02:09:49.806333 | Iteration 47: similarity = 1.57e+00, loss = -3.61e-01, dice = 7.74e-01
2024-05-19 02:09:55.172703 | Iteration 48: similarity = 1.57e+00, loss = -3.57e-01, dice = 7.74e-01
2024-05-19 02:10:00.576427 | Iteration 49: similarity = 1.57e+00, loss = -3.53e-01, dice = 7.75e-01
2024-05-19 02:10:05.920909 | Iteration 50: similarity = 1.57e+00, loss = -3.48e-01, dice = 7.73e-01
2024-05-19 02:10:11.278593 | Iteration 51: similarity = 1.57e+00, loss = -3.43e-01, dice = 7.73e-01
2024-05-19 02:10:16.627540 | Iteration 52: similarity = 1.57e+00, loss = -3.39e-01, dice = 7.74e-01
2024-05-19 02:10:22.015735 | Iteration 53: similarity = 1.57e+00, loss = -3.33e-01, dice = 7.74e-01
2024-05-19 02:10:27.385729 | Iteration 54: similarity = 1.57e+00, loss = -3.29e-01, dice = 7.73e-01
2024-05-19 02:10:32.767087 | Iteration 55: similarity = 1.57e+00, loss = -3.23e-01, dice = 7.72e-01
2024-05-19 02:10:38.149091 | Iteration 56: similarity = 1.57e+00, loss = -3.18e-01, dice = 7.72e-01
2024-05-19 02:10:43.508083 | Iteration 57: similarity = 1.57e+00, loss = -3.12e-01, dice = 7.72e-01
2024-05-19 02:10:48.895199 | Iteration 58: similarity = 1.56e+00, loss = -3.08e-01, dice = 7.71e-01
2024-05-19 02:10:54.263761 | Iteration 59: similarity = 1.57e+00, loss = -3.04e-01, dice = 7.70e-01
2024-05-19 02:10:59.643265 | Iteration 60: similarity = 1.56e+00, loss = -2.99e-01, dice = 7.69e-01
2024-05-19 02:11:05.019722 | Iteration 61: similarity = 1.56e+00, loss = -2.96e-01, dice = 7.70e-01
2024-05-19 02:11:10.397241 | Iteration 62: similarity = 1.56e+00, loss = -2.91e-01, dice = 7.69e-01
2024-05-19 02:11:15.774736 | Iteration 63: similarity = 1.56e+00, loss = -2.86e-01, dice = 7.69e-01
2024-05-19 02:11:21.139088 | Iteration 64: similarity = 1.56e+00, loss = -2.83e-01, dice = 7.69e-01
2024-05-19 02:11:26.539342 | Iteration 65: similarity = 1.56e+00, loss = -2.79e-01, dice = 7.69e-01
2024-05-19 02:11:31.925459 | Iteration 66: similarity = 1.56e+00, loss = -2.75e-01, dice = 7.69e-01
2024-05-19 02:11:37.385709 | Iteration 67: similarity = 1.56e+00, loss = -2.71e-01, dice = 7.68e-01
2024-05-19 02:11:42.818270 | Iteration 68: similarity = 1.56e+00, loss = -2.67e-01, dice = 7.68e-01
2024-05-19 02:11:48.325024 | Iteration 69: similarity = 1.56e+00, loss = -2.62e-01, dice = 7.67e-01
2024-05-19 02:11:53.781008 | Iteration 70: similarity = 1.56e+00, loss = -2.59e-01, dice = 7.67e-01
2024-05-19 02:11:59.217140 | Iteration 71: similarity = 1.56e+00, loss = -2.55e-01, dice = 7.68e-01
2024-05-19 02:12:04.621810 | Iteration 72: similarity = 1.56e+00, loss = -2.53e-01, dice = 7.67e-01
2024-05-19 02:12:10.010295 | Iteration 73: similarity = 1.56e+00, loss = -2.49e-01, dice = 7.67e-01
2024-05-19 02:12:15.415086 | Iteration 74: similarity = 1.56e+00, loss = -2.45e-01, dice = 7.67e-01
2024-05-19 02:12:20.803101 | Iteration 75: similarity = 1.56e+00, loss = -2.43e-01, dice = 7.66e-01
2024-05-19 02:12:26.210284 | Iteration 76: similarity = 1.56e+00, loss = -2.39e-01, dice = 7.65e-01
2024-05-19 02:12:31.598734 | Iteration 77: similarity = 1.56e+00, loss = -2.36e-01, dice = 7.65e-01
2024-05-19 02:12:36.970046 | Iteration 78: similarity = 1.56e+00, loss = -2.33e-01, dice = 7.64e-01
2024-05-19 02:12:42.374127 | Iteration 79: similarity = 1.56e+00, loss = -2.30e-01, dice = 7.62e-01
2024-05-19 02:12:47.783360 | Iteration 80: similarity = 1.56e+00, loss = -2.28e-01, dice = 7.63e-01
2024-05-19 02:12:53.172964 | Iteration 81: similarity = 1.56e+00, loss = -2.25e-01, dice = 7.62e-01
2024-05-19 02:12:58.571740 | Iteration 82: similarity = 1.56e+00, loss = -2.21e-01, dice = 7.62e-01
2024-05-19 02:13:03.987795 | Iteration 83: similarity = 1.56e+00, loss = -2.17e-01, dice = 7.61e-01
2024-05-19 02:13:09.410268 | Iteration 84: similarity = 1.56e+00, loss = -2.14e-01, dice = 7.61e-01
2024-05-19 02:13:14.804301 | Iteration 85: similarity = 1.56e+00, loss = -2.12e-01, dice = 7.61e-01
2024-05-19 02:13:20.219165 | Iteration 86: similarity = 1.56e+00, loss = -2.10e-01, dice = 7.61e-01
2024-05-19 02:13:25.618745 | Iteration 87: similarity = 1.56e+00, loss = -2.08e-01, dice = 7.61e-01
2024-05-19 02:13:31.047826 | Iteration 88: similarity = 1.56e+00, loss = -2.06e-01, dice = 7.60e-01
2024-05-19 02:13:36.427708 | Iteration 89: similarity = 1.56e+00, loss = -2.03e-01, dice = 7.59e-01
2024-05-19 02:13:41.842263 | Iteration 90: similarity = 1.56e+00, loss = -2.02e-01, dice = 7.60e-01
2024-05-19 02:13:47.248871 | Iteration 91: similarity = 1.56e+00, loss = -2.00e-01, dice = 7.59e-01
2024-05-19 02:13:52.665731 | Iteration 92: similarity = 1.56e+00, loss = -1.97e-01, dice = 7.58e-01
2024-05-19 02:13:58.028859 | Iteration 93: similarity = 1.56e+00, loss = -1.95e-01, dice = 7.57e-01
2024-05-19 02:14:03.424860 | Iteration 94: similarity = 1.56e+00, loss = -1.93e-01, dice = 7.57e-01
2024-05-19 02:14:08.811026 | Iteration 95: similarity = 1.56e+00, loss = -1.92e-01, dice = 7.57e-01
2024-05-19 02:14:14.181474 | Iteration 96: similarity = 1.56e+00, loss = -1.90e-01, dice = 7.57e-01
2024-05-19 02:14:19.577019 | Iteration 97: similarity = 1.56e+00, loss = -1.88e-01, dice = 7.57e-01
2024-05-19 02:14:24.971697 | Iteration 98: similarity = 1.56e+00, loss = -1.86e-01, dice = 7.57e-01
2024-05-19 02:14:30.353189 | Iteration 99: similarity = 1.56e+00, loss = -1.84e-01, dice = 7.57e-01
2024-05-19 02:14:35.730051 | Iteration 100: similarity = 1.56e+00, loss = -1.82e-01, dice = 7.57e-01
2024-05-19 02:14:41.118207 | Iteration 101: similarity = 1.56e+00, loss = -1.80e-01, dice = 7.57e-01
2024-05-19 02:14:46.520244 | Iteration 102: similarity = 1.56e+00, loss = -1.80e-01, dice = 7.56e-01
2024-05-19 02:14:51.926668 | Iteration 103: similarity = 1.56e+00, loss = -1.78e-01, dice = 7.56e-01
2024-05-19 02:14:57.322443 | Iteration 104: similarity = 1.56e+00, loss = -1.77e-01, dice = 7.56e-01
2024-05-19 02:15:02.699890 | Iteration 105: similarity = 1.56e+00, loss = -1.76e-01, dice = 7.55e-01
2024-05-19 02:15:08.094729 | Iteration 106: similarity = 1.55e+00, loss = -1.74e-01, dice = 7.55e-01
2024-05-19 02:15:13.498124 | Iteration 107: similarity = 1.55e+00, loss = -1.73e-01, dice = 7.55e-01
2024-05-19 02:15:18.903902 | Iteration 108: similarity = 1.55e+00, loss = -1.72e-01, dice = 7.54e-01
2024-05-19 02:15:24.282331 | Iteration 109: similarity = 1.55e+00, loss = -1.72e-01, dice = 7.54e-01
2024-05-19 02:15:29.662191 | Iteration 110: similarity = 1.55e+00, loss = -1.70e-01, dice = 7.54e-01
2024-05-19 02:15:35.049413 | Iteration 111: similarity = 1.55e+00, loss = -1.71e-01, dice = 7.54e-01
2024-05-19 02:15:40.428169 | Iteration 112: similarity = 1.55e+00, loss = -1.69e-01, dice = 7.54e-01
2024-05-19 02:15:45.804135 | Iteration 113: similarity = 1.56e+00, loss = -1.72e-01, dice = 7.53e-01
2024-05-19 02:15:51.209728 | Iteration 114: similarity = 1.56e+00, loss = -1.71e-01, dice = 7.53e-01
2024-05-19 02:15:56.665222 | Iteration 115: similarity = 1.56e+00, loss = -1.72e-01, dice = 7.53e-01
2024-05-19 02:16:02.042972 | Iteration 116: similarity = 1.56e+00, loss = -1.72e-01, dice = 7.54e-01
2024-05-19 02:16:07.438563 | Iteration 117: similarity = 1.56e+00, loss = -1.73e-01, dice = 7.53e-01
2024-05-19 02:16:12.845375 | Iteration 118: similarity = 1.56e+00, loss = -1.73e-01, dice = 7.53e-01
2024-05-19 02:16:18.242692 | Iteration 119: similarity = 1.56e+00, loss = -1.73e-01, dice = 7.54e-01
2024-05-19 02:16:23.644059 | Iteration 120: similarity = 1.56e+00, loss = -1.74e-01, dice = 7.52e-01
2024-05-19 02:16:29.042352 | Iteration 121: similarity = 1.56e+00, loss = -1.74e-01, dice = 7.52e-01
2024-05-19 02:16:34.428655 | Iteration 122: similarity = 1.56e+00, loss = -1.74e-01, dice = 7.51e-01
2024-05-19 02:16:39.820825 | Iteration 123: similarity = 1.56e+00, loss = -1.75e-01, dice = 7.50e-01
2024-05-19 02:16:45.202723 | Iteration 124: similarity = 1.56e+00, loss = -1.75e-01, dice = 7.50e-01
2024-05-19 02:16:50.589146 | Iteration 125: similarity = 1.56e+00, loss = -1.76e-01, dice = 7.49e-01
2024-05-19 02:16:55.992097 | Iteration 126: similarity = 1.56e+00, loss = -1.76e-01, dice = 7.48e-01
2024-05-19 02:17:01.386698 | Iteration 127: similarity = 1.56e+00, loss = -1.77e-01, dice = 7.49e-01
2024-05-19 02:17:06.750305 | Iteration 128: similarity = 1.56e+00, loss = -1.77e-01, dice = 7.49e-01
2024-05-19 02:17:12.142423 | Iteration 129: similarity = 1.56e+00, loss = -1.77e-01, dice = 7.49e-01
2024-05-19 02:17:17.538022 | Iteration 130: similarity = 1.56e+00, loss = -1.78e-01, dice = 7.49e-01
2024-05-19 02:17:22.941511 | Iteration 131: similarity = 1.56e+00, loss = -1.77e-01, dice = 7.49e-01
2024-05-19 02:17:28.325125 | Iteration 132: similarity = 1.56e+00, loss = -1.78e-01, dice = 7.49e-01
2024-05-19 02:17:33.729994 | Iteration 133: similarity = 1.56e+00, loss = -1.77e-01, dice = 7.49e-01
2024-05-19 02:17:39.119529 | Iteration 134: similarity = 1.56e+00, loss = -1.78e-01, dice = 7.48e-01
2024-05-19 02:17:44.497503 | Iteration 135: similarity = 1.56e+00, loss = -1.78e-01, dice = 7.48e-01
2024-05-19 02:17:49.916422 | Iteration 136: similarity = 1.56e+00, loss = -1.79e-01, dice = 7.48e-01
2024-05-19 02:17:55.326066 | Iteration 137: similarity = 1.56e+00, loss = -1.78e-01, dice = 7.48e-01
2024-05-19 02:18:00.772309 | Iteration 138: similarity = 1.56e+00, loss = -1.78e-01, dice = 7.49e-01
2024-05-19 02:18:06.190723 | Iteration 139: similarity = 1.56e+00, loss = -1.77e-01, dice = 7.48e-01
2024-05-19 02:18:11.600713 | Iteration 140: similarity = 1.56e+00, loss = -1.78e-01, dice = 7.48e-01
2024-05-19 02:18:16.996953 | Iteration 141: similarity = 1.56e+00, loss = -1.78e-01, dice = 7.47e-01
2024-05-19 02:18:22.374437 | Iteration 142: similarity = 1.56e+00, loss = -1.79e-01, dice = 7.48e-01
2024-05-19 02:18:27.775556 | Iteration 143: similarity = 1.56e+00, loss = -1.79e-01, dice = 7.48e-01
2024-05-19 02:18:33.194377 | Iteration 144: similarity = 1.56e+00, loss = -1.81e-01, dice = 7.48e-01
2024-05-19 02:18:38.609594 | Iteration 145: similarity = 1.56e+00, loss = -1.81e-01, dice = 7.47e-01
2024-05-19 02:18:43.994806 | Iteration 146: similarity = 1.56e+00, loss = -1.82e-01, dice = 7.48e-01
2024-05-19 02:18:49.378010 | Iteration 147: similarity = 1.56e+00, loss = -1.81e-01, dice = 7.47e-01
2024-05-19 02:18:54.801227 | Iteration 148: similarity = 1.56e+00, loss = -1.83e-01, dice = 7.48e-01
2024-05-19 02:19:00.212367 | Iteration 149: similarity = 1.56e+00, loss = -1.83e-01, dice = 7.47e-01
2024-05-19 02:19:05.606736 | Iteration 150: similarity = 1.56e+00, loss = -1.85e-01, dice = 7.47e-01
2024-05-19 02:19:11.018803 | Iteration 151: similarity = 1.56e+00, loss = -1.83e-01, dice = 7.47e-01
2024-05-19 02:19:16.398158 | Iteration 152: similarity = 1.56e+00, loss = -1.86e-01, dice = 7.47e-01
2024-05-19 02:19:21.805902 | Iteration 153: similarity = 1.56e+00, loss = -1.85e-01, dice = 7.46e-01
2024-05-19 02:19:27.199344 | Iteration 154: similarity = 1.56e+00, loss = -1.87e-01, dice = 7.46e-01
2024-05-19 02:19:32.587636 | Iteration 155: similarity = 1.56e+00, loss = -1.87e-01, dice = 7.46e-01
2024-05-19 02:19:38.009480 | Iteration 156: similarity = 1.56e+00, loss = -1.89e-01, dice = 7.44e-01
2024-05-19 02:19:43.421053 | Iteration 157: similarity = 1.56e+00, loss = -1.88e-01, dice = 7.44e-01
2024-05-19 02:19:48.878297 | Iteration 158: similarity = 1.56e+00, loss = -1.90e-01, dice = 7.44e-01
2024-05-19 02:19:54.279044 | Iteration 159: similarity = 1.56e+00, loss = -1.89e-01, dice = 7.43e-01
2024-05-19 02:19:59.709262 | Iteration 160: similarity = 1.56e+00, loss = -1.91e-01, dice = 7.43e-01
2024-05-19 02:20:05.101764 | Iteration 161: similarity = 1.56e+00, loss = -1.90e-01, dice = 7.43e-01
2024-05-19 02:20:10.496737 | Iteration 162: similarity = 1.56e+00, loss = -1.92e-01, dice = 7.43e-01
2024-05-19 02:20:15.899346 | Iteration 163: similarity = 1.56e+00, loss = -1.92e-01, dice = 7.42e-01
2024-05-19 02:20:21.289653 | Iteration 164: similarity = 1.56e+00, loss = -1.94e-01, dice = 7.42e-01
2024-05-19 02:20:26.705375 | Iteration 165: similarity = 1.56e+00, loss = -1.94e-01, dice = 7.42e-01
2024-05-19 02:20:32.073612 | Iteration 166: similarity = 1.57e+00, loss = -1.97e-01, dice = 7.42e-01
2024-05-19 02:20:37.500897 | Iteration 167: similarity = 1.57e+00, loss = -1.96e-01, dice = 7.42e-01
2024-05-19 02:20:42.884835 | Iteration 168: similarity = 1.57e+00, loss = -1.98e-01, dice = 7.42e-01
2024-05-19 02:20:48.267499 | Iteration 169: similarity = 1.57e+00, loss = -1.99e-01, dice = 7.41e-01
2024-05-19 02:20:53.699327 | Iteration 170: similarity = 1.57e+00, loss = -2.02e-01, dice = 7.41e-01
2024-05-19 02:20:59.097376 | Iteration 171: similarity = 1.57e+00, loss = -2.03e-01, dice = 7.41e-01
2024-05-19 02:21:04.462067 | Iteration 172: similarity = 1.57e+00, loss = -2.04e-01, dice = 7.41e-01
2024-05-19 02:21:09.862621 | Iteration 173: similarity = 1.57e+00, loss = -2.06e-01, dice = 7.41e-01
2024-05-19 02:21:15.194471 | Iteration 174: similarity = 1.57e+00, loss = -2.08e-01, dice = 7.40e-01
2024-05-19 02:21:20.578192 | Iteration 175: similarity = 1.57e+00, loss = -2.08e-01, dice = 7.40e-01
2024-05-19 02:21:25.955575 | Iteration 176: similarity = 1.57e+00, loss = -2.10e-01, dice = 7.40e-01
2024-05-19 02:21:31.329961 | Iteration 177: similarity = 1.57e+00, loss = -2.10e-01, dice = 7.40e-01
2024-05-19 02:21:36.719589 | Iteration 178: similarity = 1.57e+00, loss = -2.12e-01, dice = 7.40e-01
2024-05-19 02:21:42.193310 | Iteration 179: similarity = 1.57e+00, loss = -2.13e-01, dice = 7.40e-01
2024-05-19 02:21:47.583726 | Iteration 180: similarity = 1.57e+00, loss = -2.16e-01, dice = 7.40e-01
2024-05-19 02:21:52.981455 | Iteration 181: similarity = 1.57e+00, loss = -2.17e-01, dice = 7.39e-01
2024-05-19 02:21:58.439248 | Iteration 182: similarity = 1.57e+00, loss = -2.18e-01, dice = 7.39e-01
2024-05-19 02:22:03.852083 | Iteration 183: similarity = 1.57e+00, loss = -2.20e-01, dice = 7.39e-01
2024-05-19 02:22:09.266547 | Iteration 184: similarity = 1.57e+00, loss = -2.22e-01, dice = 7.38e-01
2024-05-19 02:22:14.627475 | Iteration 185: similarity = 1.57e+00, loss = -2.24e-01, dice = 7.38e-01
2024-05-19 02:22:20.009792 | Iteration 186: similarity = 1.58e+00, loss = -2.26e-01, dice = 7.38e-01
2024-05-19 02:22:25.402686 | Iteration 187: similarity = 1.58e+00, loss = -2.29e-01, dice = 7.38e-01
2024-05-19 02:22:30.816959 | Iteration 188: similarity = 1.58e+00, loss = -2.30e-01, dice = 7.38e-01
2024-05-19 02:22:36.195289 | Iteration 189: similarity = 1.58e+00, loss = -2.32e-01, dice = 7.38e-01
2024-05-19 02:22:41.587179 | Iteration 190: similarity = 1.58e+00, loss = -2.33e-01, dice = 7.38e-01
2024-05-19 02:22:46.979129 | Iteration 191: similarity = 1.58e+00, loss = -2.35e-01, dice = 7.37e-01
2024-05-19 02:22:52.368864 | Iteration 192: similarity = 1.58e+00, loss = -2.35e-01, dice = 7.37e-01
2024-05-19 02:22:57.812500 | Iteration 193: similarity = 1.58e+00, loss = -2.35e-01, dice = 7.36e-01
2024-05-19 02:23:03.215835 | Iteration 194: similarity = 1.58e+00, loss = -2.36e-01, dice = 7.36e-01
2024-05-19 02:23:08.614594 | Iteration 195: similarity = 1.58e+00, loss = -2.38e-01, dice = 7.36e-01
2024-05-19 02:23:14.038925 | Iteration 196: similarity = 1.58e+00, loss = -2.36e-01, dice = 7.36e-01
2024-05-19 02:23:19.438597 | Iteration 197: similarity = 1.58e+00, loss = -2.38e-01, dice = 7.35e-01
2024-05-19 02:23:24.816632 | Iteration 198: similarity = 1.58e+00, loss = -2.37e-01, dice = 7.34e-01
2024-05-19 02:23:30.175435 | Iteration 199: similarity = 1.58e+00, loss = -2.38e-01, dice = 7.34e-01
2024-05-19 02:23:35.600212 | Iteration 200: similarity = 1.58e+00, loss = -2.38e-01, dice = 7.34e-01
2024-05-19 02:23:35.845168 | [scope plot registration results takes 0.24485301971435547s]
2024-05-19 02:23:36.689762 | Validation: HD [8.018148 ± 1.887841], MSD [0.817116 ± 0.160937], DSC [0.715843 ± 0.099556]
2024-05-19 02:23:36.690510 |          => HD [26.332586 ± 3.145245], MSD [0.971129 ± 0.398853], DSC [0.734094 ± 0.165662]
