====================================================================================================
Logging file for python script in Intensity Distribution.Experiment 1 (Anonymous): Exp1_LIC_GASD
.py
| The recreation of Experiment 1: comparison between LIC and GASD. 
Started at 2024-05-21 15:18:28.826085 with command:
> python Exp1_LIC_GASD.py --exp T1_NVI_noise
====================================================================================================

2024-05-21 15:18:30.188491 | Iteration 1: similarity = 2.66e-01, loss = 5.44e+00, dice = 5.93e-01
2024-05-21 15:18:31.394271 | Iteration 2: similarity = 2.67e-01, loss = 4.13e+00, dice = 6.17e-01
2024-05-21 15:18:32.582521 | Iteration 3: similarity = 2.79e-01, loss = 3.50e+00, dice = 6.35e-01
2024-05-21 15:18:33.776271 | Iteration 4: similarity = 2.87e-01, loss = 2.83e+00, dice = 6.53e-01
2024-05-21 15:18:34.954642 | Iteration 5: similarity = 2.91e-01, loss = 2.59e+00, dice = 6.63e-01
2024-05-21 15:18:36.135714 | Iteration 6: similarity = 3.00e-01, loss = 2.35e+00, dice = 6.73e-01
2024-05-21 15:18:37.320850 | Iteration 7: similarity = 3.06e-01, loss = 2.11e+00, dice = 6.80e-01
2024-05-21 15:18:38.490983 | Iteration 8: similarity = 3.12e-01, loss = 1.91e+00, dice = 6.89e-01
2024-05-21 15:18:39.657335 | Iteration 9: similarity = 3.17e-01, loss = 1.73e+00, dice = 6.96e-01
2024-05-21 15:18:40.847869 | Iteration 10: similarity = 3.22e-01, loss = 1.57e+00, dice = 7.02e-01
2024-05-21 15:18:42.034120 | Iteration 11: similarity = 3.26e-01, loss = 1.43e+00, dice = 7.07e-01
2024-05-21 15:18:43.241651 | Iteration 12: similarity = 3.31e-01, loss = 1.31e+00, dice = 7.13e-01
2024-05-21 15:18:44.446856 | Iteration 13: similarity = 3.36e-01, loss = 1.20e+00, dice = 7.18e-01
2024-05-21 15:18:45.687771 | Iteration 14: similarity = 3.40e-01, loss = 1.10e+00, dice = 7.22e-01
2024-05-21 15:18:46.874966 | Iteration 15: similarity = 3.45e-01, loss = 1.01e+00, dice = 7.26e-01
2024-05-21 15:18:48.043848 | Iteration 16: similarity = 3.49e-01, loss = 9.23e-01, dice = 7.30e-01
2024-05-21 15:18:49.236007 | Iteration 17: similarity = 3.53e-01, loss = 8.45e-01, dice = 7.33e-01
2024-05-21 15:18:50.431735 | Iteration 18: similarity = 3.57e-01, loss = 7.73e-01, dice = 7.37e-01
2024-05-21 15:18:51.653173 | Iteration 19: similarity = 3.61e-01, loss = 7.07e-01, dice = 7.40e-01
2024-05-21 15:18:52.890694 | Iteration 20: similarity = 3.64e-01, loss = 6.46e-01, dice = 7.43e-01
2024-05-21 15:18:54.076386 | Iteration 21: similarity = 3.67e-01, loss = 5.90e-01, dice = 7.46e-01
2024-05-21 15:18:55.268273 | Iteration 22: similarity = 3.70e-01, loss = 5.39e-01, dice = 7.49e-01
2024-05-21 15:18:56.451313 | Iteration 23: similarity = 3.73e-01, loss = 4.91e-01, dice = 7.51e-01
2024-05-21 15:18:57.652588 | Iteration 24: similarity = 3.75e-01, loss = 4.47e-01, dice = 7.55e-01
2024-05-21 15:18:58.860269 | Iteration 25: similarity = 3.77e-01, loss = 4.06e-01, dice = 7.57e-01
2024-05-21 15:19:00.062396 | Iteration 26: similarity = 3.78e-01, loss = 3.69e-01, dice = 7.59e-01
2024-05-21 15:19:01.286013 | Iteration 27: similarity = 3.80e-01, loss = 3.35e-01, dice = 7.62e-01
2024-05-21 15:19:02.476580 | Iteration 28: similarity = 3.81e-01, loss = 3.04e-01, dice = 7.64e-01
2024-05-21 15:19:03.658544 | Iteration 29: similarity = 3.83e-01, loss = 2.75e-01, dice = 7.65e-01
2024-05-21 15:19:04.863610 | Iteration 30: similarity = 3.84e-01, loss = 2.49e-01, dice = 7.67e-01
2024-05-21 15:19:06.078676 | Iteration 31: similarity = 3.84e-01, loss = 2.25e-01, dice = 7.69e-01
2024-05-21 15:19:07.285359 | Iteration 32: similarity = 3.85e-01, loss = 2.03e-01, dice = 7.70e-01
2024-05-21 15:19:08.527874 | Iteration 33: similarity = 3.86e-01, loss = 1.84e-01, dice = 7.72e-01
2024-05-21 15:19:09.726486 | Iteration 34: similarity = 3.86e-01, loss = 1.67e-01, dice = 7.74e-01
2024-05-21 15:19:10.929099 | Iteration 35: similarity = 3.86e-01, loss = 1.51e-01, dice = 7.76e-01
2024-05-21 15:19:12.125531 | Iteration 36: similarity = 3.87e-01, loss = 1.37e-01, dice = 7.78e-01
2024-05-21 15:19:13.345570 | Iteration 37: similarity = 3.87e-01, loss = 1.25e-01, dice = 7.78e-01
2024-05-21 15:19:14.535860 | Iteration 38: similarity = 3.87e-01, loss = 1.14e-01, dice = 7.79e-01
2024-05-21 15:19:15.735090 | Iteration 39: similarity = 3.87e-01, loss = 1.05e-01, dice = 7.81e-01
2024-05-21 15:19:16.935287 | Iteration 40: similarity = 3.88e-01, loss = 9.72e-02, dice = 7.83e-01
2024-05-21 15:19:18.135359 | Iteration 41: similarity = 3.88e-01, loss = 9.02e-02, dice = 7.84e-01
2024-05-21 15:19:19.357922 | Iteration 42: similarity = 3.88e-01, loss = 8.40e-02, dice = 7.85e-01
2024-05-21 15:19:20.567463 | Iteration 43: similarity = 3.88e-01, loss = 7.89e-02, dice = 7.87e-01
2024-05-21 15:19:21.744697 | Iteration 44: similarity = 3.88e-01, loss = 7.40e-02, dice = 7.88e-01
2024-05-21 15:19:22.922976 | Iteration 45: similarity = 3.88e-01, loss = 7.03e-02, dice = 7.89e-01
2024-05-21 15:19:24.098026 | Iteration 46: similarity = 3.88e-01, loss = 6.68e-02, dice = 7.90e-01
2024-05-21 15:19:25.284676 | Iteration 47: similarity = 3.88e-01, loss = 6.38e-02, dice = 7.91e-01
2024-05-21 15:19:26.452482 | Iteration 48: similarity = 3.88e-01, loss = 6.12e-02, dice = 7.91e-01
2024-05-21 15:19:27.623340 | Iteration 49: similarity = 3.88e-01, loss = 5.95e-02, dice = 7.93e-01
2024-05-21 15:19:28.810787 | Iteration 50: similarity = 3.88e-01, loss = 5.75e-02, dice = 7.94e-01
2024-05-21 15:19:29.997076 | Iteration 51: similarity = 3.89e-01, loss = 5.58e-02, dice = 7.94e-01
2024-05-21 15:19:31.189562 | Iteration 52: similarity = 3.89e-01, loss = 5.43e-02, dice = 7.95e-01
2024-05-21 15:19:32.377143 | Iteration 53: similarity = 3.89e-01, loss = 5.30e-02, dice = 7.96e-01
2024-05-21 15:19:33.580921 | Iteration 54: similarity = 3.89e-01, loss = 5.18e-02, dice = 7.96e-01
2024-05-21 15:19:34.780923 | Iteration 55: similarity = 3.89e-01, loss = 5.12e-02, dice = 7.98e-01
2024-05-21 15:19:35.966787 | Iteration 56: similarity = 3.89e-01, loss = 5.02e-02, dice = 7.98e-01
2024-05-21 15:19:37.154736 | Iteration 57: similarity = 3.89e-01, loss = 4.94e-02, dice = 7.99e-01
2024-05-21 15:19:38.339355 | Iteration 58: similarity = 3.89e-01, loss = 4.89e-02, dice = 8.00e-01
2024-05-21 15:19:39.533399 | Iteration 59: similarity = 3.89e-01, loss = 4.81e-02, dice = 8.00e-01
2024-05-21 15:19:40.723801 | Iteration 60: similarity = 3.89e-01, loss = 4.74e-02, dice = 8.00e-01
2024-05-21 15:19:41.899872 | Iteration 61: similarity = 3.89e-01, loss = 4.68e-02, dice = 8.02e-01
2024-05-21 15:19:43.084284 | Iteration 62: similarity = 3.89e-01, loss = 4.60e-02, dice = 8.02e-01
2024-05-21 15:19:44.272215 | Iteration 63: similarity = 3.90e-01, loss = 4.55e-02, dice = 8.03e-01
2024-05-21 15:19:45.451661 | Iteration 64: similarity = 3.90e-01, loss = 4.45e-02, dice = 8.03e-01
2024-05-21 15:19:46.637751 | Iteration 65: similarity = 3.90e-01, loss = 4.38e-02, dice = 8.03e-01
2024-05-21 15:19:47.839056 | Iteration 66: similarity = 3.90e-01, loss = 4.32e-02, dice = 8.04e-01
2024-05-21 15:19:49.047806 | Iteration 67: similarity = 3.90e-01, loss = 4.23e-02, dice = 8.05e-01
2024-05-21 15:19:50.252122 | Iteration 68: similarity = 3.90e-01, loss = 4.19e-02, dice = 8.06e-01
2024-05-21 15:19:51.492247 | Iteration 69: similarity = 3.90e-01, loss = 4.12e-02, dice = 8.05e-01
2024-05-21 15:19:52.679835 | Iteration 70: similarity = 3.90e-01, loss = 4.05e-02, dice = 8.05e-01
2024-05-21 15:19:53.881101 | Iteration 71: similarity = 3.90e-01, loss = 3.96e-02, dice = 8.06e-01
2024-05-21 15:19:55.074958 | Iteration 72: similarity = 3.90e-01, loss = 3.94e-02, dice = 8.07e-01
2024-05-21 15:19:56.292489 | Iteration 73: similarity = 3.90e-01, loss = 3.84e-02, dice = 8.07e-01
2024-05-21 15:19:57.483199 | Iteration 74: similarity = 3.90e-01, loss = 3.77e-02, dice = 8.07e-01
2024-05-21 15:19:58.673041 | Iteration 75: similarity = 3.90e-01, loss = 3.72e-02, dice = 8.08e-01
2024-05-21 15:19:59.901903 | Iteration 76: similarity = 3.90e-01, loss = 3.62e-02, dice = 8.08e-01
2024-05-21 15:20:01.117860 | Iteration 77: similarity = 3.90e-01, loss = 3.58e-02, dice = 8.08e-01
2024-05-21 15:20:02.357892 | Iteration 78: similarity = 3.90e-01, loss = 3.51e-02, dice = 8.09e-01
2024-05-21 15:20:03.563453 | Iteration 79: similarity = 3.90e-01, loss = 3.43e-02, dice = 8.10e-01
2024-05-21 15:20:04.770119 | Iteration 80: similarity = 3.90e-01, loss = 3.34e-02, dice = 8.10e-01
2024-05-21 15:20:05.968132 | Iteration 81: similarity = 3.90e-01, loss = 3.28e-02, dice = 8.10e-01
2024-05-21 15:20:07.170457 | Iteration 82: similarity = 3.90e-01, loss = 3.18e-02, dice = 8.10e-01
2024-05-21 15:20:08.422941 | Iteration 83: similarity = 3.90e-01, loss = 3.13e-02, dice = 8.11e-01
2024-05-21 15:20:09.619278 | Iteration 84: similarity = 3.90e-01, loss = 3.07e-02, dice = 8.11e-01
2024-05-21 15:20:10.809401 | Iteration 85: similarity = 3.90e-01, loss = 2.98e-02, dice = 8.11e-01
2024-05-21 15:20:11.998630 | Iteration 86: similarity = 3.90e-01, loss = 2.92e-02, dice = 8.11e-01
2024-05-21 15:20:13.196590 | Iteration 87: similarity = 3.90e-01, loss = 2.87e-02, dice = 8.11e-01
2024-05-21 15:20:14.394403 | Iteration 88: similarity = 3.90e-01, loss = 2.80e-02, dice = 8.12e-01
2024-05-21 15:20:15.582770 | Iteration 89: similarity = 3.90e-01, loss = 2.73e-02, dice = 8.11e-01
2024-05-21 15:20:16.764308 | Iteration 90: similarity = 3.90e-01, loss = 2.64e-02, dice = 8.12e-01
2024-05-21 15:20:17.945573 | Iteration 91: similarity = 3.90e-01, loss = 2.62e-02, dice = 8.11e-01
2024-05-21 15:20:19.128609 | Iteration 92: similarity = 3.90e-01, loss = 2.52e-02, dice = 8.12e-01
2024-05-21 15:20:20.325559 | Iteration 93: similarity = 3.90e-01, loss = 2.46e-02, dice = 8.12e-01
2024-05-21 15:20:21.521984 | Iteration 94: similarity = 3.90e-01, loss = 2.38e-02, dice = 8.13e-01
2024-05-21 15:20:22.717446 | Iteration 95: similarity = 3.90e-01, loss = 2.31e-02, dice = 8.13e-01
2024-05-21 15:20:23.907976 | Iteration 96: similarity = 3.90e-01, loss = 2.27e-02, dice = 8.13e-01
2024-05-21 15:20:25.120500 | Iteration 97: similarity = 3.90e-01, loss = 2.15e-02, dice = 8.13e-01
2024-05-21 15:20:26.359540 | Iteration 98: similarity = 3.90e-01, loss = 2.11e-02, dice = 8.13e-01
2024-05-21 15:20:27.567245 | Iteration 99: similarity = 3.90e-01, loss = 2.02e-02, dice = 8.13e-01
2024-05-21 15:20:28.776813 | Iteration 100: similarity = 3.90e-01, loss = 1.96e-02, dice = 8.13e-01
2024-05-21 15:20:30.001554 | Iteration 101: similarity = 3.90e-01, loss = 1.90e-02, dice = 8.14e-01
2024-05-21 15:20:31.267689 | Iteration 102: similarity = 3.90e-01, loss = 1.84e-02, dice = 8.14e-01
2024-05-21 15:20:32.483133 | Iteration 103: similarity = 3.90e-01, loss = 1.74e-02, dice = 8.14e-01
2024-05-21 15:20:33.696063 | Iteration 104: similarity = 3.90e-01, loss = 1.69e-02, dice = 8.14e-01
2024-05-21 15:20:34.902710 | Iteration 105: similarity = 3.90e-01, loss = 1.60e-02, dice = 8.15e-01
2024-05-21 15:20:36.109890 | Iteration 106: similarity = 3.90e-01, loss = 1.54e-02, dice = 8.15e-01
2024-05-21 15:20:37.326782 | Iteration 107: similarity = 3.90e-01, loss = 1.48e-02, dice = 8.15e-01
2024-05-21 15:20:38.556464 | Iteration 108: similarity = 3.90e-01, loss = 1.42e-02, dice = 8.15e-01
2024-05-21 15:20:39.767898 | Iteration 109: similarity = 3.90e-01, loss = 1.35e-02, dice = 8.14e-01
2024-05-21 15:20:41.011455 | Iteration 110: similarity = 3.90e-01, loss = 1.29e-02, dice = 8.15e-01
2024-05-21 15:20:42.198498 | Iteration 111: similarity = 3.90e-01, loss = 1.22e-02, dice = 8.15e-01
2024-05-21 15:20:43.408059 | Iteration 112: similarity = 3.90e-01, loss = 1.17e-02, dice = 8.15e-01
2024-05-21 15:20:44.629609 | Iteration 113: similarity = 3.90e-01, loss = 1.10e-02, dice = 8.15e-01
2024-05-21 15:20:45.867916 | Iteration 114: similarity = 3.90e-01, loss = 1.04e-02, dice = 8.15e-01
2024-05-21 15:20:47.065663 | Iteration 115: similarity = 3.90e-01, loss = 9.69e-03, dice = 8.15e-01
2024-05-21 15:20:48.285220 | Iteration 116: similarity = 3.90e-01, loss = 9.09e-03, dice = 8.16e-01
2024-05-21 15:20:49.501350 | Iteration 117: similarity = 3.90e-01, loss = 8.56e-03, dice = 8.16e-01
2024-05-21 15:20:50.690816 | Iteration 118: similarity = 3.90e-01, loss = 7.93e-03, dice = 8.16e-01
2024-05-21 15:20:51.944504 | Iteration 119: similarity = 3.90e-01, loss = 7.16e-03, dice = 8.16e-01
2024-05-21 15:20:53.195398 | Iteration 120: similarity = 3.90e-01, loss = 6.41e-03, dice = 8.16e-01
2024-05-21 15:20:54.377350 | Iteration 121: similarity = 3.90e-01, loss = 5.73e-03, dice = 8.16e-01
2024-05-21 15:20:55.593092 | Iteration 122: similarity = 3.90e-01, loss = 5.12e-03, dice = 8.17e-01
2024-05-21 15:20:56.833587 | Iteration 123: similarity = 3.90e-01, loss = 4.41e-03, dice = 8.16e-01
2024-05-21 15:20:58.063753 | Iteration 124: similarity = 3.90e-01, loss = 3.90e-03, dice = 8.16e-01
2024-05-21 15:20:59.319657 | Iteration 125: similarity = 3.90e-01, loss = 2.85e-03, dice = 8.17e-01
2024-05-21 15:21:00.542785 | Iteration 126: similarity = 3.90e-01, loss = 2.38e-03, dice = 8.16e-01
2024-05-21 15:21:01.741997 | Iteration 127: similarity = 3.90e-01, loss = 1.43e-03, dice = 8.17e-01
2024-05-21 15:21:02.932068 | Iteration 128: similarity = 3.90e-01, loss = 8.23e-04, dice = 8.17e-01
2024-05-21 15:21:04.133142 | Iteration 129: similarity = 3.90e-01, loss = 1.92e-05, dice = 8.16e-01
2024-05-21 15:21:05.323664 | Iteration 130: similarity = 3.90e-01, loss = -1.05e-04, dice = 8.17e-01
2024-05-21 15:21:06.522277 | Iteration 131: similarity = 3.90e-01, loss = -1.10e-03, dice = 8.17e-01
2024-05-21 15:21:07.717377 | Iteration 132: similarity = 3.90e-01, loss = -1.37e-03, dice = 8.17e-01
2024-05-21 15:21:08.923314 | Iteration 133: similarity = 3.90e-01, loss = -2.37e-03, dice = 8.17e-01
2024-05-21 15:21:10.127926 | Iteration 134: similarity = 3.90e-01, loss = -2.53e-03, dice = 8.17e-01
2024-05-21 15:21:11.325736 | Iteration 135: similarity = 3.90e-01, loss = -3.39e-03, dice = 8.17e-01
2024-05-21 15:21:12.529369 | Iteration 136: similarity = 3.89e-01, loss = -3.87e-03, dice = 8.17e-01
2024-05-21 15:21:13.713943 | Iteration 137: similarity = 3.90e-01, loss = -4.56e-03, dice = 8.17e-01
2024-05-21 15:21:14.907613 | Iteration 138: similarity = 3.89e-01, loss = -5.13e-03, dice = 8.17e-01
2024-05-21 15:21:16.107277 | Iteration 139: similarity = 3.90e-01, loss = -5.89e-03, dice = 8.17e-01
2024-05-21 15:21:17.332522 | Iteration 140: similarity = 3.90e-01, loss = -6.70e-03, dice = 8.18e-01
2024-05-21 15:21:18.562013 | Iteration 141: similarity = 3.89e-01, loss = -7.19e-03, dice = 8.18e-01
2024-05-21 15:21:19.763864 | Iteration 142: similarity = 3.89e-01, loss = -8.00e-03, dice = 8.17e-01
2024-05-21 15:21:20.984189 | Iteration 143: similarity = 3.89e-01, loss = -8.33e-03, dice = 8.17e-01
2024-05-21 15:21:22.172227 | Iteration 144: similarity = 3.90e-01, loss = -9.33e-03, dice = 8.18e-01
2024-05-21 15:21:23.385533 | Iteration 145: similarity = 3.90e-01, loss = -9.75e-03, dice = 8.17e-01
2024-05-21 15:21:24.589720 | Iteration 146: similarity = 3.90e-01, loss = -1.06e-02, dice = 8.18e-01
2024-05-21 15:21:25.806422 | Iteration 147: similarity = 3.89e-01, loss = -1.09e-02, dice = 8.18e-01
2024-05-21 15:21:27.028856 | Iteration 148: similarity = 3.89e-01, loss = -1.18e-02, dice = 8.18e-01
2024-05-21 15:21:28.235954 | Iteration 149: similarity = 3.89e-01, loss = -1.23e-02, dice = 8.18e-01
2024-05-21 15:21:29.437977 | Iteration 150: similarity = 3.89e-01, loss = -1.28e-02, dice = 8.18e-01
2024-05-21 15:21:30.647607 | Iteration 151: similarity = 3.89e-01, loss = -1.37e-02, dice = 8.17e-01
2024-05-21 15:21:31.848380 | Iteration 152: similarity = 3.89e-01, loss = -1.40e-02, dice = 8.18e-01
2024-05-21 15:21:33.052534 | Iteration 153: similarity = 3.89e-01, loss = -1.48e-02, dice = 8.18e-01
2024-05-21 15:21:34.252187 | Iteration 154: similarity = 3.89e-01, loss = -1.55e-02, dice = 8.18e-01
2024-05-21 15:21:35.493733 | Iteration 155: similarity = 3.89e-01, loss = -1.62e-02, dice = 8.18e-01
2024-05-21 15:21:36.706270 | Iteration 156: similarity = 3.89e-01, loss = -1.67e-02, dice = 8.18e-01
2024-05-21 15:21:37.903692 | Iteration 157: similarity = 3.89e-01, loss = -1.72e-02, dice = 8.19e-01
2024-05-21 15:21:39.102893 | Iteration 158: similarity = 3.89e-01, loss = -1.80e-02, dice = 8.18e-01
2024-05-21 15:21:40.302669 | Iteration 159: similarity = 3.89e-01, loss = -1.86e-02, dice = 8.18e-01
2024-05-21 15:21:41.500510 | Iteration 160: similarity = 3.89e-01, loss = -1.94e-02, dice = 8.18e-01
2024-05-21 15:21:42.701908 | Iteration 161: similarity = 3.89e-01, loss = -2.00e-02, dice = 8.18e-01
2024-05-21 15:21:43.902135 | Iteration 162: similarity = 3.89e-01, loss = -2.05e-02, dice = 8.19e-01
2024-05-21 15:21:45.115161 | Iteration 163: similarity = 3.89e-01, loss = -2.15e-02, dice = 8.18e-01
2024-05-21 15:21:46.302822 | Iteration 164: similarity = 3.89e-01, loss = -2.16e-02, dice = 8.19e-01
2024-05-21 15:21:47.514991 | Iteration 165: similarity = 3.89e-01, loss = -2.28e-02, dice = 8.19e-01
2024-05-21 15:21:48.719581 | Iteration 166: similarity = 3.89e-01, loss = -2.29e-02, dice = 8.18e-01
2024-05-21 15:21:49.922388 | Iteration 167: similarity = 3.89e-01, loss = -2.39e-02, dice = 8.19e-01
2024-05-21 15:21:51.118495 | Iteration 168: similarity = 3.89e-01, loss = -2.44e-02, dice = 8.18e-01
2024-05-21 15:21:52.305410 | Iteration 169: similarity = 3.89e-01, loss = -2.50e-02, dice = 8.19e-01
2024-05-21 15:21:53.494984 | Iteration 170: similarity = 3.89e-01, loss = -2.57e-02, dice = 8.19e-01
2024-05-21 15:21:54.727900 | Iteration 171: similarity = 3.89e-01, loss = -2.63e-02, dice = 8.19e-01
2024-05-21 15:21:55.944305 | Iteration 172: similarity = 3.89e-01, loss = -2.72e-02, dice = 8.19e-01
2024-05-21 15:21:57.167420 | Iteration 173: similarity = 3.89e-01, loss = -2.76e-02, dice = 8.19e-01
2024-05-21 15:21:58.399268 | Iteration 174: similarity = 3.88e-01, loss = -2.84e-02, dice = 8.19e-01
2024-05-21 15:21:59.650196 | Iteration 175: similarity = 3.88e-01, loss = -2.89e-02, dice = 8.19e-01
2024-05-21 15:22:00.873228 | Iteration 176: similarity = 3.88e-01, loss = -2.94e-02, dice = 8.19e-01
2024-05-21 15:22:02.080324 | Iteration 177: similarity = 3.88e-01, loss = -3.04e-02, dice = 8.19e-01
2024-05-21 15:22:03.293241 | Iteration 178: similarity = 3.88e-01, loss = -3.08e-02, dice = 8.19e-01
2024-05-21 15:22:04.475649 | Iteration 179: similarity = 3.88e-01, loss = -3.19e-02, dice = 8.19e-01
2024-05-21 15:22:05.678378 | Iteration 180: similarity = 3.88e-01, loss = -3.19e-02, dice = 8.19e-01
2024-05-21 15:22:06.874756 | Iteration 181: similarity = 3.88e-01, loss = -3.31e-02, dice = 8.19e-01
2024-05-21 15:22:08.084710 | Iteration 182: similarity = 3.88e-01, loss = -3.32e-02, dice = 8.19e-01
2024-05-21 15:22:09.297290 | Iteration 183: similarity = 3.88e-01, loss = -3.43e-02, dice = 8.20e-01
2024-05-21 15:22:10.477013 | Iteration 184: similarity = 3.88e-01, loss = -3.45e-02, dice = 8.20e-01
2024-05-21 15:22:11.688727 | Iteration 185: similarity = 3.88e-01, loss = -3.54e-02, dice = 8.19e-01
2024-05-21 15:22:12.901759 | Iteration 186: similarity = 3.88e-01, loss = -3.61e-02, dice = 8.20e-01
2024-05-21 15:22:14.087138 | Iteration 187: similarity = 3.88e-01, loss = -3.64e-02, dice = 8.19e-01
2024-05-21 15:22:15.297517 | Iteration 188: similarity = 3.88e-01, loss = -3.73e-02, dice = 8.20e-01
2024-05-21 15:22:16.488391 | Iteration 189: similarity = 3.88e-01, loss = -3.80e-02, dice = 8.20e-01
2024-05-21 15:22:17.700206 | Iteration 190: similarity = 3.88e-01, loss = -3.86e-02, dice = 8.20e-01
2024-05-21 15:22:18.898443 | Iteration 191: similarity = 3.88e-01, loss = -3.92e-02, dice = 8.20e-01
2024-05-21 15:22:20.097984 | Iteration 192: similarity = 3.88e-01, loss = -3.98e-02, dice = 8.20e-01
2024-05-21 15:22:21.283677 | Iteration 193: similarity = 3.88e-01, loss = -4.04e-02, dice = 8.20e-01
2024-05-21 15:22:22.480815 | Iteration 194: similarity = 3.88e-01, loss = -4.11e-02, dice = 8.20e-01
2024-05-21 15:22:23.695862 | Iteration 195: similarity = 3.87e-01, loss = -4.16e-02, dice = 8.19e-01
2024-05-21 15:22:24.893730 | Iteration 196: similarity = 3.88e-01, loss = -4.26e-02, dice = 8.20e-01
2024-05-21 15:22:26.098163 | Iteration 197: similarity = 3.88e-01, loss = -4.32e-02, dice = 8.21e-01
2024-05-21 15:22:27.292186 | Iteration 198: similarity = 3.87e-01, loss = -4.37e-02, dice = 8.20e-01
2024-05-21 15:22:28.493334 | Iteration 199: similarity = 3.87e-01, loss = -4.44e-02, dice = 8.20e-01
2024-05-21 15:22:29.686331 | Iteration 200: similarity = 3.87e-01, loss = -4.50e-02, dice = 8.20e-01
2024-05-21 15:22:29.937631 | [scope plot registration results takes 0.2511911392211914s]
2024-05-21 15:22:30.784178 | Validation: HD [8.018148 ± 1.887841], MSD [0.817116 ± 0.160937], DSC [0.715843 ± 0.099556]
2024-05-21 15:22:30.784862 |          => HD [7.651484 ± 2.860454], MSD [0.509887 ± 0.111283], DSC [0.820300 ± 0.066467]
