====================================================================================================
Logging file for python script in Intensity Distribution.Experiment 1 (Anonymous): Exp1_LIC_GASD
_same_modality.py
| The recreation of Experiment 1: comparison between LIC and GASD. 
Started at 2024-05-21 22:14:19.197876 with command:
> python Exp1_LIC_GASD_same_modality.py --exp T4_GASD
====================================================================================================

2024-05-21 22:14:21.141132 | Iteration 1: similarity = -1.85e-02, loss = 7.56e-02, dice = 5.93e-01
2024-05-21 22:14:22.975548 | Iteration 2: similarity = -1.30e-02, loss = 4.78e-02, dice = 6.37e-01
2024-05-21 22:14:24.739832 | Iteration 3: similarity = -9.53e-03, loss = 3.90e-02, dice = 6.45e-01
2024-05-21 22:14:26.505808 | Iteration 4: similarity = -7.78e-03, loss = 3.70e-02, dice = 6.48e-01
2024-05-21 22:14:28.308435 | Iteration 5: similarity = -6.73e-03, loss = 3.57e-02, dice = 6.50e-01
2024-05-21 22:14:30.092755 | Iteration 6: similarity = -5.79e-03, loss = 3.40e-02, dice = 6.51e-01
2024-05-21 22:14:31.877087 | Iteration 7: similarity = -5.22e-03, loss = 3.25e-02, dice = 6.53e-01
2024-05-21 22:14:33.643922 | Iteration 8: similarity = -4.53e-03, loss = 3.10e-02, dice = 6.53e-01
2024-05-21 22:14:35.424282 | Iteration 9: similarity = -3.99e-03, loss = 2.97e-02, dice = 6.55e-01
2024-05-21 22:14:37.203484 | Iteration 10: similarity = -3.64e-03, loss = 2.86e-02, dice = 6.55e-01
2024-05-21 22:14:38.973773 | Iteration 11: similarity = -3.33e-03, loss = 2.75e-02, dice = 6.55e-01
2024-05-21 22:14:40.744668 | Iteration 12: similarity = -3.09e-03, loss = 2.66e-02, dice = 6.56e-01
2024-05-21 22:14:42.491150 | Iteration 13: similarity = -2.87e-03, loss = 2.57e-02, dice = 6.58e-01
2024-05-21 22:14:44.276279 | Iteration 14: similarity = -2.66e-03, loss = 2.49e-02, dice = 6.59e-01
2024-05-21 22:14:46.078417 | Iteration 15: similarity = -2.47e-03, loss = 2.41e-02, dice = 6.60e-01
2024-05-21 22:14:47.849824 | Iteration 16: similarity = -2.27e-03, loss = 2.33e-02, dice = 6.61e-01
2024-05-21 22:14:49.605879 | Iteration 17: similarity = -2.14e-03, loss = 2.26e-02, dice = 6.63e-01
2024-05-21 22:14:51.398668 | Iteration 18: similarity = -2.00e-03, loss = 2.19e-02, dice = 6.64e-01
2024-05-21 22:14:53.160466 | Iteration 19: similarity = -1.89e-03, loss = 2.12e-02, dice = 6.65e-01
2024-05-21 22:14:54.922341 | Iteration 20: similarity = -1.78e-03, loss = 2.05e-02, dice = 6.66e-01
2024-05-21 22:14:56.676291 | Iteration 21: similarity = -1.68e-03, loss = 1.99e-02, dice = 6.68e-01
2024-05-21 22:14:58.446833 | Iteration 22: similarity = -1.61e-03, loss = 1.93e-02, dice = 6.69e-01
2024-05-21 22:15:00.211442 | Iteration 23: similarity = -1.52e-03, loss = 1.88e-02, dice = 6.71e-01
2024-05-21 22:15:01.980408 | Iteration 24: similarity = -1.46e-03, loss = 1.82e-02, dice = 6.72e-01
2024-05-21 22:15:03.739942 | Iteration 25: similarity = -1.38e-03, loss = 1.77e-02, dice = 6.74e-01
2024-05-21 22:15:05.495282 | Iteration 26: similarity = -1.33e-03, loss = 1.72e-02, dice = 6.75e-01
2024-05-21 22:15:07.252145 | Iteration 27: similarity = -1.27e-03, loss = 1.67e-02, dice = 6.77e-01
2024-05-21 22:15:09.004542 | Iteration 28: similarity = -1.22e-03, loss = 1.63e-02, dice = 6.78e-01
2024-05-21 22:15:10.777352 | Iteration 29: similarity = -1.18e-03, loss = 1.58e-02, dice = 6.81e-01
2024-05-21 22:15:12.548746 | Iteration 30: similarity = -1.14e-03, loss = 1.54e-02, dice = 6.83e-01
2024-05-21 22:15:14.328789 | Iteration 31: similarity = -1.10e-03, loss = 1.51e-02, dice = 6.84e-01
2024-05-21 22:15:16.123222 | Iteration 32: similarity = -1.07e-03, loss = 1.47e-02, dice = 6.85e-01
2024-05-21 22:15:17.889140 | Iteration 33: similarity = -1.04e-03, loss = 1.44e-02, dice = 6.87e-01
2024-05-21 22:15:19.646962 | Iteration 34: similarity = -1.01e-03, loss = 1.40e-02, dice = 6.89e-01
2024-05-21 22:15:21.403888 | Iteration 35: similarity = -9.86e-04, loss = 1.37e-02, dice = 6.91e-01
2024-05-21 22:15:23.174007 | Iteration 36: similarity = -9.65e-04, loss = 1.35e-02, dice = 6.92e-01
2024-05-21 22:15:24.936643 | Iteration 37: similarity = -9.45e-04, loss = 1.32e-02, dice = 6.93e-01
2024-05-21 22:15:26.708281 | Iteration 38: similarity = -9.20e-04, loss = 1.29e-02, dice = 6.94e-01
2024-05-21 22:15:28.468730 | Iteration 39: similarity = -9.04e-04, loss = 1.27e-02, dice = 6.96e-01
2024-05-21 22:15:30.242840 | Iteration 40: similarity = -8.87e-04, loss = 1.25e-02, dice = 6.98e-01
2024-05-21 22:15:32.016906 | Iteration 41: similarity = -8.70e-04, loss = 1.22e-02, dice = 6.99e-01
2024-05-21 22:15:33.785124 | Iteration 42: similarity = -8.56e-04, loss = 1.20e-02, dice = 7.01e-01
2024-05-21 22:15:35.526269 | Iteration 43: similarity = -8.39e-04, loss = 1.18e-02, dice = 7.02e-01
2024-05-21 22:15:37.280463 | Iteration 44: similarity = -8.26e-04, loss = 1.16e-02, dice = 7.04e-01
2024-05-21 22:15:39.027912 | Iteration 45: similarity = -8.13e-04, loss = 1.15e-02, dice = 7.04e-01
2024-05-21 22:15:40.778619 | Iteration 46: similarity = -8.02e-04, loss = 1.13e-02, dice = 7.06e-01
2024-05-21 22:15:42.520017 | Iteration 47: similarity = -7.89e-04, loss = 1.11e-02, dice = 7.08e-01
2024-05-21 22:15:44.274261 | Iteration 48: similarity = -7.81e-04, loss = 1.10e-02, dice = 7.09e-01
2024-05-21 22:15:46.027951 | Iteration 49: similarity = -7.69e-04, loss = 1.08e-02, dice = 7.10e-01
2024-05-21 22:15:47.793220 | Iteration 50: similarity = -7.58e-04, loss = 1.07e-02, dice = 7.11e-01
2024-05-21 22:15:49.567005 | Iteration 51: similarity = -7.46e-04, loss = 1.06e-02, dice = 7.13e-01
2024-05-21 22:15:51.324449 | Iteration 52: similarity = -7.36e-04, loss = 1.04e-02, dice = 7.14e-01
2024-05-21 22:15:53.046490 | Iteration 53: similarity = -7.28e-04, loss = 1.03e-02, dice = 7.16e-01
2024-05-21 22:15:54.779328 | Iteration 54: similarity = -7.22e-04, loss = 1.02e-02, dice = 7.18e-01
2024-05-21 22:15:56.533713 | Iteration 55: similarity = -7.14e-04, loss = 1.01e-02, dice = 7.19e-01
2024-05-21 22:15:58.285326 | Iteration 56: similarity = -7.09e-04, loss = 9.95e-03, dice = 7.21e-01
2024-05-21 22:16:00.021969 | Iteration 57: similarity = -7.23e-04, loss = 9.86e-03, dice = 7.22e-01
2024-05-21 22:16:01.751073 | Iteration 58: similarity = -6.94e-04, loss = 9.74e-03, dice = 7.24e-01
2024-05-21 22:16:03.479715 | Iteration 59: similarity = -6.86e-04, loss = 9.64e-03, dice = 7.25e-01
2024-05-21 22:16:05.222304 | Iteration 60: similarity = -6.81e-04, loss = 9.55e-03, dice = 7.27e-01
2024-05-21 22:16:06.968154 | Iteration 61: similarity = -6.74e-04, loss = 9.45e-03, dice = 7.29e-01
2024-05-21 22:16:08.718285 | Iteration 62: similarity = -6.74e-04, loss = 9.37e-03, dice = 7.30e-01
2024-05-21 22:16:10.477566 | Iteration 63: similarity = -6.63e-04, loss = 9.28e-03, dice = 7.31e-01
2024-05-21 22:16:12.267116 | Iteration 64: similarity = -6.64e-04, loss = 9.21e-03, dice = 7.33e-01
2024-05-21 22:16:14.008039 | Iteration 65: similarity = -6.53e-04, loss = 9.12e-03, dice = 7.34e-01
2024-05-21 22:16:15.749606 | Iteration 66: similarity = -6.50e-04, loss = 9.05e-03, dice = 7.35e-01
2024-05-21 22:16:17.489417 | Iteration 67: similarity = -6.43e-04, loss = 8.98e-03, dice = 7.36e-01
2024-05-21 22:16:19.253239 | Iteration 68: similarity = -6.37e-04, loss = 8.90e-03, dice = 7.38e-01
2024-05-21 22:16:21.012897 | Iteration 69: similarity = -6.32e-04, loss = 8.84e-03, dice = 7.39e-01
2024-05-21 22:16:22.739592 | Iteration 70: similarity = -6.28e-04, loss = 8.77e-03, dice = 7.40e-01
2024-05-21 22:16:24.476226 | Iteration 71: similarity = -6.21e-04, loss = 8.70e-03, dice = 7.41e-01
2024-05-21 22:16:26.231581 | Iteration 72: similarity = -6.17e-04, loss = 8.64e-03, dice = 7.42e-01
2024-05-21 22:16:27.991034 | Iteration 73: similarity = -6.12e-04, loss = 8.58e-03, dice = 7.44e-01
2024-05-21 22:16:29.750282 | Iteration 74: similarity = -6.07e-04, loss = 8.52e-03, dice = 7.45e-01
2024-05-21 22:16:31.479193 | Iteration 75: similarity = -6.01e-04, loss = 8.46e-03, dice = 7.46e-01
2024-05-21 22:16:33.210197 | Iteration 76: similarity = -5.97e-04, loss = 8.41e-03, dice = 7.47e-01
2024-05-21 22:16:34.954986 | Iteration 77: similarity = -5.92e-04, loss = 8.35e-03, dice = 7.48e-01
2024-05-21 22:16:36.707992 | Iteration 78: similarity = -5.89e-04, loss = 8.30e-03, dice = 7.49e-01
2024-05-21 22:16:38.453073 | Iteration 79: similarity = -5.84e-04, loss = 8.24e-03, dice = 7.50e-01
2024-05-21 22:16:40.203914 | Iteration 80: similarity = -5.80e-04, loss = 8.19e-03, dice = 7.51e-01
2024-05-21 22:16:41.944298 | Iteration 81: similarity = -5.78e-04, loss = 8.14e-03, dice = 7.52e-01
2024-05-21 22:16:43.674671 | Iteration 82: similarity = -5.73e-04, loss = 8.09e-03, dice = 7.54e-01
2024-05-21 22:16:45.410385 | Iteration 83: similarity = -5.71e-04, loss = 8.04e-03, dice = 7.55e-01
2024-05-21 22:16:47.143998 | Iteration 84: similarity = -5.67e-04, loss = 7.99e-03, dice = 7.56e-01
2024-05-21 22:16:48.900671 | Iteration 85: similarity = -5.69e-04, loss = 7.95e-03, dice = 7.57e-01
2024-05-21 22:16:50.641227 | Iteration 86: similarity = -5.61e-04, loss = 7.90e-03, dice = 7.58e-01
2024-05-21 22:16:52.398981 | Iteration 87: similarity = -5.58e-04, loss = 7.86e-03, dice = 7.58e-01
2024-05-21 22:16:54.157874 | Iteration 88: similarity = -5.54e-04, loss = 7.81e-03, dice = 7.59e-01
2024-05-21 22:16:55.904859 | Iteration 89: similarity = -5.50e-04, loss = 7.77e-03, dice = 7.61e-01
2024-05-21 22:16:57.654842 | Iteration 90: similarity = -5.49e-04, loss = 7.72e-03, dice = 7.62e-01
2024-05-21 22:16:59.418572 | Iteration 91: similarity = -5.46e-04, loss = 7.68e-03, dice = 7.63e-01
2024-05-21 22:17:01.170589 | Iteration 92: similarity = -5.44e-04, loss = 7.63e-03, dice = 7.64e-01
2024-05-21 22:17:02.928780 | Iteration 93: similarity = -5.40e-04, loss = 7.60e-03, dice = 7.64e-01
2024-05-21 22:17:04.675657 | Iteration 94: similarity = -5.38e-04, loss = 7.55e-03, dice = 7.66e-01
2024-05-21 22:17:06.439203 | Iteration 95: similarity = -5.37e-04, loss = 7.52e-03, dice = 7.67e-01
2024-05-21 22:17:08.199149 | Iteration 96: similarity = -5.35e-04, loss = 7.47e-03, dice = 7.67e-01
2024-05-21 22:17:09.977998 | Iteration 97: similarity = -5.32e-04, loss = 7.43e-03, dice = 7.68e-01
2024-05-21 22:17:11.701772 | Iteration 98: similarity = -5.29e-04, loss = 7.39e-03, dice = 7.69e-01
2024-05-21 22:17:13.458465 | Iteration 99: similarity = -5.27e-04, loss = 7.36e-03, dice = 7.70e-01
2024-05-21 22:17:15.235131 | Iteration 100: similarity = -5.24e-04, loss = 7.31e-03, dice = 7.70e-01
2024-05-21 22:17:16.994816 | Iteration 101: similarity = -5.23e-04, loss = 7.28e-03, dice = 7.71e-01
2024-05-21 22:17:18.742456 | Iteration 102: similarity = -5.21e-04, loss = 7.24e-03, dice = 7.72e-01
2024-05-21 22:17:20.511182 | Iteration 103: similarity = -5.20e-04, loss = 7.21e-03, dice = 7.73e-01
2024-05-21 22:17:22.271711 | Iteration 104: similarity = -5.16e-04, loss = 7.17e-03, dice = 7.74e-01
2024-05-21 22:17:24.026906 | Iteration 105: similarity = -5.17e-04, loss = 7.14e-03, dice = 7.74e-01
2024-05-21 22:17:25.796167 | Iteration 106: similarity = -5.13e-04, loss = 7.10e-03, dice = 7.75e-01
2024-05-21 22:17:27.551348 | Iteration 107: similarity = -5.11e-04, loss = 7.06e-03, dice = 7.75e-01
2024-05-21 22:17:29.298102 | Iteration 108: similarity = -5.10e-04, loss = 7.03e-03, dice = 7.76e-01
2024-05-21 22:17:31.056103 | Iteration 109: similarity = -5.08e-04, loss = 7.00e-03, dice = 7.77e-01
2024-05-21 22:17:32.799777 | Iteration 110: similarity = -5.07e-04, loss = 6.97e-03, dice = 7.77e-01
2024-05-21 22:17:34.540365 | Iteration 111: similarity = -5.04e-04, loss = 6.93e-03, dice = 7.78e-01
2024-05-21 22:17:36.313168 | Iteration 112: similarity = -5.01e-04, loss = 6.90e-03, dice = 7.79e-01
2024-05-21 22:17:38.060889 | Iteration 113: similarity = -5.01e-04, loss = 6.86e-03, dice = 7.80e-01
2024-05-21 22:17:39.809157 | Iteration 114: similarity = -4.99e-04, loss = 6.83e-03, dice = 7.81e-01
2024-05-21 22:17:41.563705 | Iteration 115: similarity = -4.97e-04, loss = 6.80e-03, dice = 7.81e-01
2024-05-21 22:17:43.339600 | Iteration 116: similarity = -4.96e-04, loss = 6.77e-03, dice = 7.81e-01
2024-05-21 22:17:45.109656 | Iteration 117: similarity = -4.94e-04, loss = 6.74e-03, dice = 7.81e-01
2024-05-21 22:17:46.893820 | Iteration 118: similarity = -4.91e-04, loss = 6.70e-03, dice = 7.82e-01
2024-05-21 22:17:48.649964 | Iteration 119: similarity = -4.90e-04, loss = 6.67e-03, dice = 7.83e-01
2024-05-21 22:17:50.409067 | Iteration 120: similarity = -4.87e-04, loss = 6.64e-03, dice = 7.84e-01
2024-05-21 22:17:52.145728 | Iteration 121: similarity = -4.85e-04, loss = 6.61e-03, dice = 7.84e-01
2024-05-21 22:17:53.891934 | Iteration 122: similarity = -4.90e-04, loss = 6.58e-03, dice = 7.85e-01
2024-05-21 22:17:55.643088 | Iteration 123: similarity = -4.85e-04, loss = 6.55e-03, dice = 7.85e-01
2024-05-21 22:17:57.400328 | Iteration 124: similarity = -4.88e-04, loss = 6.52e-03, dice = 7.86e-01
2024-05-21 22:17:59.146557 | Iteration 125: similarity = -4.82e-04, loss = 6.49e-03, dice = 7.87e-01
2024-05-21 22:18:00.882357 | Iteration 126: similarity = -4.81e-04, loss = 6.46e-03, dice = 7.86e-01
2024-05-21 22:18:02.627107 | Iteration 127: similarity = -4.80e-04, loss = 6.44e-03, dice = 7.87e-01
2024-05-21 22:18:04.375908 | Iteration 128: similarity = -4.78e-04, loss = 6.40e-03, dice = 7.87e-01
2024-05-21 22:18:06.133702 | Iteration 129: similarity = -4.77e-04, loss = 6.38e-03, dice = 7.88e-01
2024-05-21 22:18:07.889015 | Iteration 130: similarity = -4.75e-04, loss = 6.35e-03, dice = 7.88e-01
2024-05-21 22:18:09.642796 | Iteration 131: similarity = -4.73e-04, loss = 6.32e-03, dice = 7.89e-01
2024-05-21 22:18:11.381506 | Iteration 132: similarity = -4.72e-04, loss = 6.29e-03, dice = 7.89e-01
2024-05-21 22:18:13.122214 | Iteration 133: similarity = -4.70e-04, loss = 6.27e-03, dice = 7.90e-01
2024-05-21 22:18:14.879102 | Iteration 134: similarity = -4.69e-04, loss = 6.24e-03, dice = 7.90e-01
2024-05-21 22:18:16.652532 | Iteration 135: similarity = -4.66e-04, loss = 6.22e-03, dice = 7.91e-01
2024-05-21 22:18:18.387626 | Iteration 136: similarity = -4.64e-04, loss = 6.19e-03, dice = 7.91e-01
2024-05-21 22:18:20.138580 | Iteration 137: similarity = -4.63e-04, loss = 6.16e-03, dice = 7.91e-01
2024-05-21 22:18:21.886187 | Iteration 138: similarity = -4.63e-04, loss = 6.13e-03, dice = 7.92e-01
2024-05-21 22:18:23.622389 | Iteration 139: similarity = -4.63e-04, loss = 6.11e-03, dice = 7.93e-01
2024-05-21 22:18:25.347623 | Iteration 140: similarity = -4.59e-04, loss = 6.08e-03, dice = 7.93e-01
2024-05-21 22:18:27.100730 | Iteration 141: similarity = -4.58e-04, loss = 6.06e-03, dice = 7.93e-01
2024-05-21 22:18:28.850784 | Iteration 142: similarity = -4.59e-04, loss = 6.03e-03, dice = 7.93e-01
2024-05-21 22:18:30.597240 | Iteration 143: similarity = -4.55e-04, loss = 6.01e-03, dice = 7.94e-01
2024-05-21 22:18:32.354204 | Iteration 144: similarity = -4.55e-04, loss = 5.98e-03, dice = 7.94e-01
2024-05-21 22:18:34.099606 | Iteration 145: similarity = -4.54e-04, loss = 5.96e-03, dice = 7.94e-01
2024-05-21 22:18:35.845635 | Iteration 146: similarity = -4.52e-04, loss = 5.93e-03, dice = 7.95e-01
2024-05-21 22:18:37.585485 | Iteration 147: similarity = -4.50e-04, loss = 5.91e-03, dice = 7.95e-01
2024-05-21 22:18:39.327999 | Iteration 148: similarity = -4.51e-04, loss = 5.88e-03, dice = 7.96e-01
2024-05-21 22:18:41.082417 | Iteration 149: similarity = -4.50e-04, loss = 5.86e-03, dice = 7.95e-01
2024-05-21 22:18:42.832310 | Iteration 150: similarity = -4.48e-04, loss = 5.84e-03, dice = 7.96e-01
2024-05-21 22:18:44.577854 | Iteration 151: similarity = -4.47e-04, loss = 5.82e-03, dice = 7.97e-01
2024-05-21 22:18:46.321551 | Iteration 152: similarity = -4.45e-04, loss = 5.79e-03, dice = 7.97e-01
2024-05-21 22:18:48.076795 | Iteration 153: similarity = -4.43e-04, loss = 5.77e-03, dice = 7.97e-01
2024-05-21 22:18:49.825875 | Iteration 154: similarity = -4.42e-04, loss = 5.74e-03, dice = 7.98e-01
2024-05-21 22:18:51.583161 | Iteration 155: similarity = -4.41e-04, loss = 5.72e-03, dice = 7.98e-01
2024-05-21 22:18:53.345539 | Iteration 156: similarity = -4.39e-04, loss = 5.70e-03, dice = 7.99e-01
2024-05-21 22:18:55.109891 | Iteration 157: similarity = -4.38e-04, loss = 5.68e-03, dice = 7.99e-01
2024-05-21 22:18:56.861455 | Iteration 158: similarity = -4.37e-04, loss = 5.65e-03, dice = 7.99e-01
2024-05-21 22:18:58.610011 | Iteration 159: similarity = -4.40e-04, loss = 5.64e-03, dice = 8.00e-01
2024-05-21 22:19:00.371056 | Iteration 160: similarity = -4.36e-04, loss = 5.61e-03, dice = 8.00e-01
2024-05-21 22:19:02.152108 | Iteration 161: similarity = -4.35e-04, loss = 5.59e-03, dice = 8.00e-01
2024-05-21 22:19:03.868428 | Iteration 162: similarity = -4.40e-04, loss = 5.57e-03, dice = 8.01e-01
2024-05-21 22:19:05.596476 | Iteration 163: similarity = -4.34e-04, loss = 5.55e-03, dice = 8.00e-01
2024-05-21 22:19:07.341758 | Iteration 164: similarity = -4.33e-04, loss = 5.52e-03, dice = 8.00e-01
2024-05-21 22:19:09.074487 | Iteration 165: similarity = -4.33e-04, loss = 5.51e-03, dice = 8.01e-01
2024-05-21 22:19:10.808771 | Iteration 166: similarity = -4.33e-04, loss = 5.49e-03, dice = 8.01e-01
2024-05-21 22:19:12.545581 | Iteration 167: similarity = -4.32e-04, loss = 5.47e-03, dice = 8.02e-01
2024-05-21 22:19:14.284882 | Iteration 168: similarity = -4.31e-04, loss = 5.45e-03, dice = 8.02e-01
2024-05-21 22:19:16.015634 | Iteration 169: similarity = -4.31e-04, loss = 5.43e-03, dice = 8.02e-01
2024-05-21 22:19:17.738636 | Iteration 170: similarity = -4.29e-04, loss = 5.41e-03, dice = 8.02e-01
2024-05-21 22:19:19.472683 | Iteration 171: similarity = -4.27e-04, loss = 5.39e-03, dice = 8.02e-01
2024-05-21 22:19:21.207369 | Iteration 172: similarity = -4.26e-04, loss = 5.37e-03, dice = 8.02e-01
2024-05-21 22:19:22.944359 | Iteration 173: similarity = -4.25e-04, loss = 5.35e-03, dice = 8.02e-01
2024-05-21 22:19:24.688289 | Iteration 174: similarity = -4.24e-04, loss = 5.33e-03, dice = 8.03e-01
2024-05-21 22:19:26.418043 | Iteration 175: similarity = -4.24e-04, loss = 5.32e-03, dice = 8.03e-01
2024-05-21 22:19:28.155673 | Iteration 176: similarity = -4.24e-04, loss = 5.29e-03, dice = 8.03e-01
2024-05-21 22:19:29.882865 | Iteration 177: similarity = -4.22e-04, loss = 5.28e-03, dice = 8.03e-01
2024-05-21 22:19:31.635385 | Iteration 178: similarity = -4.21e-04, loss = 5.25e-03, dice = 8.04e-01
2024-05-21 22:19:33.365536 | Iteration 179: similarity = -4.21e-04, loss = 5.24e-03, dice = 8.04e-01
2024-05-21 22:19:35.089163 | Iteration 180: similarity = -4.22e-04, loss = 5.22e-03, dice = 8.04e-01
2024-05-21 22:19:36.821748 | Iteration 181: similarity = -4.19e-04, loss = 5.20e-03, dice = 8.04e-01
2024-05-21 22:19:38.549827 | Iteration 182: similarity = -4.17e-04, loss = 5.18e-03, dice = 8.04e-01
2024-05-21 22:19:40.281255 | Iteration 183: similarity = -4.16e-04, loss = 5.17e-03, dice = 8.04e-01
2024-05-21 22:19:42.014280 | Iteration 184: similarity = -4.14e-04, loss = 5.15e-03, dice = 8.04e-01
2024-05-21 22:19:43.736521 | Iteration 185: similarity = -4.14e-04, loss = 5.13e-03, dice = 8.04e-01
2024-05-21 22:19:45.491583 | Iteration 186: similarity = -4.13e-04, loss = 5.11e-03, dice = 8.05e-01
2024-05-21 22:19:47.224409 | Iteration 187: similarity = -4.12e-04, loss = 5.09e-03, dice = 8.05e-01
2024-05-21 22:19:48.951475 | Iteration 188: similarity = -4.11e-04, loss = 5.07e-03, dice = 8.05e-01
2024-05-21 22:19:50.681771 | Iteration 189: similarity = -4.10e-04, loss = 5.06e-03, dice = 8.05e-01
2024-05-21 22:19:52.409367 | Iteration 190: similarity = -4.09e-04, loss = 5.04e-03, dice = 8.05e-01
2024-05-21 22:19:54.168201 | Iteration 191: similarity = -4.09e-04, loss = 5.02e-03, dice = 8.06e-01
2024-05-21 22:19:55.948950 | Iteration 192: similarity = -4.08e-04, loss = 5.00e-03, dice = 8.05e-01
2024-05-21 22:19:57.731633 | Iteration 193: similarity = -4.07e-04, loss = 4.99e-03, dice = 8.06e-01
2024-05-21 22:19:59.480767 | Iteration 194: similarity = -4.07e-04, loss = 4.97e-03, dice = 8.06e-01
2024-05-21 22:20:01.227966 | Iteration 195: similarity = -4.06e-04, loss = 4.96e-03, dice = 8.06e-01
2024-05-21 22:20:02.979556 | Iteration 196: similarity = -4.05e-04, loss = 4.93e-03, dice = 8.06e-01
2024-05-21 22:20:04.758825 | Iteration 197: similarity = -4.06e-04, loss = 4.93e-03, dice = 8.07e-01
2024-05-21 22:20:06.544012 | Iteration 198: similarity = -4.04e-04, loss = 4.90e-03, dice = 8.07e-01
2024-05-21 22:20:08.299947 | Iteration 199: similarity = -4.04e-04, loss = 4.89e-03, dice = 8.07e-01
2024-05-21 22:20:10.075090 | Iteration 200: similarity = -4.03e-04, loss = 4.87e-03, dice = 8.07e-01
2024-05-21 22:20:10.321480 | [scope plot registration results takes 0.24630999565124512s]
2024-05-21 22:20:11.174308 | Validation: HD [8.018148 ± 1.887841], MSD [0.817116 ± 0.160937], DSC [0.715843 ± 0.099556]
2024-05-21 22:20:11.174991 |          => HD [18.865503 ± 1.462579], MSD [0.592251 ± 0.144254], DSC [0.806939 ± 0.071984]
