====================================================================================================
Logging file for python script in Intensity Distribution.Experiment 1 (Anonymous): Exp1_LIC_GASD
.py
| The recreation of Experiment 1: comparison between LIC and GASD. 
Started at 2024-05-19 04:04:55.393599 with command:
> python Exp1_LIC_GASD.py --exp T1_CTr_GASD_sig0
====================================================================================================

2024-05-19 04:04:57.287088 | Iteration 1: similarity = -1.11e-02, loss = 6.82e-02, dice = 5.93e-01
2024-05-19 04:04:59.100819 | Iteration 2: similarity = -7.15e-03, loss = 4.14e-02, dice = 6.28e-01
2024-05-19 04:05:00.881244 | Iteration 3: similarity = -4.52e-03, loss = 3.30e-02, dice = 6.34e-01
2024-05-19 04:05:02.652505 | Iteration 4: similarity = -3.34e-03, loss = 3.14e-02, dice = 6.37e-01
2024-05-19 04:05:04.423129 | Iteration 5: similarity = -2.67e-03, loss = 3.02e-02, dice = 6.38e-01
2024-05-19 04:05:06.195217 | Iteration 6: similarity = -2.21e-03, loss = 2.86e-02, dice = 6.38e-01
2024-05-19 04:05:07.985741 | Iteration 7: similarity = -1.99e-03, loss = 2.71e-02, dice = 6.38e-01
2024-05-19 04:05:09.754446 | Iteration 8: similarity = -1.78e-03, loss = 2.57e-02, dice = 6.38e-01
2024-05-19 04:05:11.516389 | Iteration 9: similarity = -1.60e-03, loss = 2.45e-02, dice = 6.39e-01
2024-05-19 04:05:13.291787 | Iteration 10: similarity = -1.48e-03, loss = 2.33e-02, dice = 6.40e-01
2024-05-19 04:05:15.071448 | Iteration 11: similarity = -1.36e-03, loss = 2.22e-02, dice = 6.40e-01
2024-05-19 04:05:16.847060 | Iteration 12: similarity = -1.26e-03, loss = 2.12e-02, dice = 6.41e-01
2024-05-19 04:05:18.632736 | Iteration 13: similarity = -1.20e-03, loss = 2.03e-02, dice = 6.42e-01
2024-05-19 04:05:20.410074 | Iteration 14: similarity = -1.13e-03, loss = 1.94e-02, dice = 6.43e-01
2024-05-19 04:05:22.178974 | Iteration 15: similarity = -1.07e-03, loss = 1.85e-02, dice = 6.44e-01
2024-05-19 04:05:23.944354 | Iteration 16: similarity = -1.02e-03, loss = 1.77e-02, dice = 6.45e-01
2024-05-19 04:05:25.691376 | Iteration 17: similarity = -9.78e-04, loss = 1.70e-02, dice = 6.46e-01
2024-05-19 04:05:27.431557 | Iteration 18: similarity = -9.43e-04, loss = 1.62e-02, dice = 6.48e-01
2024-05-19 04:05:29.193032 | Iteration 19: similarity = -9.09e-04, loss = 1.55e-02, dice = 6.48e-01
2024-05-19 04:05:30.960986 | Iteration 20: similarity = -8.78e-04, loss = 1.49e-02, dice = 6.50e-01
2024-05-19 04:05:32.736300 | Iteration 21: similarity = -8.46e-04, loss = 1.43e-02, dice = 6.52e-01
2024-05-19 04:05:34.506019 | Iteration 22: similarity = -8.19e-04, loss = 1.37e-02, dice = 6.53e-01
2024-05-19 04:05:36.282047 | Iteration 23: similarity = -7.95e-04, loss = 1.32e-02, dice = 6.55e-01
2024-05-19 04:05:38.017306 | Iteration 24: similarity = -7.72e-04, loss = 1.26e-02, dice = 6.56e-01
2024-05-19 04:05:39.770803 | Iteration 25: similarity = -7.52e-04, loss = 1.22e-02, dice = 6.58e-01
2024-05-19 04:05:41.537076 | Iteration 26: similarity = -7.32e-04, loss = 1.17e-02, dice = 6.60e-01
2024-05-19 04:05:43.310791 | Iteration 27: similarity = -7.14e-04, loss = 1.13e-02, dice = 6.62e-01
2024-05-19 04:05:45.082005 | Iteration 28: similarity = -7.01e-04, loss = 1.08e-02, dice = 6.63e-01
2024-05-19 04:05:46.852478 | Iteration 29: similarity = -6.89e-04, loss = 1.05e-02, dice = 6.65e-01
2024-05-19 04:05:48.625729 | Iteration 30: similarity = -6.76e-04, loss = 1.01e-02, dice = 6.67e-01
2024-05-19 04:05:50.397218 | Iteration 31: similarity = -6.62e-04, loss = 9.76e-03, dice = 6.68e-01
2024-05-19 04:05:52.178166 | Iteration 32: similarity = -6.49e-04, loss = 9.44e-03, dice = 6.69e-01
2024-05-19 04:05:53.953639 | Iteration 33: similarity = -6.39e-04, loss = 9.15e-03, dice = 6.71e-01
2024-05-19 04:05:55.728743 | Iteration 34: similarity = -6.27e-04, loss = 8.87e-03, dice = 6.73e-01
2024-05-19 04:05:57.500764 | Iteration 35: similarity = -6.19e-04, loss = 8.61e-03, dice = 6.75e-01
2024-05-19 04:05:59.300164 | Iteration 36: similarity = -6.09e-04, loss = 8.37e-03, dice = 6.77e-01
2024-05-19 04:06:01.073858 | Iteration 37: similarity = -6.00e-04, loss = 8.15e-03, dice = 6.79e-01
2024-05-19 04:06:02.840655 | Iteration 38: similarity = -5.92e-04, loss = 7.94e-03, dice = 6.81e-01
2024-05-19 04:06:04.611116 | Iteration 39: similarity = -5.86e-04, loss = 7.75e-03, dice = 6.82e-01
2024-05-19 04:06:06.393814 | Iteration 40: similarity = -5.76e-04, loss = 7.56e-03, dice = 6.84e-01
2024-05-19 04:06:08.161102 | Iteration 41: similarity = -5.69e-04, loss = 7.40e-03, dice = 6.86e-01
2024-05-19 04:06:09.925368 | Iteration 42: similarity = -5.61e-04, loss = 7.24e-03, dice = 6.87e-01
2024-05-19 04:06:11.694566 | Iteration 43: similarity = -5.55e-04, loss = 7.09e-03, dice = 6.88e-01
2024-05-19 04:06:13.453928 | Iteration 44: similarity = -5.48e-04, loss = 6.95e-03, dice = 6.90e-01
2024-05-19 04:06:15.216928 | Iteration 45: similarity = -5.42e-04, loss = 6.82e-03, dice = 6.91e-01
2024-05-19 04:06:16.989652 | Iteration 46: similarity = -5.37e-04, loss = 6.70e-03, dice = 6.93e-01
2024-05-19 04:06:18.766329 | Iteration 47: similarity = -5.34e-04, loss = 6.58e-03, dice = 6.95e-01
2024-05-19 04:06:20.535874 | Iteration 48: similarity = -5.28e-04, loss = 6.47e-03, dice = 6.95e-01
2024-05-19 04:06:22.295701 | Iteration 49: similarity = -5.22e-04, loss = 6.37e-03, dice = 6.96e-01
2024-05-19 04:06:24.055813 | Iteration 50: similarity = -5.17e-04, loss = 6.28e-03, dice = 6.98e-01
2024-05-19 04:06:25.816995 | Iteration 51: similarity = -5.12e-04, loss = 6.19e-03, dice = 6.99e-01
2024-05-19 04:06:27.556671 | Iteration 52: similarity = -5.08e-04, loss = 6.10e-03, dice = 7.01e-01
2024-05-19 04:06:29.316253 | Iteration 53: similarity = -5.03e-04, loss = 6.02e-03, dice = 7.02e-01
2024-05-19 04:06:31.066334 | Iteration 54: similarity = -4.98e-04, loss = 5.94e-03, dice = 7.03e-01
2024-05-19 04:06:32.836709 | Iteration 55: similarity = -4.95e-04, loss = 5.87e-03, dice = 7.04e-01
2024-05-19 04:06:34.608902 | Iteration 56: similarity = -4.91e-04, loss = 5.80e-03, dice = 7.05e-01
2024-05-19 04:06:36.373390 | Iteration 57: similarity = -4.88e-04, loss = 5.74e-03, dice = 7.05e-01
2024-05-19 04:06:38.135573 | Iteration 58: similarity = -4.84e-04, loss = 5.68e-03, dice = 7.07e-01
2024-05-19 04:06:39.895979 | Iteration 59: similarity = -4.80e-04, loss = 5.62e-03, dice = 7.08e-01
2024-05-19 04:06:41.659777 | Iteration 60: similarity = -4.76e-04, loss = 5.57e-03, dice = 7.10e-01
2024-05-19 04:06:43.440235 | Iteration 61: similarity = -4.73e-04, loss = 5.52e-03, dice = 7.10e-01
2024-05-19 04:06:45.208045 | Iteration 62: similarity = -4.70e-04, loss = 5.47e-03, dice = 7.11e-01
2024-05-19 04:06:46.976473 | Iteration 63: similarity = -4.66e-04, loss = 5.42e-03, dice = 7.12e-01
2024-05-19 04:06:48.739814 | Iteration 64: similarity = -4.62e-04, loss = 5.38e-03, dice = 7.13e-01
2024-05-19 04:06:50.513875 | Iteration 65: similarity = -4.58e-04, loss = 5.34e-03, dice = 7.15e-01
2024-05-19 04:06:52.273738 | Iteration 66: similarity = -4.55e-04, loss = 5.30e-03, dice = 7.16e-01
2024-05-19 04:06:54.044678 | Iteration 67: similarity = -4.53e-04, loss = 5.26e-03, dice = 7.16e-01
2024-05-19 04:06:55.797776 | Iteration 68: similarity = -4.50e-04, loss = 5.23e-03, dice = 7.18e-01
2024-05-19 04:06:57.547253 | Iteration 69: similarity = -4.49e-04, loss = 5.20e-03, dice = 7.18e-01
2024-05-19 04:06:59.318280 | Iteration 70: similarity = -4.44e-04, loss = 5.16e-03, dice = 7.19e-01
2024-05-19 04:07:01.094940 | Iteration 71: similarity = -4.42e-04, loss = 5.14e-03, dice = 7.21e-01
2024-05-19 04:07:02.858472 | Iteration 72: similarity = -4.39e-04, loss = 5.11e-03, dice = 7.21e-01
2024-05-19 04:07:04.644965 | Iteration 73: similarity = -4.36e-04, loss = 5.08e-03, dice = 7.22e-01
2024-05-19 04:07:06.413963 | Iteration 74: similarity = -4.33e-04, loss = 5.05e-03, dice = 7.24e-01
2024-05-19 04:07:08.181086 | Iteration 75: similarity = -4.31e-04, loss = 5.03e-03, dice = 7.25e-01
2024-05-19 04:07:09.965900 | Iteration 76: similarity = -4.28e-04, loss = 5.01e-03, dice = 7.26e-01
2024-05-19 04:07:11.739625 | Iteration 77: similarity = -4.26e-04, loss = 4.99e-03, dice = 7.27e-01
2024-05-19 04:07:13.499526 | Iteration 78: similarity = -4.24e-04, loss = 4.96e-03, dice = 7.28e-01
2024-05-19 04:07:15.283140 | Iteration 79: similarity = -4.22e-04, loss = 4.94e-03, dice = 7.29e-01
2024-05-19 04:07:17.064893 | Iteration 80: similarity = -4.19e-04, loss = 4.92e-03, dice = 7.30e-01
2024-05-19 04:07:18.841167 | Iteration 81: similarity = -4.18e-04, loss = 4.90e-03, dice = 7.31e-01
2024-05-19 04:07:20.608948 | Iteration 82: similarity = -4.15e-04, loss = 4.88e-03, dice = 7.32e-01
2024-05-19 04:07:22.384074 | Iteration 83: similarity = -4.13e-04, loss = 4.86e-03, dice = 7.33e-01
2024-05-19 04:07:24.154122 | Iteration 84: similarity = -4.11e-04, loss = 4.84e-03, dice = 7.34e-01
2024-05-19 04:07:25.920754 | Iteration 85: similarity = -4.09e-04, loss = 4.83e-03, dice = 7.34e-01
2024-05-19 04:07:27.679810 | Iteration 86: similarity = -4.08e-04, loss = 4.81e-03, dice = 7.35e-01
2024-05-19 04:07:29.453668 | Iteration 87: similarity = -4.07e-04, loss = 4.79e-03, dice = 7.36e-01
2024-05-19 04:07:31.222764 | Iteration 88: similarity = -4.06e-04, loss = 4.77e-03, dice = 7.37e-01
2024-05-19 04:07:32.982928 | Iteration 89: similarity = -4.03e-04, loss = 4.75e-03, dice = 7.38e-01
2024-05-19 04:07:34.747281 | Iteration 90: similarity = -4.01e-04, loss = 4.74e-03, dice = 7.38e-01
2024-05-19 04:07:36.499459 | Iteration 91: similarity = -3.99e-04, loss = 4.72e-03, dice = 7.39e-01
2024-05-19 04:07:38.261346 | Iteration 92: similarity = -3.97e-04, loss = 4.71e-03, dice = 7.40e-01
2024-05-19 04:07:40.034003 | Iteration 93: similarity = -3.96e-04, loss = 4.69e-03, dice = 7.40e-01
2024-05-19 04:07:41.794972 | Iteration 94: similarity = -3.95e-04, loss = 4.67e-03, dice = 7.40e-01
2024-05-19 04:07:43.562082 | Iteration 95: similarity = -3.93e-04, loss = 4.66e-03, dice = 7.41e-01
2024-05-19 04:07:45.330001 | Iteration 96: similarity = -3.92e-04, loss = 4.64e-03, dice = 7.42e-01
2024-05-19 04:07:47.089134 | Iteration 97: similarity = -3.90e-04, loss = 4.62e-03, dice = 7.42e-01
2024-05-19 04:07:48.847954 | Iteration 98: similarity = -3.89e-04, loss = 4.61e-03, dice = 7.43e-01
2024-05-19 04:07:50.617477 | Iteration 99: similarity = -3.88e-04, loss = 4.59e-03, dice = 7.43e-01
2024-05-19 04:07:52.388487 | Iteration 100: similarity = -3.86e-04, loss = 4.58e-03, dice = 7.44e-01
2024-05-19 04:07:54.155493 | Iteration 101: similarity = -3.86e-04, loss = 4.57e-03, dice = 7.44e-01
2024-05-19 04:07:55.926837 | Iteration 102: similarity = -3.84e-04, loss = 4.56e-03, dice = 7.45e-01
2024-05-19 04:07:57.699404 | Iteration 103: similarity = -3.83e-04, loss = 4.54e-03, dice = 7.46e-01
2024-05-19 04:07:59.478356 | Iteration 104: similarity = -3.82e-04, loss = 4.52e-03, dice = 7.46e-01
2024-05-19 04:08:01.243260 | Iteration 105: similarity = -3.80e-04, loss = 4.51e-03, dice = 7.47e-01
2024-05-19 04:08:03.014332 | Iteration 106: similarity = -3.80e-04, loss = 4.50e-03, dice = 7.48e-01
2024-05-19 04:08:04.775104 | Iteration 107: similarity = -3.79e-04, loss = 4.48e-03, dice = 7.48e-01
2024-05-19 04:08:06.543814 | Iteration 108: similarity = -3.78e-04, loss = 4.47e-03, dice = 7.48e-01
2024-05-19 04:08:08.311123 | Iteration 109: similarity = -3.75e-04, loss = 4.45e-03, dice = 7.49e-01
2024-05-19 04:08:10.081753 | Iteration 110: similarity = -3.74e-04, loss = 4.44e-03, dice = 7.50e-01
2024-05-19 04:08:11.839473 | Iteration 111: similarity = -3.74e-04, loss = 4.43e-03, dice = 7.50e-01
2024-05-19 04:08:13.616314 | Iteration 112: similarity = -3.72e-04, loss = 4.42e-03, dice = 7.50e-01
2024-05-19 04:08:15.377928 | Iteration 113: similarity = -3.72e-04, loss = 4.40e-03, dice = 7.51e-01
2024-05-19 04:08:17.144705 | Iteration 114: similarity = -3.70e-04, loss = 4.39e-03, dice = 7.51e-01
2024-05-19 04:08:18.920855 | Iteration 115: similarity = -3.69e-04, loss = 4.38e-03, dice = 7.52e-01
2024-05-19 04:08:20.697334 | Iteration 116: similarity = -3.68e-04, loss = 4.37e-03, dice = 7.52e-01
2024-05-19 04:08:22.473693 | Iteration 117: similarity = -3.67e-04, loss = 4.35e-03, dice = 7.52e-01
2024-05-19 04:08:24.225326 | Iteration 118: similarity = -3.66e-04, loss = 4.34e-03, dice = 7.53e-01
2024-05-19 04:08:25.983897 | Iteration 119: similarity = -3.65e-04, loss = 4.33e-03, dice = 7.53e-01
2024-05-19 04:08:27.755144 | Iteration 120: similarity = -3.64e-04, loss = 4.31e-03, dice = 7.54e-01
2024-05-19 04:08:29.510119 | Iteration 121: similarity = -3.64e-04, loss = 4.30e-03, dice = 7.54e-01
2024-05-19 04:08:31.275505 | Iteration 122: similarity = -3.63e-04, loss = 4.29e-03, dice = 7.54e-01
2024-05-19 04:08:33.038275 | Iteration 123: similarity = -3.62e-04, loss = 4.28e-03, dice = 7.55e-01
2024-05-19 04:08:34.814692 | Iteration 124: similarity = -3.61e-04, loss = 4.26e-03, dice = 7.55e-01
2024-05-19 04:08:36.578316 | Iteration 125: similarity = -3.60e-04, loss = 4.25e-03, dice = 7.56e-01
2024-05-19 04:08:38.363010 | Iteration 126: similarity = -3.59e-04, loss = 4.24e-03, dice = 7.56e-01
2024-05-19 04:08:40.122945 | Iteration 127: similarity = -3.58e-04, loss = 4.23e-03, dice = 7.57e-01
2024-05-19 04:08:41.896812 | Iteration 128: similarity = -3.58e-04, loss = 4.22e-03, dice = 7.57e-01
2024-05-19 04:08:43.664869 | Iteration 129: similarity = -3.60e-04, loss = 4.21e-03, dice = 7.58e-01
2024-05-19 04:08:45.434228 | Iteration 130: similarity = -3.56e-04, loss = 4.19e-03, dice = 7.58e-01
2024-05-19 04:08:47.207143 | Iteration 131: similarity = -3.55e-04, loss = 4.18e-03, dice = 7.58e-01
2024-05-19 04:08:48.983960 | Iteration 132: similarity = -3.54e-04, loss = 4.17e-03, dice = 7.58e-01
2024-05-19 04:08:50.748474 | Iteration 133: similarity = -3.53e-04, loss = 4.16e-03, dice = 7.58e-01
2024-05-19 04:08:52.504421 | Iteration 134: similarity = -3.52e-04, loss = 4.15e-03, dice = 7.60e-01
2024-05-19 04:08:54.281206 | Iteration 135: similarity = -3.51e-04, loss = 4.14e-03, dice = 7.59e-01
2024-05-19 04:08:56.032008 | Iteration 136: similarity = -3.51e-04, loss = 4.13e-03, dice = 7.59e-01
2024-05-19 04:08:57.795721 | Iteration 137: similarity = -3.51e-04, loss = 4.12e-03, dice = 7.59e-01
2024-05-19 04:08:59.570249 | Iteration 138: similarity = -3.51e-04, loss = 4.11e-03, dice = 7.60e-01
2024-05-19 04:09:01.334707 | Iteration 139: similarity = -3.50e-04, loss = 4.09e-03, dice = 7.61e-01
2024-05-19 04:09:03.116048 | Iteration 140: similarity = -3.49e-04, loss = 4.08e-03, dice = 7.61e-01
2024-05-19 04:09:04.875629 | Iteration 141: similarity = -3.49e-04, loss = 4.07e-03, dice = 7.61e-01
2024-05-19 04:09:06.634463 | Iteration 142: similarity = -3.48e-04, loss = 4.06e-03, dice = 7.61e-01
2024-05-19 04:09:08.394757 | Iteration 143: similarity = -3.47e-04, loss = 4.05e-03, dice = 7.61e-01
2024-05-19 04:09:10.161564 | Iteration 144: similarity = -3.47e-04, loss = 4.04e-03, dice = 7.62e-01
2024-05-19 04:09:11.923222 | Iteration 145: similarity = -3.46e-04, loss = 4.03e-03, dice = 7.62e-01
2024-05-19 04:09:13.677299 | Iteration 146: similarity = -3.45e-04, loss = 4.02e-03, dice = 7.63e-01
2024-05-19 04:09:15.450361 | Iteration 147: similarity = -3.45e-04, loss = 4.00e-03, dice = 7.62e-01
2024-05-19 04:09:17.219769 | Iteration 148: similarity = -3.44e-04, loss = 4.00e-03, dice = 7.63e-01
2024-05-19 04:09:18.968159 | Iteration 149: similarity = -3.43e-04, loss = 3.98e-03, dice = 7.63e-01
2024-05-19 04:09:20.730689 | Iteration 150: similarity = -3.43e-04, loss = 3.98e-03, dice = 7.63e-01
2024-05-19 04:09:22.512661 | Iteration 151: similarity = -3.42e-04, loss = 3.96e-03, dice = 7.64e-01
2024-05-19 04:09:24.287000 | Iteration 152: similarity = -3.42e-04, loss = 3.96e-03, dice = 7.63e-01
2024-05-19 04:09:26.047877 | Iteration 153: similarity = -3.41e-04, loss = 3.94e-03, dice = 7.64e-01
2024-05-19 04:09:27.816378 | Iteration 154: similarity = -3.41e-04, loss = 3.94e-03, dice = 7.64e-01
2024-05-19 04:09:29.568929 | Iteration 155: similarity = -3.40e-04, loss = 3.92e-03, dice = 7.65e-01
2024-05-19 04:09:31.334491 | Iteration 156: similarity = -3.40e-04, loss = 3.92e-03, dice = 7.65e-01
2024-05-19 04:09:33.100921 | Iteration 157: similarity = -3.39e-04, loss = 3.90e-03, dice = 7.65e-01
2024-05-19 04:09:34.873537 | Iteration 158: similarity = -3.38e-04, loss = 3.89e-03, dice = 7.65e-01
2024-05-19 04:09:36.648269 | Iteration 159: similarity = -3.38e-04, loss = 3.88e-03, dice = 7.65e-01
2024-05-19 04:09:38.421252 | Iteration 160: similarity = -3.38e-04, loss = 3.87e-03, dice = 7.65e-01
2024-05-19 04:09:40.183503 | Iteration 161: similarity = -3.37e-04, loss = 3.86e-03, dice = 7.66e-01
2024-05-19 04:09:41.937982 | Iteration 162: similarity = -3.36e-04, loss = 3.85e-03, dice = 7.66e-01
2024-05-19 04:09:43.705148 | Iteration 163: similarity = -3.36e-04, loss = 3.84e-03, dice = 7.66e-01
2024-05-19 04:09:45.479355 | Iteration 164: similarity = -3.35e-04, loss = 3.83e-03, dice = 7.66e-01
2024-05-19 04:09:47.242169 | Iteration 165: similarity = -3.34e-04, loss = 3.82e-03, dice = 7.66e-01
2024-05-19 04:09:49.009703 | Iteration 166: similarity = -3.34e-04, loss = 3.81e-03, dice = 7.67e-01
2024-05-19 04:09:50.777065 | Iteration 167: similarity = -3.34e-04, loss = 3.80e-03, dice = 7.67e-01
2024-05-19 04:09:52.508396 | Iteration 168: similarity = -3.34e-04, loss = 3.79e-03, dice = 7.67e-01
2024-05-19 04:09:54.250664 | Iteration 169: similarity = -3.33e-04, loss = 3.78e-03, dice = 7.67e-01
2024-05-19 04:09:56.008206 | Iteration 170: similarity = -3.32e-04, loss = 3.77e-03, dice = 7.67e-01
2024-05-19 04:09:57.768498 | Iteration 171: similarity = -3.32e-04, loss = 3.76e-03, dice = 7.68e-01
2024-05-19 04:09:59.525695 | Iteration 172: similarity = -3.31e-04, loss = 3.75e-03, dice = 7.68e-01
2024-05-19 04:10:01.301798 | Iteration 173: similarity = -3.31e-04, loss = 3.74e-03, dice = 7.68e-01
2024-05-19 04:10:03.082674 | Iteration 174: similarity = -3.31e-04, loss = 3.74e-03, dice = 7.68e-01
2024-05-19 04:10:04.858332 | Iteration 175: similarity = -3.30e-04, loss = 3.72e-03, dice = 7.69e-01
2024-05-19 04:10:06.574306 | Iteration 176: similarity = -3.30e-04, loss = 3.72e-03, dice = 7.69e-01
2024-05-19 04:10:08.303526 | Iteration 177: similarity = -3.29e-04, loss = 3.70e-03, dice = 7.68e-01
2024-05-19 04:10:10.078122 | Iteration 178: similarity = -3.29e-04, loss = 3.70e-03, dice = 7.69e-01
2024-05-19 04:10:11.829427 | Iteration 179: similarity = -3.29e-04, loss = 3.68e-03, dice = 7.69e-01
2024-05-19 04:10:13.598379 | Iteration 180: similarity = -3.28e-04, loss = 3.68e-03, dice = 7.69e-01
2024-05-19 04:10:15.353815 | Iteration 181: similarity = -3.28e-04, loss = 3.67e-03, dice = 7.69e-01
2024-05-19 04:10:17.111089 | Iteration 182: similarity = -3.27e-04, loss = 3.66e-03, dice = 7.69e-01
2024-05-19 04:10:18.891412 | Iteration 183: similarity = -3.27e-04, loss = 3.65e-03, dice = 7.69e-01
2024-05-19 04:10:20.651184 | Iteration 184: similarity = -3.27e-04, loss = 3.64e-03, dice = 7.70e-01
2024-05-19 04:10:22.412672 | Iteration 185: similarity = -3.26e-04, loss = 3.63e-03, dice = 7.70e-01
2024-05-19 04:10:24.160342 | Iteration 186: similarity = -3.26e-04, loss = 3.62e-03, dice = 7.70e-01
2024-05-19 04:10:25.912979 | Iteration 187: similarity = -3.25e-04, loss = 3.61e-03, dice = 7.70e-01
2024-05-19 04:10:27.666022 | Iteration 188: similarity = -3.25e-04, loss = 3.60e-03, dice = 7.71e-01
2024-05-19 04:10:29.427670 | Iteration 189: similarity = -3.25e-04, loss = 3.59e-03, dice = 7.71e-01
2024-05-19 04:10:31.185743 | Iteration 190: similarity = -3.24e-04, loss = 3.59e-03, dice = 7.71e-01
2024-05-19 04:10:32.937757 | Iteration 191: similarity = -3.24e-04, loss = 3.58e-03, dice = 7.71e-01
2024-05-19 04:10:34.697680 | Iteration 192: similarity = -3.24e-04, loss = 3.57e-03, dice = 7.71e-01
2024-05-19 04:10:36.462730 | Iteration 193: similarity = -3.24e-04, loss = 3.56e-03, dice = 7.71e-01
2024-05-19 04:10:38.225447 | Iteration 194: similarity = -3.23e-04, loss = 3.55e-03, dice = 7.71e-01
2024-05-19 04:10:39.986857 | Iteration 195: similarity = -3.23e-04, loss = 3.54e-03, dice = 7.71e-01
2024-05-19 04:10:41.749714 | Iteration 196: similarity = -3.23e-04, loss = 3.53e-03, dice = 7.71e-01
2024-05-19 04:10:43.505443 | Iteration 197: similarity = -3.22e-04, loss = 3.52e-03, dice = 7.71e-01
2024-05-19 04:10:45.257040 | Iteration 198: similarity = -3.22e-04, loss = 3.52e-03, dice = 7.72e-01
2024-05-19 04:10:47.014609 | Iteration 199: similarity = -3.22e-04, loss = 3.51e-03, dice = 7.72e-01
2024-05-19 04:10:48.771329 | Iteration 200: similarity = -3.21e-04, loss = 3.50e-03, dice = 7.72e-01
2024-05-19 04:10:49.020541 | [scope plot registration results takes 0.2491147518157959s]
2024-05-19 04:10:49.854330 | Validation: HD [8.018148 ± 1.887841], MSD [0.817116 ± 0.160937], DSC [0.715843 ± 0.099556]
2024-05-19 04:10:49.855087 |          => HD [15.616043 ± 3.769448], MSD [0.668970 ± 0.138253], DSC [0.771856 ± 0.080289]
