====================================================================================================
Logging file for python script in Intensity Distribution.Experiment 1 (Anonymous): Exp1_LIC_GASD
.py
| The recreation of Experiment 1: comparison between LIC and GASD. 
Started at 2024-05-19 19:37:03.694958 with command:
> python Exp1_LIC_GASD.py --exp T1_CTr_LIC_noise_sig0_01
====================================================================================================

2024-05-19 19:37:06.103055 | Iteration 1: similarity = 2.44e-01, loss = 5.46e+00, dice = 5.93e-01
2024-05-19 19:37:08.363525 | Iteration 2: similarity = 2.51e-01, loss = 4.11e+00, dice = 6.20e-01
2024-05-19 19:37:10.480025 | Iteration 3: similarity = 2.70e-01, loss = 3.41e+00, dice = 6.42e-01
2024-05-19 19:37:12.766449 | Iteration 4: similarity = 2.85e-01, loss = 2.69e+00, dice = 6.64e-01
2024-05-19 19:37:14.903604 | Iteration 5: similarity = 2.92e-01, loss = 2.46e+00, dice = 6.73e-01
2024-05-19 19:37:17.202121 | Iteration 6: similarity = 3.00e-01, loss = 2.20e+00, dice = 6.80e-01
2024-05-19 19:37:19.381690 | Iteration 7: similarity = 3.08e-01, loss = 1.96e+00, dice = 6.86e-01
2024-05-19 19:37:21.567462 | Iteration 8: similarity = 3.14e-01, loss = 1.75e+00, dice = 6.93e-01
2024-05-19 19:37:23.916395 | Iteration 9: similarity = 3.18e-01, loss = 1.57e+00, dice = 6.97e-01
2024-05-19 19:37:26.135476 | Iteration 10: similarity = 3.22e-01, loss = 1.41e+00, dice = 7.02e-01
2024-05-19 19:37:28.373080 | Iteration 11: similarity = 3.26e-01, loss = 1.28e+00, dice = 7.04e-01
2024-05-19 19:37:30.605985 | Iteration 12: similarity = 3.29e-01, loss = 1.16e+00, dice = 7.06e-01
2024-05-19 19:37:32.828159 | Iteration 13: similarity = 3.32e-01, loss = 1.05e+00, dice = 7.08e-01
2024-05-19 19:37:35.086706 | Iteration 14: similarity = 3.35e-01, loss = 9.50e-01, dice = 7.11e-01
2024-05-19 19:37:37.244773 | Iteration 15: similarity = 3.37e-01, loss = 8.61e-01, dice = 7.13e-01
2024-05-19 19:37:39.583047 | Iteration 16: similarity = 3.40e-01, loss = 7.80e-01, dice = 7.15e-01
2024-05-19 19:37:41.797065 | Iteration 17: similarity = 3.42e-01, loss = 7.05e-01, dice = 7.15e-01
2024-05-19 19:37:43.898433 | Iteration 18: similarity = 3.44e-01, loss = 6.36e-01, dice = 7.16e-01
2024-05-19 19:37:46.291213 | Iteration 19: similarity = 3.46e-01, loss = 5.73e-01, dice = 7.17e-01
2024-05-19 19:37:48.475580 | Iteration 20: similarity = 3.48e-01, loss = 5.17e-01, dice = 7.18e-01
2024-05-19 19:37:50.620747 | Iteration 21: similarity = 3.49e-01, loss = 4.65e-01, dice = 7.20e-01
2024-05-19 19:37:52.838369 | Iteration 22: similarity = 3.51e-01, loss = 4.17e-01, dice = 7.21e-01
2024-05-19 19:37:55.019907 | Iteration 23: similarity = 3.52e-01, loss = 3.73e-01, dice = 7.22e-01
2024-05-19 19:37:57.272142 | Iteration 24: similarity = 3.53e-01, loss = 3.34e-01, dice = 7.23e-01
2024-05-19 19:37:59.558831 | Iteration 25: similarity = 3.54e-01, loss = 2.98e-01, dice = 7.24e-01
2024-05-19 19:38:01.918968 | Iteration 26: similarity = 3.55e-01, loss = 2.65e-01, dice = 7.25e-01
2024-05-19 19:38:04.040016 | Iteration 27: similarity = 3.56e-01, loss = 2.36e-01, dice = 7.25e-01
2024-05-19 19:38:06.330220 | Iteration 28: similarity = 3.57e-01, loss = 2.10e-01, dice = 7.27e-01
2024-05-19 19:38:08.549877 | Iteration 29: similarity = 3.57e-01, loss = 1.86e-01, dice = 7.28e-01
2024-05-19 19:38:10.736906 | Iteration 30: similarity = 3.58e-01, loss = 1.66e-01, dice = 7.29e-01
2024-05-19 19:38:12.870422 | Iteration 31: similarity = 3.59e-01, loss = 1.48e-01, dice = 7.30e-01
2024-05-19 19:38:15.066757 | Iteration 32: similarity = 3.59e-01, loss = 1.32e-01, dice = 7.31e-01
2024-05-19 19:38:17.186572 | Iteration 33: similarity = 3.59e-01, loss = 1.19e-01, dice = 7.32e-01
2024-05-19 19:38:19.392858 | Iteration 34: similarity = 3.60e-01, loss = 1.08e-01, dice = 7.33e-01
2024-05-19 19:38:21.496343 | Iteration 35: similarity = 3.60e-01, loss = 9.88e-02, dice = 7.33e-01
2024-05-19 19:38:23.669261 | Iteration 36: similarity = 3.60e-01, loss = 9.09e-02, dice = 7.33e-01
2024-05-19 19:38:25.806150 | Iteration 37: similarity = 3.61e-01, loss = 8.52e-02, dice = 7.34e-01
2024-05-19 19:38:28.007033 | Iteration 38: similarity = 3.61e-01, loss = 8.00e-02, dice = 7.35e-01
2024-05-19 19:38:30.144692 | Iteration 39: similarity = 3.61e-01, loss = 7.61e-02, dice = 7.36e-01
2024-05-19 19:38:32.377809 | Iteration 40: similarity = 3.61e-01, loss = 7.31e-02, dice = 7.37e-01
2024-05-19 19:38:34.636083 | Iteration 41: similarity = 3.62e-01, loss = 7.10e-02, dice = 7.38e-01
2024-05-19 19:38:36.856810 | Iteration 42: similarity = 3.62e-01, loss = 6.97e-02, dice = 7.38e-01
2024-05-19 19:38:39.097906 | Iteration 43: similarity = 3.62e-01, loss = 6.85e-02, dice = 7.38e-01
2024-05-19 19:38:41.234283 | Iteration 44: similarity = 3.62e-01, loss = 6.82e-02, dice = 7.39e-01
2024-05-19 19:38:43.569427 | Iteration 45: similarity = 3.63e-01, loss = 6.83e-02, dice = 7.39e-01
2024-05-19 19:38:45.785215 | Iteration 46: similarity = 3.63e-01, loss = 6.81e-02, dice = 7.39e-01
2024-05-19 19:38:47.956931 | Iteration 47: similarity = 3.63e-01, loss = 6.91e-02, dice = 7.40e-01
2024-05-19 19:38:50.064557 | Iteration 48: similarity = 3.63e-01, loss = 6.95e-02, dice = 7.41e-01
2024-05-19 19:38:52.327809 | Iteration 49: similarity = 3.64e-01, loss = 7.06e-02, dice = 7.40e-01
2024-05-19 19:38:54.536691 | Iteration 50: similarity = 3.64e-01, loss = 7.16e-02, dice = 7.41e-01
2024-05-19 19:38:56.792085 | Iteration 51: similarity = 3.64e-01, loss = 7.25e-02, dice = 7.41e-01
2024-05-19 19:38:58.969074 | Iteration 52: similarity = 3.65e-01, loss = 7.38e-02, dice = 7.41e-01
2024-05-19 19:39:01.238140 | Iteration 53: similarity = 3.65e-01, loss = 7.49e-02, dice = 7.41e-01
2024-05-19 19:39:03.517556 | Iteration 54: similarity = 3.65e-01, loss = 7.63e-02, dice = 7.42e-01
2024-05-19 19:39:05.676995 | Iteration 55: similarity = 3.66e-01, loss = 7.75e-02, dice = 7.41e-01
2024-05-19 19:39:07.911824 | Iteration 56: similarity = 3.66e-01, loss = 7.90e-02, dice = 7.42e-01
2024-05-19 19:39:10.138179 | Iteration 57: similarity = 3.66e-01, loss = 8.00e-02, dice = 7.42e-01
2024-05-19 19:39:12.370557 | Iteration 58: similarity = 3.66e-01, loss = 8.14e-02, dice = 7.43e-01
2024-05-19 19:39:14.692408 | Iteration 59: similarity = 3.67e-01, loss = 8.27e-02, dice = 7.43e-01
2024-05-19 19:39:16.911542 | Iteration 60: similarity = 3.67e-01, loss = 8.44e-02, dice = 7.43e-01
2024-05-19 19:39:19.061637 | Iteration 61: similarity = 3.67e-01, loss = 8.56e-02, dice = 7.43e-01
2024-05-19 19:39:21.389314 | Iteration 62: similarity = 3.68e-01, loss = 8.72e-02, dice = 7.43e-01
2024-05-19 19:39:23.564033 | Iteration 63: similarity = 3.68e-01, loss = 8.86e-02, dice = 7.43e-01
2024-05-19 19:39:25.821886 | Iteration 64: similarity = 3.68e-01, loss = 8.99e-02, dice = 7.44e-01
2024-05-19 19:39:28.066196 | Iteration 65: similarity = 3.68e-01, loss = 9.21e-02, dice = 7.44e-01
2024-05-19 19:39:30.211861 | Iteration 66: similarity = 3.69e-01, loss = 9.31e-02, dice = 7.43e-01
2024-05-19 19:39:32.548424 | Iteration 67: similarity = 3.69e-01, loss = 9.49e-02, dice = 7.44e-01
2024-05-19 19:39:34.735511 | Iteration 68: similarity = 3.69e-01, loss = 9.63e-02, dice = 7.43e-01
2024-05-19 19:39:37.041359 | Iteration 69: similarity = 3.69e-01, loss = 9.81e-02, dice = 7.44e-01
2024-05-19 19:39:39.319603 | Iteration 70: similarity = 3.70e-01, loss = 9.91e-02, dice = 7.44e-01
2024-05-19 19:39:41.417368 | Iteration 71: similarity = 3.70e-01, loss = 1.01e-01, dice = 7.43e-01
2024-05-19 19:39:43.783181 | Iteration 72: similarity = 3.70e-01, loss = 1.02e-01, dice = 7.44e-01
2024-05-19 19:39:45.915497 | Iteration 73: similarity = 3.70e-01, loss = 1.04e-01, dice = 7.44e-01
2024-05-19 19:39:48.085986 | Iteration 74: similarity = 3.71e-01, loss = 1.04e-01, dice = 7.43e-01
2024-05-19 19:39:50.382758 | Iteration 75: similarity = 3.71e-01, loss = 1.07e-01, dice = 7.43e-01
2024-05-19 19:39:52.551753 | Iteration 76: similarity = 3.71e-01, loss = 1.07e-01, dice = 7.43e-01
2024-05-19 19:39:54.674365 | Iteration 77: similarity = 3.71e-01, loss = 1.09e-01, dice = 7.44e-01
2024-05-19 19:39:56.928334 | Iteration 78: similarity = 3.71e-01, loss = 1.10e-01, dice = 7.44e-01
2024-05-19 19:39:59.099616 | Iteration 79: similarity = 3.72e-01, loss = 1.11e-01, dice = 7.44e-01
2024-05-19 19:40:01.345971 | Iteration 80: similarity = 3.72e-01, loss = 1.12e-01, dice = 7.44e-01
2024-05-19 19:40:03.546854 | Iteration 81: similarity = 3.72e-01, loss = 1.12e-01, dice = 7.44e-01
2024-05-19 19:40:05.840180 | Iteration 82: similarity = 3.72e-01, loss = 1.14e-01, dice = 7.44e-01
2024-05-19 19:40:07.984918 | Iteration 83: similarity = 3.73e-01, loss = 1.14e-01, dice = 7.43e-01
2024-05-19 19:40:10.291243 | Iteration 84: similarity = 3.73e-01, loss = 1.15e-01, dice = 7.44e-01
2024-05-19 19:40:12.507009 | Iteration 85: similarity = 3.73e-01, loss = 1.16e-01, dice = 7.44e-01
2024-05-19 19:40:14.842769 | Iteration 86: similarity = 3.73e-01, loss = 1.16e-01, dice = 7.44e-01
2024-05-19 19:40:16.966450 | Iteration 87: similarity = 3.73e-01, loss = 1.16e-01, dice = 7.43e-01
2024-05-19 19:40:19.114686 | Iteration 88: similarity = 3.74e-01, loss = 1.17e-01, dice = 7.43e-01
2024-05-19 19:40:21.212007 | Iteration 89: similarity = 3.74e-01, loss = 1.17e-01, dice = 7.43e-01
2024-05-19 19:40:23.414881 | Iteration 90: similarity = 3.74e-01, loss = 1.17e-01, dice = 7.43e-01
2024-05-19 19:40:25.562844 | Iteration 91: similarity = 3.74e-01, loss = 1.17e-01, dice = 7.43e-01
2024-05-19 19:40:27.695559 | Iteration 92: similarity = 3.74e-01, loss = 1.17e-01, dice = 7.43e-01
2024-05-19 19:40:29.809051 | Iteration 93: similarity = 3.75e-01, loss = 1.17e-01, dice = 7.43e-01
2024-05-19 19:40:31.996498 | Iteration 94: similarity = 3.75e-01, loss = 1.17e-01, dice = 7.43e-01
2024-05-19 19:40:34.119159 | Iteration 95: similarity = 3.75e-01, loss = 1.17e-01, dice = 7.43e-01
2024-05-19 19:40:36.384554 | Iteration 96: similarity = 3.75e-01, loss = 1.17e-01, dice = 7.43e-01
2024-05-19 19:40:38.572917 | Iteration 97: similarity = 3.76e-01, loss = 1.16e-01, dice = 7.42e-01
2024-05-19 19:40:40.787070 | Iteration 98: similarity = 3.76e-01, loss = 1.16e-01, dice = 7.42e-01
2024-05-19 19:40:43.022020 | Iteration 99: similarity = 3.76e-01, loss = 1.15e-01, dice = 7.42e-01
2024-05-19 19:40:45.181303 | Iteration 100: similarity = 3.76e-01, loss = 1.15e-01, dice = 7.42e-01
2024-05-19 19:40:47.490303 | Iteration 101: similarity = 3.76e-01, loss = 1.14e-01, dice = 7.42e-01
2024-05-19 19:40:49.650128 | Iteration 102: similarity = 3.77e-01, loss = 1.14e-01, dice = 7.43e-01
2024-05-19 19:40:51.743435 | Iteration 103: similarity = 3.77e-01, loss = 1.13e-01, dice = 7.42e-01
2024-05-19 19:40:53.889657 | Iteration 104: similarity = 3.77e-01, loss = 1.13e-01, dice = 7.42e-01
2024-05-19 19:40:56.134703 | Iteration 105: similarity = 3.77e-01, loss = 1.12e-01, dice = 7.42e-01
2024-05-19 19:40:58.374785 | Iteration 106: similarity = 3.77e-01, loss = 1.12e-01, dice = 7.42e-01
2024-05-19 19:41:00.537222 | Iteration 107: similarity = 3.78e-01, loss = 1.10e-01, dice = 7.42e-01
2024-05-19 19:41:02.790517 | Iteration 108: similarity = 3.78e-01, loss = 1.10e-01, dice = 7.42e-01
2024-05-19 19:41:04.993074 | Iteration 109: similarity = 3.78e-01, loss = 1.09e-01, dice = 7.42e-01
2024-05-19 19:41:07.179985 | Iteration 110: similarity = 3.78e-01, loss = 1.08e-01, dice = 7.42e-01
2024-05-19 19:41:09.368620 | Iteration 111: similarity = 3.78e-01, loss = 1.07e-01, dice = 7.41e-01
2024-05-19 19:41:11.583229 | Iteration 112: similarity = 3.78e-01, loss = 1.07e-01, dice = 7.42e-01
2024-05-19 19:41:13.734472 | Iteration 113: similarity = 3.79e-01, loss = 1.06e-01, dice = 7.42e-01
2024-05-19 19:41:15.921190 | Iteration 114: similarity = 3.79e-01, loss = 1.05e-01, dice = 7.42e-01
2024-05-19 19:41:18.210581 | Iteration 115: similarity = 3.79e-01, loss = 1.04e-01, dice = 7.41e-01
2024-05-19 19:41:20.411336 | Iteration 116: similarity = 3.79e-01, loss = 1.03e-01, dice = 7.41e-01
2024-05-19 19:41:22.779655 | Iteration 117: similarity = 3.79e-01, loss = 1.02e-01, dice = 7.42e-01
2024-05-19 19:41:24.977816 | Iteration 118: similarity = 3.80e-01, loss = 1.01e-01, dice = 7.41e-01
2024-05-19 19:41:27.129615 | Iteration 119: similarity = 3.80e-01, loss = 1.00e-01, dice = 7.41e-01
2024-05-19 19:41:29.450285 | Iteration 120: similarity = 3.80e-01, loss = 9.90e-02, dice = 7.41e-01
2024-05-19 19:41:31.753862 | Iteration 121: similarity = 3.80e-01, loss = 9.82e-02, dice = 7.41e-01
2024-05-19 19:41:34.004376 | Iteration 122: similarity = 3.80e-01, loss = 9.67e-02, dice = 7.41e-01
2024-05-19 19:41:36.268196 | Iteration 123: similarity = 3.80e-01, loss = 9.63e-02, dice = 7.41e-01
2024-05-19 19:41:38.432268 | Iteration 124: similarity = 3.80e-01, loss = 9.45e-02, dice = 7.41e-01
2024-05-19 19:41:40.757571 | Iteration 125: similarity = 3.81e-01, loss = 9.44e-02, dice = 7.41e-01
2024-05-19 19:41:43.058656 | Iteration 126: similarity = 3.81e-01, loss = 9.28e-02, dice = 7.41e-01
2024-05-19 19:41:45.331928 | Iteration 127: similarity = 3.81e-01, loss = 9.19e-02, dice = 7.41e-01
2024-05-19 19:41:47.597051 | Iteration 128: similarity = 3.81e-01, loss = 9.04e-02, dice = 7.41e-01
2024-05-19 19:41:49.697622 | Iteration 129: similarity = 3.81e-01, loss = 8.97e-02, dice = 7.40e-01
2024-05-19 19:41:52.021656 | Iteration 130: similarity = 3.81e-01, loss = 8.83e-02, dice = 7.41e-01
2024-05-19 19:41:54.174270 | Iteration 131: similarity = 3.81e-01, loss = 8.71e-02, dice = 7.41e-01
2024-05-19 19:41:56.368403 | Iteration 132: similarity = 3.82e-01, loss = 8.62e-02, dice = 7.41e-01
2024-05-19 19:41:58.621386 | Iteration 133: similarity = 3.82e-01, loss = 8.52e-02, dice = 7.41e-01
2024-05-19 19:42:00.834406 | Iteration 134: similarity = 3.82e-01, loss = 8.42e-02, dice = 7.40e-01
2024-05-19 19:42:02.987323 | Iteration 135: similarity = 3.82e-01, loss = 8.25e-02, dice = 7.40e-01
2024-05-19 19:42:05.211944 | Iteration 136: similarity = 3.82e-01, loss = 8.19e-02, dice = 7.40e-01
2024-05-19 19:42:07.488774 | Iteration 137: similarity = 3.82e-01, loss = 8.05e-02, dice = 7.40e-01
2024-05-19 19:42:09.655530 | Iteration 138: similarity = 3.82e-01, loss = 7.93e-02, dice = 7.40e-01
2024-05-19 19:42:12.012158 | Iteration 139: similarity = 3.83e-01, loss = 7.83e-02, dice = 7.40e-01
2024-05-19 19:42:14.213845 | Iteration 140: similarity = 3.83e-01, loss = 7.71e-02, dice = 7.40e-01
2024-05-19 19:42:16.442902 | Iteration 141: similarity = 3.83e-01, loss = 7.58e-02, dice = 7.40e-01
2024-05-19 19:42:18.643363 | Iteration 142: similarity = 3.83e-01, loss = 7.47e-02, dice = 7.40e-01
2024-05-19 19:42:20.809975 | Iteration 143: similarity = 3.83e-01, loss = 7.37e-02, dice = 7.40e-01
2024-05-19 19:42:22.931376 | Iteration 144: similarity = 3.83e-01, loss = 7.29e-02, dice = 7.40e-01
2024-05-19 19:42:25.090084 | Iteration 145: similarity = 3.83e-01, loss = 7.10e-02, dice = 7.40e-01
2024-05-19 19:42:27.193810 | Iteration 146: similarity = 3.83e-01, loss = 7.05e-02, dice = 7.40e-01
2024-05-19 19:42:29.336800 | Iteration 147: similarity = 3.83e-01, loss = 6.89e-02, dice = 7.40e-01
2024-05-19 19:42:31.461715 | Iteration 148: similarity = 3.83e-01, loss = 6.85e-02, dice = 7.40e-01
2024-05-19 19:42:33.591346 | Iteration 149: similarity = 3.84e-01, loss = 6.65e-02, dice = 7.40e-01
2024-05-19 19:42:35.732782 | Iteration 150: similarity = 3.84e-01, loss = 6.59e-02, dice = 7.40e-01
2024-05-19 19:42:37.860781 | Iteration 151: similarity = 3.84e-01, loss = 6.43e-02, dice = 7.39e-01
2024-05-19 19:42:40.005834 | Iteration 152: similarity = 3.84e-01, loss = 6.38e-02, dice = 7.40e-01
2024-05-19 19:42:42.310045 | Iteration 153: similarity = 3.84e-01, loss = 6.20e-02, dice = 7.40e-01
2024-05-19 19:42:44.492755 | Iteration 154: similarity = 3.84e-01, loss = 6.15e-02, dice = 7.39e-01
2024-05-19 19:42:46.616442 | Iteration 155: similarity = 3.84e-01, loss = 5.94e-02, dice = 7.39e-01
2024-05-19 19:42:48.913829 | Iteration 156: similarity = 3.84e-01, loss = 5.94e-02, dice = 7.39e-01
2024-05-19 19:42:51.066959 | Iteration 157: similarity = 3.84e-01, loss = 5.73e-02, dice = 7.39e-01
2024-05-19 19:42:53.259389 | Iteration 158: similarity = 3.84e-01, loss = 5.70e-02, dice = 7.39e-01
2024-05-19 19:42:55.542899 | Iteration 159: similarity = 3.85e-01, loss = 5.51e-02, dice = 7.39e-01
2024-05-19 19:42:57.711494 | Iteration 160: similarity = 3.85e-01, loss = 5.48e-02, dice = 7.39e-01
2024-05-19 19:42:59.884569 | Iteration 161: similarity = 3.85e-01, loss = 5.28e-02, dice = 7.39e-01
2024-05-19 19:43:02.047873 | Iteration 162: similarity = 3.85e-01, loss = 5.22e-02, dice = 7.39e-01
2024-05-19 19:43:04.360290 | Iteration 163: similarity = 3.85e-01, loss = 5.05e-02, dice = 7.39e-01
2024-05-19 19:43:06.536534 | Iteration 164: similarity = 3.85e-01, loss = 5.01e-02, dice = 7.39e-01
2024-05-19 19:43:08.663131 | Iteration 165: similarity = 3.85e-01, loss = 4.83e-02, dice = 7.39e-01
2024-05-19 19:43:10.907270 | Iteration 166: similarity = 3.85e-01, loss = 4.79e-02, dice = 7.39e-01
2024-05-19 19:43:13.118246 | Iteration 167: similarity = 3.85e-01, loss = 4.59e-02, dice = 7.39e-01
2024-05-19 19:43:15.252929 | Iteration 168: similarity = 3.85e-01, loss = 4.57e-02, dice = 7.39e-01
2024-05-19 19:43:17.495375 | Iteration 169: similarity = 3.85e-01, loss = 4.35e-02, dice = 7.39e-01
2024-05-19 19:43:19.715184 | Iteration 170: similarity = 3.85e-01, loss = 4.32e-02, dice = 7.39e-01
2024-05-19 19:43:21.962464 | Iteration 171: similarity = 3.86e-01, loss = 4.13e-02, dice = 7.39e-01
2024-05-19 19:43:24.266104 | Iteration 172: similarity = 3.86e-01, loss = 4.13e-02, dice = 7.39e-01
2024-05-19 19:43:26.460610 | Iteration 173: similarity = 3.86e-01, loss = 3.89e-02, dice = 7.39e-01
2024-05-19 19:43:28.635484 | Iteration 174: similarity = 3.86e-01, loss = 3.88e-02, dice = 7.38e-01
2024-05-19 19:43:30.929000 | Iteration 175: similarity = 3.86e-01, loss = 3.68e-02, dice = 7.39e-01
2024-05-19 19:43:33.141547 | Iteration 176: similarity = 3.86e-01, loss = 3.69e-02, dice = 7.38e-01
2024-05-19 19:43:35.395480 | Iteration 177: similarity = 3.86e-01, loss = 3.45e-02, dice = 7.38e-01
2024-05-19 19:43:37.676779 | Iteration 178: similarity = 3.86e-01, loss = 3.43e-02, dice = 7.39e-01
2024-05-19 19:43:39.827401 | Iteration 179: similarity = 3.86e-01, loss = 3.23e-02, dice = 7.38e-01
2024-05-19 19:43:42.176286 | Iteration 180: similarity = 3.86e-01, loss = 3.23e-02, dice = 7.38e-01
2024-05-19 19:43:44.424850 | Iteration 181: similarity = 3.86e-01, loss = 3.02e-02, dice = 7.39e-01
2024-05-19 19:43:46.699158 | Iteration 182: similarity = 3.86e-01, loss = 2.99e-02, dice = 7.39e-01
2024-05-19 19:43:49.012544 | Iteration 183: similarity = 3.86e-01, loss = 2.79e-02, dice = 7.38e-01
2024-05-19 19:43:51.112274 | Iteration 184: similarity = 3.87e-01, loss = 2.79e-02, dice = 7.38e-01
2024-05-19 19:43:53.495332 | Iteration 185: similarity = 3.87e-01, loss = 2.57e-02, dice = 7.38e-01
2024-05-19 19:43:55.725910 | Iteration 186: similarity = 3.87e-01, loss = 2.56e-02, dice = 7.38e-01
2024-05-19 19:43:57.885018 | Iteration 187: similarity = 3.87e-01, loss = 2.34e-02, dice = 7.38e-01
2024-05-19 19:44:00.200289 | Iteration 188: similarity = 3.87e-01, loss = 2.37e-02, dice = 7.38e-01
2024-05-19 19:44:02.407509 | Iteration 189: similarity = 3.87e-01, loss = 2.13e-02, dice = 7.38e-01
2024-05-19 19:44:04.555695 | Iteration 190: similarity = 3.87e-01, loss = 2.11e-02, dice = 7.38e-01
2024-05-19 19:44:06.793972 | Iteration 191: similarity = 3.87e-01, loss = 1.91e-02, dice = 7.38e-01
2024-05-19 19:44:08.940840 | Iteration 192: similarity = 3.87e-01, loss = 1.93e-02, dice = 7.38e-01
2024-05-19 19:44:11.127507 | Iteration 193: similarity = 3.87e-01, loss = 1.68e-02, dice = 7.38e-01
2024-05-19 19:44:13.409008 | Iteration 194: similarity = 3.87e-01, loss = 1.70e-02, dice = 7.37e-01
2024-05-19 19:44:15.623136 | Iteration 195: similarity = 3.87e-01, loss = 1.46e-02, dice = 7.38e-01
2024-05-19 19:44:17.784160 | Iteration 196: similarity = 3.87e-01, loss = 1.53e-02, dice = 7.37e-01
2024-05-19 19:44:20.068582 | Iteration 197: similarity = 3.87e-01, loss = 1.22e-02, dice = 7.38e-01
2024-05-19 19:44:22.247365 | Iteration 198: similarity = 3.87e-01, loss = 1.24e-02, dice = 7.38e-01
2024-05-19 19:44:24.537047 | Iteration 199: similarity = 3.87e-01, loss = 1.03e-02, dice = 7.38e-01
2024-05-19 19:44:26.654940 | Iteration 200: similarity = 3.88e-01, loss = 1.06e-02, dice = 7.37e-01
2024-05-19 19:44:26.913676 | [scope plot registration results takes 0.25864195823669434s]
2024-05-19 19:44:27.957913 | Validation: HD [8.018148 ± 1.887841], MSD [0.817116 ± 0.160937], DSC [0.715843 ± 0.099556]
2024-05-19 19:44:27.958841 |          => HD [8.375414 ± 1.666931], MSD [0.770798 ± 0.166803], DSC [0.737408 ± 0.077266]
