====================================================================================================
Logging file for python script in Intensity Distribution.Experiment 1 (Anonymous): Exp1_LIC_GASD
.py
| The recreation of Experiment 1: comparison between LIC and GASD. 
Started at 2024-05-19 19:59:51.467927 with command:
> python Exp1_LIC_GASD.py --exp T1_CTr_LIC_noise_sig10
====================================================================================================

2024-05-19 19:59:53.769186 | Iteration 1: similarity = 4.91e-01, loss = 5.21e+00, dice = 5.93e-01
2024-05-19 19:59:55.989461 | Iteration 2: similarity = 5.06e-01, loss = 3.92e+00, dice = 6.17e-01
2024-05-19 19:59:58.205331 | Iteration 3: similarity = 5.53e-01, loss = 3.29e+00, dice = 6.36e-01
2024-05-19 20:00:00.479209 | Iteration 4: similarity = 5.92e-01, loss = 2.60e+00, dice = 6.56e-01
2024-05-19 20:00:02.679635 | Iteration 5: similarity = 6.16e-01, loss = 2.32e+00, dice = 6.65e-01
2024-05-19 20:00:05.057006 | Iteration 6: similarity = 6.42e-01, loss = 2.05e+00, dice = 6.72e-01
2024-05-19 20:00:07.199543 | Iteration 7: similarity = 6.63e-01, loss = 1.80e+00, dice = 6.80e-01
2024-05-19 20:00:09.418190 | Iteration 8: similarity = 6.81e-01, loss = 1.58e+00, dice = 6.88e-01
2024-05-19 20:00:11.734431 | Iteration 9: similarity = 6.97e-01, loss = 1.39e+00, dice = 6.94e-01
2024-05-19 20:00:13.975080 | Iteration 10: similarity = 7.10e-01, loss = 1.23e+00, dice = 6.99e-01
2024-05-19 20:00:16.253513 | Iteration 11: similarity = 7.22e-01, loss = 1.08e+00, dice = 7.04e-01
2024-05-19 20:00:18.504344 | Iteration 12: similarity = 7.33e-01, loss = 9.53e-01, dice = 7.07e-01
2024-05-19 20:00:20.682159 | Iteration 13: similarity = 7.42e-01, loss = 8.36e-01, dice = 7.11e-01
2024-05-19 20:00:23.026984 | Iteration 14: similarity = 7.50e-01, loss = 7.31e-01, dice = 7.15e-01
2024-05-19 20:00:25.256298 | Iteration 15: similarity = 7.58e-01, loss = 6.34e-01, dice = 7.18e-01
2024-05-19 20:00:27.569589 | Iteration 16: similarity = 7.65e-01, loss = 5.45e-01, dice = 7.21e-01
2024-05-19 20:00:29.707688 | Iteration 17: similarity = 7.72e-01, loss = 4.64e-01, dice = 7.23e-01
2024-05-19 20:00:31.933572 | Iteration 18: similarity = 7.77e-01, loss = 3.90e-01, dice = 7.26e-01
2024-05-19 20:00:34.252188 | Iteration 19: similarity = 7.82e-01, loss = 3.21e-01, dice = 7.28e-01
2024-05-19 20:00:36.402062 | Iteration 20: similarity = 7.87e-01, loss = 2.58e-01, dice = 7.31e-01
2024-05-19 20:00:38.622873 | Iteration 21: similarity = 7.91e-01, loss = 2.00e-01, dice = 7.33e-01
2024-05-19 20:00:40.954591 | Iteration 22: similarity = 7.95e-01, loss = 1.46e-01, dice = 7.35e-01
2024-05-19 20:00:43.155280 | Iteration 23: similarity = 7.99e-01, loss = 9.64e-02, dice = 7.37e-01
2024-05-19 20:00:45.315580 | Iteration 24: similarity = 8.02e-01, loss = 5.08e-02, dice = 7.39e-01
2024-05-19 20:00:47.521151 | Iteration 25: similarity = 8.04e-01, loss = 8.85e-03, dice = 7.40e-01
2024-05-19 20:00:49.788766 | Iteration 26: similarity = 8.06e-01, loss = -2.92e-02, dice = 7.41e-01
2024-05-19 20:00:51.988207 | Iteration 27: similarity = 8.08e-01, loss = -6.52e-02, dice = 7.43e-01
2024-05-19 20:00:54.390050 | Iteration 28: similarity = 8.09e-01, loss = -9.71e-02, dice = 7.44e-01
2024-05-19 20:00:56.515721 | Iteration 29: similarity = 8.11e-01, loss = -1.28e-01, dice = 7.46e-01
2024-05-19 20:00:58.795320 | Iteration 30: similarity = 8.13e-01, loss = -1.55e-01, dice = 7.48e-01
2024-05-19 20:01:01.085304 | Iteration 31: similarity = 8.14e-01, loss = -1.81e-01, dice = 7.49e-01
2024-05-19 20:01:03.191093 | Iteration 32: similarity = 8.15e-01, loss = -2.03e-01, dice = 7.51e-01
2024-05-19 20:01:05.289132 | Iteration 33: similarity = 8.16e-01, loss = -2.24e-01, dice = 7.52e-01
2024-05-19 20:01:07.445394 | Iteration 34: similarity = 8.17e-01, loss = -2.42e-01, dice = 7.54e-01
2024-05-19 20:01:09.614244 | Iteration 35: similarity = 8.18e-01, loss = -2.58e-01, dice = 7.55e-01
2024-05-19 20:01:11.770183 | Iteration 36: similarity = 8.18e-01, loss = -2.72e-01, dice = 7.56e-01
2024-05-19 20:01:13.916353 | Iteration 37: similarity = 8.18e-01, loss = -2.85e-01, dice = 7.56e-01
2024-05-19 20:01:16.064449 | Iteration 38: similarity = 8.19e-01, loss = -2.96e-01, dice = 7.58e-01
2024-05-19 20:01:18.276928 | Iteration 39: similarity = 8.20e-01, loss = -3.06e-01, dice = 7.60e-01
2024-05-19 20:01:20.404797 | Iteration 40: similarity = 8.21e-01, loss = -3.15e-01, dice = 7.61e-01
2024-05-19 20:01:22.626575 | Iteration 41: similarity = 8.21e-01, loss = -3.21e-01, dice = 7.62e-01
2024-05-19 20:01:24.881305 | Iteration 42: similarity = 8.22e-01, loss = -3.28e-01, dice = 7.63e-01
2024-05-19 20:01:27.087032 | Iteration 43: similarity = 8.22e-01, loss = -3.33e-01, dice = 7.64e-01
2024-05-19 20:01:29.270166 | Iteration 44: similarity = 8.23e-01, loss = -3.38e-01, dice = 7.65e-01
2024-05-19 20:01:31.560511 | Iteration 45: similarity = 8.24e-01, loss = -3.42e-01, dice = 7.65e-01
2024-05-19 20:01:33.783425 | Iteration 46: similarity = 8.24e-01, loss = -3.47e-01, dice = 7.67e-01
2024-05-19 20:01:35.879850 | Iteration 47: similarity = 8.25e-01, loss = -3.50e-01, dice = 7.68e-01
2024-05-19 20:01:38.158781 | Iteration 48: similarity = 8.26e-01, loss = -3.53e-01, dice = 7.68e-01
2024-05-19 20:01:40.411171 | Iteration 49: similarity = 8.27e-01, loss = -3.56e-01, dice = 7.69e-01
2024-05-19 20:01:42.567927 | Iteration 50: similarity = 8.27e-01, loss = -3.58e-01, dice = 7.70e-01
2024-05-19 20:01:44.731050 | Iteration 51: similarity = 8.27e-01, loss = -3.60e-01, dice = 7.71e-01
2024-05-19 20:01:47.044719 | Iteration 52: similarity = 8.28e-01, loss = -3.62e-01, dice = 7.72e-01
2024-05-19 20:01:49.260820 | Iteration 53: similarity = 8.29e-01, loss = -3.64e-01, dice = 7.72e-01
2024-05-19 20:01:51.419225 | Iteration 54: similarity = 8.29e-01, loss = -3.66e-01, dice = 7.72e-01
2024-05-19 20:01:53.645250 | Iteration 55: similarity = 8.29e-01, loss = -3.67e-01, dice = 7.74e-01
2024-05-19 20:01:55.982675 | Iteration 56: similarity = 8.30e-01, loss = -3.68e-01, dice = 7.74e-01
2024-05-19 20:01:58.227359 | Iteration 57: similarity = 8.30e-01, loss = -3.69e-01, dice = 7.75e-01
2024-05-19 20:02:00.362654 | Iteration 58: similarity = 8.31e-01, loss = -3.71e-01, dice = 7.75e-01
2024-05-19 20:02:02.601787 | Iteration 59: similarity = 8.31e-01, loss = -3.72e-01, dice = 7.75e-01
2024-05-19 20:02:04.819597 | Iteration 60: similarity = 8.31e-01, loss = -3.73e-01, dice = 7.75e-01
2024-05-19 20:02:06.987269 | Iteration 61: similarity = 8.32e-01, loss = -3.74e-01, dice = 7.75e-01
2024-05-19 20:02:09.287606 | Iteration 62: similarity = 8.32e-01, loss = -3.75e-01, dice = 7.76e-01
2024-05-19 20:02:11.534802 | Iteration 63: similarity = 8.32e-01, loss = -3.76e-01, dice = 7.77e-01
2024-05-19 20:02:13.750370 | Iteration 64: similarity = 8.33e-01, loss = -3.77e-01, dice = 7.77e-01
2024-05-19 20:02:16.062868 | Iteration 65: similarity = 8.33e-01, loss = -3.79e-01, dice = 7.77e-01
2024-05-19 20:02:18.232195 | Iteration 66: similarity = 8.33e-01, loss = -3.80e-01, dice = 7.78e-01
2024-05-19 20:02:20.632464 | Iteration 67: similarity = 8.34e-01, loss = -3.81e-01, dice = 7.78e-01
2024-05-19 20:02:22.837633 | Iteration 68: similarity = 8.34e-01, loss = -3.82e-01, dice = 7.78e-01
2024-05-19 20:02:25.060189 | Iteration 69: similarity = 8.34e-01, loss = -3.83e-01, dice = 7.79e-01
2024-05-19 20:02:27.371117 | Iteration 70: similarity = 8.35e-01, loss = -3.85e-01, dice = 7.79e-01
2024-05-19 20:02:29.547236 | Iteration 71: similarity = 8.35e-01, loss = -3.86e-01, dice = 7.79e-01
2024-05-19 20:02:31.920656 | Iteration 72: similarity = 8.35e-01, loss = -3.87e-01, dice = 7.80e-01
2024-05-19 20:02:34.057723 | Iteration 73: similarity = 8.35e-01, loss = -3.88e-01, dice = 7.80e-01
2024-05-19 20:02:36.250025 | Iteration 74: similarity = 8.35e-01, loss = -3.89e-01, dice = 7.80e-01
2024-05-19 20:02:38.481994 | Iteration 75: similarity = 8.35e-01, loss = -3.90e-01, dice = 7.80e-01
2024-05-19 20:02:40.737342 | Iteration 76: similarity = 8.36e-01, loss = -3.91e-01, dice = 7.81e-01
2024-05-19 20:02:42.999279 | Iteration 77: similarity = 8.35e-01, loss = -3.91e-01, dice = 7.81e-01
2024-05-19 20:02:45.224972 | Iteration 78: similarity = 8.36e-01, loss = -3.92e-01, dice = 7.81e-01
2024-05-19 20:02:47.369763 | Iteration 79: similarity = 8.36e-01, loss = -3.94e-01, dice = 7.81e-01
2024-05-19 20:02:49.511756 | Iteration 80: similarity = 8.36e-01, loss = -3.94e-01, dice = 7.82e-01
2024-05-19 20:02:51.823098 | Iteration 81: similarity = 8.36e-01, loss = -3.96e-01, dice = 7.82e-01
2024-05-19 20:02:54.048851 | Iteration 82: similarity = 8.36e-01, loss = -3.96e-01, dice = 7.82e-01
2024-05-19 20:02:56.195860 | Iteration 83: similarity = 8.36e-01, loss = -3.97e-01, dice = 7.82e-01
2024-05-19 20:02:58.519821 | Iteration 84: similarity = 8.37e-01, loss = -3.99e-01, dice = 7.82e-01
2024-05-19 20:03:00.816738 | Iteration 85: similarity = 8.36e-01, loss = -4.00e-01, dice = 7.82e-01
2024-05-19 20:03:03.090568 | Iteration 86: similarity = 8.37e-01, loss = -4.01e-01, dice = 7.82e-01
2024-05-19 20:03:05.317011 | Iteration 87: similarity = 8.37e-01, loss = -4.02e-01, dice = 7.83e-01
2024-05-19 20:03:07.484482 | Iteration 88: similarity = 8.37e-01, loss = -4.03e-01, dice = 7.83e-01
2024-05-19 20:03:09.614205 | Iteration 89: similarity = 8.38e-01, loss = -4.04e-01, dice = 7.84e-01
2024-05-19 20:03:11.788569 | Iteration 90: similarity = 8.37e-01, loss = -4.05e-01, dice = 7.83e-01
2024-05-19 20:03:13.928112 | Iteration 91: similarity = 8.37e-01, loss = -4.06e-01, dice = 7.83e-01
2024-05-19 20:03:16.076679 | Iteration 92: similarity = 8.37e-01, loss = -4.07e-01, dice = 7.84e-01
2024-05-19 20:03:18.244743 | Iteration 93: similarity = 8.37e-01, loss = -4.07e-01, dice = 7.84e-01
2024-05-19 20:03:20.401792 | Iteration 94: similarity = 8.38e-01, loss = -4.09e-01, dice = 7.83e-01
2024-05-19 20:03:22.510085 | Iteration 95: similarity = 8.38e-01, loss = -4.09e-01, dice = 7.83e-01
2024-05-19 20:03:24.697306 | Iteration 96: similarity = 8.38e-01, loss = -4.11e-01, dice = 7.83e-01
2024-05-19 20:03:26.838508 | Iteration 97: similarity = 8.38e-01, loss = -4.11e-01, dice = 7.84e-01
2024-05-19 20:03:29.162293 | Iteration 98: similarity = 8.37e-01, loss = -4.12e-01, dice = 7.84e-01
2024-05-19 20:03:31.451382 | Iteration 99: similarity = 8.38e-01, loss = -4.13e-01, dice = 7.84e-01
2024-05-19 20:03:33.573745 | Iteration 100: similarity = 8.38e-01, loss = -4.14e-01, dice = 7.85e-01
2024-05-19 20:03:35.902792 | Iteration 101: similarity = 8.38e-01, loss = -4.15e-01, dice = 7.84e-01
2024-05-19 20:03:38.027820 | Iteration 102: similarity = 8.38e-01, loss = -4.16e-01, dice = 7.85e-01
2024-05-19 20:03:40.232863 | Iteration 103: similarity = 8.38e-01, loss = -4.17e-01, dice = 7.85e-01
2024-05-19 20:03:42.549191 | Iteration 104: similarity = 8.38e-01, loss = -4.18e-01, dice = 7.85e-01
2024-05-19 20:03:44.692472 | Iteration 105: similarity = 8.38e-01, loss = -4.19e-01, dice = 7.85e-01
2024-05-19 20:03:46.874259 | Iteration 106: similarity = 8.39e-01, loss = -4.20e-01, dice = 7.85e-01
2024-05-19 20:03:49.013258 | Iteration 107: similarity = 8.39e-01, loss = -4.21e-01, dice = 7.85e-01
2024-05-19 20:03:51.334482 | Iteration 108: similarity = 8.39e-01, loss = -4.23e-01, dice = 7.85e-01
2024-05-19 20:03:53.511054 | Iteration 109: similarity = 8.39e-01, loss = -4.23e-01, dice = 7.85e-01
2024-05-19 20:03:55.689806 | Iteration 110: similarity = 8.39e-01, loss = -4.25e-01, dice = 7.85e-01
2024-05-19 20:03:57.948628 | Iteration 111: similarity = 8.39e-01, loss = -4.25e-01, dice = 7.86e-01
2024-05-19 20:04:00.186857 | Iteration 112: similarity = 8.39e-01, loss = -4.26e-01, dice = 7.85e-01
2024-05-19 20:04:02.364872 | Iteration 113: similarity = 8.39e-01, loss = -4.27e-01, dice = 7.85e-01
2024-05-19 20:04:04.638585 | Iteration 114: similarity = 8.39e-01, loss = -4.27e-01, dice = 7.85e-01
2024-05-19 20:04:06.835820 | Iteration 115: similarity = 8.39e-01, loss = -4.28e-01, dice = 7.85e-01
2024-05-19 20:04:09.072950 | Iteration 116: similarity = 8.39e-01, loss = -4.29e-01, dice = 7.86e-01
2024-05-19 20:04:11.306409 | Iteration 117: similarity = 8.39e-01, loss = -4.30e-01, dice = 7.86e-01
2024-05-19 20:04:13.530864 | Iteration 118: similarity = 8.39e-01, loss = -4.31e-01, dice = 7.86e-01
2024-05-19 20:04:15.727557 | Iteration 119: similarity = 8.39e-01, loss = -4.32e-01, dice = 7.86e-01
2024-05-19 20:04:18.066371 | Iteration 120: similarity = 8.39e-01, loss = -4.33e-01, dice = 7.86e-01
2024-05-19 20:04:20.246101 | Iteration 121: similarity = 8.39e-01, loss = -4.34e-01, dice = 7.86e-01
2024-05-19 20:04:22.521883 | Iteration 122: similarity = 8.39e-01, loss = -4.35e-01, dice = 7.87e-01
2024-05-19 20:04:24.756406 | Iteration 123: similarity = 8.39e-01, loss = -4.35e-01, dice = 7.86e-01
2024-05-19 20:04:26.919537 | Iteration 124: similarity = 8.39e-01, loss = -4.36e-01, dice = 7.87e-01
2024-05-19 20:04:29.279257 | Iteration 125: similarity = 8.39e-01, loss = -4.37e-01, dice = 7.87e-01
2024-05-19 20:04:31.471279 | Iteration 126: similarity = 8.40e-01, loss = -4.39e-01, dice = 7.87e-01
2024-05-19 20:04:33.754654 | Iteration 127: similarity = 8.40e-01, loss = -4.39e-01, dice = 7.87e-01
2024-05-19 20:04:35.930323 | Iteration 128: similarity = 8.40e-01, loss = -4.40e-01, dice = 7.87e-01
2024-05-19 20:04:38.151512 | Iteration 129: similarity = 8.40e-01, loss = -4.41e-01, dice = 7.87e-01
2024-05-19 20:04:40.428787 | Iteration 130: similarity = 8.40e-01, loss = -4.42e-01, dice = 7.87e-01
2024-05-19 20:04:42.577343 | Iteration 131: similarity = 8.40e-01, loss = -4.43e-01, dice = 7.87e-01
2024-05-19 20:04:44.862261 | Iteration 132: similarity = 8.40e-01, loss = -4.44e-01, dice = 7.88e-01
2024-05-19 20:04:47.072005 | Iteration 133: similarity = 8.40e-01, loss = -4.45e-01, dice = 7.87e-01
2024-05-19 20:04:49.183090 | Iteration 134: similarity = 8.40e-01, loss = -4.46e-01, dice = 7.87e-01
2024-05-19 20:04:51.487408 | Iteration 135: similarity = 8.40e-01, loss = -4.47e-01, dice = 7.87e-01
2024-05-19 20:04:53.658753 | Iteration 136: similarity = 8.40e-01, loss = -4.48e-01, dice = 7.87e-01
2024-05-19 20:04:55.824875 | Iteration 137: similarity = 8.40e-01, loss = -4.48e-01, dice = 7.87e-01
2024-05-19 20:04:58.055306 | Iteration 138: similarity = 8.40e-01, loss = -4.49e-01, dice = 7.87e-01
2024-05-19 20:05:00.263818 | Iteration 139: similarity = 8.40e-01, loss = -4.50e-01, dice = 7.88e-01
2024-05-19 20:05:02.458759 | Iteration 140: similarity = 8.40e-01, loss = -4.50e-01, dice = 7.88e-01
2024-05-19 20:05:04.837427 | Iteration 141: similarity = 8.40e-01, loss = -4.52e-01, dice = 7.88e-01
2024-05-19 20:05:07.007544 | Iteration 142: similarity = 8.41e-01, loss = -4.53e-01, dice = 7.88e-01
2024-05-19 20:05:09.292556 | Iteration 143: similarity = 8.41e-01, loss = -4.54e-01, dice = 7.88e-01
2024-05-19 20:05:11.602770 | Iteration 144: similarity = 8.41e-01, loss = -4.55e-01, dice = 7.88e-01
2024-05-19 20:05:13.707248 | Iteration 145: similarity = 8.41e-01, loss = -4.56e-01, dice = 7.88e-01
2024-05-19 20:05:15.820221 | Iteration 146: similarity = 8.41e-01, loss = -4.57e-01, dice = 7.89e-01
2024-05-19 20:05:17.970919 | Iteration 147: similarity = 8.41e-01, loss = -4.57e-01, dice = 7.88e-01
2024-05-19 20:05:20.055506 | Iteration 148: similarity = 8.41e-01, loss = -4.58e-01, dice = 7.88e-01
2024-05-19 20:05:22.241232 | Iteration 149: similarity = 8.41e-01, loss = -4.59e-01, dice = 7.89e-01
2024-05-19 20:05:24.387580 | Iteration 150: similarity = 8.41e-01, loss = -4.60e-01, dice = 7.89e-01
2024-05-19 20:05:26.552055 | Iteration 151: similarity = 8.41e-01, loss = -4.61e-01, dice = 7.88e-01
2024-05-19 20:05:28.674086 | Iteration 152: similarity = 8.40e-01, loss = -4.61e-01, dice = 7.88e-01
2024-05-19 20:05:30.857536 | Iteration 153: similarity = 8.40e-01, loss = -4.62e-01, dice = 7.88e-01
2024-05-19 20:05:33.035036 | Iteration 154: similarity = 8.41e-01, loss = -4.63e-01, dice = 7.89e-01
2024-05-19 20:05:35.337727 | Iteration 155: similarity = 8.40e-01, loss = -4.63e-01, dice = 7.88e-01
2024-05-19 20:05:37.541377 | Iteration 156: similarity = 8.40e-01, loss = -4.64e-01, dice = 7.88e-01
2024-05-19 20:05:39.711161 | Iteration 157: similarity = 8.40e-01, loss = -4.65e-01, dice = 7.88e-01
2024-05-19 20:05:42.010449 | Iteration 158: similarity = 8.40e-01, loss = -4.66e-01, dice = 7.88e-01
2024-05-19 20:05:44.235118 | Iteration 159: similarity = 8.41e-01, loss = -4.67e-01, dice = 7.89e-01
2024-05-19 20:05:46.393000 | Iteration 160: similarity = 8.41e-01, loss = -4.68e-01, dice = 7.88e-01
2024-05-19 20:05:48.682528 | Iteration 161: similarity = 8.40e-01, loss = -4.68e-01, dice = 7.89e-01
2024-05-19 20:05:50.874877 | Iteration 162: similarity = 8.41e-01, loss = -4.70e-01, dice = 7.89e-01
2024-05-19 20:05:53.043132 | Iteration 163: similarity = 8.41e-01, loss = -4.70e-01, dice = 7.88e-01
2024-05-19 20:05:55.210493 | Iteration 164: similarity = 8.41e-01, loss = -4.71e-01, dice = 7.88e-01
2024-05-19 20:05:57.523087 | Iteration 165: similarity = 8.41e-01, loss = -4.72e-01, dice = 7.89e-01
2024-05-19 20:05:59.774664 | Iteration 166: similarity = 8.41e-01, loss = -4.73e-01, dice = 7.88e-01
2024-05-19 20:06:01.978694 | Iteration 167: similarity = 8.41e-01, loss = -4.73e-01, dice = 7.88e-01
2024-05-19 20:06:04.150403 | Iteration 168: similarity = 8.41e-01, loss = -4.74e-01, dice = 7.88e-01
2024-05-19 20:06:06.548628 | Iteration 169: similarity = 8.41e-01, loss = -4.75e-01, dice = 7.89e-01
2024-05-19 20:06:08.797540 | Iteration 170: similarity = 8.41e-01, loss = -4.76e-01, dice = 7.88e-01
2024-05-19 20:06:10.922541 | Iteration 171: similarity = 8.41e-01, loss = -4.77e-01, dice = 7.89e-01
2024-05-19 20:06:13.186462 | Iteration 172: similarity = 8.41e-01, loss = -4.78e-01, dice = 7.89e-01
2024-05-19 20:06:15.422185 | Iteration 173: similarity = 8.41e-01, loss = -4.78e-01, dice = 7.89e-01
2024-05-19 20:06:17.603497 | Iteration 174: similarity = 8.41e-01, loss = -4.79e-01, dice = 7.89e-01
2024-05-19 20:06:19.936460 | Iteration 175: similarity = 8.41e-01, loss = -4.80e-01, dice = 7.89e-01
2024-05-19 20:06:22.183493 | Iteration 176: similarity = 8.41e-01, loss = -4.81e-01, dice = 7.89e-01
2024-05-19 20:06:24.389743 | Iteration 177: similarity = 8.41e-01, loss = -4.82e-01, dice = 7.89e-01
2024-05-19 20:06:26.730269 | Iteration 178: similarity = 8.41e-01, loss = -4.82e-01, dice = 7.89e-01
2024-05-19 20:06:28.935157 | Iteration 179: similarity = 8.40e-01, loss = -4.83e-01, dice = 7.89e-01
2024-05-19 20:06:31.309878 | Iteration 180: similarity = 8.41e-01, loss = -4.84e-01, dice = 7.88e-01
2024-05-19 20:06:33.541843 | Iteration 181: similarity = 8.41e-01, loss = -4.85e-01, dice = 7.89e-01
2024-05-19 20:06:35.742638 | Iteration 182: similarity = 8.42e-01, loss = -4.86e-01, dice = 7.88e-01
2024-05-19 20:06:38.018514 | Iteration 183: similarity = 8.41e-01, loss = -4.87e-01, dice = 7.89e-01
2024-05-19 20:06:40.207029 | Iteration 184: similarity = 8.41e-01, loss = -4.87e-01, dice = 7.89e-01
2024-05-19 20:06:42.567818 | Iteration 185: similarity = 8.41e-01, loss = -4.88e-01, dice = 7.89e-01
2024-05-19 20:06:44.715254 | Iteration 186: similarity = 8.41e-01, loss = -4.89e-01, dice = 7.88e-01
2024-05-19 20:06:46.968031 | Iteration 187: similarity = 8.40e-01, loss = -4.89e-01, dice = 7.89e-01
2024-05-19 20:06:49.221284 | Iteration 188: similarity = 8.41e-01, loss = -4.90e-01, dice = 7.90e-01
2024-05-19 20:06:51.501804 | Iteration 189: similarity = 8.41e-01, loss = -4.91e-01, dice = 7.89e-01
2024-05-19 20:06:53.717480 | Iteration 190: similarity = 8.41e-01, loss = -4.92e-01, dice = 7.89e-01
2024-05-19 20:06:55.933062 | Iteration 191: similarity = 8.41e-01, loss = -4.93e-01, dice = 7.89e-01
2024-05-19 20:06:58.141465 | Iteration 192: similarity = 8.41e-01, loss = -4.94e-01, dice = 7.89e-01
2024-05-19 20:07:00.293934 | Iteration 193: similarity = 8.41e-01, loss = -4.95e-01, dice = 7.89e-01
2024-05-19 20:07:02.545133 | Iteration 194: similarity = 8.41e-01, loss = -4.95e-01, dice = 7.89e-01
2024-05-19 20:07:04.782689 | Iteration 195: similarity = 8.42e-01, loss = -4.96e-01, dice = 7.89e-01
2024-05-19 20:07:06.958118 | Iteration 196: similarity = 8.42e-01, loss = -4.97e-01, dice = 7.89e-01
2024-05-19 20:07:09.358956 | Iteration 197: similarity = 8.42e-01, loss = -4.98e-01, dice = 7.89e-01
2024-05-19 20:07:11.504776 | Iteration 198: similarity = 8.42e-01, loss = -4.99e-01, dice = 7.89e-01
2024-05-19 20:07:13.825127 | Iteration 199: similarity = 8.42e-01, loss = -5.00e-01, dice = 7.89e-01
2024-05-19 20:07:16.154340 | Iteration 200: similarity = 8.42e-01, loss = -5.01e-01, dice = 7.89e-01
2024-05-19 20:07:16.414908 | [scope plot registration results takes 0.26046299934387207s]
2024-05-19 20:07:17.410770 | Validation: HD [8.018148 ± 1.887841], MSD [0.817116 ± 0.160937], DSC [0.715843 ± 0.099556]
2024-05-19 20:07:17.411498 |          => HD [8.066013 ± 2.099798], MSD [0.613250 ± 0.161654], DSC [0.788865 ± 0.082733]
