====================================================================================================
Logging file for python script in Intensity Distribution.Experiment 1 (Anonymous): Exp1_LIC_GASD
.py
| The recreation of Experiment 1: comparison between LIC and GASD. 
Started at 2024-05-19 12:03:56.873166 with command:
> python Exp1_LIC_GASD.py --exp T1_CTr_LIC_sig0
====================================================================================================

2024-05-19 12:03:58.906697 | Iteration 1: similarity = 2.18e-01, loss = 5.49e+00, dice = 5.93e-01
2024-05-19 12:04:00.837154 | Iteration 2: similarity = 2.27e-01, loss = 4.13e+00, dice = 6.22e-01
2024-05-19 12:04:02.731958 | Iteration 3: similarity = 2.48e-01, loss = 3.42e+00, dice = 6.47e-01
2024-05-19 12:04:04.613281 | Iteration 4: similarity = 2.64e-01, loss = 2.69e+00, dice = 6.71e-01
2024-05-19 12:04:06.485042 | Iteration 5: similarity = 2.72e-01, loss = 2.46e+00, dice = 6.81e-01
2024-05-19 12:04:08.382774 | Iteration 6: similarity = 2.81e-01, loss = 2.20e+00, dice = 6.88e-01
2024-05-19 12:04:10.286420 | Iteration 7: similarity = 2.88e-01, loss = 1.96e+00, dice = 6.95e-01
2024-05-19 12:04:12.165254 | Iteration 8: similarity = 2.94e-01, loss = 1.76e+00, dice = 7.02e-01
2024-05-19 12:04:14.054849 | Iteration 9: similarity = 2.99e-01, loss = 1.57e+00, dice = 7.05e-01
2024-05-19 12:04:15.964612 | Iteration 10: similarity = 3.04e-01, loss = 1.42e+00, dice = 7.09e-01
2024-05-19 12:04:17.838723 | Iteration 11: similarity = 3.07e-01, loss = 1.28e+00, dice = 7.13e-01
2024-05-19 12:04:19.705584 | Iteration 12: similarity = 3.11e-01, loss = 1.16e+00, dice = 7.15e-01
2024-05-19 12:04:21.568339 | Iteration 13: similarity = 3.14e-01, loss = 1.05e+00, dice = 7.17e-01
2024-05-19 12:04:23.432026 | Iteration 14: similarity = 3.16e-01, loss = 9.55e-01, dice = 7.19e-01
2024-05-19 12:04:25.289474 | Iteration 15: similarity = 3.19e-01, loss = 8.66e-01, dice = 7.21e-01
2024-05-19 12:04:27.168503 | Iteration 16: similarity = 3.21e-01, loss = 7.85e-01, dice = 7.22e-01
2024-05-19 12:04:29.025010 | Iteration 17: similarity = 3.23e-01, loss = 7.11e-01, dice = 7.24e-01
2024-05-19 12:04:30.888789 | Iteration 18: similarity = 3.25e-01, loss = 6.42e-01, dice = 7.25e-01
2024-05-19 12:04:32.760055 | Iteration 19: similarity = 3.27e-01, loss = 5.79e-01, dice = 7.26e-01
2024-05-19 12:04:34.628437 | Iteration 20: similarity = 3.29e-01, loss = 5.24e-01, dice = 7.27e-01
2024-05-19 12:04:36.500513 | Iteration 21: similarity = 3.31e-01, loss = 4.73e-01, dice = 7.27e-01
2024-05-19 12:04:38.372441 | Iteration 22: similarity = 3.32e-01, loss = 4.25e-01, dice = 7.28e-01
2024-05-19 12:04:40.240495 | Iteration 23: similarity = 3.33e-01, loss = 3.82e-01, dice = 7.29e-01
2024-05-19 12:04:42.109399 | Iteration 24: similarity = 3.34e-01, loss = 3.42e-01, dice = 7.31e-01
2024-05-19 12:04:44.001445 | Iteration 25: similarity = 3.35e-01, loss = 3.06e-01, dice = 7.31e-01
2024-05-19 12:04:45.867512 | Iteration 26: similarity = 3.36e-01, loss = 2.74e-01, dice = 7.32e-01
2024-05-19 12:04:47.731861 | Iteration 27: similarity = 3.37e-01, loss = 2.45e-01, dice = 7.33e-01
2024-05-19 12:04:49.603681 | Iteration 28: similarity = 3.38e-01, loss = 2.19e-01, dice = 7.33e-01
2024-05-19 12:04:51.465755 | Iteration 29: similarity = 3.38e-01, loss = 1.96e-01, dice = 7.34e-01
2024-05-19 12:04:53.329231 | Iteration 30: similarity = 3.39e-01, loss = 1.76e-01, dice = 7.34e-01
2024-05-19 12:04:55.198436 | Iteration 31: similarity = 3.39e-01, loss = 1.58e-01, dice = 7.36e-01
2024-05-19 12:04:57.069583 | Iteration 32: similarity = 3.40e-01, loss = 1.43e-01, dice = 7.37e-01
2024-05-19 12:04:58.956872 | Iteration 33: similarity = 3.40e-01, loss = 1.30e-01, dice = 7.37e-01
2024-05-19 12:05:00.851935 | Iteration 34: similarity = 3.41e-01, loss = 1.19e-01, dice = 7.38e-01
2024-05-19 12:05:02.726533 | Iteration 35: similarity = 3.41e-01, loss = 1.10e-01, dice = 7.38e-01
2024-05-19 12:05:04.606375 | Iteration 36: similarity = 3.41e-01, loss = 1.02e-01, dice = 7.38e-01
2024-05-19 12:05:06.466870 | Iteration 37: similarity = 3.42e-01, loss = 9.66e-02, dice = 7.39e-01
2024-05-19 12:05:08.349163 | Iteration 38: similarity = 3.42e-01, loss = 9.17e-02, dice = 7.40e-01
2024-05-19 12:05:10.218004 | Iteration 39: similarity = 3.42e-01, loss = 8.78e-02, dice = 7.40e-01
2024-05-19 12:05:12.097762 | Iteration 40: similarity = 3.43e-01, loss = 8.46e-02, dice = 7.41e-01
2024-05-19 12:05:13.962392 | Iteration 41: similarity = 3.43e-01, loss = 8.29e-02, dice = 7.41e-01
2024-05-19 12:05:15.842377 | Iteration 42: similarity = 3.44e-01, loss = 8.15e-02, dice = 7.42e-01
2024-05-19 12:05:17.704880 | Iteration 43: similarity = 3.44e-01, loss = 8.02e-02, dice = 7.42e-01
2024-05-19 12:05:19.575666 | Iteration 44: similarity = 3.45e-01, loss = 7.98e-02, dice = 7.43e-01
2024-05-19 12:05:21.466047 | Iteration 45: similarity = 3.45e-01, loss = 7.95e-02, dice = 7.43e-01
2024-05-19 12:05:23.334479 | Iteration 46: similarity = 3.45e-01, loss = 8.03e-02, dice = 7.43e-01
2024-05-19 12:05:25.206232 | Iteration 47: similarity = 3.46e-01, loss = 8.05e-02, dice = 7.43e-01
2024-05-19 12:05:27.073925 | Iteration 48: similarity = 3.46e-01, loss = 8.09e-02, dice = 7.43e-01
2024-05-19 12:05:28.957095 | Iteration 49: similarity = 3.47e-01, loss = 8.23e-02, dice = 7.43e-01
2024-05-19 12:05:30.833399 | Iteration 50: similarity = 3.47e-01, loss = 8.30e-02, dice = 7.43e-01
2024-05-19 12:05:32.700111 | Iteration 51: similarity = 3.48e-01, loss = 8.42e-02, dice = 7.43e-01
2024-05-19 12:05:34.576615 | Iteration 52: similarity = 3.48e-01, loss = 8.54e-02, dice = 7.44e-01
2024-05-19 12:05:36.455211 | Iteration 53: similarity = 3.49e-01, loss = 8.71e-02, dice = 7.44e-01
2024-05-19 12:05:38.335674 | Iteration 54: similarity = 3.49e-01, loss = 8.81e-02, dice = 7.44e-01
2024-05-19 12:05:40.214455 | Iteration 55: similarity = 3.50e-01, loss = 8.97e-02, dice = 7.44e-01
2024-05-19 12:05:42.095779 | Iteration 56: similarity = 3.50e-01, loss = 9.12e-02, dice = 7.44e-01
2024-05-19 12:05:43.962090 | Iteration 57: similarity = 3.50e-01, loss = 9.24e-02, dice = 7.45e-01
2024-05-19 12:05:45.840332 | Iteration 58: similarity = 3.51e-01, loss = 9.44e-02, dice = 7.44e-01
2024-05-19 12:05:47.720698 | Iteration 59: similarity = 3.51e-01, loss = 9.56e-02, dice = 7.44e-01
2024-05-19 12:05:49.614404 | Iteration 60: similarity = 3.52e-01, loss = 9.76e-02, dice = 7.44e-01
2024-05-19 12:05:51.481694 | Iteration 61: similarity = 3.52e-01, loss = 9.85e-02, dice = 7.45e-01
2024-05-19 12:05:53.344133 | Iteration 62: similarity = 3.53e-01, loss = 1.01e-01, dice = 7.44e-01
2024-05-19 12:05:55.230600 | Iteration 63: similarity = 3.53e-01, loss = 1.02e-01, dice = 7.44e-01
2024-05-19 12:05:57.115773 | Iteration 64: similarity = 3.53e-01, loss = 1.04e-01, dice = 7.44e-01
2024-05-19 12:05:59.006603 | Iteration 65: similarity = 3.54e-01, loss = 1.06e-01, dice = 7.44e-01
2024-05-19 12:06:00.880310 | Iteration 66: similarity = 3.54e-01, loss = 1.07e-01, dice = 7.44e-01
2024-05-19 12:06:02.755192 | Iteration 67: similarity = 3.55e-01, loss = 1.09e-01, dice = 7.44e-01
2024-05-19 12:06:04.654143 | Iteration 68: similarity = 3.55e-01, loss = 1.10e-01, dice = 7.43e-01
2024-05-19 12:06:06.542118 | Iteration 69: similarity = 3.55e-01, loss = 1.12e-01, dice = 7.43e-01
2024-05-19 12:06:08.427184 | Iteration 70: similarity = 3.56e-01, loss = 1.14e-01, dice = 7.43e-01
2024-05-19 12:06:10.309836 | Iteration 71: similarity = 3.56e-01, loss = 1.15e-01, dice = 7.43e-01
2024-05-19 12:06:12.202214 | Iteration 72: similarity = 3.56e-01, loss = 1.17e-01, dice = 7.44e-01
2024-05-19 12:06:14.079167 | Iteration 73: similarity = 3.57e-01, loss = 1.18e-01, dice = 7.44e-01
2024-05-19 12:06:15.950469 | Iteration 74: similarity = 3.57e-01, loss = 1.19e-01, dice = 7.43e-01
2024-05-19 12:06:17.825230 | Iteration 75: similarity = 3.57e-01, loss = 1.21e-01, dice = 7.44e-01
2024-05-19 12:06:19.734551 | Iteration 76: similarity = 3.58e-01, loss = 1.22e-01, dice = 7.44e-01
2024-05-19 12:06:21.618400 | Iteration 77: similarity = 3.58e-01, loss = 1.23e-01, dice = 7.43e-01
2024-05-19 12:06:23.516877 | Iteration 78: similarity = 3.59e-01, loss = 1.25e-01, dice = 7.43e-01
2024-05-19 12:06:25.392325 | Iteration 79: similarity = 3.59e-01, loss = 1.25e-01, dice = 7.43e-01
2024-05-19 12:06:27.268652 | Iteration 80: similarity = 3.59e-01, loss = 1.26e-01, dice = 7.43e-01
2024-05-19 12:06:29.164184 | Iteration 81: similarity = 3.60e-01, loss = 1.27e-01, dice = 7.43e-01
2024-05-19 12:06:31.050190 | Iteration 82: similarity = 3.60e-01, loss = 1.28e-01, dice = 7.43e-01
2024-05-19 12:06:32.944012 | Iteration 83: similarity = 3.60e-01, loss = 1.29e-01, dice = 7.43e-01
2024-05-19 12:06:34.846571 | Iteration 84: similarity = 3.61e-01, loss = 1.30e-01, dice = 7.42e-01
2024-05-19 12:06:36.734783 | Iteration 85: similarity = 3.61e-01, loss = 1.30e-01, dice = 7.43e-01
2024-05-19 12:06:38.610211 | Iteration 86: similarity = 3.61e-01, loss = 1.31e-01, dice = 7.42e-01
2024-05-19 12:06:40.486628 | Iteration 87: similarity = 3.62e-01, loss = 1.31e-01, dice = 7.42e-01
2024-05-19 12:06:42.357891 | Iteration 88: similarity = 3.62e-01, loss = 1.31e-01, dice = 7.42e-01
2024-05-19 12:06:44.254094 | Iteration 89: similarity = 3.62e-01, loss = 1.32e-01, dice = 7.42e-01
2024-05-19 12:06:46.127679 | Iteration 90: similarity = 3.63e-01, loss = 1.32e-01, dice = 7.42e-01
2024-05-19 12:06:47.959098 | Iteration 91: similarity = 3.63e-01, loss = 1.32e-01, dice = 7.42e-01
2024-05-19 12:06:49.832600 | Iteration 92: similarity = 3.63e-01, loss = 1.32e-01, dice = 7.41e-01
2024-05-19 12:06:51.717584 | Iteration 93: similarity = 3.64e-01, loss = 1.32e-01, dice = 7.42e-01
2024-05-19 12:06:53.592886 | Iteration 94: similarity = 3.64e-01, loss = 1.32e-01, dice = 7.42e-01
2024-05-19 12:06:55.457864 | Iteration 95: similarity = 3.64e-01, loss = 1.31e-01, dice = 7.41e-01
2024-05-19 12:06:57.333116 | Iteration 96: similarity = 3.64e-01, loss = 1.32e-01, dice = 7.41e-01
2024-05-19 12:06:59.244777 | Iteration 97: similarity = 3.65e-01, loss = 1.31e-01, dice = 7.41e-01
2024-05-19 12:07:01.131006 | Iteration 98: similarity = 3.65e-01, loss = 1.31e-01, dice = 7.41e-01
2024-05-19 12:07:03.003311 | Iteration 99: similarity = 3.65e-01, loss = 1.30e-01, dice = 7.41e-01
2024-05-19 12:07:04.890190 | Iteration 100: similarity = 3.66e-01, loss = 1.30e-01, dice = 7.40e-01
2024-05-19 12:07:06.775445 | Iteration 101: similarity = 3.66e-01, loss = 1.29e-01, dice = 7.41e-01
2024-05-19 12:07:08.660155 | Iteration 102: similarity = 3.66e-01, loss = 1.29e-01, dice = 7.40e-01
2024-05-19 12:07:10.541661 | Iteration 103: similarity = 3.67e-01, loss = 1.28e-01, dice = 7.40e-01
2024-05-19 12:07:12.407378 | Iteration 104: similarity = 3.67e-01, loss = 1.28e-01, dice = 7.40e-01
2024-05-19 12:07:14.314936 | Iteration 105: similarity = 3.67e-01, loss = 1.27e-01, dice = 7.39e-01
2024-05-19 12:07:16.203073 | Iteration 106: similarity = 3.68e-01, loss = 1.26e-01, dice = 7.40e-01
2024-05-19 12:07:18.084496 | Iteration 107: similarity = 3.68e-01, loss = 1.25e-01, dice = 7.40e-01
2024-05-19 12:07:19.943997 | Iteration 108: similarity = 3.68e-01, loss = 1.25e-01, dice = 7.40e-01
2024-05-19 12:07:21.821455 | Iteration 109: similarity = 3.68e-01, loss = 1.23e-01, dice = 7.39e-01
2024-05-19 12:07:23.693139 | Iteration 110: similarity = 3.69e-01, loss = 1.23e-01, dice = 7.39e-01
2024-05-19 12:07:25.570791 | Iteration 111: similarity = 3.69e-01, loss = 1.22e-01, dice = 7.39e-01
2024-05-19 12:07:27.455816 | Iteration 112: similarity = 3.69e-01, loss = 1.21e-01, dice = 7.38e-01
2024-05-19 12:07:29.332737 | Iteration 113: similarity = 3.70e-01, loss = 1.20e-01, dice = 7.38e-01
2024-05-19 12:07:31.214034 | Iteration 114: similarity = 3.70e-01, loss = 1.19e-01, dice = 7.38e-01
2024-05-19 12:07:33.091125 | Iteration 115: similarity = 3.70e-01, loss = 1.18e-01, dice = 7.38e-01
2024-05-19 12:07:34.971962 | Iteration 116: similarity = 3.70e-01, loss = 1.17e-01, dice = 7.37e-01
2024-05-19 12:07:36.853023 | Iteration 117: similarity = 3.71e-01, loss = 1.16e-01, dice = 7.38e-01
2024-05-19 12:07:38.757477 | Iteration 118: similarity = 3.71e-01, loss = 1.15e-01, dice = 7.38e-01
2024-05-19 12:07:40.638099 | Iteration 119: similarity = 3.71e-01, loss = 1.14e-01, dice = 7.38e-01
2024-05-19 12:07:42.530974 | Iteration 120: similarity = 3.72e-01, loss = 1.13e-01, dice = 7.37e-01
2024-05-19 12:07:44.409623 | Iteration 121: similarity = 3.72e-01, loss = 1.12e-01, dice = 7.37e-01
2024-05-19 12:07:46.292792 | Iteration 122: similarity = 3.72e-01, loss = 1.11e-01, dice = 7.37e-01
2024-05-19 12:07:48.175103 | Iteration 123: similarity = 3.72e-01, loss = 1.10e-01, dice = 7.37e-01
2024-05-19 12:07:50.082491 | Iteration 124: similarity = 3.73e-01, loss = 1.08e-01, dice = 7.37e-01
2024-05-19 12:07:51.955608 | Iteration 125: similarity = 3.73e-01, loss = 1.08e-01, dice = 7.37e-01
2024-05-19 12:07:53.845363 | Iteration 126: similarity = 3.73e-01, loss = 1.06e-01, dice = 7.37e-01
2024-05-19 12:07:55.720670 | Iteration 127: similarity = 3.73e-01, loss = 1.05e-01, dice = 7.36e-01
2024-05-19 12:07:57.599970 | Iteration 128: similarity = 3.74e-01, loss = 1.03e-01, dice = 7.36e-01
2024-05-19 12:07:59.501956 | Iteration 129: similarity = 3.74e-01, loss = 1.03e-01, dice = 7.36e-01
2024-05-19 12:08:01.377008 | Iteration 130: similarity = 3.74e-01, loss = 1.01e-01, dice = 7.36e-01
2024-05-19 12:08:03.266688 | Iteration 131: similarity = 3.75e-01, loss = 1.01e-01, dice = 7.35e-01
2024-05-19 12:08:05.153001 | Iteration 132: similarity = 3.75e-01, loss = 9.89e-02, dice = 7.36e-01
2024-05-19 12:08:07.029680 | Iteration 133: similarity = 3.75e-01, loss = 9.81e-02, dice = 7.35e-01
2024-05-19 12:08:08.931814 | Iteration 134: similarity = 3.75e-01, loss = 9.63e-02, dice = 7.35e-01
2024-05-19 12:08:10.795930 | Iteration 135: similarity = 3.76e-01, loss = 9.56e-02, dice = 7.35e-01
2024-05-19 12:08:12.688983 | Iteration 136: similarity = 3.76e-01, loss = 9.41e-02, dice = 7.35e-01
2024-05-19 12:08:14.573445 | Iteration 137: similarity = 3.76e-01, loss = 9.29e-02, dice = 7.36e-01
2024-05-19 12:08:16.449769 | Iteration 138: similarity = 3.76e-01, loss = 9.17e-02, dice = 7.35e-01
2024-05-19 12:08:18.325923 | Iteration 139: similarity = 3.77e-01, loss = 9.04e-02, dice = 7.34e-01
2024-05-19 12:08:20.200110 | Iteration 140: similarity = 3.77e-01, loss = 8.92e-02, dice = 7.35e-01
2024-05-19 12:08:22.096260 | Iteration 141: similarity = 3.77e-01, loss = 8.80e-02, dice = 7.35e-01
2024-05-19 12:08:23.966909 | Iteration 142: similarity = 3.77e-01, loss = 8.65e-02, dice = 7.34e-01
2024-05-19 12:08:25.872745 | Iteration 143: similarity = 3.77e-01, loss = 8.55e-02, dice = 7.34e-01
2024-05-19 12:08:27.746135 | Iteration 144: similarity = 3.78e-01, loss = 8.42e-02, dice = 7.34e-01
2024-05-19 12:08:29.630084 | Iteration 145: similarity = 3.78e-01, loss = 8.28e-02, dice = 7.34e-01
2024-05-19 12:08:31.496342 | Iteration 146: similarity = 3.78e-01, loss = 8.16e-02, dice = 7.34e-01
2024-05-19 12:08:33.371714 | Iteration 147: similarity = 3.78e-01, loss = 8.03e-02, dice = 7.33e-01
2024-05-19 12:08:35.260398 | Iteration 148: similarity = 3.79e-01, loss = 7.89e-02, dice = 7.33e-01
2024-05-19 12:08:37.140629 | Iteration 149: similarity = 3.79e-01, loss = 7.80e-02, dice = 7.34e-01
2024-05-19 12:08:39.009105 | Iteration 150: similarity = 3.79e-01, loss = 7.64e-02, dice = 7.33e-01
2024-05-19 12:08:40.885902 | Iteration 151: similarity = 3.79e-01, loss = 7.54e-02, dice = 7.34e-01
2024-05-19 12:08:42.775428 | Iteration 152: similarity = 3.79e-01, loss = 7.39e-02, dice = 7.33e-01
2024-05-19 12:08:44.686741 | Iteration 153: similarity = 3.80e-01, loss = 7.30e-02, dice = 7.33e-01
2024-05-19 12:08:46.570714 | Iteration 154: similarity = 3.80e-01, loss = 7.16e-02, dice = 7.33e-01
2024-05-19 12:08:48.458987 | Iteration 155: similarity = 3.80e-01, loss = 7.04e-02, dice = 7.33e-01
2024-05-19 12:08:50.363224 | Iteration 156: similarity = 3.80e-01, loss = 6.89e-02, dice = 7.32e-01
2024-05-19 12:08:52.234027 | Iteration 157: similarity = 3.80e-01, loss = 6.78e-02, dice = 7.33e-01
2024-05-19 12:08:54.125335 | Iteration 158: similarity = 3.81e-01, loss = 6.62e-02, dice = 7.33e-01
2024-05-19 12:08:55.997616 | Iteration 159: similarity = 3.81e-01, loss = 6.53e-02, dice = 7.33e-01
2024-05-19 12:08:57.881953 | Iteration 160: similarity = 3.81e-01, loss = 6.38e-02, dice = 7.32e-01
2024-05-19 12:08:59.768917 | Iteration 161: similarity = 3.81e-01, loss = 6.27e-02, dice = 7.32e-01
2024-05-19 12:09:01.663949 | Iteration 162: similarity = 3.81e-01, loss = 6.13e-02, dice = 7.32e-01
2024-05-19 12:09:03.548113 | Iteration 163: similarity = 3.81e-01, loss = 6.01e-02, dice = 7.32e-01
2024-05-19 12:09:05.418274 | Iteration 164: similarity = 3.82e-01, loss = 5.89e-02, dice = 7.32e-01
2024-05-19 12:09:07.316627 | Iteration 165: similarity = 3.82e-01, loss = 5.75e-02, dice = 7.32e-01
2024-05-19 12:09:09.201116 | Iteration 166: similarity = 3.82e-01, loss = 5.64e-02, dice = 7.31e-01
2024-05-19 12:09:11.062754 | Iteration 167: similarity = 3.82e-01, loss = 5.51e-02, dice = 7.31e-01
2024-05-19 12:09:12.961623 | Iteration 168: similarity = 3.82e-01, loss = 5.40e-02, dice = 7.31e-01
2024-05-19 12:09:14.838645 | Iteration 169: similarity = 3.82e-01, loss = 5.25e-02, dice = 7.31e-01
2024-05-19 12:09:16.746673 | Iteration 170: similarity = 3.83e-01, loss = 5.13e-02, dice = 7.31e-01
2024-05-19 12:09:18.610184 | Iteration 171: similarity = 3.83e-01, loss = 5.02e-02, dice = 7.31e-01
2024-05-19 12:09:20.495127 | Iteration 172: similarity = 3.83e-01, loss = 4.88e-02, dice = 7.31e-01
2024-05-19 12:09:22.372104 | Iteration 173: similarity = 3.83e-01, loss = 4.77e-02, dice = 7.31e-01
2024-05-19 12:09:24.259489 | Iteration 174: similarity = 3.83e-01, loss = 4.62e-02, dice = 7.31e-01
2024-05-19 12:09:26.120838 | Iteration 175: similarity = 3.83e-01, loss = 4.50e-02, dice = 7.31e-01
2024-05-19 12:09:28.009867 | Iteration 176: similarity = 3.83e-01, loss = 4.38e-02, dice = 7.31e-01
2024-05-19 12:09:29.888416 | Iteration 177: similarity = 3.84e-01, loss = 4.26e-02, dice = 7.30e-01
2024-05-19 12:09:31.772391 | Iteration 178: similarity = 3.84e-01, loss = 4.13e-02, dice = 7.31e-01
2024-05-19 12:09:33.637218 | Iteration 179: similarity = 3.84e-01, loss = 4.02e-02, dice = 7.30e-01
2024-05-19 12:09:35.514908 | Iteration 180: similarity = 3.84e-01, loss = 3.88e-02, dice = 7.30e-01
2024-05-19 12:09:37.408625 | Iteration 181: similarity = 3.84e-01, loss = 3.79e-02, dice = 7.30e-01
2024-05-19 12:09:39.310716 | Iteration 182: similarity = 3.84e-01, loss = 3.65e-02, dice = 7.30e-01
2024-05-19 12:09:41.183851 | Iteration 183: similarity = 3.84e-01, loss = 3.54e-02, dice = 7.30e-01
2024-05-19 12:09:43.072378 | Iteration 184: similarity = 3.85e-01, loss = 3.39e-02, dice = 7.30e-01
2024-05-19 12:09:44.979174 | Iteration 185: similarity = 3.85e-01, loss = 3.31e-02, dice = 7.30e-01
2024-05-19 12:09:46.846494 | Iteration 186: similarity = 3.85e-01, loss = 3.16e-02, dice = 7.30e-01
2024-05-19 12:09:48.740942 | Iteration 187: similarity = 3.85e-01, loss = 3.06e-02, dice = 7.29e-01
2024-05-19 12:09:50.627243 | Iteration 188: similarity = 3.85e-01, loss = 2.92e-02, dice = 7.30e-01
2024-05-19 12:09:52.514394 | Iteration 189: similarity = 3.85e-01, loss = 2.81e-02, dice = 7.29e-01
2024-05-19 12:09:54.392904 | Iteration 190: similarity = 3.85e-01, loss = 2.69e-02, dice = 7.29e-01
2024-05-19 12:09:56.273680 | Iteration 191: similarity = 3.85e-01, loss = 2.56e-02, dice = 7.29e-01
2024-05-19 12:09:58.167432 | Iteration 192: similarity = 3.86e-01, loss = 2.43e-02, dice = 7.29e-01
2024-05-19 12:10:00.057363 | Iteration 193: similarity = 3.86e-01, loss = 2.31e-02, dice = 7.29e-01
2024-05-19 12:10:01.957557 | Iteration 194: similarity = 3.86e-01, loss = 2.23e-02, dice = 7.29e-01
2024-05-19 12:10:03.853483 | Iteration 195: similarity = 3.86e-01, loss = 2.06e-02, dice = 7.29e-01
2024-05-19 12:10:05.736400 | Iteration 196: similarity = 3.86e-01, loss = 1.98e-02, dice = 7.29e-01
2024-05-19 12:10:07.625449 | Iteration 197: similarity = 3.86e-01, loss = 1.80e-02, dice = 7.29e-01
2024-05-19 12:10:09.516022 | Iteration 198: similarity = 3.86e-01, loss = 1.77e-02, dice = 7.28e-01
2024-05-19 12:10:11.417120 | Iteration 199: similarity = 3.86e-01, loss = 1.56e-02, dice = 7.29e-01
2024-05-19 12:10:13.305476 | Iteration 200: similarity = 3.86e-01, loss = 1.52e-02, dice = 7.29e-01
2024-05-19 12:10:13.551277 | [scope plot registration results takes 0.24572491645812988s]
2024-05-19 12:10:14.419106 | Validation: HD [8.018148 ± 1.887841], MSD [0.817116 ± 0.160937], DSC [0.715843 ± 0.099556]
2024-05-19 12:10:14.419853 |          => HD [9.203134 ± 0.976468], MSD [0.809316 ± 0.192489], DSC [0.728895 ± 0.074397]
