====================================================================================================
Logging file for python script in Intensity Distribution.Experiment 1 (Anonymous): Exp1_LIC_GASD
.py
| The recreation of Experiment 1: comparison between LIC and GASD. 
Started at 2024-05-19 03:21:08.472607 with command:
> python Exp1_LIC_GASD.py --exp T1_LIC_sig0_1
====================================================================================================

2024-05-19 03:21:10.195997 | Iteration 1: similarity = 8.84e-02, loss = 5.62e+00, dice = 5.93e-01
2024-05-19 03:21:11.804848 | Iteration 2: similarity = 1.15e-01, loss = 4.22e+00, dice = 6.32e-01
2024-05-19 03:21:13.388714 | Iteration 3: similarity = 1.51e-01, loss = 3.48e+00, dice = 6.76e-01
2024-05-19 03:21:15.000416 | Iteration 4: similarity = 1.81e-01, loss = 2.74e+00, dice = 7.09e-01
2024-05-19 03:21:16.603317 | Iteration 5: similarity = 1.96e-01, loss = 2.51e+00, dice = 7.28e-01
2024-05-19 03:21:18.210393 | Iteration 6: similarity = 2.08e-01, loss = 2.26e+00, dice = 7.39e-01
2024-05-19 03:21:19.795660 | Iteration 7: similarity = 2.18e-01, loss = 2.02e+00, dice = 7.51e-01
2024-05-19 03:21:21.363991 | Iteration 8: similarity = 2.26e-01, loss = 1.81e+00, dice = 7.61e-01
2024-05-19 03:21:22.931682 | Iteration 9: similarity = 2.32e-01, loss = 1.63e+00, dice = 7.67e-01
2024-05-19 03:21:24.532530 | Iteration 10: similarity = 2.36e-01, loss = 1.47e+00, dice = 7.73e-01
2024-05-19 03:21:26.141697 | Iteration 11: similarity = 2.40e-01, loss = 1.34e+00, dice = 7.77e-01
2024-05-19 03:21:27.750017 | Iteration 12: similarity = 2.43e-01, loss = 1.22e+00, dice = 7.80e-01
2024-05-19 03:21:29.327047 | Iteration 13: similarity = 2.45e-01, loss = 1.11e+00, dice = 7.83e-01
2024-05-19 03:21:30.922929 | Iteration 14: similarity = 2.47e-01, loss = 1.01e+00, dice = 7.86e-01
2024-05-19 03:21:32.511715 | Iteration 15: similarity = 2.50e-01, loss = 9.22e-01, dice = 7.89e-01
2024-05-19 03:21:34.102980 | Iteration 16: similarity = 2.52e-01, loss = 8.41e-01, dice = 7.92e-01
2024-05-19 03:21:35.689377 | Iteration 17: similarity = 2.53e-01, loss = 7.67e-01, dice = 7.95e-01
2024-05-19 03:21:37.266144 | Iteration 18: similarity = 2.55e-01, loss = 6.98e-01, dice = 7.98e-01
2024-05-19 03:21:38.852648 | Iteration 19: similarity = 2.57e-01, loss = 6.37e-01, dice = 8.01e-01
2024-05-19 03:21:40.463566 | Iteration 20: similarity = 2.58e-01, loss = 5.81e-01, dice = 8.02e-01
2024-05-19 03:21:42.048660 | Iteration 21: similarity = 2.59e-01, loss = 5.30e-01, dice = 8.04e-01
2024-05-19 03:21:43.641421 | Iteration 22: similarity = 2.60e-01, loss = 4.84e-01, dice = 8.06e-01
2024-05-19 03:21:45.239308 | Iteration 23: similarity = 2.61e-01, loss = 4.41e-01, dice = 8.08e-01
2024-05-19 03:21:46.826084 | Iteration 24: similarity = 2.61e-01, loss = 4.01e-01, dice = 8.09e-01
2024-05-19 03:21:48.435399 | Iteration 25: similarity = 2.62e-01, loss = 3.66e-01, dice = 8.10e-01
2024-05-19 03:21:50.026166 | Iteration 26: similarity = 2.63e-01, loss = 3.35e-01, dice = 8.13e-01
2024-05-19 03:21:51.607049 | Iteration 27: similarity = 2.63e-01, loss = 3.06e-01, dice = 8.15e-01
2024-05-19 03:21:53.185638 | Iteration 28: similarity = 2.63e-01, loss = 2.81e-01, dice = 8.16e-01
2024-05-19 03:21:54.759901 | Iteration 29: similarity = 2.64e-01, loss = 2.58e-01, dice = 8.17e-01
2024-05-19 03:21:56.335829 | Iteration 30: similarity = 2.64e-01, loss = 2.39e-01, dice = 8.18e-01
2024-05-19 03:21:57.913780 | Iteration 31: similarity = 2.64e-01, loss = 2.23e-01, dice = 8.19e-01
2024-05-19 03:21:59.527390 | Iteration 32: similarity = 2.65e-01, loss = 2.08e-01, dice = 8.19e-01
2024-05-19 03:22:01.133864 | Iteration 33: similarity = 2.65e-01, loss = 1.96e-01, dice = 8.21e-01
2024-05-19 03:22:02.722149 | Iteration 34: similarity = 2.65e-01, loss = 1.86e-01, dice = 8.22e-01
2024-05-19 03:22:04.323984 | Iteration 35: similarity = 2.65e-01, loss = 1.78e-01, dice = 8.24e-01
2024-05-19 03:22:05.906217 | Iteration 36: similarity = 2.65e-01, loss = 1.71e-01, dice = 8.25e-01
2024-05-19 03:22:07.479687 | Iteration 37: similarity = 2.65e-01, loss = 1.66e-01, dice = 8.25e-01
2024-05-19 03:22:09.062861 | Iteration 38: similarity = 2.66e-01, loss = 1.62e-01, dice = 8.26e-01
2024-05-19 03:22:10.658133 | Iteration 39: similarity = 2.66e-01, loss = 1.59e-01, dice = 8.27e-01
2024-05-19 03:22:12.245457 | Iteration 40: similarity = 2.66e-01, loss = 1.57e-01, dice = 8.28e-01
2024-05-19 03:22:13.839950 | Iteration 41: similarity = 2.66e-01, loss = 1.56e-01, dice = 8.29e-01
2024-05-19 03:22:15.425538 | Iteration 42: similarity = 2.66e-01, loss = 1.55e-01, dice = 8.30e-01
2024-05-19 03:22:17.011661 | Iteration 43: similarity = 2.66e-01, loss = 1.54e-01, dice = 8.31e-01
2024-05-19 03:22:18.605691 | Iteration 44: similarity = 2.66e-01, loss = 1.55e-01, dice = 8.31e-01
2024-05-19 03:22:20.185340 | Iteration 45: similarity = 2.66e-01, loss = 1.56e-01, dice = 8.32e-01
2024-05-19 03:22:21.767124 | Iteration 46: similarity = 2.67e-01, loss = 1.57e-01, dice = 8.33e-01
2024-05-19 03:22:23.351199 | Iteration 47: similarity = 2.67e-01, loss = 1.58e-01, dice = 8.34e-01
2024-05-19 03:22:24.925801 | Iteration 48: similarity = 2.67e-01, loss = 1.60e-01, dice = 8.33e-01
2024-05-19 03:22:26.510889 | Iteration 49: similarity = 2.67e-01, loss = 1.61e-01, dice = 8.35e-01
2024-05-19 03:22:28.111997 | Iteration 50: similarity = 2.67e-01, loss = 1.63e-01, dice = 8.35e-01
2024-05-19 03:22:29.686702 | Iteration 51: similarity = 2.67e-01, loss = 1.65e-01, dice = 8.36e-01
2024-05-19 03:22:31.263426 | Iteration 52: similarity = 2.67e-01, loss = 1.66e-01, dice = 8.36e-01
2024-05-19 03:22:32.845293 | Iteration 53: similarity = 2.68e-01, loss = 1.69e-01, dice = 8.36e-01
2024-05-19 03:22:34.444957 | Iteration 54: similarity = 2.68e-01, loss = 1.71e-01, dice = 8.37e-01
2024-05-19 03:22:36.028917 | Iteration 55: similarity = 2.68e-01, loss = 1.73e-01, dice = 8.37e-01
2024-05-19 03:22:37.623158 | Iteration 56: similarity = 2.68e-01, loss = 1.75e-01, dice = 8.38e-01
2024-05-19 03:22:39.206122 | Iteration 57: similarity = 2.68e-01, loss = 1.77e-01, dice = 8.37e-01
2024-05-19 03:22:40.809116 | Iteration 58: similarity = 2.68e-01, loss = 1.79e-01, dice = 8.38e-01
2024-05-19 03:22:42.391467 | Iteration 59: similarity = 2.68e-01, loss = 1.81e-01, dice = 8.38e-01
2024-05-19 03:22:43.988758 | Iteration 60: similarity = 2.68e-01, loss = 1.84e-01, dice = 8.38e-01
2024-05-19 03:22:45.583681 | Iteration 61: similarity = 2.68e-01, loss = 1.86e-01, dice = 8.38e-01
2024-05-19 03:22:47.160456 | Iteration 62: similarity = 2.68e-01, loss = 1.88e-01, dice = 8.39e-01
2024-05-19 03:22:48.768779 | Iteration 63: similarity = 2.68e-01, loss = 1.90e-01, dice = 8.39e-01
2024-05-19 03:22:50.345806 | Iteration 64: similarity = 2.69e-01, loss = 1.92e-01, dice = 8.39e-01
2024-05-19 03:22:51.942435 | Iteration 65: similarity = 2.69e-01, loss = 1.95e-01, dice = 8.39e-01
2024-05-19 03:22:53.530416 | Iteration 66: similarity = 2.69e-01, loss = 1.97e-01, dice = 8.39e-01
2024-05-19 03:22:55.116800 | Iteration 67: similarity = 2.69e-01, loss = 1.99e-01, dice = 8.39e-01
2024-05-19 03:22:56.708320 | Iteration 68: similarity = 2.69e-01, loss = 2.02e-01, dice = 8.40e-01
2024-05-19 03:22:58.294736 | Iteration 69: similarity = 2.69e-01, loss = 2.04e-01, dice = 8.40e-01
2024-05-19 03:22:59.894046 | Iteration 70: similarity = 2.69e-01, loss = 2.06e-01, dice = 8.39e-01
2024-05-19 03:23:01.495115 | Iteration 71: similarity = 2.69e-01, loss = 2.08e-01, dice = 8.39e-01
2024-05-19 03:23:03.087105 | Iteration 72: similarity = 2.69e-01, loss = 2.10e-01, dice = 8.40e-01
2024-05-19 03:23:04.669283 | Iteration 73: similarity = 2.69e-01, loss = 2.12e-01, dice = 8.40e-01
2024-05-19 03:23:06.266589 | Iteration 74: similarity = 2.69e-01, loss = 2.14e-01, dice = 8.40e-01
2024-05-19 03:23:07.857784 | Iteration 75: similarity = 2.69e-01, loss = 2.16e-01, dice = 8.40e-01
2024-05-19 03:23:09.447882 | Iteration 76: similarity = 2.69e-01, loss = 2.17e-01, dice = 8.40e-01
2024-05-19 03:23:11.029821 | Iteration 77: similarity = 2.69e-01, loss = 2.19e-01, dice = 8.40e-01
2024-05-19 03:23:12.611490 | Iteration 78: similarity = 2.69e-01, loss = 2.20e-01, dice = 8.40e-01
2024-05-19 03:23:14.196110 | Iteration 79: similarity = 2.69e-01, loss = 2.23e-01, dice = 8.40e-01
2024-05-19 03:23:15.793058 | Iteration 80: similarity = 2.70e-01, loss = 2.23e-01, dice = 8.40e-01
2024-05-19 03:23:17.398558 | Iteration 81: similarity = 2.70e-01, loss = 2.25e-01, dice = 8.40e-01
2024-05-19 03:23:18.982971 | Iteration 82: similarity = 2.70e-01, loss = 2.26e-01, dice = 8.41e-01
2024-05-19 03:23:20.581849 | Iteration 83: similarity = 2.70e-01, loss = 2.28e-01, dice = 8.41e-01
2024-05-19 03:23:22.163882 | Iteration 84: similarity = 2.70e-01, loss = 2.28e-01, dice = 8.41e-01
2024-05-19 03:23:23.749725 | Iteration 85: similarity = 2.70e-01, loss = 2.29e-01, dice = 8.41e-01
2024-05-19 03:23:25.338288 | Iteration 86: similarity = 2.70e-01, loss = 2.29e-01, dice = 8.41e-01
2024-05-19 03:23:26.935622 | Iteration 87: similarity = 2.70e-01, loss = 2.30e-01, dice = 8.41e-01
2024-05-19 03:23:28.514568 | Iteration 88: similarity = 2.70e-01, loss = 2.31e-01, dice = 8.41e-01
2024-05-19 03:23:30.094058 | Iteration 89: similarity = 2.70e-01, loss = 2.32e-01, dice = 8.41e-01
2024-05-19 03:23:31.688576 | Iteration 90: similarity = 2.70e-01, loss = 2.32e-01, dice = 8.41e-01
2024-05-19 03:23:33.274705 | Iteration 91: similarity = 2.70e-01, loss = 2.32e-01, dice = 8.41e-01
2024-05-19 03:23:34.869221 | Iteration 92: similarity = 2.70e-01, loss = 2.33e-01, dice = 8.42e-01
2024-05-19 03:23:36.481585 | Iteration 93: similarity = 2.70e-01, loss = 2.32e-01, dice = 8.42e-01
2024-05-19 03:23:38.065186 | Iteration 94: similarity = 2.70e-01, loss = 2.33e-01, dice = 8.42e-01
2024-05-19 03:23:39.662951 | Iteration 95: similarity = 2.70e-01, loss = 2.33e-01, dice = 8.41e-01
2024-05-19 03:23:41.252401 | Iteration 96: similarity = 2.70e-01, loss = 2.33e-01, dice = 8.41e-01
2024-05-19 03:23:42.834980 | Iteration 97: similarity = 2.70e-01, loss = 2.32e-01, dice = 8.41e-01
2024-05-19 03:23:44.426630 | Iteration 98: similarity = 2.70e-01, loss = 2.33e-01, dice = 8.41e-01
2024-05-19 03:23:46.014210 | Iteration 99: similarity = 2.70e-01, loss = 2.32e-01, dice = 8.41e-01
2024-05-19 03:23:47.612836 | Iteration 100: similarity = 2.70e-01, loss = 2.32e-01, dice = 8.41e-01
2024-05-19 03:23:49.198319 | Iteration 101: similarity = 2.70e-01, loss = 2.31e-01, dice = 8.41e-01
2024-05-19 03:23:50.781762 | Iteration 102: similarity = 2.70e-01, loss = 2.31e-01, dice = 8.42e-01
2024-05-19 03:23:52.354059 | Iteration 103: similarity = 2.71e-01, loss = 2.30e-01, dice = 8.42e-01
2024-05-19 03:23:53.954054 | Iteration 104: similarity = 2.71e-01, loss = 2.30e-01, dice = 8.42e-01
2024-05-19 03:23:55.540411 | Iteration 105: similarity = 2.71e-01, loss = 2.29e-01, dice = 8.42e-01
2024-05-19 03:23:57.138649 | Iteration 106: similarity = 2.71e-01, loss = 2.30e-01, dice = 8.42e-01
2024-05-19 03:23:58.714266 | Iteration 107: similarity = 2.71e-01, loss = 2.28e-01, dice = 8.41e-01
2024-05-19 03:24:00.305796 | Iteration 108: similarity = 2.71e-01, loss = 2.29e-01, dice = 8.42e-01
2024-05-19 03:24:01.889307 | Iteration 109: similarity = 2.71e-01, loss = 2.26e-01, dice = 8.42e-01
2024-05-19 03:24:03.473192 | Iteration 110: similarity = 2.71e-01, loss = 2.27e-01, dice = 8.42e-01
2024-05-19 03:24:05.082930 | Iteration 111: similarity = 2.71e-01, loss = 2.25e-01, dice = 8.42e-01
2024-05-19 03:24:06.678059 | Iteration 112: similarity = 2.71e-01, loss = 2.26e-01, dice = 8.42e-01
2024-05-19 03:24:08.269642 | Iteration 113: similarity = 2.71e-01, loss = 2.23e-01, dice = 8.42e-01
2024-05-19 03:24:09.852097 | Iteration 114: similarity = 2.71e-01, loss = 2.24e-01, dice = 8.42e-01
2024-05-19 03:24:11.444183 | Iteration 115: similarity = 2.71e-01, loss = 2.22e-01, dice = 8.42e-01
2024-05-19 03:24:13.027220 | Iteration 116: similarity = 2.71e-01, loss = 2.22e-01, dice = 8.42e-01
2024-05-19 03:24:14.605484 | Iteration 117: similarity = 2.71e-01, loss = 2.20e-01, dice = 8.42e-01
2024-05-19 03:24:16.202533 | Iteration 118: similarity = 2.71e-01, loss = 2.21e-01, dice = 8.42e-01
2024-05-19 03:24:17.786234 | Iteration 119: similarity = 2.71e-01, loss = 2.18e-01, dice = 8.42e-01
2024-05-19 03:24:19.369815 | Iteration 120: similarity = 2.71e-01, loss = 2.18e-01, dice = 8.42e-01
2024-05-19 03:24:20.949896 | Iteration 121: similarity = 2.71e-01, loss = 2.16e-01, dice = 8.41e-01
2024-05-19 03:24:22.537783 | Iteration 122: similarity = 2.71e-01, loss = 2.17e-01, dice = 8.42e-01
2024-05-19 03:24:24.123408 | Iteration 123: similarity = 2.71e-01, loss = 2.14e-01, dice = 8.42e-01
2024-05-19 03:24:25.714749 | Iteration 124: similarity = 2.71e-01, loss = 2.14e-01, dice = 8.42e-01
2024-05-19 03:24:27.293045 | Iteration 125: similarity = 2.71e-01, loss = 2.12e-01, dice = 8.42e-01
2024-05-19 03:24:28.898002 | Iteration 126: similarity = 2.71e-01, loss = 2.12e-01, dice = 8.42e-01
2024-05-19 03:24:30.478955 | Iteration 127: similarity = 2.71e-01, loss = 2.10e-01, dice = 8.42e-01
2024-05-19 03:24:32.052409 | Iteration 128: similarity = 2.71e-01, loss = 2.10e-01, dice = 8.42e-01
2024-05-19 03:24:33.641547 | Iteration 129: similarity = 2.71e-01, loss = 2.08e-01, dice = 8.42e-01
2024-05-19 03:24:35.235929 | Iteration 130: similarity = 2.71e-01, loss = 2.08e-01, dice = 8.42e-01
2024-05-19 03:24:36.840911 | Iteration 131: similarity = 2.71e-01, loss = 2.06e-01, dice = 8.42e-01
2024-05-19 03:24:38.431233 | Iteration 132: similarity = 2.71e-01, loss = 2.06e-01, dice = 8.42e-01
2024-05-19 03:24:40.012474 | Iteration 133: similarity = 2.72e-01, loss = 2.04e-01, dice = 8.42e-01
2024-05-19 03:24:41.586483 | Iteration 134: similarity = 2.72e-01, loss = 2.03e-01, dice = 8.42e-01
2024-05-19 03:24:43.164765 | Iteration 135: similarity = 2.72e-01, loss = 2.02e-01, dice = 8.42e-01
2024-05-19 03:24:44.750307 | Iteration 136: similarity = 2.72e-01, loss = 2.01e-01, dice = 8.42e-01
2024-05-19 03:24:46.315183 | Iteration 137: similarity = 2.72e-01, loss = 2.00e-01, dice = 8.42e-01
2024-05-19 03:24:47.881898 | Iteration 138: similarity = 2.72e-01, loss = 1.99e-01, dice = 8.42e-01
2024-05-19 03:24:49.485224 | Iteration 139: similarity = 2.72e-01, loss = 1.97e-01, dice = 8.42e-01
2024-05-19 03:24:51.079643 | Iteration 140: similarity = 2.72e-01, loss = 1.97e-01, dice = 8.42e-01
2024-05-19 03:24:52.662206 | Iteration 141: similarity = 2.72e-01, loss = 1.95e-01, dice = 8.42e-01
2024-05-19 03:24:54.234383 | Iteration 142: similarity = 2.72e-01, loss = 1.94e-01, dice = 8.42e-01
2024-05-19 03:24:55.825980 | Iteration 143: similarity = 2.72e-01, loss = 1.93e-01, dice = 8.42e-01
2024-05-19 03:24:57.408103 | Iteration 144: similarity = 2.72e-01, loss = 1.92e-01, dice = 8.42e-01
2024-05-19 03:24:58.995104 | Iteration 145: similarity = 2.72e-01, loss = 1.90e-01, dice = 8.43e-01
2024-05-19 03:25:00.580381 | Iteration 146: similarity = 2.72e-01, loss = 1.90e-01, dice = 8.42e-01
2024-05-19 03:25:02.180483 | Iteration 147: similarity = 2.72e-01, loss = 1.88e-01, dice = 8.42e-01
2024-05-19 03:25:03.797126 | Iteration 148: similarity = 2.72e-01, loss = 1.88e-01, dice = 8.42e-01
2024-05-19 03:25:05.394069 | Iteration 149: similarity = 2.72e-01, loss = 1.86e-01, dice = 8.42e-01
2024-05-19 03:25:06.987327 | Iteration 150: similarity = 2.72e-01, loss = 1.85e-01, dice = 8.42e-01
2024-05-19 03:25:08.568215 | Iteration 151: similarity = 2.72e-01, loss = 1.83e-01, dice = 8.42e-01
2024-05-19 03:25:10.147660 | Iteration 152: similarity = 2.72e-01, loss = 1.83e-01, dice = 8.42e-01
2024-05-19 03:25:11.741778 | Iteration 153: similarity = 2.72e-01, loss = 1.81e-01, dice = 8.42e-01
2024-05-19 03:25:13.326989 | Iteration 154: similarity = 2.72e-01, loss = 1.81e-01, dice = 8.42e-01
2024-05-19 03:25:14.914319 | Iteration 155: similarity = 2.72e-01, loss = 1.79e-01, dice = 8.42e-01
2024-05-19 03:25:16.506002 | Iteration 156: similarity = 2.72e-01, loss = 1.78e-01, dice = 8.42e-01
2024-05-19 03:25:18.097561 | Iteration 157: similarity = 2.72e-01, loss = 1.76e-01, dice = 8.42e-01
2024-05-19 03:25:19.691233 | Iteration 158: similarity = 2.72e-01, loss = 1.76e-01, dice = 8.42e-01
2024-05-19 03:25:21.265080 | Iteration 159: similarity = 2.72e-01, loss = 1.74e-01, dice = 8.41e-01
2024-05-19 03:25:22.844787 | Iteration 160: similarity = 2.72e-01, loss = 1.73e-01, dice = 8.42e-01
2024-05-19 03:25:24.433465 | Iteration 161: similarity = 2.72e-01, loss = 1.72e-01, dice = 8.42e-01
2024-05-19 03:25:26.023070 | Iteration 162: similarity = 2.72e-01, loss = 1.71e-01, dice = 8.42e-01
2024-05-19 03:25:27.595231 | Iteration 163: similarity = 2.72e-01, loss = 1.69e-01, dice = 8.42e-01
2024-05-19 03:25:29.182113 | Iteration 164: similarity = 2.72e-01, loss = 1.69e-01, dice = 8.42e-01
2024-05-19 03:25:30.769984 | Iteration 165: similarity = 2.72e-01, loss = 1.67e-01, dice = 8.42e-01
2024-05-19 03:25:32.369431 | Iteration 166: similarity = 2.72e-01, loss = 1.66e-01, dice = 8.42e-01
2024-05-19 03:25:33.955058 | Iteration 167: similarity = 2.72e-01, loss = 1.65e-01, dice = 8.42e-01
2024-05-19 03:25:35.534744 | Iteration 168: similarity = 2.72e-01, loss = 1.64e-01, dice = 8.42e-01
2024-05-19 03:25:37.110685 | Iteration 169: similarity = 2.72e-01, loss = 1.62e-01, dice = 8.42e-01
2024-05-19 03:25:38.694150 | Iteration 170: similarity = 2.72e-01, loss = 1.62e-01, dice = 8.42e-01
2024-05-19 03:25:40.281915 | Iteration 171: similarity = 2.72e-01, loss = 1.60e-01, dice = 8.42e-01
2024-05-19 03:25:41.886857 | Iteration 172: similarity = 2.72e-01, loss = 1.59e-01, dice = 8.42e-01
2024-05-19 03:25:43.496559 | Iteration 173: similarity = 2.72e-01, loss = 1.58e-01, dice = 8.41e-01
2024-05-19 03:25:45.086582 | Iteration 174: similarity = 2.72e-01, loss = 1.57e-01, dice = 8.42e-01
2024-05-19 03:25:46.684181 | Iteration 175: similarity = 2.72e-01, loss = 1.56e-01, dice = 8.42e-01
2024-05-19 03:25:48.282883 | Iteration 176: similarity = 2.72e-01, loss = 1.54e-01, dice = 8.42e-01
2024-05-19 03:25:49.870613 | Iteration 177: similarity = 2.72e-01, loss = 1.53e-01, dice = 8.42e-01
2024-05-19 03:25:51.464586 | Iteration 178: similarity = 2.72e-01, loss = 1.52e-01, dice = 8.42e-01
2024-05-19 03:25:53.052236 | Iteration 179: similarity = 2.72e-01, loss = 1.51e-01, dice = 8.41e-01
2024-05-19 03:25:54.639016 | Iteration 180: similarity = 2.72e-01, loss = 1.50e-01, dice = 8.42e-01
2024-05-19 03:25:56.223193 | Iteration 181: similarity = 2.72e-01, loss = 1.49e-01, dice = 8.42e-01
2024-05-19 03:25:57.825170 | Iteration 182: similarity = 2.72e-01, loss = 1.48e-01, dice = 8.42e-01
2024-05-19 03:25:59.403676 | Iteration 183: similarity = 2.72e-01, loss = 1.46e-01, dice = 8.42e-01
2024-05-19 03:26:00.997267 | Iteration 184: similarity = 2.72e-01, loss = 1.45e-01, dice = 8.42e-01
2024-05-19 03:26:02.578963 | Iteration 185: similarity = 2.72e-01, loss = 1.44e-01, dice = 8.42e-01
2024-05-19 03:26:04.157770 | Iteration 186: similarity = 2.72e-01, loss = 1.43e-01, dice = 8.41e-01
2024-05-19 03:26:05.741714 | Iteration 187: similarity = 2.72e-01, loss = 1.42e-01, dice = 8.41e-01
2024-05-19 03:26:07.332868 | Iteration 188: similarity = 2.72e-01, loss = 1.40e-01, dice = 8.42e-01
2024-05-19 03:26:08.935653 | Iteration 189: similarity = 2.72e-01, loss = 1.40e-01, dice = 8.42e-01
2024-05-19 03:26:10.523426 | Iteration 190: similarity = 2.72e-01, loss = 1.38e-01, dice = 8.42e-01
2024-05-19 03:26:12.106331 | Iteration 191: similarity = 2.72e-01, loss = 1.38e-01, dice = 8.41e-01
2024-05-19 03:26:13.691302 | Iteration 192: similarity = 2.72e-01, loss = 1.36e-01, dice = 8.42e-01
2024-05-19 03:26:15.279758 | Iteration 193: similarity = 2.72e-01, loss = 1.35e-01, dice = 8.42e-01
2024-05-19 03:26:16.868923 | Iteration 194: similarity = 2.72e-01, loss = 1.34e-01, dice = 8.41e-01
2024-05-19 03:26:18.458009 | Iteration 195: similarity = 2.72e-01, loss = 1.33e-01, dice = 8.41e-01
2024-05-19 03:26:20.050786 | Iteration 196: similarity = 2.72e-01, loss = 1.31e-01, dice = 8.42e-01
2024-05-19 03:26:21.635111 | Iteration 197: similarity = 2.72e-01, loss = 1.31e-01, dice = 8.42e-01
2024-05-19 03:26:23.233528 | Iteration 198: similarity = 2.72e-01, loss = 1.29e-01, dice = 8.41e-01
2024-05-19 03:26:24.830704 | Iteration 199: similarity = 2.72e-01, loss = 1.28e-01, dice = 8.41e-01
2024-05-19 03:26:26.415326 | Iteration 200: similarity = 2.72e-01, loss = 1.27e-01, dice = 8.41e-01
2024-05-19 03:26:26.650062 | [scope plot registration results takes 0.2346477508544922s]
2024-05-19 03:26:27.483876 | Validation: HD [8.018148 ± 1.887841], MSD [0.817116 ± 0.160937], DSC [0.715843 ± 0.099556]
2024-05-19 03:26:27.484605 |          => HD [8.110595 ± 2.308115], MSD [0.453210 ± 0.162246], DSC [0.841313 ± 0.078974]
