====================================================================================================
Logging file for python script in Intensity Distribution.Experiment 1 (Anonymous): Exp1_LIC_GASD
.py
| The recreation of Experiment 1: comparison between LIC and GASD. 
Started at 2024-05-19 02:50:18.710886 with command:
> python Exp1_LIC_GASD.py --exp T2_MI_local
====================================================================================================

2024-05-19 02:50:20.003382 | Iteration 1: similarity = 1.30e-01, loss = 5.58e+00, dice = 5.93e-01
2024-05-19 02:50:21.206616 | Iteration 2: similarity = 1.40e-01, loss = 4.26e+00, dice = 6.15e-01
2024-05-19 02:50:22.387033 | Iteration 3: similarity = 1.56e-01, loss = 3.64e+00, dice = 6.31e-01
2024-05-19 02:50:23.570040 | Iteration 4: similarity = 1.74e-01, loss = 2.99e+00, dice = 6.45e-01
2024-05-19 02:50:24.741276 | Iteration 5: similarity = 1.87e-01, loss = 2.77e+00, dice = 6.52e-01
2024-05-19 02:50:25.913398 | Iteration 6: similarity = 1.99e-01, loss = 2.55e+00, dice = 6.58e-01
2024-05-19 02:50:27.093010 | Iteration 7: similarity = 2.10e-01, loss = 2.34e+00, dice = 6.62e-01
2024-05-19 02:50:28.267141 | Iteration 8: similarity = 2.18e-01, loss = 2.16e+00, dice = 6.66e-01
2024-05-19 02:50:29.446299 | Iteration 9: similarity = 2.25e-01, loss = 2.00e+00, dice = 6.71e-01
2024-05-19 02:50:30.619425 | Iteration 10: similarity = 2.30e-01, loss = 1.86e+00, dice = 6.74e-01
2024-05-19 02:50:31.794949 | Iteration 11: similarity = 2.35e-01, loss = 1.74e+00, dice = 6.78e-01
2024-05-19 02:50:32.977496 | Iteration 12: similarity = 2.39e-01, loss = 1.64e+00, dice = 6.82e-01
2024-05-19 02:50:34.168994 | Iteration 13: similarity = 2.42e-01, loss = 1.55e+00, dice = 6.85e-01
2024-05-19 02:50:35.357637 | Iteration 14: similarity = 2.45e-01, loss = 1.46e+00, dice = 6.90e-01
2024-05-19 02:50:36.540218 | Iteration 15: similarity = 2.47e-01, loss = 1.39e+00, dice = 6.91e-01
2024-05-19 02:50:37.732758 | Iteration 16: similarity = 2.49e-01, loss = 1.32e+00, dice = 6.93e-01
2024-05-19 02:50:38.919834 | Iteration 17: similarity = 2.51e-01, loss = 1.26e+00, dice = 6.95e-01
2024-05-19 02:50:40.100878 | Iteration 18: similarity = 2.52e-01, loss = 1.20e+00, dice = 6.97e-01
2024-05-19 02:50:41.268551 | Iteration 19: similarity = 2.53e-01, loss = 1.15e+00, dice = 6.99e-01
2024-05-19 02:50:42.454043 | Iteration 20: similarity = 2.54e-01, loss = 1.10e+00, dice = 7.01e-01
2024-05-19 02:50:43.622396 | Iteration 21: similarity = 2.56e-01, loss = 1.06e+00, dice = 7.05e-01
2024-05-19 02:50:44.785813 | Iteration 22: similarity = 2.57e-01, loss = 1.02e+00, dice = 7.06e-01
2024-05-19 02:50:45.973575 | Iteration 23: similarity = 2.58e-01, loss = 9.86e-01, dice = 7.07e-01
2024-05-19 02:50:47.134741 | Iteration 24: similarity = 2.59e-01, loss = 9.52e-01, dice = 7.10e-01
2024-05-19 02:50:48.316224 | Iteration 25: similarity = 2.60e-01, loss = 9.23e-01, dice = 7.11e-01
2024-05-19 02:50:49.484918 | Iteration 26: similarity = 2.62e-01, loss = 8.97e-01, dice = 7.14e-01
2024-05-19 02:50:50.670970 | Iteration 27: similarity = 2.63e-01, loss = 8.73e-01, dice = 7.15e-01
2024-05-19 02:50:51.841503 | Iteration 28: similarity = 2.64e-01, loss = 8.53e-01, dice = 7.16e-01
2024-05-19 02:50:53.017036 | Iteration 29: similarity = 2.64e-01, loss = 8.35e-01, dice = 7.18e-01
2024-05-19 02:50:54.197937 | Iteration 30: similarity = 2.64e-01, loss = 8.21e-01, dice = 7.18e-01
2024-05-19 02:50:55.384755 | Iteration 31: similarity = 2.65e-01, loss = 8.07e-01, dice = 7.18e-01
2024-05-19 02:50:56.558417 | Iteration 32: similarity = 2.66e-01, loss = 7.95e-01, dice = 7.19e-01
2024-05-19 02:50:57.736832 | Iteration 33: similarity = 2.67e-01, loss = 7.84e-01, dice = 7.20e-01
2024-05-19 02:50:58.905936 | Iteration 34: similarity = 2.67e-01, loss = 7.75e-01, dice = 7.21e-01
2024-05-19 02:51:00.087181 | Iteration 35: similarity = 2.68e-01, loss = 7.67e-01, dice = 7.21e-01
2024-05-19 02:51:01.266488 | Iteration 36: similarity = 2.69e-01, loss = 7.61e-01, dice = 7.22e-01
2024-05-19 02:51:02.442871 | Iteration 37: similarity = 2.69e-01, loss = 7.56e-01, dice = 7.23e-01
2024-05-19 02:51:03.630879 | Iteration 38: similarity = 2.70e-01, loss = 7.51e-01, dice = 7.23e-01
2024-05-19 02:51:04.808667 | Iteration 39: similarity = 2.71e-01, loss = 7.48e-01, dice = 7.24e-01
2024-05-19 02:51:05.983729 | Iteration 40: similarity = 2.71e-01, loss = 7.45e-01, dice = 7.25e-01
2024-05-19 02:51:07.175082 | Iteration 41: similarity = 2.72e-01, loss = 7.43e-01, dice = 7.26e-01
2024-05-19 02:51:08.360503 | Iteration 42: similarity = 2.72e-01, loss = 7.41e-01, dice = 7.27e-01
2024-05-19 02:51:09.535627 | Iteration 43: similarity = 2.73e-01, loss = 7.41e-01, dice = 7.27e-01
2024-05-19 02:51:10.706885 | Iteration 44: similarity = 2.73e-01, loss = 7.42e-01, dice = 7.27e-01
2024-05-19 02:51:11.883572 | Iteration 45: similarity = 2.73e-01, loss = 7.42e-01, dice = 7.29e-01
2024-05-19 02:51:13.046698 | Iteration 46: similarity = 2.74e-01, loss = 7.42e-01, dice = 7.29e-01
2024-05-19 02:51:14.219718 | Iteration 47: similarity = 2.75e-01, loss = 7.43e-01, dice = 7.29e-01
2024-05-19 02:51:15.381940 | Iteration 48: similarity = 2.75e-01, loss = 7.44e-01, dice = 7.30e-01
2024-05-19 02:51:16.562610 | Iteration 49: similarity = 2.75e-01, loss = 7.46e-01, dice = 7.29e-01
2024-05-19 02:51:17.741919 | Iteration 50: similarity = 2.76e-01, loss = 7.46e-01, dice = 7.30e-01
2024-05-19 02:51:18.915799 | Iteration 51: similarity = 2.76e-01, loss = 7.47e-01, dice = 7.31e-01
2024-05-19 02:51:20.086860 | Iteration 52: similarity = 2.77e-01, loss = 7.48e-01, dice = 7.31e-01
2024-05-19 02:51:21.248842 | Iteration 53: similarity = 2.77e-01, loss = 7.50e-01, dice = 7.32e-01
2024-05-19 02:51:22.437477 | Iteration 54: similarity = 2.77e-01, loss = 7.52e-01, dice = 7.32e-01
2024-05-19 02:51:23.608125 | Iteration 55: similarity = 2.77e-01, loss = 7.53e-01, dice = 7.32e-01
2024-05-19 02:51:24.797178 | Iteration 56: similarity = 2.77e-01, loss = 7.53e-01, dice = 7.32e-01
2024-05-19 02:51:25.967666 | Iteration 57: similarity = 2.78e-01, loss = 7.54e-01, dice = 7.32e-01
2024-05-19 02:51:27.146506 | Iteration 58: similarity = 2.78e-01, loss = 7.55e-01, dice = 7.33e-01
2024-05-19 02:51:28.310882 | Iteration 59: similarity = 2.79e-01, loss = 7.56e-01, dice = 7.33e-01
2024-05-19 02:51:29.485590 | Iteration 60: similarity = 2.79e-01, loss = 7.58e-01, dice = 7.34e-01
2024-05-19 02:51:30.660934 | Iteration 61: similarity = 2.79e-01, loss = 7.59e-01, dice = 7.35e-01
2024-05-19 02:51:31.840841 | Iteration 62: similarity = 2.80e-01, loss = 7.60e-01, dice = 7.35e-01
2024-05-19 02:51:33.015777 | Iteration 63: similarity = 2.80e-01, loss = 7.61e-01, dice = 7.36e-01
2024-05-19 02:51:34.201987 | Iteration 64: similarity = 2.80e-01, loss = 7.63e-01, dice = 7.36e-01
2024-05-19 02:51:35.376092 | Iteration 65: similarity = 2.81e-01, loss = 7.64e-01, dice = 7.36e-01
2024-05-19 02:51:36.552903 | Iteration 66: similarity = 2.81e-01, loss = 7.67e-01, dice = 7.36e-01
2024-05-19 02:51:37.746181 | Iteration 67: similarity = 2.82e-01, loss = 7.69e-01, dice = 7.37e-01
2024-05-19 02:51:38.914910 | Iteration 68: similarity = 2.81e-01, loss = 7.72e-01, dice = 7.37e-01
2024-05-19 02:51:40.090700 | Iteration 69: similarity = 2.82e-01, loss = 7.74e-01, dice = 7.37e-01
2024-05-19 02:51:41.260101 | Iteration 70: similarity = 2.82e-01, loss = 7.76e-01, dice = 7.37e-01
2024-05-19 02:51:42.445830 | Iteration 71: similarity = 2.82e-01, loss = 7.79e-01, dice = 7.37e-01
2024-05-19 02:51:43.630153 | Iteration 72: similarity = 2.82e-01, loss = 7.81e-01, dice = 7.38e-01
2024-05-19 02:51:44.809013 | Iteration 73: similarity = 2.82e-01, loss = 7.82e-01, dice = 7.38e-01
2024-05-19 02:51:45.976475 | Iteration 74: similarity = 2.82e-01, loss = 7.84e-01, dice = 7.38e-01
2024-05-19 02:51:47.153719 | Iteration 75: similarity = 2.83e-01, loss = 7.85e-01, dice = 7.39e-01
2024-05-19 02:51:48.325835 | Iteration 76: similarity = 2.83e-01, loss = 7.86e-01, dice = 7.38e-01
2024-05-19 02:51:49.506556 | Iteration 77: similarity = 2.83e-01, loss = 7.87e-01, dice = 7.39e-01
2024-05-19 02:51:50.679356 | Iteration 78: similarity = 2.83e-01, loss = 7.87e-01, dice = 7.40e-01
2024-05-19 02:51:51.859459 | Iteration 79: similarity = 2.84e-01, loss = 7.87e-01, dice = 7.39e-01
2024-05-19 02:51:53.033883 | Iteration 80: similarity = 2.84e-01, loss = 7.87e-01, dice = 7.40e-01
2024-05-19 02:51:54.209817 | Iteration 81: similarity = 2.84e-01, loss = 7.88e-01, dice = 7.40e-01
2024-05-19 02:51:55.378098 | Iteration 82: similarity = 2.85e-01, loss = 7.88e-01, dice = 7.40e-01
2024-05-19 02:51:56.572126 | Iteration 83: similarity = 2.85e-01, loss = 7.89e-01, dice = 7.41e-01
2024-05-19 02:51:57.749437 | Iteration 84: similarity = 2.85e-01, loss = 7.89e-01, dice = 7.41e-01
2024-05-19 02:51:58.940447 | Iteration 85: similarity = 2.86e-01, loss = 7.90e-01, dice = 7.41e-01
2024-05-19 02:52:00.122275 | Iteration 86: similarity = 2.86e-01, loss = 7.89e-01, dice = 7.41e-01
2024-05-19 02:52:01.300054 | Iteration 87: similarity = 2.86e-01, loss = 7.90e-01, dice = 7.41e-01
2024-05-19 02:52:02.489112 | Iteration 88: similarity = 2.86e-01, loss = 7.90e-01, dice = 7.41e-01
2024-05-19 02:52:03.665235 | Iteration 89: similarity = 2.87e-01, loss = 7.89e-01, dice = 7.41e-01
2024-05-19 02:52:04.822206 | Iteration 90: similarity = 2.87e-01, loss = 7.88e-01, dice = 7.42e-01
2024-05-19 02:52:06.011315 | Iteration 91: similarity = 2.87e-01, loss = 7.87e-01, dice = 7.43e-01
2024-05-19 02:52:07.200269 | Iteration 92: similarity = 2.88e-01, loss = 7.86e-01, dice = 7.42e-01
2024-05-19 02:52:08.381563 | Iteration 93: similarity = 2.88e-01, loss = 7.86e-01, dice = 7.42e-01
2024-05-19 02:52:09.573563 | Iteration 94: similarity = 2.88e-01, loss = 7.86e-01, dice = 7.43e-01
2024-05-19 02:52:10.751936 | Iteration 95: similarity = 2.88e-01, loss = 7.86e-01, dice = 7.43e-01
2024-05-19 02:52:11.935539 | Iteration 96: similarity = 2.88e-01, loss = 7.86e-01, dice = 7.43e-01
2024-05-19 02:52:13.112647 | Iteration 97: similarity = 2.88e-01, loss = 7.85e-01, dice = 7.43e-01
2024-05-19 02:52:14.281039 | Iteration 98: similarity = 2.89e-01, loss = 7.84e-01, dice = 7.44e-01
2024-05-19 02:52:15.459882 | Iteration 99: similarity = 2.89e-01, loss = 7.83e-01, dice = 7.44e-01
2024-05-19 02:52:16.618969 | Iteration 100: similarity = 2.89e-01, loss = 7.83e-01, dice = 7.45e-01
2024-05-19 02:52:17.792402 | Iteration 101: similarity = 2.89e-01, loss = 7.83e-01, dice = 7.45e-01
2024-05-19 02:52:18.981162 | Iteration 102: similarity = 2.90e-01, loss = 7.83e-01, dice = 7.46e-01
2024-05-19 02:52:20.158202 | Iteration 103: similarity = 2.90e-01, loss = 7.81e-01, dice = 7.46e-01
2024-05-19 02:52:21.330295 | Iteration 104: similarity = 2.89e-01, loss = 7.82e-01, dice = 7.45e-01
2024-05-19 02:52:22.513832 | Iteration 105: similarity = 2.89e-01, loss = 7.81e-01, dice = 7.45e-01
2024-05-19 02:52:23.702397 | Iteration 106: similarity = 2.90e-01, loss = 7.80e-01, dice = 7.45e-01
2024-05-19 02:52:24.884876 | Iteration 107: similarity = 2.90e-01, loss = 7.79e-01, dice = 7.45e-01
2024-05-19 02:52:26.072828 | Iteration 108: similarity = 2.90e-01, loss = 7.80e-01, dice = 7.45e-01
2024-05-19 02:52:27.241403 | Iteration 109: similarity = 2.90e-01, loss = 7.78e-01, dice = 7.46e-01
2024-05-19 02:52:28.406139 | Iteration 110: similarity = 2.91e-01, loss = 7.77e-01, dice = 7.45e-01
2024-05-19 02:52:29.562944 | Iteration 111: similarity = 2.91e-01, loss = 7.74e-01, dice = 7.46e-01
2024-05-19 02:52:30.709993 | Iteration 112: similarity = 2.92e-01, loss = 7.74e-01, dice = 7.47e-01
2024-05-19 02:52:31.862779 | Iteration 113: similarity = 2.91e-01, loss = 7.73e-01, dice = 7.47e-01
2024-05-19 02:52:33.049015 | Iteration 114: similarity = 2.92e-01, loss = 7.72e-01, dice = 7.46e-01
2024-05-19 02:52:34.222364 | Iteration 115: similarity = 2.92e-01, loss = 7.71e-01, dice = 7.46e-01
2024-05-19 02:52:35.386429 | Iteration 116: similarity = 2.92e-01, loss = 7.70e-01, dice = 7.47e-01
2024-05-19 02:52:36.561991 | Iteration 117: similarity = 2.92e-01, loss = 7.67e-01, dice = 7.48e-01
2024-05-19 02:52:37.742339 | Iteration 118: similarity = 2.93e-01, loss = 7.66e-01, dice = 7.47e-01
2024-05-19 02:52:38.930714 | Iteration 119: similarity = 2.93e-01, loss = 7.64e-01, dice = 7.48e-01
2024-05-19 02:52:40.110420 | Iteration 120: similarity = 2.93e-01, loss = 7.63e-01, dice = 7.49e-01
2024-05-19 02:52:41.276366 | Iteration 121: similarity = 2.93e-01, loss = 7.61e-01, dice = 7.48e-01
2024-05-19 02:52:42.448513 | Iteration 122: similarity = 2.93e-01, loss = 7.60e-01, dice = 7.48e-01
2024-05-19 02:52:43.630988 | Iteration 123: similarity = 2.94e-01, loss = 7.57e-01, dice = 7.49e-01
2024-05-19 02:52:44.807796 | Iteration 124: similarity = 2.94e-01, loss = 7.56e-01, dice = 7.49e-01
2024-05-19 02:52:46.005946 | Iteration 125: similarity = 2.95e-01, loss = 7.55e-01, dice = 7.50e-01
2024-05-19 02:52:47.200450 | Iteration 126: similarity = 2.95e-01, loss = 7.54e-01, dice = 7.49e-01
2024-05-19 02:52:48.369001 | Iteration 127: similarity = 2.95e-01, loss = 7.53e-01, dice = 7.49e-01
2024-05-19 02:52:49.526523 | Iteration 128: similarity = 2.95e-01, loss = 7.51e-01, dice = 7.49e-01
2024-05-19 02:52:50.691359 | Iteration 129: similarity = 2.96e-01, loss = 7.48e-01, dice = 7.50e-01
2024-05-19 02:52:51.873394 | Iteration 130: similarity = 2.96e-01, loss = 7.47e-01, dice = 7.50e-01
2024-05-19 02:52:53.055904 | Iteration 131: similarity = 2.96e-01, loss = 7.45e-01, dice = 7.50e-01
2024-05-19 02:52:54.230892 | Iteration 132: similarity = 2.96e-01, loss = 7.44e-01, dice = 7.50e-01
2024-05-19 02:52:55.426272 | Iteration 133: similarity = 2.97e-01, loss = 7.42e-01, dice = 7.50e-01
2024-05-19 02:52:56.607979 | Iteration 134: similarity = 2.96e-01, loss = 7.41e-01, dice = 7.50e-01
2024-05-19 02:52:57.790235 | Iteration 135: similarity = 2.97e-01, loss = 7.39e-01, dice = 7.50e-01
2024-05-19 02:52:58.958070 | Iteration 136: similarity = 2.97e-01, loss = 7.38e-01, dice = 7.50e-01
2024-05-19 02:53:00.145202 | Iteration 137: similarity = 2.97e-01, loss = 7.36e-01, dice = 7.49e-01
2024-05-19 02:53:01.329956 | Iteration 138: similarity = 2.97e-01, loss = 7.35e-01, dice = 7.50e-01
2024-05-19 02:53:02.506451 | Iteration 139: similarity = 2.97e-01, loss = 7.33e-01, dice = 7.49e-01
2024-05-19 02:53:03.700229 | Iteration 140: similarity = 2.98e-01, loss = 7.32e-01, dice = 7.50e-01
2024-05-19 02:53:04.874385 | Iteration 141: similarity = 2.98e-01, loss = 7.29e-01, dice = 7.50e-01
2024-05-19 02:53:06.049738 | Iteration 142: similarity = 2.99e-01, loss = 7.28e-01, dice = 7.51e-01
2024-05-19 02:53:07.243169 | Iteration 143: similarity = 2.99e-01, loss = 7.26e-01, dice = 7.51e-01
2024-05-19 02:53:08.429756 | Iteration 144: similarity = 2.99e-01, loss = 7.25e-01, dice = 7.50e-01
2024-05-19 02:53:09.607145 | Iteration 145: similarity = 2.99e-01, loss = 7.23e-01, dice = 7.51e-01
2024-05-19 02:53:10.781163 | Iteration 146: similarity = 2.99e-01, loss = 7.22e-01, dice = 7.51e-01
2024-05-19 02:53:11.981900 | Iteration 147: similarity = 2.99e-01, loss = 7.20e-01, dice = 7.51e-01
2024-05-19 02:53:13.175777 | Iteration 148: similarity = 2.99e-01, loss = 7.19e-01, dice = 7.52e-01
2024-05-19 02:53:14.357029 | Iteration 149: similarity = 2.99e-01, loss = 7.16e-01, dice = 7.52e-01
2024-05-19 02:53:15.523227 | Iteration 150: similarity = 3.00e-01, loss = 7.15e-01, dice = 7.51e-01
2024-05-19 02:53:16.722538 | Iteration 151: similarity = 3.00e-01, loss = 7.12e-01, dice = 7.51e-01
2024-05-19 02:53:17.907776 | Iteration 152: similarity = 3.01e-01, loss = 7.10e-01, dice = 7.52e-01
2024-05-19 02:53:19.083375 | Iteration 153: similarity = 3.01e-01, loss = 7.08e-01, dice = 7.52e-01
2024-05-19 02:53:20.275830 | Iteration 154: similarity = 3.01e-01, loss = 7.08e-01, dice = 7.53e-01
2024-05-19 02:53:21.466479 | Iteration 155: similarity = 3.02e-01, loss = 7.05e-01, dice = 7.54e-01
2024-05-19 02:53:22.655974 | Iteration 156: similarity = 3.03e-01, loss = 7.03e-01, dice = 7.54e-01
2024-05-19 02:53:23.844207 | Iteration 157: similarity = 3.03e-01, loss = 7.00e-01, dice = 7.54e-01
2024-05-19 02:53:25.038091 | Iteration 158: similarity = 3.03e-01, loss = 6.98e-01, dice = 7.54e-01
2024-05-19 02:53:26.218331 | Iteration 159: similarity = 3.03e-01, loss = 6.97e-01, dice = 7.54e-01
2024-05-19 02:53:27.385520 | Iteration 160: similarity = 3.03e-01, loss = 6.96e-01, dice = 7.54e-01
2024-05-19 02:53:28.563843 | Iteration 161: similarity = 3.04e-01, loss = 6.93e-01, dice = 7.54e-01
2024-05-19 02:53:29.760359 | Iteration 162: similarity = 3.04e-01, loss = 6.92e-01, dice = 7.55e-01
2024-05-19 02:53:30.952041 | Iteration 163: similarity = 3.05e-01, loss = 6.90e-01, dice = 7.55e-01
2024-05-19 02:53:32.139590 | Iteration 164: similarity = 3.05e-01, loss = 6.89e-01, dice = 7.56e-01
2024-05-19 02:53:33.330151 | Iteration 165: similarity = 3.05e-01, loss = 6.88e-01, dice = 7.55e-01
2024-05-19 02:53:34.502344 | Iteration 166: similarity = 3.05e-01, loss = 6.88e-01, dice = 7.55e-01
2024-05-19 02:53:35.682892 | Iteration 167: similarity = 3.06e-01, loss = 6.86e-01, dice = 7.55e-01
2024-05-19 02:53:36.867659 | Iteration 168: similarity = 3.06e-01, loss = 6.84e-01, dice = 7.55e-01
2024-05-19 02:53:38.036352 | Iteration 169: similarity = 3.06e-01, loss = 6.83e-01, dice = 7.56e-01
2024-05-19 02:53:39.222024 | Iteration 170: similarity = 3.06e-01, loss = 6.82e-01, dice = 7.57e-01
2024-05-19 02:53:40.392634 | Iteration 171: similarity = 3.06e-01, loss = 6.80e-01, dice = 7.55e-01
2024-05-19 02:53:41.559459 | Iteration 172: similarity = 3.07e-01, loss = 6.78e-01, dice = 7.56e-01
2024-05-19 02:53:42.734168 | Iteration 173: similarity = 3.07e-01, loss = 6.76e-01, dice = 7.56e-01
2024-05-19 02:53:43.913114 | Iteration 174: similarity = 3.07e-01, loss = 6.75e-01, dice = 7.57e-01
2024-05-19 02:53:45.102353 | Iteration 175: similarity = 3.07e-01, loss = 6.74e-01, dice = 7.57e-01
2024-05-19 02:53:46.281200 | Iteration 176: similarity = 3.07e-01, loss = 6.73e-01, dice = 7.57e-01
2024-05-19 02:53:47.462147 | Iteration 177: similarity = 3.07e-01, loss = 6.72e-01, dice = 7.57e-01
2024-05-19 02:53:48.661990 | Iteration 178: similarity = 3.08e-01, loss = 6.70e-01, dice = 7.57e-01
2024-05-19 02:53:49.846076 | Iteration 179: similarity = 3.07e-01, loss = 6.69e-01, dice = 7.57e-01
2024-05-19 02:53:51.020661 | Iteration 180: similarity = 3.08e-01, loss = 6.68e-01, dice = 7.58e-01
2024-05-19 02:53:52.190693 | Iteration 181: similarity = 3.08e-01, loss = 6.66e-01, dice = 7.58e-01
2024-05-19 02:53:53.371414 | Iteration 182: similarity = 3.08e-01, loss = 6.66e-01, dice = 7.59e-01
2024-05-19 02:53:54.559302 | Iteration 183: similarity = 3.08e-01, loss = 6.63e-01, dice = 7.59e-01
2024-05-19 02:53:55.741196 | Iteration 184: similarity = 3.08e-01, loss = 6.62e-01, dice = 7.59e-01
2024-05-19 02:53:56.918957 | Iteration 185: similarity = 3.08e-01, loss = 6.60e-01, dice = 7.59e-01
2024-05-19 02:53:58.097588 | Iteration 186: similarity = 3.09e-01, loss = 6.58e-01, dice = 7.59e-01
2024-05-19 02:53:59.287699 | Iteration 187: similarity = 3.09e-01, loss = 6.55e-01, dice = 7.59e-01
2024-05-19 02:54:00.463714 | Iteration 188: similarity = 3.10e-01, loss = 6.54e-01, dice = 7.59e-01
2024-05-19 02:54:01.639551 | Iteration 189: similarity = 3.11e-01, loss = 6.51e-01, dice = 7.59e-01
2024-05-19 02:54:02.818228 | Iteration 190: similarity = 3.10e-01, loss = 6.51e-01, dice = 7.59e-01
2024-05-19 02:54:03.995232 | Iteration 191: similarity = 3.10e-01, loss = 6.49e-01, dice = 7.59e-01
2024-05-19 02:54:05.181866 | Iteration 192: similarity = 3.10e-01, loss = 6.48e-01, dice = 7.59e-01
2024-05-19 02:54:06.365953 | Iteration 193: similarity = 3.11e-01, loss = 6.45e-01, dice = 7.60e-01
2024-05-19 02:54:07.562843 | Iteration 194: similarity = 3.11e-01, loss = 6.44e-01, dice = 7.60e-01
2024-05-19 02:54:08.747200 | Iteration 195: similarity = 3.12e-01, loss = 6.41e-01, dice = 7.60e-01
2024-05-19 02:54:09.935011 | Iteration 196: similarity = 3.12e-01, loss = 6.41e-01, dice = 7.60e-01
2024-05-19 02:54:11.117707 | Iteration 197: similarity = 3.12e-01, loss = 6.39e-01, dice = 7.61e-01
2024-05-19 02:54:12.287205 | Iteration 198: similarity = 3.12e-01, loss = 6.38e-01, dice = 7.61e-01
2024-05-19 02:54:13.452664 | Iteration 199: similarity = 3.13e-01, loss = 6.36e-01, dice = 7.62e-01
2024-05-19 02:54:14.633320 | Iteration 200: similarity = 3.13e-01, loss = 6.36e-01, dice = 7.62e-01
2024-05-19 02:54:14.878991 | [scope plot registration results takes 0.2455911636352539s]
2024-05-19 02:54:15.727309 | Validation: HD [8.018148 ± 1.887841], MSD [0.817116 ± 0.160937], DSC [0.715843 ± 0.099556]
2024-05-19 02:54:15.728102 |          => HD [16.594559 ± 0.964850], MSD [0.705605 ± 0.181494], DSC [0.761645 ± 0.088848]
