====================================================================================================
Logging file for python script in Intensity Distribution.Experiment 1 (Anonymous): Exp1_LIC_GASD
.py
| The recreation of Experiment 1: comparison between LIC and GASD. 
Started at 2024-05-19 17:28:29.686578 with command:
> python Exp1_LIC_GASD.py --exp T1_LIC_noise_sig0_01
====================================================================================================

2024-05-19 17:28:31.442087 | Iteration 1: similarity = 1.11e-01, loss = 5.59e+00, dice = 5.93e-01
2024-05-19 17:28:33.130689 | Iteration 2: similarity = 1.33e-01, loss = 4.21e+00, dice = 6.29e-01
2024-05-19 17:28:34.765708 | Iteration 3: similarity = 1.66e-01, loss = 3.48e+00, dice = 6.66e-01
2024-05-19 17:28:36.393478 | Iteration 4: similarity = 1.92e-01, loss = 2.75e+00, dice = 6.97e-01
2024-05-19 17:28:38.014754 | Iteration 5: similarity = 2.05e-01, loss = 2.52e+00, dice = 7.12e-01
2024-05-19 17:28:39.608124 | Iteration 6: similarity = 2.15e-01, loss = 2.26e+00, dice = 7.24e-01
2024-05-19 17:28:41.209856 | Iteration 7: similarity = 2.24e-01, loss = 2.03e+00, dice = 7.34e-01
2024-05-19 17:28:42.860844 | Iteration 8: similarity = 2.31e-01, loss = 1.82e+00, dice = 7.44e-01
2024-05-19 17:28:44.459252 | Iteration 9: similarity = 2.37e-01, loss = 1.64e+00, dice = 7.51e-01
2024-05-19 17:28:46.064732 | Iteration 10: similarity = 2.40e-01, loss = 1.48e+00, dice = 7.57e-01
2024-05-19 17:28:47.689085 | Iteration 11: similarity = 2.43e-01, loss = 1.34e+00, dice = 7.60e-01
2024-05-19 17:28:49.281128 | Iteration 12: similarity = 2.46e-01, loss = 1.22e+00, dice = 7.64e-01
2024-05-19 17:28:50.884350 | Iteration 13: similarity = 2.49e-01, loss = 1.12e+00, dice = 7.68e-01
2024-05-19 17:28:52.497759 | Iteration 14: similarity = 2.51e-01, loss = 1.02e+00, dice = 7.71e-01
2024-05-19 17:28:54.097792 | Iteration 15: similarity = 2.53e-01, loss = 9.31e-01, dice = 7.74e-01
2024-05-19 17:28:55.689320 | Iteration 16: similarity = 2.55e-01, loss = 8.51e-01, dice = 7.76e-01
2024-05-19 17:28:57.288475 | Iteration 17: similarity = 2.57e-01, loss = 7.76e-01, dice = 7.79e-01
2024-05-19 17:28:58.900287 | Iteration 18: similarity = 2.58e-01, loss = 7.08e-01, dice = 7.81e-01
2024-05-19 17:29:00.497973 | Iteration 19: similarity = 2.59e-01, loss = 6.47e-01, dice = 7.84e-01
2024-05-19 17:29:02.078570 | Iteration 20: similarity = 2.61e-01, loss = 5.91e-01, dice = 7.86e-01
2024-05-19 17:29:03.689852 | Iteration 21: similarity = 2.62e-01, loss = 5.41e-01, dice = 7.88e-01
2024-05-19 17:29:05.269250 | Iteration 22: similarity = 2.62e-01, loss = 4.94e-01, dice = 7.91e-01
2024-05-19 17:29:06.869748 | Iteration 23: similarity = 2.63e-01, loss = 4.51e-01, dice = 7.92e-01
2024-05-19 17:29:08.481605 | Iteration 24: similarity = 2.64e-01, loss = 4.12e-01, dice = 7.94e-01
2024-05-19 17:29:10.074394 | Iteration 25: similarity = 2.64e-01, loss = 3.77e-01, dice = 7.96e-01
2024-05-19 17:29:11.657216 | Iteration 26: similarity = 2.64e-01, loss = 3.45e-01, dice = 7.97e-01
2024-05-19 17:29:13.230383 | Iteration 27: similarity = 2.65e-01, loss = 3.17e-01, dice = 7.98e-01
2024-05-19 17:29:14.821408 | Iteration 28: similarity = 2.65e-01, loss = 2.92e-01, dice = 7.99e-01
2024-05-19 17:29:16.401508 | Iteration 29: similarity = 2.65e-01, loss = 2.69e-01, dice = 8.01e-01
2024-05-19 17:29:17.986153 | Iteration 30: similarity = 2.65e-01, loss = 2.50e-01, dice = 8.02e-01
2024-05-19 17:29:19.579873 | Iteration 31: similarity = 2.65e-01, loss = 2.32e-01, dice = 8.03e-01
2024-05-19 17:29:21.169178 | Iteration 32: similarity = 2.66e-01, loss = 2.18e-01, dice = 8.04e-01
2024-05-19 17:29:22.761417 | Iteration 33: similarity = 2.66e-01, loss = 2.05e-01, dice = 8.05e-01
2024-05-19 17:29:24.380351 | Iteration 34: similarity = 2.66e-01, loss = 1.95e-01, dice = 8.06e-01
2024-05-19 17:29:25.965603 | Iteration 35: similarity = 2.66e-01, loss = 1.86e-01, dice = 8.07e-01
2024-05-19 17:29:27.554883 | Iteration 36: similarity = 2.66e-01, loss = 1.80e-01, dice = 8.08e-01
2024-05-19 17:29:29.166242 | Iteration 37: similarity = 2.66e-01, loss = 1.74e-01, dice = 8.08e-01
2024-05-19 17:29:30.754031 | Iteration 38: similarity = 2.66e-01, loss = 1.70e-01, dice = 8.10e-01
2024-05-19 17:29:32.343915 | Iteration 39: similarity = 2.66e-01, loss = 1.67e-01, dice = 8.10e-01
2024-05-19 17:29:33.928818 | Iteration 40: similarity = 2.66e-01, loss = 1.64e-01, dice = 8.12e-01
2024-05-19 17:29:35.525313 | Iteration 41: similarity = 2.66e-01, loss = 1.63e-01, dice = 8.12e-01
2024-05-19 17:29:37.113750 | Iteration 42: similarity = 2.66e-01, loss = 1.61e-01, dice = 8.13e-01
2024-05-19 17:29:38.716961 | Iteration 43: similarity = 2.66e-01, loss = 1.61e-01, dice = 8.14e-01
2024-05-19 17:29:40.317750 | Iteration 44: similarity = 2.66e-01, loss = 1.61e-01, dice = 8.13e-01
2024-05-19 17:29:41.909020 | Iteration 45: similarity = 2.66e-01, loss = 1.62e-01, dice = 8.14e-01
2024-05-19 17:29:43.494096 | Iteration 46: similarity = 2.66e-01, loss = 1.63e-01, dice = 8.15e-01
2024-05-19 17:29:45.100191 | Iteration 47: similarity = 2.67e-01, loss = 1.63e-01, dice = 8.16e-01
2024-05-19 17:29:46.761382 | Iteration 48: similarity = 2.67e-01, loss = 1.64e-01, dice = 8.17e-01
2024-05-19 17:29:48.384257 | Iteration 49: similarity = 2.67e-01, loss = 1.66e-01, dice = 8.16e-01
2024-05-19 17:29:50.002348 | Iteration 50: similarity = 2.67e-01, loss = 1.67e-01, dice = 8.16e-01
2024-05-19 17:29:51.607411 | Iteration 51: similarity = 2.67e-01, loss = 1.69e-01, dice = 8.17e-01
2024-05-19 17:29:53.208447 | Iteration 52: similarity = 2.67e-01, loss = 1.70e-01, dice = 8.18e-01
2024-05-19 17:29:54.805934 | Iteration 53: similarity = 2.67e-01, loss = 1.72e-01, dice = 8.18e-01
2024-05-19 17:29:56.399284 | Iteration 54: similarity = 2.67e-01, loss = 1.74e-01, dice = 8.19e-01
2024-05-19 17:29:57.981266 | Iteration 55: similarity = 2.68e-01, loss = 1.75e-01, dice = 8.19e-01
2024-05-19 17:29:59.570422 | Iteration 56: similarity = 2.68e-01, loss = 1.77e-01, dice = 8.19e-01
2024-05-19 17:30:01.178589 | Iteration 57: similarity = 2.68e-01, loss = 1.79e-01, dice = 8.19e-01
2024-05-19 17:30:02.763851 | Iteration 58: similarity = 2.68e-01, loss = 1.80e-01, dice = 8.20e-01
2024-05-19 17:30:04.345252 | Iteration 59: similarity = 2.68e-01, loss = 1.82e-01, dice = 8.20e-01
2024-05-19 17:30:05.956535 | Iteration 60: similarity = 2.68e-01, loss = 1.84e-01, dice = 8.20e-01
2024-05-19 17:30:07.552717 | Iteration 61: similarity = 2.68e-01, loss = 1.86e-01, dice = 8.20e-01
2024-05-19 17:30:09.138268 | Iteration 62: similarity = 2.68e-01, loss = 1.87e-01, dice = 8.20e-01
2024-05-19 17:30:10.741612 | Iteration 63: similarity = 2.68e-01, loss = 1.89e-01, dice = 8.21e-01
2024-05-19 17:30:12.330677 | Iteration 64: similarity = 2.69e-01, loss = 1.91e-01, dice = 8.21e-01
2024-05-19 17:30:13.923208 | Iteration 65: similarity = 2.69e-01, loss = 1.93e-01, dice = 8.21e-01
2024-05-19 17:30:15.516242 | Iteration 66: similarity = 2.69e-01, loss = 1.95e-01, dice = 8.21e-01
2024-05-19 17:30:17.119266 | Iteration 67: similarity = 2.69e-01, loss = 1.97e-01, dice = 8.21e-01
2024-05-19 17:30:18.719277 | Iteration 68: similarity = 2.69e-01, loss = 1.99e-01, dice = 8.21e-01
2024-05-19 17:30:20.308448 | Iteration 69: similarity = 2.69e-01, loss = 2.01e-01, dice = 8.21e-01
2024-05-19 17:30:21.894346 | Iteration 70: similarity = 2.69e-01, loss = 2.02e-01, dice = 8.21e-01
2024-05-19 17:30:23.481965 | Iteration 71: similarity = 2.69e-01, loss = 2.04e-01, dice = 8.21e-01
2024-05-19 17:30:25.066998 | Iteration 72: similarity = 2.69e-01, loss = 2.06e-01, dice = 8.21e-01
2024-05-19 17:30:26.659006 | Iteration 73: similarity = 2.69e-01, loss = 2.08e-01, dice = 8.22e-01
2024-05-19 17:30:28.269247 | Iteration 74: similarity = 2.69e-01, loss = 2.09e-01, dice = 8.21e-01
2024-05-19 17:30:29.880071 | Iteration 75: similarity = 2.69e-01, loss = 2.11e-01, dice = 8.21e-01
2024-05-19 17:30:31.540399 | Iteration 76: similarity = 2.69e-01, loss = 2.12e-01, dice = 8.22e-01
2024-05-19 17:30:33.179770 | Iteration 77: similarity = 2.69e-01, loss = 2.14e-01, dice = 8.22e-01
2024-05-19 17:30:34.791569 | Iteration 78: similarity = 2.70e-01, loss = 2.15e-01, dice = 8.22e-01
2024-05-19 17:30:36.396091 | Iteration 79: similarity = 2.70e-01, loss = 2.16e-01, dice = 8.22e-01
2024-05-19 17:30:38.016551 | Iteration 80: similarity = 2.70e-01, loss = 2.17e-01, dice = 8.23e-01
2024-05-19 17:30:39.626265 | Iteration 81: similarity = 2.70e-01, loss = 2.19e-01, dice = 8.22e-01
2024-05-19 17:30:41.229877 | Iteration 82: similarity = 2.70e-01, loss = 2.19e-01, dice = 8.22e-01
2024-05-19 17:30:42.849109 | Iteration 83: similarity = 2.70e-01, loss = 2.20e-01, dice = 8.23e-01
2024-05-19 17:30:44.448336 | Iteration 84: similarity = 2.70e-01, loss = 2.21e-01, dice = 8.23e-01
2024-05-19 17:30:46.065273 | Iteration 85: similarity = 2.70e-01, loss = 2.22e-01, dice = 8.22e-01
2024-05-19 17:30:47.715668 | Iteration 86: similarity = 2.70e-01, loss = 2.22e-01, dice = 8.22e-01
2024-05-19 17:30:49.336264 | Iteration 87: similarity = 2.70e-01, loss = 2.24e-01, dice = 8.22e-01
2024-05-19 17:30:50.931603 | Iteration 88: similarity = 2.70e-01, loss = 2.23e-01, dice = 8.23e-01
2024-05-19 17:30:52.551242 | Iteration 89: similarity = 2.70e-01, loss = 2.24e-01, dice = 8.23e-01
2024-05-19 17:30:54.142214 | Iteration 90: similarity = 2.70e-01, loss = 2.24e-01, dice = 8.23e-01
2024-05-19 17:30:55.738488 | Iteration 91: similarity = 2.70e-01, loss = 2.25e-01, dice = 8.23e-01
2024-05-19 17:30:57.344001 | Iteration 92: similarity = 2.70e-01, loss = 2.24e-01, dice = 8.23e-01
2024-05-19 17:30:58.944420 | Iteration 93: similarity = 2.70e-01, loss = 2.25e-01, dice = 8.22e-01
2024-05-19 17:31:00.560651 | Iteration 94: similarity = 2.70e-01, loss = 2.25e-01, dice = 8.23e-01
2024-05-19 17:31:02.175225 | Iteration 95: similarity = 2.70e-01, loss = 2.25e-01, dice = 8.23e-01
2024-05-19 17:31:03.791648 | Iteration 96: similarity = 2.71e-01, loss = 2.24e-01, dice = 8.23e-01
2024-05-19 17:31:05.435090 | Iteration 97: similarity = 2.71e-01, loss = 2.24e-01, dice = 8.23e-01
2024-05-19 17:31:07.020735 | Iteration 98: similarity = 2.71e-01, loss = 2.24e-01, dice = 8.23e-01
2024-05-19 17:31:08.611129 | Iteration 99: similarity = 2.71e-01, loss = 2.24e-01, dice = 8.23e-01
2024-05-19 17:31:10.196133 | Iteration 100: similarity = 2.71e-01, loss = 2.24e-01, dice = 8.23e-01
2024-05-19 17:31:11.796008 | Iteration 101: similarity = 2.71e-01, loss = 2.23e-01, dice = 8.23e-01
2024-05-19 17:31:13.404698 | Iteration 102: similarity = 2.71e-01, loss = 2.23e-01, dice = 8.23e-01
2024-05-19 17:31:14.997992 | Iteration 103: similarity = 2.71e-01, loss = 2.22e-01, dice = 8.23e-01
2024-05-19 17:31:16.596936 | Iteration 104: similarity = 2.71e-01, loss = 2.22e-01, dice = 8.23e-01
2024-05-19 17:31:18.169044 | Iteration 105: similarity = 2.71e-01, loss = 2.21e-01, dice = 8.23e-01
2024-05-19 17:31:19.760405 | Iteration 106: similarity = 2.71e-01, loss = 2.20e-01, dice = 8.23e-01
2024-05-19 17:31:21.368001 | Iteration 107: similarity = 2.71e-01, loss = 2.19e-01, dice = 8.23e-01
2024-05-19 17:31:22.967390 | Iteration 108: similarity = 2.71e-01, loss = 2.19e-01, dice = 8.23e-01
2024-05-19 17:31:24.571856 | Iteration 109: similarity = 2.71e-01, loss = 2.18e-01, dice = 8.23e-01
2024-05-19 17:31:26.152942 | Iteration 110: similarity = 2.71e-01, loss = 2.18e-01, dice = 8.23e-01
2024-05-19 17:31:27.775098 | Iteration 111: similarity = 2.71e-01, loss = 2.16e-01, dice = 8.23e-01
2024-05-19 17:31:29.364613 | Iteration 112: similarity = 2.71e-01, loss = 2.16e-01, dice = 8.23e-01
2024-05-19 17:31:30.957936 | Iteration 113: similarity = 2.71e-01, loss = 2.15e-01, dice = 8.23e-01
2024-05-19 17:31:32.545592 | Iteration 114: similarity = 2.71e-01, loss = 2.14e-01, dice = 8.23e-01
2024-05-19 17:31:34.133112 | Iteration 115: similarity = 2.71e-01, loss = 2.13e-01, dice = 8.23e-01
2024-05-19 17:31:35.706743 | Iteration 116: similarity = 2.71e-01, loss = 2.13e-01, dice = 8.23e-01
2024-05-19 17:31:37.307707 | Iteration 117: similarity = 2.71e-01, loss = 2.11e-01, dice = 8.23e-01
2024-05-19 17:31:38.885467 | Iteration 118: similarity = 2.71e-01, loss = 2.10e-01, dice = 8.24e-01
2024-05-19 17:31:40.481615 | Iteration 119: similarity = 2.71e-01, loss = 2.09e-01, dice = 8.23e-01
2024-05-19 17:31:42.081111 | Iteration 120: similarity = 2.71e-01, loss = 2.09e-01, dice = 8.23e-01
2024-05-19 17:31:43.676967 | Iteration 121: similarity = 2.71e-01, loss = 2.07e-01, dice = 8.23e-01
2024-05-19 17:31:45.271303 | Iteration 122: similarity = 2.71e-01, loss = 2.07e-01, dice = 8.23e-01
2024-05-19 17:31:46.880228 | Iteration 123: similarity = 2.71e-01, loss = 2.05e-01, dice = 8.23e-01
2024-05-19 17:31:48.468444 | Iteration 124: similarity = 2.72e-01, loss = 2.05e-01, dice = 8.24e-01
2024-05-19 17:31:50.077612 | Iteration 125: similarity = 2.72e-01, loss = 2.03e-01, dice = 8.23e-01
2024-05-19 17:31:51.704316 | Iteration 126: similarity = 2.72e-01, loss = 2.03e-01, dice = 8.23e-01
2024-05-19 17:31:53.302589 | Iteration 127: similarity = 2.72e-01, loss = 2.01e-01, dice = 8.24e-01
2024-05-19 17:31:54.887102 | Iteration 128: similarity = 2.72e-01, loss = 2.00e-01, dice = 8.23e-01
2024-05-19 17:31:56.489062 | Iteration 129: similarity = 2.72e-01, loss = 1.99e-01, dice = 8.23e-01
2024-05-19 17:31:58.134751 | Iteration 130: similarity = 2.72e-01, loss = 1.98e-01, dice = 8.23e-01
2024-05-19 17:31:59.793303 | Iteration 131: similarity = 2.72e-01, loss = 1.97e-01, dice = 8.23e-01
2024-05-19 17:32:01.385576 | Iteration 132: similarity = 2.72e-01, loss = 1.96e-01, dice = 8.24e-01
2024-05-19 17:32:02.975004 | Iteration 133: similarity = 2.72e-01, loss = 1.95e-01, dice = 8.24e-01
2024-05-19 17:32:04.580113 | Iteration 134: similarity = 2.72e-01, loss = 1.94e-01, dice = 8.24e-01
2024-05-19 17:32:06.181358 | Iteration 135: similarity = 2.72e-01, loss = 1.93e-01, dice = 8.24e-01
2024-05-19 17:32:07.784199 | Iteration 136: similarity = 2.72e-01, loss = 1.92e-01, dice = 8.24e-01
2024-05-19 17:32:09.436408 | Iteration 137: similarity = 2.72e-01, loss = 1.91e-01, dice = 8.23e-01
2024-05-19 17:32:11.025686 | Iteration 138: similarity = 2.72e-01, loss = 1.90e-01, dice = 8.24e-01
2024-05-19 17:32:12.605401 | Iteration 139: similarity = 2.72e-01, loss = 1.88e-01, dice = 8.24e-01
2024-05-19 17:32:14.187996 | Iteration 140: similarity = 2.72e-01, loss = 1.87e-01, dice = 8.24e-01
2024-05-19 17:32:15.771315 | Iteration 141: similarity = 2.72e-01, loss = 1.86e-01, dice = 8.24e-01
2024-05-19 17:32:17.364085 | Iteration 142: similarity = 2.72e-01, loss = 1.85e-01, dice = 8.24e-01
2024-05-19 17:32:18.953300 | Iteration 143: similarity = 2.72e-01, loss = 1.84e-01, dice = 8.24e-01
2024-05-19 17:32:20.529960 | Iteration 144: similarity = 2.72e-01, loss = 1.83e-01, dice = 8.24e-01
2024-05-19 17:32:22.125050 | Iteration 145: similarity = 2.72e-01, loss = 1.81e-01, dice = 8.24e-01
2024-05-19 17:32:23.734062 | Iteration 146: similarity = 2.72e-01, loss = 1.81e-01, dice = 8.23e-01
2024-05-19 17:32:25.334772 | Iteration 147: similarity = 2.72e-01, loss = 1.79e-01, dice = 8.23e-01
2024-05-19 17:32:26.936947 | Iteration 148: similarity = 2.72e-01, loss = 1.79e-01, dice = 8.24e-01
2024-05-19 17:32:28.540379 | Iteration 149: similarity = 2.72e-01, loss = 1.77e-01, dice = 8.24e-01
2024-05-19 17:32:30.119227 | Iteration 150: similarity = 2.72e-01, loss = 1.76e-01, dice = 8.23e-01
2024-05-19 17:32:31.707773 | Iteration 151: similarity = 2.72e-01, loss = 1.75e-01, dice = 8.24e-01
2024-05-19 17:32:33.291755 | Iteration 152: similarity = 2.72e-01, loss = 1.74e-01, dice = 8.24e-01
2024-05-19 17:32:34.894587 | Iteration 153: similarity = 2.72e-01, loss = 1.73e-01, dice = 8.24e-01
2024-05-19 17:32:36.462814 | Iteration 154: similarity = 2.72e-01, loss = 1.72e-01, dice = 8.24e-01
2024-05-19 17:32:38.023518 | Iteration 155: similarity = 2.72e-01, loss = 1.71e-01, dice = 8.24e-01
2024-05-19 17:32:39.587580 | Iteration 156: similarity = 2.72e-01, loss = 1.70e-01, dice = 8.24e-01
2024-05-19 17:32:41.191337 | Iteration 157: similarity = 2.72e-01, loss = 1.68e-01, dice = 8.24e-01
2024-05-19 17:32:42.801663 | Iteration 158: similarity = 2.72e-01, loss = 1.68e-01, dice = 8.23e-01
2024-05-19 17:32:44.394467 | Iteration 159: similarity = 2.72e-01, loss = 1.66e-01, dice = 8.24e-01
2024-05-19 17:32:45.983731 | Iteration 160: similarity = 2.72e-01, loss = 1.66e-01, dice = 8.24e-01
2024-05-19 17:32:47.579759 | Iteration 161: similarity = 2.72e-01, loss = 1.64e-01, dice = 8.24e-01
2024-05-19 17:32:49.189589 | Iteration 162: similarity = 2.72e-01, loss = 1.64e-01, dice = 8.24e-01
2024-05-19 17:32:50.771845 | Iteration 163: similarity = 2.72e-01, loss = 1.62e-01, dice = 8.24e-01
2024-05-19 17:32:52.361386 | Iteration 164: similarity = 2.72e-01, loss = 1.61e-01, dice = 8.24e-01
2024-05-19 17:32:53.957573 | Iteration 165: similarity = 2.72e-01, loss = 1.60e-01, dice = 8.24e-01
2024-05-19 17:32:55.552120 | Iteration 166: similarity = 2.72e-01, loss = 1.59e-01, dice = 8.24e-01
2024-05-19 17:32:57.155914 | Iteration 167: similarity = 2.72e-01, loss = 1.58e-01, dice = 8.24e-01
2024-05-19 17:32:58.747761 | Iteration 168: similarity = 2.72e-01, loss = 1.57e-01, dice = 8.24e-01
2024-05-19 17:33:00.366276 | Iteration 169: similarity = 2.72e-01, loss = 1.56e-01, dice = 8.24e-01
2024-05-19 17:33:01.981858 | Iteration 170: similarity = 2.72e-01, loss = 1.54e-01, dice = 8.24e-01
2024-05-19 17:33:03.576846 | Iteration 171: similarity = 2.72e-01, loss = 1.53e-01, dice = 8.24e-01
2024-05-19 17:33:05.181547 | Iteration 172: similarity = 2.72e-01, loss = 1.52e-01, dice = 8.25e-01
2024-05-19 17:33:06.777262 | Iteration 173: similarity = 2.72e-01, loss = 1.51e-01, dice = 8.24e-01
2024-05-19 17:33:08.369511 | Iteration 174: similarity = 2.72e-01, loss = 1.50e-01, dice = 8.24e-01
2024-05-19 17:33:09.978341 | Iteration 175: similarity = 2.72e-01, loss = 1.50e-01, dice = 8.24e-01
2024-05-19 17:33:11.578152 | Iteration 176: similarity = 2.72e-01, loss = 1.48e-01, dice = 8.24e-01
2024-05-19 17:33:13.179202 | Iteration 177: similarity = 2.72e-01, loss = 1.48e-01, dice = 8.24e-01
2024-05-19 17:33:14.775091 | Iteration 178: similarity = 2.72e-01, loss = 1.46e-01, dice = 8.24e-01
2024-05-19 17:33:16.378811 | Iteration 179: similarity = 2.72e-01, loss = 1.46e-01, dice = 8.24e-01
2024-05-19 17:33:17.965637 | Iteration 180: similarity = 2.72e-01, loss = 1.44e-01, dice = 8.24e-01
2024-05-19 17:33:19.565215 | Iteration 181: similarity = 2.72e-01, loss = 1.44e-01, dice = 8.24e-01
2024-05-19 17:33:21.142040 | Iteration 182: similarity = 2.72e-01, loss = 1.41e-01, dice = 8.24e-01
2024-05-19 17:33:22.731777 | Iteration 183: similarity = 2.72e-01, loss = 1.42e-01, dice = 8.24e-01
2024-05-19 17:33:24.386684 | Iteration 184: similarity = 2.72e-01, loss = 1.39e-01, dice = 8.24e-01
2024-05-19 17:33:26.033446 | Iteration 185: similarity = 2.72e-01, loss = 1.40e-01, dice = 8.24e-01
2024-05-19 17:33:27.623453 | Iteration 186: similarity = 2.72e-01, loss = 1.37e-01, dice = 8.24e-01
2024-05-19 17:33:29.231244 | Iteration 187: similarity = 2.72e-01, loss = 1.37e-01, dice = 8.25e-01
2024-05-19 17:33:30.887740 | Iteration 188: similarity = 2.72e-01, loss = 1.35e-01, dice = 8.24e-01
2024-05-19 17:33:32.500776 | Iteration 189: similarity = 2.72e-01, loss = 1.35e-01, dice = 8.24e-01
2024-05-19 17:33:34.130105 | Iteration 190: similarity = 2.72e-01, loss = 1.33e-01, dice = 8.24e-01
2024-05-19 17:33:35.713848 | Iteration 191: similarity = 2.72e-01, loss = 1.33e-01, dice = 8.25e-01
2024-05-19 17:33:37.330117 | Iteration 192: similarity = 2.72e-01, loss = 1.31e-01, dice = 8.24e-01
2024-05-19 17:33:38.985303 | Iteration 193: similarity = 2.72e-01, loss = 1.31e-01, dice = 8.24e-01
2024-05-19 17:33:40.606619 | Iteration 194: similarity = 2.72e-01, loss = 1.29e-01, dice = 8.25e-01
2024-05-19 17:33:42.179143 | Iteration 195: similarity = 2.72e-01, loss = 1.29e-01, dice = 8.24e-01
2024-05-19 17:33:43.798711 | Iteration 196: similarity = 2.71e-01, loss = 1.27e-01, dice = 8.24e-01
2024-05-19 17:33:45.395936 | Iteration 197: similarity = 2.71e-01, loss = 1.27e-01, dice = 8.24e-01
2024-05-19 17:33:47.020273 | Iteration 198: similarity = 2.71e-01, loss = 1.25e-01, dice = 8.25e-01
2024-05-19 17:33:48.658490 | Iteration 199: similarity = 2.71e-01, loss = 1.25e-01, dice = 8.25e-01
2024-05-19 17:33:50.258591 | Iteration 200: similarity = 2.71e-01, loss = 1.23e-01, dice = 8.24e-01
2024-05-19 17:33:50.504262 | [scope plot registration results takes 0.24559402465820312s]
2024-05-19 17:33:51.343908 | Validation: HD [8.018148 ± 1.887841], MSD [0.817116 ± 0.160937], DSC [0.715843 ± 0.099556]
2024-05-19 17:33:51.344634 |          => HD [7.909378 ± 2.482459], MSD [0.502289 ± 0.146625], DSC [0.824159 ± 0.076337]
