====================================================================================================
Logging file for python script in Intensity Distribution.Experiment 1 (Anonymous): Exp1_LIC_GASD
_same_modality.py
| The recreation of Experiment 1: comparison between LIC and GASD. 
Started at 2024-05-21 16:05:44.911780 with command:
> python Exp1_LIC_GASD_same_modality.py --exp T4_LIC
====================================================================================================

2024-05-21 16:05:46.689455 | Iteration 1: similarity = 1.11e-01, loss = 5.59e+00, dice = 5.93e-01
2024-05-21 16:05:48.327609 | Iteration 2: similarity = 1.45e-01, loss = 4.18e+00, dice = 6.35e-01
2024-05-21 16:05:49.950058 | Iteration 3: similarity = 1.84e-01, loss = 3.44e+00, dice = 6.80e-01
2024-05-21 16:05:51.569853 | Iteration 4: similarity = 2.14e-01, loss = 2.70e+00, dice = 7.14e-01
2024-05-21 16:05:53.202160 | Iteration 5: similarity = 2.29e-01, loss = 2.47e+00, dice = 7.33e-01
2024-05-21 16:05:54.855262 | Iteration 6: similarity = 2.39e-01, loss = 2.22e+00, dice = 7.44e-01
2024-05-21 16:05:56.509622 | Iteration 7: similarity = 2.48e-01, loss = 1.98e+00, dice = 7.56e-01
2024-05-21 16:05:58.154172 | Iteration 8: similarity = 2.54e-01, loss = 1.78e+00, dice = 7.67e-01
2024-05-21 16:05:59.810128 | Iteration 9: similarity = 2.59e-01, loss = 1.59e+00, dice = 7.74e-01
2024-05-21 16:06:01.431794 | Iteration 10: similarity = 2.63e-01, loss = 1.43e+00, dice = 7.81e-01
2024-05-21 16:06:03.074286 | Iteration 11: similarity = 2.66e-01, loss = 1.30e+00, dice = 7.88e-01
2024-05-21 16:06:04.677792 | Iteration 12: similarity = 2.69e-01, loss = 1.18e+00, dice = 7.93e-01
2024-05-21 16:06:06.293959 | Iteration 13: similarity = 2.71e-01, loss = 1.07e+00, dice = 7.98e-01
2024-05-21 16:06:07.945465 | Iteration 14: similarity = 2.74e-01, loss = 9.75e-01, dice = 8.02e-01
2024-05-21 16:06:09.560385 | Iteration 15: similarity = 2.76e-01, loss = 8.87e-01, dice = 8.06e-01
2024-05-21 16:06:11.182189 | Iteration 16: similarity = 2.78e-01, loss = 8.06e-01, dice = 8.10e-01
2024-05-21 16:06:12.846536 | Iteration 17: similarity = 2.79e-01, loss = 7.32e-01, dice = 8.14e-01
2024-05-21 16:06:14.466416 | Iteration 18: similarity = 2.81e-01, loss = 6.63e-01, dice = 8.17e-01
2024-05-21 16:06:16.085166 | Iteration 19: similarity = 2.82e-01, loss = 6.02e-01, dice = 8.20e-01
2024-05-21 16:06:17.752411 | Iteration 20: similarity = 2.83e-01, loss = 5.47e-01, dice = 8.22e-01
2024-05-21 16:06:19.376713 | Iteration 21: similarity = 2.84e-01, loss = 4.96e-01, dice = 8.25e-01
2024-05-21 16:06:21.025807 | Iteration 22: similarity = 2.85e-01, loss = 4.49e-01, dice = 8.28e-01
2024-05-21 16:06:22.654604 | Iteration 23: similarity = 2.86e-01, loss = 4.07e-01, dice = 8.30e-01
2024-05-21 16:06:24.297882 | Iteration 24: similarity = 2.87e-01, loss = 3.67e-01, dice = 8.33e-01
2024-05-21 16:06:25.924474 | Iteration 25: similarity = 2.87e-01, loss = 3.32e-01, dice = 8.35e-01
2024-05-21 16:06:27.572703 | Iteration 26: similarity = 2.88e-01, loss = 3.02e-01, dice = 8.36e-01
2024-05-21 16:06:29.237508 | Iteration 27: similarity = 2.88e-01, loss = 2.73e-01, dice = 8.38e-01
2024-05-21 16:06:30.869166 | Iteration 28: similarity = 2.89e-01, loss = 2.48e-01, dice = 8.40e-01
2024-05-21 16:06:32.512597 | Iteration 29: similarity = 2.89e-01, loss = 2.26e-01, dice = 8.42e-01
2024-05-21 16:06:34.152894 | Iteration 30: similarity = 2.89e-01, loss = 2.07e-01, dice = 8.44e-01
2024-05-21 16:06:35.815443 | Iteration 31: similarity = 2.90e-01, loss = 1.90e-01, dice = 8.46e-01
2024-05-21 16:06:37.454973 | Iteration 32: similarity = 2.90e-01, loss = 1.76e-01, dice = 8.47e-01
2024-05-21 16:06:39.122276 | Iteration 33: similarity = 2.90e-01, loss = 1.65e-01, dice = 8.49e-01
2024-05-21 16:06:40.738099 | Iteration 34: similarity = 2.90e-01, loss = 1.55e-01, dice = 8.50e-01
2024-05-21 16:06:42.380091 | Iteration 35: similarity = 2.90e-01, loss = 1.47e-01, dice = 8.53e-01
2024-05-21 16:06:44.029123 | Iteration 36: similarity = 2.90e-01, loss = 1.41e-01, dice = 8.54e-01
2024-05-21 16:06:45.649544 | Iteration 37: similarity = 2.91e-01, loss = 1.36e-01, dice = 8.55e-01
2024-05-21 16:06:47.266543 | Iteration 38: similarity = 2.91e-01, loss = 1.33e-01, dice = 8.56e-01
2024-05-21 16:06:48.901820 | Iteration 39: similarity = 2.91e-01, loss = 1.30e-01, dice = 8.58e-01
2024-05-21 16:06:50.524858 | Iteration 40: similarity = 2.91e-01, loss = 1.28e-01, dice = 8.59e-01
2024-05-21 16:06:52.149631 | Iteration 41: similarity = 2.91e-01, loss = 1.27e-01, dice = 8.60e-01
2024-05-21 16:06:53.768884 | Iteration 42: similarity = 2.91e-01, loss = 1.27e-01, dice = 8.61e-01
2024-05-21 16:06:55.406461 | Iteration 43: similarity = 2.92e-01, loss = 1.26e-01, dice = 8.62e-01
2024-05-21 16:06:57.028844 | Iteration 44: similarity = 2.92e-01, loss = 1.28e-01, dice = 8.63e-01
2024-05-21 16:06:58.644099 | Iteration 45: similarity = 2.92e-01, loss = 1.28e-01, dice = 8.65e-01
2024-05-21 16:07:00.241313 | Iteration 46: similarity = 2.92e-01, loss = 1.30e-01, dice = 8.66e-01
2024-05-21 16:07:01.852086 | Iteration 47: similarity = 2.92e-01, loss = 1.31e-01, dice = 8.66e-01
2024-05-21 16:07:03.455331 | Iteration 48: similarity = 2.92e-01, loss = 1.33e-01, dice = 8.67e-01
2024-05-21 16:07:05.052612 | Iteration 49: similarity = 2.92e-01, loss = 1.35e-01, dice = 8.68e-01
2024-05-21 16:07:06.651598 | Iteration 50: similarity = 2.92e-01, loss = 1.37e-01, dice = 8.69e-01
2024-05-21 16:07:08.273821 | Iteration 51: similarity = 2.92e-01, loss = 1.39e-01, dice = 8.70e-01
2024-05-21 16:07:09.882292 | Iteration 52: similarity = 2.92e-01, loss = 1.41e-01, dice = 8.70e-01
2024-05-21 16:07:11.522965 | Iteration 53: similarity = 2.93e-01, loss = 1.44e-01, dice = 8.71e-01
2024-05-21 16:07:13.158527 | Iteration 54: similarity = 2.93e-01, loss = 1.46e-01, dice = 8.72e-01
2024-05-21 16:07:14.883335 | Iteration 55: similarity = 2.93e-01, loss = 1.49e-01, dice = 8.72e-01
2024-05-21 16:07:16.524123 | Iteration 56: similarity = 2.93e-01, loss = 1.51e-01, dice = 8.73e-01
2024-05-21 16:07:18.190758 | Iteration 57: similarity = 2.93e-01, loss = 1.53e-01, dice = 8.73e-01
2024-05-21 16:07:19.826974 | Iteration 58: similarity = 2.93e-01, loss = 1.56e-01, dice = 8.74e-01
2024-05-21 16:07:21.430795 | Iteration 59: similarity = 2.93e-01, loss = 1.58e-01, dice = 8.74e-01
2024-05-21 16:07:23.056539 | Iteration 60: similarity = 2.93e-01, loss = 1.61e-01, dice = 8.75e-01
2024-05-21 16:07:24.688996 | Iteration 61: similarity = 2.93e-01, loss = 1.63e-01, dice = 8.75e-01
2024-05-21 16:07:26.282197 | Iteration 62: similarity = 2.93e-01, loss = 1.66e-01, dice = 8.76e-01
2024-05-21 16:07:27.902304 | Iteration 63: similarity = 2.93e-01, loss = 1.68e-01, dice = 8.75e-01
2024-05-21 16:07:29.534352 | Iteration 64: similarity = 2.93e-01, loss = 1.71e-01, dice = 8.76e-01
2024-05-21 16:07:31.151934 | Iteration 65: similarity = 2.93e-01, loss = 1.74e-01, dice = 8.76e-01
2024-05-21 16:07:32.745731 | Iteration 66: similarity = 2.93e-01, loss = 1.76e-01, dice = 8.76e-01
2024-05-21 16:07:34.352912 | Iteration 67: similarity = 2.93e-01, loss = 1.79e-01, dice = 8.76e-01
2024-05-21 16:07:35.949044 | Iteration 68: similarity = 2.93e-01, loss = 1.81e-01, dice = 8.77e-01
2024-05-21 16:07:37.574282 | Iteration 69: similarity = 2.94e-01, loss = 1.84e-01, dice = 8.77e-01
2024-05-21 16:07:39.174757 | Iteration 70: similarity = 2.94e-01, loss = 1.86e-01, dice = 8.78e-01
2024-05-21 16:07:40.781914 | Iteration 71: similarity = 2.94e-01, loss = 1.88e-01, dice = 8.78e-01
2024-05-21 16:07:42.383217 | Iteration 72: similarity = 2.94e-01, loss = 1.91e-01, dice = 8.78e-01
2024-05-21 16:07:44.000612 | Iteration 73: similarity = 2.94e-01, loss = 1.93e-01, dice = 8.78e-01
2024-05-21 16:07:45.608733 | Iteration 74: similarity = 2.94e-01, loss = 1.95e-01, dice = 8.78e-01
2024-05-21 16:07:47.244495 | Iteration 75: similarity = 2.94e-01, loss = 1.98e-01, dice = 8.79e-01
2024-05-21 16:07:48.856170 | Iteration 76: similarity = 2.94e-01, loss = 1.99e-01, dice = 8.79e-01
2024-05-21 16:07:50.461071 | Iteration 77: similarity = 2.94e-01, loss = 2.02e-01, dice = 8.79e-01
2024-05-21 16:07:52.077881 | Iteration 78: similarity = 2.94e-01, loss = 2.03e-01, dice = 8.79e-01
2024-05-21 16:07:53.698118 | Iteration 79: similarity = 2.94e-01, loss = 2.05e-01, dice = 8.79e-01
2024-05-21 16:07:55.316497 | Iteration 80: similarity = 2.94e-01, loss = 2.07e-01, dice = 8.79e-01
2024-05-21 16:07:56.934963 | Iteration 81: similarity = 2.94e-01, loss = 2.08e-01, dice = 8.79e-01
2024-05-21 16:07:58.537708 | Iteration 82: similarity = 2.94e-01, loss = 2.09e-01, dice = 8.79e-01
2024-05-21 16:08:00.146724 | Iteration 83: similarity = 2.94e-01, loss = 2.11e-01, dice = 8.79e-01
2024-05-21 16:08:01.758231 | Iteration 84: similarity = 2.94e-01, loss = 2.12e-01, dice = 8.80e-01
2024-05-21 16:08:03.363368 | Iteration 85: similarity = 2.94e-01, loss = 2.13e-01, dice = 8.80e-01
2024-05-21 16:08:04.948205 | Iteration 86: similarity = 2.94e-01, loss = 2.14e-01, dice = 8.79e-01
2024-05-21 16:08:06.570328 | Iteration 87: similarity = 2.94e-01, loss = 2.15e-01, dice = 8.80e-01
2024-05-21 16:08:08.180170 | Iteration 88: similarity = 2.94e-01, loss = 2.16e-01, dice = 8.81e-01
2024-05-21 16:08:09.795446 | Iteration 89: similarity = 2.94e-01, loss = 2.16e-01, dice = 8.80e-01
2024-05-21 16:08:11.424610 | Iteration 90: similarity = 2.94e-01, loss = 2.17e-01, dice = 8.80e-01
2024-05-21 16:08:13.046035 | Iteration 91: similarity = 2.94e-01, loss = 2.17e-01, dice = 8.80e-01
2024-05-21 16:08:14.675716 | Iteration 92: similarity = 2.94e-01, loss = 2.18e-01, dice = 8.81e-01
2024-05-21 16:08:16.285358 | Iteration 93: similarity = 2.94e-01, loss = 2.18e-01, dice = 8.80e-01
2024-05-21 16:08:17.886717 | Iteration 94: similarity = 2.94e-01, loss = 2.18e-01, dice = 8.81e-01
2024-05-21 16:08:19.494076 | Iteration 95: similarity = 2.94e-01, loss = 2.18e-01, dice = 8.81e-01
2024-05-21 16:08:21.108978 | Iteration 96: similarity = 2.95e-01, loss = 2.18e-01, dice = 8.81e-01
2024-05-21 16:08:22.742178 | Iteration 97: similarity = 2.95e-01, loss = 2.18e-01, dice = 8.81e-01
2024-05-21 16:08:24.348432 | Iteration 98: similarity = 2.95e-01, loss = 2.18e-01, dice = 8.81e-01
2024-05-21 16:08:25.943063 | Iteration 99: similarity = 2.95e-01, loss = 2.18e-01, dice = 8.81e-01
2024-05-21 16:08:27.561162 | Iteration 100: similarity = 2.95e-01, loss = 2.18e-01, dice = 8.81e-01
2024-05-21 16:08:29.178989 | Iteration 101: similarity = 2.95e-01, loss = 2.17e-01, dice = 8.81e-01
2024-05-21 16:08:30.794778 | Iteration 102: similarity = 2.95e-01, loss = 2.17e-01, dice = 8.82e-01
2024-05-21 16:08:32.418299 | Iteration 103: similarity = 2.95e-01, loss = 2.16e-01, dice = 8.81e-01
2024-05-21 16:08:34.018810 | Iteration 104: similarity = 2.95e-01, loss = 2.16e-01, dice = 8.81e-01
2024-05-21 16:08:35.621268 | Iteration 105: similarity = 2.95e-01, loss = 2.16e-01, dice = 8.81e-01
2024-05-21 16:08:37.234731 | Iteration 106: similarity = 2.95e-01, loss = 2.15e-01, dice = 8.82e-01
2024-05-21 16:08:38.845490 | Iteration 107: similarity = 2.95e-01, loss = 2.14e-01, dice = 8.82e-01
2024-05-21 16:08:40.447943 | Iteration 108: similarity = 2.95e-01, loss = 2.14e-01, dice = 8.81e-01
2024-05-21 16:08:42.072029 | Iteration 109: similarity = 2.95e-01, loss = 2.13e-01, dice = 8.82e-01
2024-05-21 16:08:43.675401 | Iteration 110: similarity = 2.95e-01, loss = 2.12e-01, dice = 8.82e-01
2024-05-21 16:08:45.266091 | Iteration 111: similarity = 2.95e-01, loss = 2.11e-01, dice = 8.81e-01
2024-05-21 16:08:46.838334 | Iteration 112: similarity = 2.95e-01, loss = 2.11e-01, dice = 8.82e-01
2024-05-21 16:08:48.410100 | Iteration 113: similarity = 2.95e-01, loss = 2.10e-01, dice = 8.82e-01
2024-05-21 16:08:50.007707 | Iteration 114: similarity = 2.95e-01, loss = 2.09e-01, dice = 8.82e-01
2024-05-21 16:08:51.627341 | Iteration 115: similarity = 2.95e-01, loss = 2.08e-01, dice = 8.82e-01
2024-05-21 16:08:53.226831 | Iteration 116: similarity = 2.95e-01, loss = 2.07e-01, dice = 8.82e-01
2024-05-21 16:08:54.832700 | Iteration 117: similarity = 2.95e-01, loss = 2.06e-01, dice = 8.82e-01
2024-05-21 16:08:56.440948 | Iteration 118: similarity = 2.95e-01, loss = 2.05e-01, dice = 8.82e-01
2024-05-21 16:08:58.034011 | Iteration 119: similarity = 2.95e-01, loss = 2.04e-01, dice = 8.82e-01
2024-05-21 16:08:59.618146 | Iteration 120: similarity = 2.95e-01, loss = 2.03e-01, dice = 8.83e-01
2024-05-21 16:09:01.199540 | Iteration 121: similarity = 2.95e-01, loss = 2.01e-01, dice = 8.83e-01
2024-05-21 16:09:02.793142 | Iteration 122: similarity = 2.95e-01, loss = 2.01e-01, dice = 8.82e-01
2024-05-21 16:09:04.403677 | Iteration 123: similarity = 2.95e-01, loss = 1.99e-01, dice = 8.82e-01
2024-05-21 16:09:05.979812 | Iteration 124: similarity = 2.95e-01, loss = 1.99e-01, dice = 8.83e-01
2024-05-21 16:09:07.568600 | Iteration 125: similarity = 2.95e-01, loss = 1.97e-01, dice = 8.83e-01
2024-05-21 16:09:09.185005 | Iteration 126: similarity = 2.95e-01, loss = 1.96e-01, dice = 8.83e-01
2024-05-21 16:09:10.800465 | Iteration 127: similarity = 2.95e-01, loss = 1.95e-01, dice = 8.83e-01
2024-05-21 16:09:12.411349 | Iteration 128: similarity = 2.95e-01, loss = 1.95e-01, dice = 8.83e-01
2024-05-21 16:09:14.036059 | Iteration 129: similarity = 2.95e-01, loss = 1.92e-01, dice = 8.83e-01
2024-05-21 16:09:15.651068 | Iteration 130: similarity = 2.95e-01, loss = 1.92e-01, dice = 8.83e-01
2024-05-21 16:09:17.254263 | Iteration 131: similarity = 2.95e-01, loss = 1.90e-01, dice = 8.83e-01
2024-05-21 16:09:18.889843 | Iteration 132: similarity = 2.95e-01, loss = 1.90e-01, dice = 8.83e-01
2024-05-21 16:09:20.517105 | Iteration 133: similarity = 2.95e-01, loss = 1.87e-01, dice = 8.82e-01
2024-05-21 16:09:22.120491 | Iteration 134: similarity = 2.95e-01, loss = 1.87e-01, dice = 8.82e-01
2024-05-21 16:09:23.742907 | Iteration 135: similarity = 2.95e-01, loss = 1.85e-01, dice = 8.83e-01
2024-05-21 16:09:25.357121 | Iteration 136: similarity = 2.95e-01, loss = 1.85e-01, dice = 8.83e-01
2024-05-21 16:09:26.968207 | Iteration 137: similarity = 2.95e-01, loss = 1.82e-01, dice = 8.83e-01
2024-05-21 16:09:28.563998 | Iteration 138: similarity = 2.95e-01, loss = 1.82e-01, dice = 8.83e-01
2024-05-21 16:09:30.175468 | Iteration 139: similarity = 2.95e-01, loss = 1.80e-01, dice = 8.83e-01
2024-05-21 16:09:31.778074 | Iteration 140: similarity = 2.95e-01, loss = 1.80e-01, dice = 8.84e-01
2024-05-21 16:09:33.386342 | Iteration 141: similarity = 2.95e-01, loss = 1.77e-01, dice = 8.83e-01
2024-05-21 16:09:34.991932 | Iteration 142: similarity = 2.95e-01, loss = 1.77e-01, dice = 8.83e-01
2024-05-21 16:09:36.598008 | Iteration 143: similarity = 2.95e-01, loss = 1.75e-01, dice = 8.83e-01
2024-05-21 16:09:38.199715 | Iteration 144: similarity = 2.95e-01, loss = 1.74e-01, dice = 8.84e-01
2024-05-21 16:09:39.802786 | Iteration 145: similarity = 2.96e-01, loss = 1.72e-01, dice = 8.83e-01
2024-05-21 16:09:41.397344 | Iteration 146: similarity = 2.96e-01, loss = 1.72e-01, dice = 8.83e-01
2024-05-21 16:09:43.035030 | Iteration 147: similarity = 2.96e-01, loss = 1.70e-01, dice = 8.84e-01
2024-05-21 16:09:44.659598 | Iteration 148: similarity = 2.96e-01, loss = 1.69e-01, dice = 8.84e-01
2024-05-21 16:09:46.277377 | Iteration 149: similarity = 2.96e-01, loss = 1.67e-01, dice = 8.84e-01
2024-05-21 16:09:47.881532 | Iteration 150: similarity = 2.96e-01, loss = 1.67e-01, dice = 8.83e-01
2024-05-21 16:09:49.467624 | Iteration 151: similarity = 2.96e-01, loss = 1.64e-01, dice = 8.84e-01
2024-05-21 16:09:51.080582 | Iteration 152: similarity = 2.96e-01, loss = 1.64e-01, dice = 8.84e-01
2024-05-21 16:09:52.695261 | Iteration 153: similarity = 2.96e-01, loss = 1.62e-01, dice = 8.83e-01
2024-05-21 16:09:54.297541 | Iteration 154: similarity = 2.96e-01, loss = 1.61e-01, dice = 8.83e-01
2024-05-21 16:09:55.910025 | Iteration 155: similarity = 2.96e-01, loss = 1.59e-01, dice = 8.84e-01
2024-05-21 16:09:57.521784 | Iteration 156: similarity = 2.96e-01, loss = 1.59e-01, dice = 8.84e-01
2024-05-21 16:09:59.127387 | Iteration 157: similarity = 2.96e-01, loss = 1.56e-01, dice = 8.84e-01
2024-05-21 16:10:00.737372 | Iteration 158: similarity = 2.96e-01, loss = 1.56e-01, dice = 8.84e-01
2024-05-21 16:10:02.338469 | Iteration 159: similarity = 2.96e-01, loss = 1.54e-01, dice = 8.84e-01
2024-05-21 16:10:03.944716 | Iteration 160: similarity = 2.96e-01, loss = 1.54e-01, dice = 8.84e-01
2024-05-21 16:10:05.531591 | Iteration 161: similarity = 2.96e-01, loss = 1.51e-01, dice = 8.83e-01
2024-05-21 16:10:07.142617 | Iteration 162: similarity = 2.96e-01, loss = 1.51e-01, dice = 8.83e-01
2024-05-21 16:10:08.747401 | Iteration 163: similarity = 2.96e-01, loss = 1.49e-01, dice = 8.84e-01
2024-05-21 16:10:10.355650 | Iteration 164: similarity = 2.96e-01, loss = 1.48e-01, dice = 8.84e-01
2024-05-21 16:10:11.961005 | Iteration 165: similarity = 2.96e-01, loss = 1.46e-01, dice = 8.83e-01
2024-05-21 16:10:13.562784 | Iteration 166: similarity = 2.96e-01, loss = 1.46e-01, dice = 8.83e-01
2024-05-21 16:10:15.153057 | Iteration 167: similarity = 2.96e-01, loss = 1.43e-01, dice = 8.84e-01
2024-05-21 16:10:16.760547 | Iteration 168: similarity = 2.96e-01, loss = 1.43e-01, dice = 8.84e-01
2024-05-21 16:10:18.359153 | Iteration 169: similarity = 2.96e-01, loss = 1.41e-01, dice = 8.83e-01
2024-05-21 16:10:19.966074 | Iteration 170: similarity = 2.96e-01, loss = 1.40e-01, dice = 8.83e-01
2024-05-21 16:10:21.572604 | Iteration 171: similarity = 2.96e-01, loss = 1.38e-01, dice = 8.84e-01
2024-05-21 16:10:23.170597 | Iteration 172: similarity = 2.96e-01, loss = 1.38e-01, dice = 8.83e-01
2024-05-21 16:10:24.768886 | Iteration 173: similarity = 2.96e-01, loss = 1.36e-01, dice = 8.83e-01
2024-05-21 16:10:26.364101 | Iteration 174: similarity = 2.96e-01, loss = 1.35e-01, dice = 8.84e-01
2024-05-21 16:10:27.979486 | Iteration 175: similarity = 2.96e-01, loss = 1.33e-01, dice = 8.84e-01
2024-05-21 16:10:29.569492 | Iteration 176: similarity = 2.96e-01, loss = 1.33e-01, dice = 8.84e-01
2024-05-21 16:10:31.179932 | Iteration 177: similarity = 2.96e-01, loss = 1.31e-01, dice = 8.83e-01
2024-05-21 16:10:32.808712 | Iteration 178: similarity = 2.96e-01, loss = 1.30e-01, dice = 8.84e-01
2024-05-21 16:10:34.433747 | Iteration 179: similarity = 2.96e-01, loss = 1.28e-01, dice = 8.84e-01
2024-05-21 16:10:36.051860 | Iteration 180: similarity = 2.96e-01, loss = 1.28e-01, dice = 8.83e-01
2024-05-21 16:10:37.678406 | Iteration 181: similarity = 2.96e-01, loss = 1.26e-01, dice = 8.83e-01
2024-05-21 16:10:39.301179 | Iteration 182: similarity = 2.95e-01, loss = 1.25e-01, dice = 8.84e-01
2024-05-21 16:10:40.914764 | Iteration 183: similarity = 2.95e-01, loss = 1.23e-01, dice = 8.84e-01
2024-05-21 16:10:42.538903 | Iteration 184: similarity = 2.95e-01, loss = 1.23e-01, dice = 8.84e-01
2024-05-21 16:10:44.168560 | Iteration 185: similarity = 2.95e-01, loss = 1.21e-01, dice = 8.83e-01
2024-05-21 16:10:45.792030 | Iteration 186: similarity = 2.95e-01, loss = 1.20e-01, dice = 8.84e-01
2024-05-21 16:10:47.382572 | Iteration 187: similarity = 2.95e-01, loss = 1.18e-01, dice = 8.84e-01
2024-05-21 16:10:49.013424 | Iteration 188: similarity = 2.95e-01, loss = 1.18e-01, dice = 8.83e-01
2024-05-21 16:10:50.628037 | Iteration 189: similarity = 2.95e-01, loss = 1.16e-01, dice = 8.84e-01
2024-05-21 16:10:52.224462 | Iteration 190: similarity = 2.95e-01, loss = 1.15e-01, dice = 8.83e-01
2024-05-21 16:10:53.842614 | Iteration 191: similarity = 2.95e-01, loss = 1.13e-01, dice = 8.84e-01
2024-05-21 16:10:55.460671 | Iteration 192: similarity = 2.95e-01, loss = 1.13e-01, dice = 8.83e-01
2024-05-21 16:10:57.053511 | Iteration 193: similarity = 2.95e-01, loss = 1.11e-01, dice = 8.83e-01
2024-05-21 16:10:58.659395 | Iteration 194: similarity = 2.95e-01, loss = 1.11e-01, dice = 8.84e-01
2024-05-21 16:11:00.252494 | Iteration 195: similarity = 2.95e-01, loss = 1.09e-01, dice = 8.83e-01
2024-05-21 16:11:01.859032 | Iteration 196: similarity = 2.95e-01, loss = 1.08e-01, dice = 8.83e-01
2024-05-21 16:11:03.467994 | Iteration 197: similarity = 2.95e-01, loss = 1.07e-01, dice = 8.84e-01
2024-05-21 16:11:05.064438 | Iteration 198: similarity = 2.95e-01, loss = 1.06e-01, dice = 8.84e-01
2024-05-21 16:11:06.650913 | Iteration 199: similarity = 2.95e-01, loss = 1.04e-01, dice = 8.83e-01
2024-05-21 16:11:08.253305 | Iteration 200: similarity = 2.95e-01, loss = 1.03e-01, dice = 8.83e-01
2024-05-21 16:11:08.495717 | [scope plot registration results takes 0.24232101440429688s]
2024-05-21 16:11:09.362943 | Validation: HD [8.018148 ± 1.887841], MSD [0.817116 ± 0.160937], DSC [0.715843 ± 0.099556]
2024-05-21 16:11:09.363668 |          => HD [7.610430 ± 2.263193], MSD [0.325854 ± 0.060042], DSC [0.883378 ± 0.040468]
