====================================================================================================
Logging file for python script in Intensity Distribution.Experiment 1 (Anonymous): Exp1_LIC_GASD
.py
| The recreation of Experiment 1: comparison between LIC and GASD. 
Started at 2024-05-19 12:36:43.728450 with command:
> python Exp1_LIC_GASD.py --exp T1_CTr_LIC_sig10
====================================================================================================

2024-05-19 12:36:45.759046 | Iteration 1: similarity = 1.64e-01, loss = 5.54e+00, dice = 5.93e-01
2024-05-19 12:36:47.667740 | Iteration 2: similarity = 1.78e-01, loss = 4.19e+00, dice = 6.18e-01
2024-05-19 12:36:49.561437 | Iteration 3: similarity = 1.99e-01, loss = 3.48e+00, dice = 6.39e-01
2024-05-19 12:36:51.462353 | Iteration 4: similarity = 2.22e-01, loss = 2.76e+00, dice = 6.61e-01
2024-05-19 12:36:53.351506 | Iteration 5: similarity = 2.38e-01, loss = 2.52e+00, dice = 6.73e-01
2024-05-19 12:36:55.223189 | Iteration 6: similarity = 2.56e-01, loss = 2.26e+00, dice = 6.83e-01
2024-05-19 12:36:57.110484 | Iteration 7: similarity = 2.70e-01, loss = 2.02e+00, dice = 6.92e-01
2024-05-19 12:36:58.989541 | Iteration 8: similarity = 2.83e-01, loss = 1.81e+00, dice = 7.00e-01
2024-05-19 12:37:00.866710 | Iteration 9: similarity = 2.95e-01, loss = 1.62e+00, dice = 7.07e-01
2024-05-19 12:37:02.747549 | Iteration 10: similarity = 3.05e-01, loss = 1.46e+00, dice = 7.10e-01
2024-05-19 12:37:04.614295 | Iteration 11: similarity = 3.14e-01, loss = 1.32e+00, dice = 7.16e-01
2024-05-19 12:37:06.500766 | Iteration 12: similarity = 3.22e-01, loss = 1.20e+00, dice = 7.21e-01
2024-05-19 12:37:08.399693 | Iteration 13: similarity = 3.29e-01, loss = 1.09e+00, dice = 7.24e-01
2024-05-19 12:37:10.309232 | Iteration 14: similarity = 3.35e-01, loss = 9.86e-01, dice = 7.27e-01
2024-05-19 12:37:12.205810 | Iteration 15: similarity = 3.40e-01, loss = 8.95e-01, dice = 7.30e-01
2024-05-19 12:37:14.078497 | Iteration 16: similarity = 3.44e-01, loss = 8.12e-01, dice = 7.33e-01
2024-05-19 12:37:15.963852 | Iteration 17: similarity = 3.49e-01, loss = 7.36e-01, dice = 7.36e-01
2024-05-19 12:37:17.849305 | Iteration 18: similarity = 3.53e-01, loss = 6.63e-01, dice = 7.39e-01
2024-05-19 12:37:19.732754 | Iteration 19: similarity = 3.57e-01, loss = 5.99e-01, dice = 7.41e-01
2024-05-19 12:37:21.614140 | Iteration 20: similarity = 3.61e-01, loss = 5.41e-01, dice = 7.44e-01
2024-05-19 12:37:23.510767 | Iteration 21: similarity = 3.64e-01, loss = 4.87e-01, dice = 7.46e-01
2024-05-19 12:37:25.382170 | Iteration 22: similarity = 3.68e-01, loss = 4.37e-01, dice = 7.48e-01
2024-05-19 12:37:27.260428 | Iteration 23: similarity = 3.71e-01, loss = 3.91e-01, dice = 7.50e-01
2024-05-19 12:37:29.131610 | Iteration 24: similarity = 3.74e-01, loss = 3.50e-01, dice = 7.52e-01
2024-05-19 12:37:31.038166 | Iteration 25: similarity = 3.77e-01, loss = 3.11e-01, dice = 7.53e-01
2024-05-19 12:37:32.932296 | Iteration 26: similarity = 3.79e-01, loss = 2.77e-01, dice = 7.56e-01
2024-05-19 12:37:34.826540 | Iteration 27: similarity = 3.81e-01, loss = 2.45e-01, dice = 7.57e-01
2024-05-19 12:37:36.702417 | Iteration 28: similarity = 3.83e-01, loss = 2.17e-01, dice = 7.59e-01
2024-05-19 12:37:38.604371 | Iteration 29: similarity = 3.85e-01, loss = 1.91e-01, dice = 7.61e-01
2024-05-19 12:37:40.496123 | Iteration 30: similarity = 3.87e-01, loss = 1.68e-01, dice = 7.63e-01
2024-05-19 12:37:42.363579 | Iteration 31: similarity = 3.88e-01, loss = 1.48e-01, dice = 7.65e-01
2024-05-19 12:37:44.250864 | Iteration 32: similarity = 3.90e-01, loss = 1.31e-01, dice = 7.66e-01
2024-05-19 12:37:46.139400 | Iteration 33: similarity = 3.91e-01, loss = 1.16e-01, dice = 7.68e-01
2024-05-19 12:37:48.031848 | Iteration 34: similarity = 3.92e-01, loss = 1.02e-01, dice = 7.69e-01
2024-05-19 12:37:49.912569 | Iteration 35: similarity = 3.94e-01, loss = 9.07e-02, dice = 7.71e-01
2024-05-19 12:37:51.791803 | Iteration 36: similarity = 3.95e-01, loss = 8.12e-02, dice = 7.72e-01
2024-05-19 12:37:53.659788 | Iteration 37: similarity = 3.96e-01, loss = 7.29e-02, dice = 7.75e-01
2024-05-19 12:37:55.567780 | Iteration 38: similarity = 3.97e-01, loss = 6.58e-02, dice = 7.77e-01
2024-05-19 12:37:57.482169 | Iteration 39: similarity = 3.98e-01, loss = 6.03e-02, dice = 7.78e-01
2024-05-19 12:37:59.366876 | Iteration 40: similarity = 3.99e-01, loss = 5.52e-02, dice = 7.79e-01
2024-05-19 12:38:01.250317 | Iteration 41: similarity = 4.01e-01, loss = 5.09e-02, dice = 7.81e-01
2024-05-19 12:38:03.135732 | Iteration 42: similarity = 4.01e-01, loss = 4.80e-02, dice = 7.83e-01
2024-05-19 12:38:05.005949 | Iteration 43: similarity = 4.03e-01, loss = 4.54e-02, dice = 7.85e-01
2024-05-19 12:38:06.861187 | Iteration 44: similarity = 4.04e-01, loss = 4.36e-02, dice = 7.86e-01
2024-05-19 12:38:08.745006 | Iteration 45: similarity = 4.04e-01, loss = 4.19e-02, dice = 7.87e-01
2024-05-19 12:38:10.617366 | Iteration 46: similarity = 4.06e-01, loss = 4.04e-02, dice = 7.89e-01
2024-05-19 12:38:12.499702 | Iteration 47: similarity = 4.06e-01, loss = 4.00e-02, dice = 7.90e-01
2024-05-19 12:38:14.382873 | Iteration 48: similarity = 4.07e-01, loss = 3.96e-02, dice = 7.91e-01
2024-05-19 12:38:16.272243 | Iteration 49: similarity = 4.08e-01, loss = 3.91e-02, dice = 7.92e-01
2024-05-19 12:38:18.158716 | Iteration 50: similarity = 4.09e-01, loss = 3.89e-02, dice = 7.93e-01
2024-05-19 12:38:20.049448 | Iteration 51: similarity = 4.09e-01, loss = 3.92e-02, dice = 7.94e-01
2024-05-19 12:38:21.927139 | Iteration 52: similarity = 4.10e-01, loss = 3.88e-02, dice = 7.95e-01
2024-05-19 12:38:23.812288 | Iteration 53: similarity = 4.11e-01, loss = 3.94e-02, dice = 7.96e-01
2024-05-19 12:38:25.686812 | Iteration 54: similarity = 4.11e-01, loss = 4.01e-02, dice = 7.97e-01
2024-05-19 12:38:27.561562 | Iteration 55: similarity = 4.12e-01, loss = 4.13e-02, dice = 7.98e-01
2024-05-19 12:38:29.462138 | Iteration 56: similarity = 4.12e-01, loss = 4.14e-02, dice = 7.99e-01
2024-05-19 12:38:31.343746 | Iteration 57: similarity = 4.13e-01, loss = 4.21e-02, dice = 8.00e-01
2024-05-19 12:38:33.259499 | Iteration 58: similarity = 4.14e-01, loss = 4.29e-02, dice = 8.01e-01
2024-05-19 12:38:35.146829 | Iteration 59: similarity = 4.15e-01, loss = 4.35e-02, dice = 8.01e-01
2024-05-19 12:38:37.030573 | Iteration 60: similarity = 4.15e-01, loss = 4.43e-02, dice = 8.01e-01
2024-05-19 12:38:38.924810 | Iteration 61: similarity = 4.16e-01, loss = 4.47e-02, dice = 8.02e-01
2024-05-19 12:38:40.794757 | Iteration 62: similarity = 4.16e-01, loss = 4.60e-02, dice = 8.03e-01
2024-05-19 12:38:42.664404 | Iteration 63: similarity = 4.16e-01, loss = 4.70e-02, dice = 8.03e-01
2024-05-19 12:38:44.540543 | Iteration 64: similarity = 4.17e-01, loss = 4.82e-02, dice = 8.04e-01
2024-05-19 12:38:46.430425 | Iteration 65: similarity = 4.17e-01, loss = 4.92e-02, dice = 8.05e-01
2024-05-19 12:38:48.315016 | Iteration 66: similarity = 4.18e-01, loss = 4.98e-02, dice = 8.05e-01
2024-05-19 12:38:50.211236 | Iteration 67: similarity = 4.19e-01, loss = 5.04e-02, dice = 8.05e-01
2024-05-19 12:38:52.089294 | Iteration 68: similarity = 4.19e-01, loss = 5.17e-02, dice = 8.05e-01
2024-05-19 12:38:53.955653 | Iteration 69: similarity = 4.20e-01, loss = 5.25e-02, dice = 8.06e-01
2024-05-19 12:38:55.858556 | Iteration 70: similarity = 4.20e-01, loss = 5.37e-02, dice = 8.07e-01
2024-05-19 12:38:57.744833 | Iteration 71: similarity = 4.21e-01, loss = 5.42e-02, dice = 8.07e-01
2024-05-19 12:38:59.639494 | Iteration 72: similarity = 4.21e-01, loss = 5.54e-02, dice = 8.08e-01
2024-05-19 12:39:01.518856 | Iteration 73: similarity = 4.22e-01, loss = 5.58e-02, dice = 8.07e-01
2024-05-19 12:39:03.412637 | Iteration 74: similarity = 4.22e-01, loss = 5.64e-02, dice = 8.07e-01
2024-05-19 12:39:05.295841 | Iteration 75: similarity = 4.23e-01, loss = 5.68e-02, dice = 8.09e-01
2024-05-19 12:39:07.176182 | Iteration 76: similarity = 4.23e-01, loss = 5.77e-02, dice = 8.09e-01
2024-05-19 12:39:09.058581 | Iteration 77: similarity = 4.24e-01, loss = 5.82e-02, dice = 8.09e-01
2024-05-19 12:39:10.931538 | Iteration 78: similarity = 4.24e-01, loss = 5.92e-02, dice = 8.10e-01
2024-05-19 12:39:12.818290 | Iteration 79: similarity = 4.24e-01, loss = 5.97e-02, dice = 8.10e-01
2024-05-19 12:39:14.694527 | Iteration 80: similarity = 4.25e-01, loss = 5.97e-02, dice = 8.10e-01
2024-05-19 12:39:16.593503 | Iteration 81: similarity = 4.25e-01, loss = 6.08e-02, dice = 8.10e-01
2024-05-19 12:39:18.487436 | Iteration 82: similarity = 4.25e-01, loss = 6.07e-02, dice = 8.11e-01
2024-05-19 12:39:20.364833 | Iteration 83: similarity = 4.26e-01, loss = 6.15e-02, dice = 8.11e-01
2024-05-19 12:39:22.251182 | Iteration 84: similarity = 4.26e-01, loss = 6.16e-02, dice = 8.11e-01
2024-05-19 12:39:24.150235 | Iteration 85: similarity = 4.26e-01, loss = 6.22e-02, dice = 8.12e-01
2024-05-19 12:39:26.032150 | Iteration 86: similarity = 4.26e-01, loss = 6.15e-02, dice = 8.11e-01
2024-05-19 12:39:27.911226 | Iteration 87: similarity = 4.27e-01, loss = 6.26e-02, dice = 8.12e-01
2024-05-19 12:39:29.795784 | Iteration 88: similarity = 4.27e-01, loss = 6.09e-02, dice = 8.12e-01
2024-05-19 12:39:31.683609 | Iteration 89: similarity = 4.28e-01, loss = 6.18e-02, dice = 8.12e-01
2024-05-19 12:39:33.559163 | Iteration 90: similarity = 4.28e-01, loss = 6.12e-02, dice = 8.12e-01
2024-05-19 12:39:35.445747 | Iteration 91: similarity = 4.29e-01, loss = 6.13e-02, dice = 8.12e-01
2024-05-19 12:39:37.339868 | Iteration 92: similarity = 4.29e-01, loss = 6.10e-02, dice = 8.13e-01
2024-05-19 12:39:39.226373 | Iteration 93: similarity = 4.29e-01, loss = 6.09e-02, dice = 8.12e-01
2024-05-19 12:39:41.090231 | Iteration 94: similarity = 4.30e-01, loss = 6.02e-02, dice = 8.13e-01
2024-05-19 12:39:42.971445 | Iteration 95: similarity = 4.30e-01, loss = 6.02e-02, dice = 8.13e-01
2024-05-19 12:39:44.858121 | Iteration 96: similarity = 4.30e-01, loss = 5.93e-02, dice = 8.14e-01
2024-05-19 12:39:46.739746 | Iteration 97: similarity = 4.31e-01, loss = 5.88e-02, dice = 8.13e-01
2024-05-19 12:39:48.612656 | Iteration 98: similarity = 4.31e-01, loss = 5.78e-02, dice = 8.13e-01
2024-05-19 12:39:50.491389 | Iteration 99: similarity = 4.31e-01, loss = 5.76e-02, dice = 8.14e-01
2024-05-19 12:39:52.367239 | Iteration 100: similarity = 4.32e-01, loss = 5.63e-02, dice = 8.14e-01
2024-05-19 12:39:54.227934 | Iteration 101: similarity = 4.32e-01, loss = 5.59e-02, dice = 8.14e-01
2024-05-19 12:39:56.110748 | Iteration 102: similarity = 4.32e-01, loss = 5.50e-02, dice = 8.14e-01
2024-05-19 12:39:58.009275 | Iteration 103: similarity = 4.33e-01, loss = 5.45e-02, dice = 8.13e-01
2024-05-19 12:39:59.884855 | Iteration 104: similarity = 4.33e-01, loss = 5.35e-02, dice = 8.14e-01
2024-05-19 12:40:01.754949 | Iteration 105: similarity = 4.33e-01, loss = 5.28e-02, dice = 8.14e-01
2024-05-19 12:40:03.638159 | Iteration 106: similarity = 4.33e-01, loss = 5.23e-02, dice = 8.14e-01
2024-05-19 12:40:05.523991 | Iteration 107: similarity = 4.34e-01, loss = 5.09e-02, dice = 8.14e-01
2024-05-19 12:40:07.408215 | Iteration 108: similarity = 4.34e-01, loss = 5.02e-02, dice = 8.14e-01
2024-05-19 12:40:09.278277 | Iteration 109: similarity = 4.35e-01, loss = 4.89e-02, dice = 8.14e-01
2024-05-19 12:40:11.161806 | Iteration 110: similarity = 4.35e-01, loss = 4.82e-02, dice = 8.14e-01
2024-05-19 12:40:13.055773 | Iteration 111: similarity = 4.35e-01, loss = 4.67e-02, dice = 8.14e-01
2024-05-19 12:40:14.938584 | Iteration 112: similarity = 4.36e-01, loss = 4.59e-02, dice = 8.15e-01
2024-05-19 12:40:16.804983 | Iteration 113: similarity = 4.36e-01, loss = 4.45e-02, dice = 8.14e-01
2024-05-19 12:40:18.697263 | Iteration 114: similarity = 4.36e-01, loss = 4.39e-02, dice = 8.14e-01
2024-05-19 12:40:20.614294 | Iteration 115: similarity = 4.36e-01, loss = 4.31e-02, dice = 8.14e-01
2024-05-19 12:40:22.486756 | Iteration 116: similarity = 4.37e-01, loss = 4.23e-02, dice = 8.15e-01
2024-05-19 12:40:24.358267 | Iteration 117: similarity = 4.37e-01, loss = 4.04e-02, dice = 8.15e-01
2024-05-19 12:40:26.239870 | Iteration 118: similarity = 4.37e-01, loss = 4.01e-02, dice = 8.15e-01
2024-05-19 12:40:28.131343 | Iteration 119: similarity = 4.38e-01, loss = 3.80e-02, dice = 8.15e-01
2024-05-19 12:40:30.002808 | Iteration 120: similarity = 4.38e-01, loss = 3.79e-02, dice = 8.15e-01
2024-05-19 12:40:31.887908 | Iteration 121: similarity = 4.38e-01, loss = 3.62e-02, dice = 8.15e-01
2024-05-19 12:40:33.765210 | Iteration 122: similarity = 4.38e-01, loss = 3.56e-02, dice = 8.16e-01
2024-05-19 12:40:35.640145 | Iteration 123: similarity = 4.39e-01, loss = 3.33e-02, dice = 8.16e-01
2024-05-19 12:40:37.532250 | Iteration 124: similarity = 4.39e-01, loss = 3.30e-02, dice = 8.15e-01
2024-05-19 12:40:39.413509 | Iteration 125: similarity = 4.40e-01, loss = 3.11e-02, dice = 8.15e-01
2024-05-19 12:40:41.318791 | Iteration 126: similarity = 4.40e-01, loss = 3.08e-02, dice = 8.16e-01
2024-05-19 12:40:43.190228 | Iteration 127: similarity = 4.40e-01, loss = 2.87e-02, dice = 8.16e-01
2024-05-19 12:40:45.062272 | Iteration 128: similarity = 4.41e-01, loss = 2.83e-02, dice = 8.16e-01
2024-05-19 12:40:46.938074 | Iteration 129: similarity = 4.41e-01, loss = 2.63e-02, dice = 8.16e-01
2024-05-19 12:40:48.809659 | Iteration 130: similarity = 4.41e-01, loss = 2.57e-02, dice = 8.16e-01
2024-05-19 12:40:50.708503 | Iteration 131: similarity = 4.41e-01, loss = 2.39e-02, dice = 8.16e-01
2024-05-19 12:40:52.585727 | Iteration 132: similarity = 4.41e-01, loss = 2.39e-02, dice = 8.16e-01
2024-05-19 12:40:54.452473 | Iteration 133: similarity = 4.41e-01, loss = 2.18e-02, dice = 8.17e-01
2024-05-19 12:40:56.337660 | Iteration 134: similarity = 4.42e-01, loss = 2.17e-02, dice = 8.16e-01
2024-05-19 12:40:58.201892 | Iteration 135: similarity = 4.42e-01, loss = 1.92e-02, dice = 8.16e-01
2024-05-19 12:41:00.084406 | Iteration 136: similarity = 4.43e-01, loss = 1.88e-02, dice = 8.16e-01
2024-05-19 12:41:01.957844 | Iteration 137: similarity = 4.43e-01, loss = 1.64e-02, dice = 8.16e-01
2024-05-19 12:41:03.831429 | Iteration 138: similarity = 4.43e-01, loss = 1.67e-02, dice = 8.16e-01
2024-05-19 12:41:05.694271 | Iteration 139: similarity = 4.43e-01, loss = 1.44e-02, dice = 8.16e-01
2024-05-19 12:41:07.579235 | Iteration 140: similarity = 4.43e-01, loss = 1.44e-02, dice = 8.17e-01
2024-05-19 12:41:09.447820 | Iteration 141: similarity = 4.43e-01, loss = 1.20e-02, dice = 8.17e-01
2024-05-19 12:41:11.345988 | Iteration 142: similarity = 4.44e-01, loss = 1.20e-02, dice = 8.16e-01
2024-05-19 12:41:13.215309 | Iteration 143: similarity = 4.44e-01, loss = 9.41e-03, dice = 8.16e-01
2024-05-19 12:41:15.097442 | Iteration 144: similarity = 4.44e-01, loss = 9.56e-03, dice = 8.16e-01
2024-05-19 12:41:16.974721 | Iteration 145: similarity = 4.45e-01, loss = 6.82e-03, dice = 8.16e-01
2024-05-19 12:41:18.853961 | Iteration 146: similarity = 4.45e-01, loss = 7.08e-03, dice = 8.17e-01
2024-05-19 12:41:20.725245 | Iteration 147: similarity = 4.45e-01, loss = 4.56e-03, dice = 8.16e-01
2024-05-19 12:41:22.602102 | Iteration 148: similarity = 4.45e-01, loss = 4.39e-03, dice = 8.17e-01
2024-05-19 12:41:24.490312 | Iteration 149: similarity = 4.45e-01, loss = 2.04e-03, dice = 8.17e-01
2024-05-19 12:41:26.363433 | Iteration 150: similarity = 4.46e-01, loss = 2.49e-03, dice = 8.17e-01
2024-05-19 12:41:28.232583 | Iteration 151: similarity = 4.46e-01, loss = -6.89e-04, dice = 8.17e-01
2024-05-19 12:41:30.115527 | Iteration 152: similarity = 4.46e-01, loss = -4.65e-04, dice = 8.17e-01
2024-05-19 12:41:31.949984 | Iteration 153: similarity = 4.47e-01, loss = -3.50e-03, dice = 8.17e-01
2024-05-19 12:41:33.839609 | Iteration 154: similarity = 4.47e-01, loss = -2.71e-03, dice = 8.17e-01
2024-05-19 12:41:35.724416 | Iteration 155: similarity = 4.47e-01, loss = -5.83e-03, dice = 8.17e-01
2024-05-19 12:41:37.616371 | Iteration 156: similarity = 4.47e-01, loss = -5.57e-03, dice = 8.18e-01
2024-05-19 12:41:39.473678 | Iteration 157: similarity = 4.48e-01, loss = -8.25e-03, dice = 8.18e-01
2024-05-19 12:41:41.350986 | Iteration 158: similarity = 4.48e-01, loss = -8.21e-03, dice = 8.18e-01
2024-05-19 12:41:43.219058 | Iteration 159: similarity = 4.48e-01, loss = -1.10e-02, dice = 8.18e-01
2024-05-19 12:41:45.090287 | Iteration 160: similarity = 4.49e-01, loss = -1.10e-02, dice = 8.17e-01
2024-05-19 12:41:46.961412 | Iteration 161: similarity = 4.49e-01, loss = -1.35e-02, dice = 8.17e-01
2024-05-19 12:41:48.841248 | Iteration 162: similarity = 4.49e-01, loss = -1.33e-02, dice = 8.18e-01
2024-05-19 12:41:50.748626 | Iteration 163: similarity = 4.49e-01, loss = -1.61e-02, dice = 8.18e-01
2024-05-19 12:41:52.655419 | Iteration 164: similarity = 4.50e-01, loss = -1.62e-02, dice = 8.17e-01
2024-05-19 12:41:54.549354 | Iteration 165: similarity = 4.50e-01, loss = -1.87e-02, dice = 8.17e-01
2024-05-19 12:41:56.439218 | Iteration 166: similarity = 4.50e-01, loss = -1.85e-02, dice = 8.18e-01
2024-05-19 12:41:58.315487 | Iteration 167: similarity = 4.50e-01, loss = -2.08e-02, dice = 8.18e-01
2024-05-19 12:42:00.189058 | Iteration 168: similarity = 4.50e-01, loss = -2.07e-02, dice = 8.17e-01
2024-05-19 12:42:02.085014 | Iteration 169: similarity = 4.51e-01, loss = -2.31e-02, dice = 8.18e-01
2024-05-19 12:42:03.957992 | Iteration 170: similarity = 4.51e-01, loss = -2.32e-02, dice = 8.18e-01
2024-05-19 12:42:05.817230 | Iteration 171: similarity = 4.51e-01, loss = -2.58e-02, dice = 8.18e-01
2024-05-19 12:42:07.696223 | Iteration 172: similarity = 4.51e-01, loss = -2.56e-02, dice = 8.18e-01
2024-05-19 12:42:09.587587 | Iteration 173: similarity = 4.52e-01, loss = -2.84e-02, dice = 8.18e-01
2024-05-19 12:42:11.466239 | Iteration 174: similarity = 4.52e-01, loss = -2.85e-02, dice = 8.18e-01
2024-05-19 12:42:13.353867 | Iteration 175: similarity = 4.52e-01, loss = -3.09e-02, dice = 8.18e-01
2024-05-19 12:42:15.239567 | Iteration 176: similarity = 4.52e-01, loss = -3.07e-02, dice = 8.18e-01
2024-05-19 12:42:17.111352 | Iteration 177: similarity = 4.52e-01, loss = -3.32e-02, dice = 8.18e-01
2024-05-19 12:42:18.984480 | Iteration 178: similarity = 4.53e-01, loss = -3.33e-02, dice = 8.18e-01
2024-05-19 12:42:20.883282 | Iteration 179: similarity = 4.53e-01, loss = -3.59e-02, dice = 8.18e-01
2024-05-19 12:42:22.747711 | Iteration 180: similarity = 4.53e-01, loss = -3.60e-02, dice = 8.18e-01
2024-05-19 12:42:24.640413 | Iteration 181: similarity = 4.54e-01, loss = -3.82e-02, dice = 8.18e-01
2024-05-19 12:42:26.523582 | Iteration 182: similarity = 4.54e-01, loss = -3.84e-02, dice = 8.18e-01
2024-05-19 12:42:28.398412 | Iteration 183: similarity = 4.54e-01, loss = -4.06e-02, dice = 8.18e-01
2024-05-19 12:42:30.265320 | Iteration 184: similarity = 4.54e-01, loss = -4.11e-02, dice = 8.18e-01
2024-05-19 12:42:32.147619 | Iteration 185: similarity = 4.55e-01, loss = -4.31e-02, dice = 8.18e-01
2024-05-19 12:42:34.024381 | Iteration 186: similarity = 4.55e-01, loss = -4.33e-02, dice = 8.18e-01
2024-05-19 12:42:35.930064 | Iteration 187: similarity = 4.55e-01, loss = -4.54e-02, dice = 8.19e-01
2024-05-19 12:42:37.811849 | Iteration 188: similarity = 4.55e-01, loss = -4.58e-02, dice = 8.18e-01
2024-05-19 12:42:39.700329 | Iteration 189: similarity = 4.55e-01, loss = -4.77e-02, dice = 8.18e-01
2024-05-19 12:42:41.592920 | Iteration 190: similarity = 4.56e-01, loss = -4.84e-02, dice = 8.18e-01
2024-05-19 12:42:43.478391 | Iteration 191: similarity = 4.56e-01, loss = -4.97e-02, dice = 8.18e-01
2024-05-19 12:42:45.371748 | Iteration 192: similarity = 4.56e-01, loss = -5.06e-02, dice = 8.19e-01
2024-05-19 12:42:47.254948 | Iteration 193: similarity = 4.56e-01, loss = -5.23e-02, dice = 8.18e-01
2024-05-19 12:42:49.128268 | Iteration 194: similarity = 4.56e-01, loss = -5.29e-02, dice = 8.18e-01
2024-05-19 12:42:51.001024 | Iteration 195: similarity = 4.56e-01, loss = -5.47e-02, dice = 8.18e-01
2024-05-19 12:42:52.869358 | Iteration 196: similarity = 4.56e-01, loss = -5.51e-02, dice = 8.19e-01
2024-05-19 12:42:54.755214 | Iteration 197: similarity = 4.57e-01, loss = -5.68e-02, dice = 8.18e-01
2024-05-19 12:42:56.626050 | Iteration 198: similarity = 4.57e-01, loss = -5.79e-02, dice = 8.18e-01
2024-05-19 12:42:58.509467 | Iteration 199: similarity = 4.57e-01, loss = -5.91e-02, dice = 8.19e-01
2024-05-19 12:43:00.400645 | Iteration 200: similarity = 4.57e-01, loss = -6.02e-02, dice = 8.19e-01
2024-05-19 12:43:00.639942 | [scope plot registration results takes 0.23921585083007812s]
2024-05-19 12:43:01.490268 | Validation: HD [8.018148 ± 1.887841], MSD [0.817116 ± 0.160937], DSC [0.715843 ± 0.099556]
2024-05-19 12:43:01.491038 |          => HD [9.465360 ± 1.269038], MSD [0.536634 ± 0.147447], DSC [0.818723 ± 0.074425]
